[0.019s] Invoking command in '/home/chief-of-mischief/Desktop/pupper_ws/build/mini_pupper_bringup': AMENT_PREFIX_PATH=/home/chief-of-mischief/Desktop/pupper_ws/install/champ_base:/home/chief-of-mischief/Desktop/pupper_ws/install/champ_msgs:/home/chief-of-mischief/Desktop/pupper_ws/install/champ:${AMENT_PREFIX_PATH} CMAKE_PREFIX_PATH=/home/chief-of-mischief/Desktop/pupper_ws/install/champ_base:/home/chief-of-mischief/Desktop/pupper_ws/install/champ_msgs:/home/chief-of-mischief/Desktop/pupper_ws/install/champ:/opt/ros/humble LD_LIBRARY_PATH=/home/chief-of-mischief/Desktop/pupper_ws/install/champ_base/lib:/home/chief-of-mischief/Desktop/pupper_ws/install/champ_msgs/lib:${LD_LIBRARY_PATH} PATH=/home/chief-of-mischief/Desktop/pupper_ws/install/champ_base/bin:${PATH} PYTHONPATH=/home/chief-of-mischief/Desktop/pupper_ws/install/champ_msgs/local/lib/python3.10/dist-packages:${PYTHONPATH} /usr/bin/cmake --build /home/chief-of-mischief/Desktop/pupper_ws/build/mini_pupper_bringup -- -j24 -l24
[0.051s] Invoked command in '/home/chief-of-mischief/Desktop/pupper_ws/build/mini_pupper_bringup' returned '0': AMENT_PREFIX_PATH=/home/chief-of-mischief/Desktop/pupper_ws/install/champ_base:/home/chief-of-mischief/Desktop/pupper_ws/install/champ_msgs:/home/chief-of-mischief/Desktop/pupper_ws/install/champ:${AMENT_PREFIX_PATH} CMAKE_PREFIX_PATH=/home/chief-of-mischief/Desktop/pupper_ws/install/champ_base:/home/chief-of-mischief/Desktop/pupper_ws/install/champ_msgs:/home/chief-of-mischief/Desktop/pupper_ws/install/champ:/opt/ros/humble LD_LIBRARY_PATH=/home/chief-of-mischief/Desktop/pupper_ws/install/champ_base/lib:/home/chief-of-mischief/Desktop/pupper_ws/install/champ_msgs/lib:${LD_LIBRARY_PATH} PATH=/home/chief-of-mischief/Desktop/pupper_ws/install/champ_base/bin:${PATH} PYTHONPATH=/home/chief-of-mischief/Desktop/pupper_ws/install/champ_msgs/local/lib/python3.10/dist-packages:${PYTHONPATH} /usr/bin/cmake --build /home/chief-of-mischief/Desktop/pupper_ws/build/mini_pupper_bringup -- -j24 -l24
[0.072s] Invoking command in '/home/chief-of-mischief/Desktop/pupper_ws/build/mini_pupper_bringup': AMENT_PREFIX_PATH=/home/chief-of-mischief/Desktop/pupper_ws/install/champ_base:/home/chief-of-mischief/Desktop/pupper_ws/install/champ_msgs:/home/chief-of-mischief/Desktop/pupper_ws/install/champ:${AMENT_PREFIX_PATH} CMAKE_PREFIX_PATH=/home/chief-of-mischief/Desktop/pupper_ws/install/champ_base:/home/chief-of-mischief/Desktop/pupper_ws/install/champ_msgs:/home/chief-of-mischief/Desktop/pupper_ws/install/champ:/opt/ros/humble LD_LIBRARY_PATH=/home/chief-of-mischief/Desktop/pupper_ws/install/champ_base/lib:/home/chief-of-mischief/Desktop/pupper_ws/install/champ_msgs/lib:${LD_LIBRARY_PATH} PATH=/home/chief-of-mischief/Desktop/pupper_ws/install/champ_base/bin:${PATH} PYTHONPATH=/home/chief-of-mischief/Desktop/pupper_ws/install/champ_msgs/local/lib/python3.10/dist-packages:${PYTHONPATH} /usr/bin/cmake --install /home/chief-of-mischief/Desktop/pupper_ws/build/mini_pupper_bringup
[0.078s] -- Install configuration: ""
[0.079s] -- Execute custom install script
[0.079s] -- Up-to-date symlink: /home/chief-of-mischief/Desktop/pupper_ws/install/mini_pupper_bringup/share/mini_pupper_bringup/launch/bringup.launch.py
[0.080s] -- Up-to-date symlink: /home/chief-of-mischief/Desktop/pupper_ws/install/mini_pupper_bringup/share/mini_pupper_bringup/launch/lidar.launch.py
[0.080s] -- Up-to-date symlink: /home/chief-of-mischief/Desktop/pupper_ws/install/mini_pupper_bringup/share/ament_index/resource_index/package_run_dependencies/mini_pupper_bringup
[0.080s] -- Up-to-date symlink: /home/chief-of-mischief/Desktop/pupper_ws/install/mini_pupper_bringup/share/ament_index/resource_index/parent_prefix_path/mini_pupper_bringup
[0.080s] -- Up-to-date symlink: /home/chief-of-mischief/Desktop/pupper_ws/install/mini_pupper_bringup/share/mini_pupper_bringup/environment/ament_prefix_path.sh
[0.080s] -- Up-to-date symlink: /home/chief-of-mischief/Desktop/pupper_ws/install/mini_pupper_bringup/share/mini_pupper_bringup/environment/ament_prefix_path.dsv
[0.080s] -- Up-to-date symlink: /home/chief-of-mischief/Desktop/pupper_ws/install/mini_pupper_bringup/share/mini_pupper_bringup/environment/path.sh
[0.080s] -- Up-to-date symlink: /home/chief-of-mischief/Desktop/pupper_ws/install/mini_pupper_bringup/share/mini_pupper_bringup/environment/path.dsv
[0.080s] -- Up-to-date symlink: /home/chief-of-mischief/Desktop/pupper_ws/install/mini_pupper_bringup/share/mini_pupper_bringup/local_setup.bash
[0.080s] -- Up-to-date symlink: /home/chief-of-mischief/Desktop/pupper_ws/install/mini_pupper_bringup/share/mini_pupper_bringup/local_setup.sh
[0.081s] -- Up-to-date symlink: /home/chief-of-mischief/Desktop/pupper_ws/install/mini_pupper_bringup/share/mini_pupper_bringup/local_setup.zsh
[0.081s] -- Up-to-date symlink: /home/chief-of-mischief/Desktop/pupper_ws/install/mini_pupper_bringup/share/mini_pupper_bringup/local_setup.dsv
[0.081s] -- Symlinking: /home/chief-of-mischief/Desktop/pupper_ws/install/mini_pupper_bringup/share/mini_pupper_bringup/package.dsv
[0.089s] -- Up-to-date symlink: /home/chief-of-mischief/Desktop/pupper_ws/install/mini_pupper_bringup/share/ament_index/resource_index/packages/mini_pupper_bringup
[0.089s] -- Up-to-date symlink: /home/chief-of-mischief/Desktop/pupper_ws/install/mini_pupper_bringup/share/mini_pupper_bringup/cmake/mini_pupper_bringupConfig.cmake
[0.089s] -- Up-to-date symlink: /home/chief-of-mischief/Desktop/pupper_ws/install/mini_pupper_bringup/share/mini_pupper_bringup/cmake/mini_pupper_bringupConfig-version.cmake
[0.090s] -- Up-to-date symlink: /home/chief-of-mischief/Desktop/pupper_ws/install/mini_pupper_bringup/share/mini_pupper_bringup/package.xml
[0.100s] Invoked command in '/home/chief-of-mischief/Desktop/pupper_ws/build/mini_pupper_bringup' returned '0': AMENT_PREFIX_PATH=/home/chief-of-mischief/Desktop/pupper_ws/install/champ_base:/home/chief-of-mischief/Desktop/pupper_ws/install/champ_msgs:/home/chief-of-mischief/Desktop/pupper_ws/install/champ:${AMENT_PREFIX_PATH} CMAKE_PREFIX_PATH=/home/chief-of-mischief/Desktop/pupper_ws/install/champ_base:/home/chief-of-mischief/Desktop/pupper_ws/install/champ_msgs:/home/chief-of-mischief/Desktop/pupper_ws/install/champ:/opt/ros/humble LD_LIBRARY_PATH=/home/chief-of-mischief/Desktop/pupper_ws/install/champ_base/lib:/home/chief-of-mischief/Desktop/pupper_ws/install/champ_msgs/lib:${LD_LIBRARY_PATH} PATH=/home/chief-of-mischief/Desktop/pupper_ws/install/champ_base/bin:${PATH} PYTHONPATH=/home/chief-of-mischief/Desktop/pupper_ws/install/champ_msgs/local/lib/python3.10/dist-packages:${PYTHONPATH} /usr/bin/cmake --install /home/chief-of-mischief/Desktop/pupper_ws/build/mini_pupper_bringup
