[0.008s] Invoking command in '/home/chief-of-mischief/Desktop/pupper_ws/build/champ_base': AMENT_PREFIX_PATH=/home/chief-of-mischief/Desktop/pupper_ws/install/champ_msgs:/home/chief-of-mischief/Desktop/pupper_ws/install/champ:${AMENT_PREFIX_PATH} CMAKE_PREFIX_PATH=/home/chief-of-mischief/Desktop/pupper_ws/install/champ_msgs:/home/chief-of-mischief/Desktop/pupper_ws/install/champ:/opt/ros/humble LD_LIBRARY_PATH=/home/chief-of-mischief/Desktop/pupper_ws/install/champ_msgs/lib:${LD_LIBRARY_PATH} PYTHONPATH=/home/chief-of-mischief/Desktop/pupper_ws/install/champ_msgs/local/lib/python3.10/dist-packages:${PYTHONPATH} /usr/bin/cmake /home/chief-of-mischief/Desktop/pupper_ws/src/champ/champ/champ_base -DAMENT_CMAKE_SYMLINK_INSTALL=1 -DCMAKE_INSTALL_PREFIX=/home/chief-of-mischief/Desktop/pupper_ws/install/champ_base
[0.048s] -- The C compiler identification is GNU 11.3.0
[0.115s] -- The CXX compiler identification is GNU 11.3.0
[0.123s] -- Detecting C compiler ABI info
[0.191s] -- Detecting C compiler ABI info - done
[0.200s] -- Check for working C compiler: /usr/bin/cc - skipped
[0.200s] -- Detecting C compile features
[0.200s] -- Detecting C compile features - done
[0.204s] -- Detecting CXX compiler ABI info
[0.278s] -- Detecting CXX compiler ABI info - done
[0.286s] -- Check for working CXX compiler: /usr/bin/c++ - skipped
[0.287s] -- Detecting CXX compile features
[0.287s] -- Detecting CXX compile features - done
[0.289s] -- Found ament_cmake: 1.3.3 (/opt/ros/humble/share/ament_cmake/cmake)
[0.421s] -- Found Python3: /usr/bin/python3.10 (found version "3.10.6") found components: Interpreter 
[0.462s] -- Override CMake install command with custom implementation using symlinks instead of copying resources
[0.483s] -- Found rclcpp: 16.0.2 (/opt/ros/humble/share/rclcpp/cmake)
[0.520s] -- Found rosidl_generator_c: 3.1.4 (/opt/ros/humble/share/rosidl_generator_c/cmake)
[0.524s] -- Found rosidl_adapter: 3.1.4 (/opt/ros/humble/share/rosidl_adapter/cmake)
[0.530s] -- Found rosidl_generator_cpp: 3.1.4 (/opt/ros/humble/share/rosidl_generator_cpp/cmake)
[0.539s] -- Using all available rosidl_typesupport_c: rosidl_typesupport_fastrtps_c;rosidl_typesupport_introspection_c
[0.554s] -- Using all available rosidl_typesupport_cpp: rosidl_typesupport_fastrtps_cpp;rosidl_typesupport_introspection_cpp
[0.607s] -- Found rmw_implementation_cmake: 6.1.1 (/opt/ros/humble/share/rmw_implementation_cmake/cmake)
[0.609s] -- Found rmw_fastrtps_cpp: 6.2.2 (/opt/ros/humble/share/rmw_fastrtps_cpp/cmake)
[0.679s] -- Found OpenSSL: /usr/lib/x86_64-linux-gnu/libcrypto.so (found version "3.0.2")  
[0.699s] -- Found FastRTPS: /opt/ros/humble/include  
[0.734s] -- Using RMW implementation 'rmw_fastrtps_cpp' as default
[0.741s] -- Looking for pthread.h
[0.788s] -- Looking for pthread.h - found
[0.788s] -- Performing Test CMAKE_HAVE_LIBC_PTHREAD
[0.839s] -- Performing Test CMAKE_HAVE_LIBC_PTHREAD - Success
[0.840s] -- Found Threads: TRUE  
[0.989s] -- Found rclpy: 3.3.5 (/opt/ros/humble/share/rclpy/cmake)
[0.989s] -- Found champ_msgs: 0.1.0 (/home/chief-of-mischief/Desktop/pupper_ws/install/champ_msgs/share/champ_msgs/cmake)
[1.071s] -- Found visualization_msgs: 4.2.2 (/opt/ros/humble/share/visualization_msgs/cmake)
[1.248s] -- Found trajectory_msgs: 4.2.2 (/opt/ros/humble/share/trajectory_msgs/cmake)
[1.312s] -- Found nav_msgs: 4.2.2 (/opt/ros/humble/share/nav_msgs/cmake)
[1.378s] -- Found tf2_ros: 0.25.1 (/opt/ros/humble/share/tf2_ros/cmake)
[1.652s] -- Found urdf: 2.6.0 (/opt/ros/humble/share/urdf/cmake)
[1.674s] -- Found champ: 0.1.0 (/home/chief-of-mischief/Desktop/pupper_ws/install/champ/share/champ/cmake)
[1.741s] -- Configuring done
[1.773s] -- Generating done
[1.775s] -- Build files have been written to: /home/chief-of-mischief/Desktop/pupper_ws/build/champ_base
[1.785s] Invoked command in '/home/chief-of-mischief/Desktop/pupper_ws/build/champ_base' returned '0': AMENT_PREFIX_PATH=/home/chief-of-mischief/Desktop/pupper_ws/install/champ_msgs:/home/chief-of-mischief/Desktop/pupper_ws/install/champ:${AMENT_PREFIX_PATH} CMAKE_PREFIX_PATH=/home/chief-of-mischief/Desktop/pupper_ws/install/champ_msgs:/home/chief-of-mischief/Desktop/pupper_ws/install/champ:/opt/ros/humble LD_LIBRARY_PATH=/home/chief-of-mischief/Desktop/pupper_ws/install/champ_msgs/lib:${LD_LIBRARY_PATH} PYTHONPATH=/home/chief-of-mischief/Desktop/pupper_ws/install/champ_msgs/local/lib/python3.10/dist-packages:${PYTHONPATH} /usr/bin/cmake /home/chief-of-mischief/Desktop/pupper_ws/src/champ/champ/champ_base -DAMENT_CMAKE_SYMLINK_INSTALL=1 -DCMAKE_INSTALL_PREFIX=/home/chief-of-mischief/Desktop/pupper_ws/install/champ_base
[1.786s] Invoking command in '/home/chief-of-mischief/Desktop/pupper_ws/build/champ_base': AMENT_PREFIX_PATH=/home/chief-of-mischief/Desktop/pupper_ws/install/champ_msgs:/home/chief-of-mischief/Desktop/pupper_ws/install/champ:${AMENT_PREFIX_PATH} CMAKE_PREFIX_PATH=/home/chief-of-mischief/Desktop/pupper_ws/install/champ_msgs:/home/chief-of-mischief/Desktop/pupper_ws/install/champ:/opt/ros/humble LD_LIBRARY_PATH=/home/chief-of-mischief/Desktop/pupper_ws/install/champ_msgs/lib:${LD_LIBRARY_PATH} PYTHONPATH=/home/chief-of-mischief/Desktop/pupper_ws/install/champ_msgs/local/lib/python3.10/dist-packages:${PYTHONPATH} /usr/bin/cmake --build /home/chief-of-mischief/Desktop/pupper_ws/build/champ_base -- -j24 -l24
[1.817s] [ 25%] [32mBuilding CXX object CMakeFiles/quadruped_controller.dir/src/quadruped_controller.cpp.o[0m
[1.817s] [ 25%] [32mBuilding CXX object CMakeFiles/message_relay.dir/src/message_relay.cpp.o[0m
[1.817s] [ 25%] [32mBuilding CXX object CMakeFiles/state_estimation.dir/src/state_estimation.cpp.o[0m
[12.953s] [ 33%] [32m[1mLinking CXX shared library libquadruped_controller.so[0m
[13.784s] [ 33%] Built target quadruped_controller
[13.800s] [ 41%] [32mBuilding CXX object CMakeFiles/quadruped_controller_node.dir/src/quadruped_controller_node.cpp.o[0m
[15.683s] [ 50%] [32m[1mLinking CXX shared library libmessage_relay.so[0m
[16.494s] [ 58%] [32m[1mLinking CXX executable quadruped_controller_node[0m
[16.559s] [ 58%] Built target message_relay
[16.574s] [ 66%] [32mBuilding CXX object CMakeFiles/message_relay_node.dir/src/message_relay_node.cpp.o[0m
[16.776s] [ 66%] Built target quadruped_controller_node
[17.245s] [ 75%] [32m[1mLinking CXX shared library libstate_estimation.so[0m
[18.131s] [ 75%] Built target state_estimation
[18.148s] [ 83%] [32mBuilding CXX object CMakeFiles/state_estimation_node.dir/src/state_estimation_node.cpp.o[0m
[19.063s] [ 91%] [32m[1mLinking CXX executable message_relay_node[0m
[19.374s] [ 91%] Built target message_relay_node
[22.205s] [100%] [32m[1mLinking CXX executable state_estimation_node[0m
[22.530s] [100%] Built target state_estimation_node
[22.539s] Invoked command in '/home/chief-of-mischief/Desktop/pupper_ws/build/champ_base' returned '0': AMENT_PREFIX_PATH=/home/chief-of-mischief/Desktop/pupper_ws/install/champ_msgs:/home/chief-of-mischief/Desktop/pupper_ws/install/champ:${AMENT_PREFIX_PATH} CMAKE_PREFIX_PATH=/home/chief-of-mischief/Desktop/pupper_ws/install/champ_msgs:/home/chief-of-mischief/Desktop/pupper_ws/install/champ:/opt/ros/humble LD_LIBRARY_PATH=/home/chief-of-mischief/Desktop/pupper_ws/install/champ_msgs/lib:${LD_LIBRARY_PATH} PYTHONPATH=/home/chief-of-mischief/Desktop/pupper_ws/install/champ_msgs/local/lib/python3.10/dist-packages:${PYTHONPATH} /usr/bin/cmake --build /home/chief-of-mischief/Desktop/pupper_ws/build/champ_base -- -j24 -l24
[22.564s] Invoking command in '/home/chief-of-mischief/Desktop/pupper_ws/build/champ_base': AMENT_PREFIX_PATH=/home/chief-of-mischief/Desktop/pupper_ws/install/champ_msgs:/home/chief-of-mischief/Desktop/pupper_ws/install/champ:${AMENT_PREFIX_PATH} CMAKE_PREFIX_PATH=/home/chief-of-mischief/Desktop/pupper_ws/install/champ_msgs:/home/chief-of-mischief/Desktop/pupper_ws/install/champ:/opt/ros/humble LD_LIBRARY_PATH=/home/chief-of-mischief/Desktop/pupper_ws/install/champ_msgs/lib:${LD_LIBRARY_PATH} PYTHONPATH=/home/chief-of-mischief/Desktop/pupper_ws/install/champ_msgs/local/lib/python3.10/dist-packages:${PYTHONPATH} /usr/bin/cmake --install /home/chief-of-mischief/Desktop/pupper_ws/build/champ_base
[22.569s] -- Install configuration: ""
[22.570s] -- Execute custom install script
[22.570s] -- Symlinking: /home/chief-of-mischief/Desktop/pupper_ws/install/champ_base/share/champ_base/config/ekf/base_to_footprint.yaml
[22.576s] -- Symlinking: /home/chief-of-mischief/Desktop/pupper_ws/install/champ_base/share/champ_base/config/ekf/footprint_to_odom.yaml
[22.581s] -- Symlinking: /home/chief-of-mischief/Desktop/pupper_ws/install/champ_base/share/champ_base/config/velocity_smoother/velocity_smoother.yaml
[22.586s] -- Symlinking: /home/chief-of-mischief/Desktop/pupper_ws/install/champ_base/lib/libquadruped_controller.so
[22.592s] -- Symlinking: /home/chief-of-mischief/Desktop/pupper_ws/install/champ_base/bin/quadruped_controller_node
[22.597s] -- Symlinking: /home/chief-of-mischief/Desktop/pupper_ws/install/champ_base/lib/libmessage_relay.so
[22.602s] -- Symlinking: /home/chief-of-mischief/Desktop/pupper_ws/install/champ_base/bin/message_relay_node
[22.606s] -- Symlinking: /home/chief-of-mischief/Desktop/pupper_ws/install/champ_base/lib/libstate_estimation.so
[22.611s] -- Symlinking: /home/chief-of-mischief/Desktop/pupper_ws/install/champ_base/bin/state_estimation_node
[22.616s] -- Symlinking: /home/chief-of-mischief/Desktop/pupper_ws/install/champ_base/lib/champ_base/quadruped_controller_node
[22.620s] -- Symlinking: /home/chief-of-mischief/Desktop/pupper_ws/install/champ_base/lib/champ_base/message_relay_node
[22.624s] -- Symlinking: /home/chief-of-mischief/Desktop/pupper_ws/install/champ_base/lib/champ_base/state_estimation_node
[22.629s] -- Symlinking: /home/chief-of-mischief/Desktop/pupper_ws/install/champ_base/share/ament_index/resource_index/package_run_dependencies/champ_base
[22.633s] -- Symlinking: /home/chief-of-mischief/Desktop/pupper_ws/install/champ_base/share/ament_index/resource_index/parent_prefix_path/champ_base
[22.639s] -- Symlinking: /home/chief-of-mischief/Desktop/pupper_ws/install/champ_base/share/champ_base/environment/ament_prefix_path.sh
[22.644s] -- Symlinking: /home/chief-of-mischief/Desktop/pupper_ws/install/champ_base/share/champ_base/environment/ament_prefix_path.dsv
[22.648s] -- Symlinking: /home/chief-of-mischief/Desktop/pupper_ws/install/champ_base/share/champ_base/environment/path.sh
[22.653s] -- Symlinking: /home/chief-of-mischief/Desktop/pupper_ws/install/champ_base/share/champ_base/environment/path.dsv
[22.658s] -- Symlinking: /home/chief-of-mischief/Desktop/pupper_ws/install/champ_base/share/champ_base/local_setup.bash
[22.663s] -- Symlinking: /home/chief-of-mischief/Desktop/pupper_ws/install/champ_base/share/champ_base/local_setup.sh
[22.668s] -- Symlinking: /home/chief-of-mischief/Desktop/pupper_ws/install/champ_base/share/champ_base/local_setup.zsh
[22.673s] -- Symlinking: /home/chief-of-mischief/Desktop/pupper_ws/install/champ_base/share/champ_base/local_setup.dsv
[22.678s] -- Symlinking: /home/chief-of-mischief/Desktop/pupper_ws/install/champ_base/share/champ_base/package.dsv
[22.683s] -- Symlinking: /home/chief-of-mischief/Desktop/pupper_ws/install/champ_base/share/ament_index/resource_index/packages/champ_base
[22.688s] -- Symlinking: /home/chief-of-mischief/Desktop/pupper_ws/install/champ_base/share/champ_base/cmake/ament_cmake_export_include_directories-extras.cmake
[22.692s] -- Symlinking: /home/chief-of-mischief/Desktop/pupper_ws/install/champ_base/share/champ_base/cmake/ament_cmake_export_dependencies-extras.cmake
[22.697s] -- Symlinking: /home/chief-of-mischief/Desktop/pupper_ws/install/champ_base/share/champ_base/cmake/champ_baseConfig.cmake
[22.702s] -- Symlinking: /home/chief-of-mischief/Desktop/pupper_ws/install/champ_base/share/champ_base/cmake/champ_baseConfig-version.cmake
[22.706s] -- Symlinking: /home/chief-of-mischief/Desktop/pupper_ws/install/champ_base/share/champ_base/package.xml
[22.715s] Invoked command in '/home/chief-of-mischief/Desktop/pupper_ws/build/champ_base' returned '0': AMENT_PREFIX_PATH=/home/chief-of-mischief/Desktop/pupper_ws/install/champ_msgs:/home/chief-of-mischief/Desktop/pupper_ws/install/champ:${AMENT_PREFIX_PATH} CMAKE_PREFIX_PATH=/home/chief-of-mischief/Desktop/pupper_ws/install/champ_msgs:/home/chief-of-mischief/Desktop/pupper_ws/install/champ:/opt/ros/humble LD_LIBRARY_PATH=/home/chief-of-mischief/Desktop/pupper_ws/install/champ_msgs/lib:${LD_LIBRARY_PATH} PYTHONPATH=/home/chief-of-mischief/Desktop/pupper_ws/install/champ_msgs/local/lib/python3.10/dist-packages:${PYTHONPATH} /usr/bin/cmake --install /home/chief-of-mischief/Desktop/pupper_ws/build/champ_base
