Built target ament_cmake_python_symlink_champ_bringup
running egg_info
writing champ_bringup.egg-info/PKG-INFO
writing dependency_links to champ_bringup.egg-info/dependency_links.txt
writing top-level names to champ_bringup.egg-info/top_level.txt
reading manifest file 'champ_bringup.egg-info/SOURCES.txt'
writing manifest file 'champ_bringup.egg-info/SOURCES.txt'
Built target ament_cmake_python_build_champ_bringup_egg
-- Install configuration: ""
-- Execute custom install script
-- Up-to-date symlink: /home/chief-of-mischief/Desktop/pupper_ws/install/champ_bringup/share/champ_bringup/launch/bringup.launch
-- Up-to-date symlink: /home/chief-of-mischief/Desktop/pupper_ws/install/champ_bringup/share/champ_bringup/launch/bringup.launch.py
-- Up-to-date symlink: /home/chief-of-mischief/Desktop/pupper_ws/install/champ_bringup/share/champ_bringup/launch/include/laser/d435.launch
-- Up-to-date symlink: /home/chief-of-mischief/Desktop/pupper_ws/install/champ_bringup/share/champ_bringup/launch/include/laser/hokuyo.launch
-- Up-to-date symlink: /home/chief-of-mischief/Desktop/pupper_ws/install/champ_bringup/share/champ_bringup/launch/include/laser/kinect.launch
-- Up-to-date symlink: /home/chief-of-mischief/Desktop/pupper_ws/install/champ_bringup/share/champ_bringup/launch/include/laser/lms1xx.launch
-- Up-to-date symlink: /home/chief-of-mischief/Desktop/pupper_ws/install/champ_bringup/share/champ_bringup/launch/include/laser/realsense.launch
-- Up-to-date symlink: /home/chief-of-mischief/Desktop/pupper_ws/install/champ_bringup/share/champ_bringup/launch/include/laser/rplidar.launch
-- Up-to-date symlink: /home/chief-of-mischief/Desktop/pupper_ws/install/champ_bringup/share/champ_bringup/launch/include/laser/sim.launch
-- Up-to-date symlink: /home/chief-of-mischief/Desktop/pupper_ws/install/champ_bringup/share/champ_bringup/launch/include/laser/sweep.launch
-- Up-to-date symlink: /home/chief-of-mischief/Desktop/pupper_ws/install/champ_bringup/share/champ_bringup/launch/include/laser/xv11.launch
-- Up-to-date symlink: /home/chief-of-mischief/Desktop/pupper_ws/install/champ_bringup/share/champ_bringup/launch/include/laser/ydlidar.launch
-- Up-to-date symlink: /home/chief-of-mischief/Desktop/pupper_ws/install/champ_bringup/share/champ_bringup/launch/include/velocity_smoother.launch
-- Up-to-date symlink: /home/chief-of-mischief/Desktop/pupper_ws/install/champ_bringup/share/champ_bringup/launch/joints_gui.launch
-- Up-to-date symlink: /home/chief-of-mischief/Desktop/pupper_ws/install/champ_bringup/share/champ_bringup/launch/joints_gui.launch.py
-- Up-to-date symlink: /home/chief-of-mischief/Desktop/pupper_ws/install/champ_bringup/share/champ_bringup/environment/pythonpath.sh
-- Up-to-date symlink: /home/chief-of-mischief/Desktop/pupper_ws/install/champ_bringup/share/champ_bringup/environment/pythonpath.dsv
-- Up-to-date symlink: /home/chief-of-mischief/Desktop/pupper_ws/install/champ_bringup/local/lib/python3.10/dist-packages/champ_bringup-0.1.0-py3.10.egg-info/PKG-INFO
-- Up-to-date symlink: /home/chief-of-mischief/Desktop/pupper_ws/install/champ_bringup/local/lib/python3.10/dist-packages/champ_bringup-0.1.0-py3.10.egg-info/SOURCES.txt
-- Up-to-date symlink: /home/chief-of-mischief/Desktop/pupper_ws/install/champ_bringup/local/lib/python3.10/dist-packages/champ_bringup-0.1.0-py3.10.egg-info/dependency_links.txt
-- Up-to-date symlink: /home/chief-of-mischief/Desktop/pupper_ws/install/champ_bringup/local/lib/python3.10/dist-packages/champ_bringup-0.1.0-py3.10.egg-info/top_level.txt
-- Up-to-date symlink: /home/chief-of-mischief/Desktop/pupper_ws/install/champ_bringup/local/lib/python3.10/dist-packages/champ_bringup/__init__.py
-- Up-to-date symlink: /home/chief-of-mischief/Desktop/pupper_ws/install/champ_bringup/local/lib/python3.10/dist-packages/champ_bringup/joint_calibrator_relay.py
-- Up-to-date symlink: /home/chief-of-mischief/Desktop/pupper_ws/install/champ_bringup/lib/champ_bringup/joint_calibrator_relay.py
-- Up-to-date symlink: /home/chief-of-mischief/Desktop/pupper_ws/install/champ_bringup/share/ament_index/resource_index/package_run_dependencies/champ_bringup
-- Up-to-date symlink: /home/chief-of-mischief/Desktop/pupper_ws/install/champ_bringup/share/ament_index/resource_index/parent_prefix_path/champ_bringup
-- Up-to-date symlink: /home/chief-of-mischief/Desktop/pupper_ws/install/champ_bringup/share/champ_bringup/environment/ament_prefix_path.sh
-- Up-to-date symlink: /home/chief-of-mischief/Desktop/pupper_ws/install/champ_bringup/share/champ_bringup/environment/ament_prefix_path.dsv
-- Up-to-date symlink: /home/chief-of-mischief/Desktop/pupper_ws/install/champ_bringup/share/champ_bringup/environment/path.sh
-- Up-to-date symlink: /home/chief-of-mischief/Desktop/pupper_ws/install/champ_bringup/share/champ_bringup/environment/path.dsv
-- Up-to-date symlink: /home/chief-of-mischief/Desktop/pupper_ws/install/champ_bringup/share/champ_bringup/local_setup.bash
-- Up-to-date symlink: /home/chief-of-mischief/Desktop/pupper_ws/install/champ_bringup/share/champ_bringup/local_setup.sh
-- Up-to-date symlink: /home/chief-of-mischief/Desktop/pupper_ws/install/champ_bringup/share/champ_bringup/local_setup.zsh
-- Up-to-date symlink: /home/chief-of-mischief/Desktop/pupper_ws/install/champ_bringup/share/champ_bringup/local_setup.dsv
-- Symlinking: /home/chief-of-mischief/Desktop/pupper_ws/install/champ_bringup/share/champ_bringup/package.dsv
-- Up-to-date symlink: /home/chief-of-mischief/Desktop/pupper_ws/install/champ_bringup/share/ament_index/resource_index/packages/champ_bringup
-- Up-to-date symlink: /home/chief-of-mischief/Desktop/pupper_ws/install/champ_bringup/share/champ_bringup/cmake/champ_bringupConfig.cmake
-- Up-to-date symlink: /home/chief-of-mischief/Desktop/pupper_ws/install/champ_bringup/share/champ_bringup/cmake/champ_bringupConfig-version.cmake
-- Up-to-date symlink: /home/chief-of-mischief/Desktop/pupper_ws/install/champ_bringup/share/champ_bringup/package.xml
Listing '/home/chief-of-mischief/Desktop/pupper_ws/install/champ_bringup/local/lib/python3.10/dist-packages/champ_bringup'...
