[0.015s] Invoking command in '/home/chief-of-mischief/Desktop/pupper_ws/build/champ_bringup': AMENT_PREFIX_PATH=/home/chief-of-mischief/Desktop/pupper_ws/install/champ_base:/home/chief-of-mischief/Desktop/pupper_ws/install/champ_msgs:/home/chief-of-mischief/Desktop/pupper_ws/install/champ_description:/home/chief-of-mischief/Desktop/pupper_ws/install/champ:${AMENT_PREFIX_PATH} CMAKE_PREFIX_PATH=/home/chief-of-mischief/Desktop/pupper_ws/install/champ_base:/home/chief-of-mischief/Desktop/pupper_ws/install/champ_msgs:/home/chief-of-mischief/Desktop/pupper_ws/install/champ_description:/home/chief-of-mischief/Desktop/pupper_ws/install/champ:/opt/ros/humble LD_LIBRARY_PATH=/home/chief-of-mischief/Desktop/pupper_ws/install/champ_base/lib:/home/chief-of-mischief/Desktop/pupper_ws/install/champ_msgs/lib:${LD_LIBRARY_PATH} PATH=/home/chief-of-mischief/Desktop/pupper_ws/install/champ_base/bin:${PATH} PYTHONPATH=/home/chief-of-mischief/Desktop/pupper_ws/install/champ_msgs/local/lib/python3.10/dist-packages:${PYTHONPATH} /usr/bin/cmake --build /home/chief-of-mischief/Desktop/pupper_ws/build/champ_bringup -- -j24 -l24
[0.059s] Built target ament_cmake_python_symlink_champ_bringup
[0.318s] running egg_info
[0.318s] writing champ_bringup.egg-info/PKG-INFO
[0.318s] writing dependency_links to champ_bringup.egg-info/dependency_links.txt
[0.319s] writing top-level names to champ_bringup.egg-info/top_level.txt
[0.320s] reading manifest file 'champ_bringup.egg-info/SOURCES.txt'
[0.321s] writing manifest file 'champ_bringup.egg-info/SOURCES.txt'
[0.338s] Built target ament_cmake_python_build_champ_bringup_egg
[0.344s] Invoked command in '/home/chief-of-mischief/Desktop/pupper_ws/build/champ_bringup' returned '0': AMENT_PREFIX_PATH=/home/chief-of-mischief/Desktop/pupper_ws/install/champ_base:/home/chief-of-mischief/Desktop/pupper_ws/install/champ_msgs:/home/chief-of-mischief/Desktop/pupper_ws/install/champ_description:/home/chief-of-mischief/Desktop/pupper_ws/install/champ:${AMENT_PREFIX_PATH} CMAKE_PREFIX_PATH=/home/chief-of-mischief/Desktop/pupper_ws/install/champ_base:/home/chief-of-mischief/Desktop/pupper_ws/install/champ_msgs:/home/chief-of-mischief/Desktop/pupper_ws/install/champ_description:/home/chief-of-mischief/Desktop/pupper_ws/install/champ:/opt/ros/humble LD_LIBRARY_PATH=/home/chief-of-mischief/Desktop/pupper_ws/install/champ_base/lib:/home/chief-of-mischief/Desktop/pupper_ws/install/champ_msgs/lib:${LD_LIBRARY_PATH} PATH=/home/chief-of-mischief/Desktop/pupper_ws/install/champ_base/bin:${PATH} PYTHONPATH=/home/chief-of-mischief/Desktop/pupper_ws/install/champ_msgs/local/lib/python3.10/dist-packages:${PYTHONPATH} /usr/bin/cmake --build /home/chief-of-mischief/Desktop/pupper_ws/build/champ_bringup -- -j24 -l24
[0.360s] Invoking command in '/home/chief-of-mischief/Desktop/pupper_ws/build/champ_bringup': AMENT_PREFIX_PATH=/home/chief-of-mischief/Desktop/pupper_ws/install/champ_base:/home/chief-of-mischief/Desktop/pupper_ws/install/champ_msgs:/home/chief-of-mischief/Desktop/pupper_ws/install/champ_description:/home/chief-of-mischief/Desktop/pupper_ws/install/champ:${AMENT_PREFIX_PATH} CMAKE_PREFIX_PATH=/home/chief-of-mischief/Desktop/pupper_ws/install/champ_base:/home/chief-of-mischief/Desktop/pupper_ws/install/champ_msgs:/home/chief-of-mischief/Desktop/pupper_ws/install/champ_description:/home/chief-of-mischief/Desktop/pupper_ws/install/champ:/opt/ros/humble LD_LIBRARY_PATH=/home/chief-of-mischief/Desktop/pupper_ws/install/champ_base/lib:/home/chief-of-mischief/Desktop/pupper_ws/install/champ_msgs/lib:${LD_LIBRARY_PATH} PATH=/home/chief-of-mischief/Desktop/pupper_ws/install/champ_base/bin:${PATH} PYTHONPATH=/home/chief-of-mischief/Desktop/pupper_ws/install/champ_msgs/local/lib/python3.10/dist-packages:${PYTHONPATH} /usr/bin/cmake --install /home/chief-of-mischief/Desktop/pupper_ws/build/champ_bringup
[0.365s] -- Install configuration: ""
[0.365s] -- Execute custom install script
[0.366s] -- Up-to-date symlink: /home/chief-of-mischief/Desktop/pupper_ws/install/champ_bringup/share/champ_bringup/launch/bringup.launch
[0.366s] -- Up-to-date symlink: /home/chief-of-mischief/Desktop/pupper_ws/install/champ_bringup/share/champ_bringup/launch/bringup.launch.py
[0.366s] -- Up-to-date symlink: /home/chief-of-mischief/Desktop/pupper_ws/install/champ_bringup/share/champ_bringup/launch/include/laser/d435.launch
[0.366s] -- Up-to-date symlink: /home/chief-of-mischief/Desktop/pupper_ws/install/champ_bringup/share/champ_bringup/launch/include/laser/hokuyo.launch
[0.366s] -- Up-to-date symlink: /home/chief-of-mischief/Desktop/pupper_ws/install/champ_bringup/share/champ_bringup/launch/include/laser/kinect.launch
[0.366s] -- Up-to-date symlink: /home/chief-of-mischief/Desktop/pupper_ws/install/champ_bringup/share/champ_bringup/launch/include/laser/lms1xx.launch
[0.366s] -- Up-to-date symlink: /home/chief-of-mischief/Desktop/pupper_ws/install/champ_bringup/share/champ_bringup/launch/include/laser/realsense.launch
[0.366s] -- Up-to-date symlink: /home/chief-of-mischief/Desktop/pupper_ws/install/champ_bringup/share/champ_bringup/launch/include/laser/rplidar.launch
[0.366s] -- Up-to-date symlink: /home/chief-of-mischief/Desktop/pupper_ws/install/champ_bringup/share/champ_bringup/launch/include/laser/sim.launch
[0.366s] -- Up-to-date symlink: /home/chief-of-mischief/Desktop/pupper_ws/install/champ_bringup/share/champ_bringup/launch/include/laser/sweep.launch
[0.366s] -- Up-to-date symlink: /home/chief-of-mischief/Desktop/pupper_ws/install/champ_bringup/share/champ_bringup/launch/include/laser/xv11.launch
[0.366s] -- Up-to-date symlink: /home/chief-of-mischief/Desktop/pupper_ws/install/champ_bringup/share/champ_bringup/launch/include/laser/ydlidar.launch
[0.366s] -- Up-to-date symlink: /home/chief-of-mischief/Desktop/pupper_ws/install/champ_bringup/share/champ_bringup/launch/include/velocity_smoother.launch
[0.367s] -- Up-to-date symlink: /home/chief-of-mischief/Desktop/pupper_ws/install/champ_bringup/share/champ_bringup/launch/joints_gui.launch
[0.367s] -- Up-to-date symlink: /home/chief-of-mischief/Desktop/pupper_ws/install/champ_bringup/share/champ_bringup/launch/joints_gui.launch.py
[0.367s] -- Up-to-date symlink: /home/chief-of-mischief/Desktop/pupper_ws/install/champ_bringup/share/champ_bringup/environment/pythonpath.sh
[0.367s] -- Up-to-date symlink: /home/chief-of-mischief/Desktop/pupper_ws/install/champ_bringup/share/champ_bringup/environment/pythonpath.dsv
[0.367s] -- Up-to-date symlink: /home/chief-of-mischief/Desktop/pupper_ws/install/champ_bringup/local/lib/python3.10/dist-packages/champ_bringup-0.1.0-py3.10.egg-info/PKG-INFO
[0.367s] -- Up-to-date symlink: /home/chief-of-mischief/Desktop/pupper_ws/install/champ_bringup/local/lib/python3.10/dist-packages/champ_bringup-0.1.0-py3.10.egg-info/SOURCES.txt
[0.367s] -- Up-to-date symlink: /home/chief-of-mischief/Desktop/pupper_ws/install/champ_bringup/local/lib/python3.10/dist-packages/champ_bringup-0.1.0-py3.10.egg-info/dependency_links.txt
[0.367s] -- Up-to-date symlink: /home/chief-of-mischief/Desktop/pupper_ws/install/champ_bringup/local/lib/python3.10/dist-packages/champ_bringup-0.1.0-py3.10.egg-info/top_level.txt
[0.367s] -- Up-to-date symlink: /home/chief-of-mischief/Desktop/pupper_ws/install/champ_bringup/local/lib/python3.10/dist-packages/champ_bringup/__init__.py
[0.368s] -- Up-to-date symlink: /home/chief-of-mischief/Desktop/pupper_ws/install/champ_bringup/local/lib/python3.10/dist-packages/champ_bringup/joint_calibrator_relay.py
[0.368s] -- Up-to-date symlink: /home/chief-of-mischief/Desktop/pupper_ws/install/champ_bringup/lib/champ_bringup/joint_calibrator_relay.py
[0.368s] -- Up-to-date symlink: /home/chief-of-mischief/Desktop/pupper_ws/install/champ_bringup/share/ament_index/resource_index/package_run_dependencies/champ_bringup
[0.368s] -- Up-to-date symlink: /home/chief-of-mischief/Desktop/pupper_ws/install/champ_bringup/share/ament_index/resource_index/parent_prefix_path/champ_bringup
[0.368s] -- Up-to-date symlink: /home/chief-of-mischief/Desktop/pupper_ws/install/champ_bringup/share/champ_bringup/environment/ament_prefix_path.sh
[0.368s] -- Up-to-date symlink: /home/chief-of-mischief/Desktop/pupper_ws/install/champ_bringup/share/champ_bringup/environment/ament_prefix_path.dsv
[0.368s] -- Up-to-date symlink: /home/chief-of-mischief/Desktop/pupper_ws/install/champ_bringup/share/champ_bringup/environment/path.sh
[0.368s] -- Up-to-date symlink: /home/chief-of-mischief/Desktop/pupper_ws/install/champ_bringup/share/champ_bringup/environment/path.dsv
[0.368s] -- Up-to-date symlink: /home/chief-of-mischief/Desktop/pupper_ws/install/champ_bringup/share/champ_bringup/local_setup.bash
[0.368s] -- Up-to-date symlink: /home/chief-of-mischief/Desktop/pupper_ws/install/champ_bringup/share/champ_bringup/local_setup.sh
[0.368s] -- Up-to-date symlink: /home/chief-of-mischief/Desktop/pupper_ws/install/champ_bringup/share/champ_bringup/local_setup.zsh
[0.369s] -- Up-to-date symlink: /home/chief-of-mischief/Desktop/pupper_ws/install/champ_bringup/share/champ_bringup/local_setup.dsv
[0.369s] -- Symlinking: /home/chief-of-mischief/Desktop/pupper_ws/install/champ_bringup/share/champ_bringup/package.dsv
[0.375s] -- Up-to-date symlink: /home/chief-of-mischief/Desktop/pupper_ws/install/champ_bringup/share/ament_index/resource_index/packages/champ_bringup
[0.375s] -- Up-to-date symlink: /home/chief-of-mischief/Desktop/pupper_ws/install/champ_bringup/share/champ_bringup/cmake/champ_bringupConfig.cmake
[0.375s] -- Up-to-date symlink: /home/chief-of-mischief/Desktop/pupper_ws/install/champ_bringup/share/champ_bringup/cmake/champ_bringupConfig-version.cmake
[0.375s] -- Up-to-date symlink: /home/chief-of-mischief/Desktop/pupper_ws/install/champ_bringup/share/champ_bringup/package.xml
[0.398s] Listing '/home/chief-of-mischief/Desktop/pupper_ws/install/champ_bringup/local/lib/python3.10/dist-packages/champ_bringup'...
[0.406s] Invoked command in '/home/chief-of-mischief/Desktop/pupper_ws/build/champ_bringup' returned '0': AMENT_PREFIX_PATH=/home/chief-of-mischief/Desktop/pupper_ws/install/champ_base:/home/chief-of-mischief/Desktop/pupper_ws/install/champ_msgs:/home/chief-of-mischief/Desktop/pupper_ws/install/champ_description:/home/chief-of-mischief/Desktop/pupper_ws/install/champ:${AMENT_PREFIX_PATH} CMAKE_PREFIX_PATH=/home/chief-of-mischief/Desktop/pupper_ws/install/champ_base:/home/chief-of-mischief/Desktop/pupper_ws/install/champ_msgs:/home/chief-of-mischief/Desktop/pupper_ws/install/champ_description:/home/chief-of-mischief/Desktop/pupper_ws/install/champ:/opt/ros/humble LD_LIBRARY_PATH=/home/chief-of-mischief/Desktop/pupper_ws/install/champ_base/lib:/home/chief-of-mischief/Desktop/pupper_ws/install/champ_msgs/lib:${LD_LIBRARY_PATH} PATH=/home/chief-of-mischief/Desktop/pupper_ws/install/champ_base/bin:${PATH} PYTHONPATH=/home/chief-of-mischief/Desktop/pupper_ws/install/champ_msgs/local/lib/python3.10/dist-packages:${PYTHONPATH} /usr/bin/cmake --install /home/chief-of-mischief/Desktop/pupper_ws/build/champ_bringup
