running develop
running egg_info
creating mini_pupper_driver.egg-info
writing mini_pupper_driver.egg-info/PKG-INFO
writing dependency_links to mini_pupper_driver.egg-info/dependency_links.txt
writing entry points to mini_pupper_driver.egg-info/entry_points.txt
writing requirements to mini_pupper_driver.egg-info/requires.txt
writing top-level names to mini_pupper_driver.egg-info/top_level.txt
writing manifest file 'mini_pupper_driver.egg-info/SOURCES.txt'
reading manifest file 'mini_pupper_driver.egg-info/SOURCES.txt'
writing manifest file 'mini_pupper_driver.egg-info/SOURCES.txt'
running build_ext
Creating /home/chief-of-mischief/Desktop/pupper_ws/install/mini_pupper_driver/lib/python3.10/site-packages/mini-pupper-driver.egg-link (link to .)
Installing display_interface script to /home/chief-of-mischief/Desktop/pupper_ws/install/mini_pupper_driver/lib/mini_pupper_driver
Installing servo_interface script to /home/chief-of-mischief/Desktop/pupper_ws/install/mini_pupper_driver/lib/mini_pupper_driver

Installed /home/chief-of-mischief/Desktop/pupper_ws/build/mini_pupper_driver
running install_data
creating /home/chief-of-mischief/Desktop/pupper_ws/install/mini_pupper_driver/share/ament_index
creating /home/chief-of-mischief/Desktop/pupper_ws/install/mini_pupper_driver/share/ament_index/resource_index
creating /home/chief-of-mischief/Desktop/pupper_ws/install/mini_pupper_driver/share/ament_index/resource_index/packages
copying resource/mini_pupper_driver -> /home/chief-of-mischief/Desktop/pupper_ws/install/mini_pupper_driver/share/ament_index/resource_index/packages
copying package.xml -> /home/chief-of-mischief/Desktop/pupper_ws/install/mini_pupper_driver/share/mini_pupper_driver
creating /home/chief-of-mischief/Desktop/pupper_ws/install/mini_pupper_driver/share/mini_pupper_driver/launch
copying launch/display_interface.launch.py -> /home/chief-of-mischief/Desktop/pupper_ws/install/mini_pupper_driver/share/mini_pupper_driver/launch
copying launch/servo_interface.launch.py -> /home/chief-of-mischief/Desktop/pupper_ws/install/mini_pupper_driver/share/mini_pupper_driver/launch
