-- Install configuration: ""
-- Execute custom install script
-- Up-to-date symlink: /home/chief-of-mischief/Desktop/pupper_ws/install/champ/include/champ/.git
-- Up-to-date symlink: /home/chief-of-mischief/Desktop/pupper_ws/install/champ/include/champ/LICENSE
-- Up-to-date symlink: /home/chief-of-mischief/Desktop/pupper_ws/install/champ/include/champ/README.md
-- Up-to-date symlink: /home/chief-of-mischief/Desktop/pupper_ws/install/champ/include/champ/bla/basic_linear_algebra.h
-- Up-to-date symlink: /home/chief-of-mischief/Desktop/pupper_ws/install/champ/include/champ/bla/memory_delegate.h
-- Up-to-date symlink: /home/chief-of-mischief/Desktop/pupper_ws/install/champ/include/champ/body_controller/body_controller.h
-- Up-to-date symlink: /home/chief-of-mischief/Desktop/pupper_ws/install/champ/include/champ/geometry/geometry.h
-- Up-to-date symlink: /home/chief-of-mischief/Desktop/pupper_ws/install/champ/include/champ/kinematics/kinematics.h
-- Up-to-date symlink: /home/chief-of-mischief/Desktop/pupper_ws/install/champ/include/champ/leg_controller/leg_controller.h
-- Up-to-date symlink: /home/chief-of-mischief/Desktop/pupper_ws/install/champ/include/champ/leg_controller/phase_generator.h
-- Up-to-date symlink: /home/chief-of-mischief/Desktop/pupper_ws/install/champ/include/champ/leg_controller/trajectory_planner.h
-- Up-to-date symlink: /home/chief-of-mischief/Desktop/pupper_ws/install/champ/include/champ/macros/macros.h
-- Up-to-date symlink: /home/chief-of-mischief/Desktop/pupper_ws/install/champ/include/champ/odometry/odometry.h
-- Up-to-date symlink: /home/chief-of-mischief/Desktop/pupper_ws/install/champ/include/champ/quadruped_base/quadruped_base.h
-- Up-to-date symlink: /home/chief-of-mischief/Desktop/pupper_ws/install/champ/include/champ/quadruped_base/quadruped_components.h
-- Up-to-date symlink: /home/chief-of-mischief/Desktop/pupper_ws/install/champ/include/champ/quadruped_base/quadruped_joint.h
-- Up-to-date symlink: /home/chief-of-mischief/Desktop/pupper_ws/install/champ/include/champ/quadruped_base/quadruped_leg.h
-- Up-to-date symlink: /home/chief-of-mischief/Desktop/pupper_ws/install/champ/include/champ/utils/urdf_loader.h
-- Up-to-date symlink: /home/chief-of-mischief/Desktop/pupper_ws/install/champ/include/champ/utils/xmlrpc_helpers.h
-- Up-to-date symlink: /home/chief-of-mischief/Desktop/pupper_ws/install/champ/share/ament_index/resource_index/package_run_dependencies/champ
-- Up-to-date symlink: /home/chief-of-mischief/Desktop/pupper_ws/install/champ/share/ament_index/resource_index/parent_prefix_path/champ
-- Up-to-date symlink: /home/chief-of-mischief/Desktop/pupper_ws/install/champ/share/champ/environment/ament_prefix_path.sh
-- Up-to-date symlink: /home/chief-of-mischief/Desktop/pupper_ws/install/champ/share/champ/environment/ament_prefix_path.dsv
-- Up-to-date symlink: /home/chief-of-mischief/Desktop/pupper_ws/install/champ/share/champ/environment/path.sh
-- Up-to-date symlink: /home/chief-of-mischief/Desktop/pupper_ws/install/champ/share/champ/environment/path.dsv
-- Up-to-date symlink: /home/chief-of-mischief/Desktop/pupper_ws/install/champ/share/champ/local_setup.bash
-- Up-to-date symlink: /home/chief-of-mischief/Desktop/pupper_ws/install/champ/share/champ/local_setup.sh
-- Up-to-date symlink: /home/chief-of-mischief/Desktop/pupper_ws/install/champ/share/champ/local_setup.zsh
-- Up-to-date symlink: /home/chief-of-mischief/Desktop/pupper_ws/install/champ/share/champ/local_setup.dsv
-- Symlinking: /home/chief-of-mischief/Desktop/pupper_ws/install/champ/share/champ/package.dsv
-- Up-to-date symlink: /home/chief-of-mischief/Desktop/pupper_ws/install/champ/share/ament_index/resource_index/packages/champ
-- Up-to-date symlink: /home/chief-of-mischief/Desktop/pupper_ws/install/champ/share/champ/cmake/ament_cmake_export_include_directories-extras.cmake
-- Up-to-date symlink: /home/chief-of-mischief/Desktop/pupper_ws/install/champ/share/champ/cmake/champConfig.cmake
-- Up-to-date symlink: /home/chief-of-mischief/Desktop/pupper_ws/install/champ/share/champ/cmake/champConfig-version.cmake
-- Up-to-date symlink: /home/chief-of-mischief/Desktop/pupper_ws/install/champ/share/champ/package.xml
