[0.020s] Invoking command in '/home/chief-of-mischief/Desktop/pupper_ws/build/champ_base': AMENT_PREFIX_PATH=/home/chief-of-mischief/Desktop/pupper_ws/install/champ_msgs:/home/chief-of-mischief/Desktop/pupper_ws/install/champ:${AMENT_PREFIX_PATH} CMAKE_PREFIX_PATH=/home/chief-of-mischief/Desktop/pupper_ws/install/champ_msgs:/home/chief-of-mischief/Desktop/pupper_ws/install/champ:/opt/ros/humble LD_LIBRARY_PATH=/home/chief-of-mischief/Desktop/pupper_ws/install/champ_msgs/lib:${LD_LIBRARY_PATH} PYTHONPATH=/home/chief-of-mischief/Desktop/pupper_ws/install/champ_msgs/local/lib/python3.10/dist-packages:${PYTHONPATH} /usr/bin/cmake --build /home/chief-of-mischief/Desktop/pupper_ws/build/champ_base -- -j24 -l24
[0.058s] [35m[1mConsolidate compiler generated dependencies of target quadruped_controller[0m
[0.058s] [35m[1mConsolidate compiler generated dependencies of target message_relay[0m
[0.061s] [35m[1mConsolidate compiler generated dependencies of target state_estimation[0m
[0.084s] [ 16%] Built target message_relay
[0.088s] [ 33%] Built target quadruped_controller
[0.095s] [ 50%] Built target state_estimation
[0.097s] [35m[1mConsolidate compiler generated dependencies of target message_relay_node[0m
[0.099s] [35m[1mConsolidate compiler generated dependencies of target quadruped_controller_node[0m
[0.109s] [35m[1mConsolidate compiler generated dependencies of target state_estimation_node[0m
[0.124s] [ 66%] Built target message_relay_node
[0.128s] [ 83%] Built target quadruped_controller_node
[0.132s] [100%] Built target state_estimation_node
[0.144s] Invoked command in '/home/chief-of-mischief/Desktop/pupper_ws/build/champ_base' returned '0': AMENT_PREFIX_PATH=/home/chief-of-mischief/Desktop/pupper_ws/install/champ_msgs:/home/chief-of-mischief/Desktop/pupper_ws/install/champ:${AMENT_PREFIX_PATH} CMAKE_PREFIX_PATH=/home/chief-of-mischief/Desktop/pupper_ws/install/champ_msgs:/home/chief-of-mischief/Desktop/pupper_ws/install/champ:/opt/ros/humble LD_LIBRARY_PATH=/home/chief-of-mischief/Desktop/pupper_ws/install/champ_msgs/lib:${LD_LIBRARY_PATH} PYTHONPATH=/home/chief-of-mischief/Desktop/pupper_ws/install/champ_msgs/local/lib/python3.10/dist-packages:${PYTHONPATH} /usr/bin/cmake --build /home/chief-of-mischief/Desktop/pupper_ws/build/champ_base -- -j24 -l24
[0.188s] Invoking command in '/home/chief-of-mischief/Desktop/pupper_ws/build/champ_base': AMENT_PREFIX_PATH=/home/chief-of-mischief/Desktop/pupper_ws/install/champ_msgs:/home/chief-of-mischief/Desktop/pupper_ws/install/champ:${AMENT_PREFIX_PATH} CMAKE_PREFIX_PATH=/home/chief-of-mischief/Desktop/pupper_ws/install/champ_msgs:/home/chief-of-mischief/Desktop/pupper_ws/install/champ:/opt/ros/humble LD_LIBRARY_PATH=/home/chief-of-mischief/Desktop/pupper_ws/install/champ_msgs/lib:${LD_LIBRARY_PATH} PYTHONPATH=/home/chief-of-mischief/Desktop/pupper_ws/install/champ_msgs/local/lib/python3.10/dist-packages:${PYTHONPATH} /usr/bin/cmake --install /home/chief-of-mischief/Desktop/pupper_ws/build/champ_base
[0.194s] -- Install configuration: ""
[0.194s] -- Execute custom install script
[0.195s] -- Up-to-date symlink: /home/chief-of-mischief/Desktop/pupper_ws/install/champ_base/share/champ_base/config/ekf/base_to_footprint.yaml
[0.195s] -- Up-to-date symlink: /home/chief-of-mischief/Desktop/pupper_ws/install/champ_base/share/champ_base/config/ekf/footprint_to_odom.yaml
[0.195s] -- Up-to-date symlink: /home/chief-of-mischief/Desktop/pupper_ws/install/champ_base/share/champ_base/config/velocity_smoother/velocity_smoother.yaml
[0.195s] -- Up-to-date symlink: /home/chief-of-mischief/Desktop/pupper_ws/install/champ_base/lib/libquadruped_controller.so
[0.196s] -- Up-to-date symlink: /home/chief-of-mischief/Desktop/pupper_ws/install/champ_base/bin/quadruped_controller_node
[0.196s] -- Up-to-date symlink: /home/chief-of-mischief/Desktop/pupper_ws/install/champ_base/lib/libmessage_relay.so
[0.196s] -- Up-to-date symlink: /home/chief-of-mischief/Desktop/pupper_ws/install/champ_base/bin/message_relay_node
[0.196s] -- Up-to-date symlink: /home/chief-of-mischief/Desktop/pupper_ws/install/champ_base/lib/libstate_estimation.so
[0.196s] -- Up-to-date symlink: /home/chief-of-mischief/Desktop/pupper_ws/install/champ_base/bin/state_estimation_node
[0.197s] -- Up-to-date symlink: /home/chief-of-mischief/Desktop/pupper_ws/install/champ_base/lib/champ_base/quadruped_controller_node
[0.197s] -- Up-to-date symlink: /home/chief-of-mischief/Desktop/pupper_ws/install/champ_base/lib/champ_base/message_relay_node
[0.197s] -- Up-to-date symlink: /home/chief-of-mischief/Desktop/pupper_ws/install/champ_base/lib/champ_base/state_estimation_node
[0.197s] -- Up-to-date symlink: /home/chief-of-mischief/Desktop/pupper_ws/install/champ_base/share/ament_index/resource_index/package_run_dependencies/champ_base
[0.197s] -- Up-to-date symlink: /home/chief-of-mischief/Desktop/pupper_ws/install/champ_base/share/ament_index/resource_index/parent_prefix_path/champ_base
[0.198s] -- Up-to-date symlink: /home/chief-of-mischief/Desktop/pupper_ws/install/champ_base/share/champ_base/environment/ament_prefix_path.sh
[0.198s] -- Up-to-date symlink: /home/chief-of-mischief/Desktop/pupper_ws/install/champ_base/share/champ_base/environment/ament_prefix_path.dsv
[0.198s] -- Up-to-date symlink: /home/chief-of-mischief/Desktop/pupper_ws/install/champ_base/share/champ_base/environment/path.sh
[0.198s] -- Up-to-date symlink: /home/chief-of-mischief/Desktop/pupper_ws/install/champ_base/share/champ_base/environment/path.dsv
[0.198s] -- Up-to-date symlink: /home/chief-of-mischief/Desktop/pupper_ws/install/champ_base/share/champ_base/local_setup.bash
[0.199s] -- Up-to-date symlink: /home/chief-of-mischief/Desktop/pupper_ws/install/champ_base/share/champ_base/local_setup.sh
[0.199s] -- Up-to-date symlink: /home/chief-of-mischief/Desktop/pupper_ws/install/champ_base/share/champ_base/local_setup.zsh
[0.200s] -- Up-to-date symlink: /home/chief-of-mischief/Desktop/pupper_ws/install/champ_base/share/champ_base/local_setup.dsv
[0.201s] -- Symlinking: /home/chief-of-mischief/Desktop/pupper_ws/install/champ_base/share/champ_base/package.dsv
[0.212s] -- Up-to-date symlink: /home/chief-of-mischief/Desktop/pupper_ws/install/champ_base/share/ament_index/resource_index/packages/champ_base
[0.212s] -- Up-to-date symlink: /home/chief-of-mischief/Desktop/pupper_ws/install/champ_base/share/champ_base/cmake/ament_cmake_export_include_directories-extras.cmake
[0.212s] -- Up-to-date symlink: /home/chief-of-mischief/Desktop/pupper_ws/install/champ_base/share/champ_base/cmake/ament_cmake_export_dependencies-extras.cmake
[0.213s] -- Up-to-date symlink: /home/chief-of-mischief/Desktop/pupper_ws/install/champ_base/share/champ_base/cmake/champ_baseConfig.cmake
[0.213s] -- Up-to-date symlink: /home/chief-of-mischief/Desktop/pupper_ws/install/champ_base/share/champ_base/cmake/champ_baseConfig-version.cmake
[0.213s] -- Up-to-date symlink: /home/chief-of-mischief/Desktop/pupper_ws/install/champ_base/share/champ_base/package.xml
[0.241s] Invoked command in '/home/chief-of-mischief/Desktop/pupper_ws/build/champ_base' returned '0': AMENT_PREFIX_PATH=/home/chief-of-mischief/Desktop/pupper_ws/install/champ_msgs:/home/chief-of-mischief/Desktop/pupper_ws/install/champ:${AMENT_PREFIX_PATH} CMAKE_PREFIX_PATH=/home/chief-of-mischief/Desktop/pupper_ws/install/champ_msgs:/home/chief-of-mischief/Desktop/pupper_ws/install/champ:/opt/ros/humble LD_LIBRARY_PATH=/home/chief-of-mischief/Desktop/pupper_ws/install/champ_msgs/lib:${LD_LIBRARY_PATH} PYTHONPATH=/home/chief-of-mischief/Desktop/pupper_ws/install/champ_msgs/local/lib/python3.10/dist-packages:${PYTHONPATH} /usr/bin/cmake --install /home/chief-of-mischief/Desktop/pupper_ws/build/champ_base
