[0.086s] Invoking command in '/home/chief-of-mischief/Desktop/pupper_ws/build/champ_teleop': CMAKE_PREFIX_PATH=/opt/ros/humble /usr/bin/cmake --build /home/chief-of-mischief/Desktop/pupper_ws/build/champ_teleop -- -j24 -l24
[0.609s] Invoked command in '/home/chief-of-mischief/Desktop/pupper_ws/build/champ_teleop' returned '0': CMAKE_PREFIX_PATH=/opt/ros/humble /usr/bin/cmake --build /home/chief-of-mischief/Desktop/pupper_ws/build/champ_teleop -- -j24 -l24
[0.632s] Invoking command in '/home/chief-of-mischief/Desktop/pupper_ws/build/champ_teleop': CMAKE_PREFIX_PATH=/opt/ros/humble /usr/bin/cmake --install /home/chief-of-mischief/Desktop/pupper_ws/build/champ_teleop
[0.677s] -- Install configuration: ""
[0.677s] -- Execute custom install script
[0.678s] -- Up-to-date symlink: /home/chief-of-mischief/Desktop/pupper_ws/install/champ_teleop/share/champ_teleop/launch/teleop.launch.py
[0.678s] -- Up-to-date symlink: /home/chief-of-mischief/Desktop/pupper_ws/install/champ_teleop/lib/champ_teleop/champ_teleop.py
[0.678s] -- Up-to-date symlink: /home/chief-of-mischief/Desktop/pupper_ws/install/champ_teleop/share/ament_index/resource_index/package_run_dependencies/champ_teleop
[0.682s] -- Up-to-date symlink: /home/chief-of-mischief/Desktop/pupper_ws/install/champ_teleop/share/ament_index/resource_index/parent_prefix_path/champ_teleop
[0.683s] -- Up-to-date symlink: /home/chief-of-mischief/Desktop/pupper_ws/install/champ_teleop/share/champ_teleop/environment/ament_prefix_path.sh
[0.683s] -- Up-to-date symlink: /home/chief-of-mischief/Desktop/pupper_ws/install/champ_teleop/share/champ_teleop/environment/ament_prefix_path.dsv
[0.683s] -- Up-to-date symlink: /home/chief-of-mischief/Desktop/pupper_ws/install/champ_teleop/share/champ_teleop/environment/path.sh
[0.684s] -- Up-to-date symlink: /home/chief-of-mischief/Desktop/pupper_ws/install/champ_teleop/share/champ_teleop/environment/path.dsv
[0.684s] -- Up-to-date symlink: /home/chief-of-mischief/Desktop/pupper_ws/install/champ_teleop/share/champ_teleop/local_setup.bash
[0.684s] -- Up-to-date symlink: /home/chief-of-mischief/Desktop/pupper_ws/install/champ_teleop/share/champ_teleop/local_setup.sh
[0.684s] -- Up-to-date symlink: /home/chief-of-mischief/Desktop/pupper_ws/install/champ_teleop/share/champ_teleop/local_setup.zsh
[0.685s] -- Up-to-date symlink: /home/chief-of-mischief/Desktop/pupper_ws/install/champ_teleop/share/champ_teleop/local_setup.dsv
[0.685s] -- Symlinking: /home/chief-of-mischief/Desktop/pupper_ws/install/champ_teleop/share/champ_teleop/package.dsv
[0.723s] -- Up-to-date symlink: /home/chief-of-mischief/Desktop/pupper_ws/install/champ_teleop/share/ament_index/resource_index/packages/champ_teleop
[0.729s] -- Up-to-date symlink: /home/chief-of-mischief/Desktop/pupper_ws/install/champ_teleop/share/champ_teleop/cmake/champ_teleopConfig.cmake
[0.730s] -- Up-to-date symlink: /home/chief-of-mischief/Desktop/pupper_ws/install/champ_teleop/share/champ_teleop/cmake/champ_teleopConfig-version.cmake
[0.731s] -- Up-to-date symlink: /home/chief-of-mischief/Desktop/pupper_ws/install/champ_teleop/share/champ_teleop/package.xml
[0.745s] Invoked command in '/home/chief-of-mischief/Desktop/pupper_ws/build/champ_teleop' returned '0': CMAKE_PREFIX_PATH=/opt/ros/humble /usr/bin/cmake --install /home/chief-of-mischief/Desktop/pupper_ws/build/champ_teleop
