[0.129s] Invoking command in '/home/chief-of-mischief/Desktop/pupper_ws/build/champ_msgs': CMAKE_PREFIX_PATH=/opt/ros/humble /usr/bin/cmake --build /home/chief-of-mischief/Desktop/pupper_ws/build/champ_msgs -- -j24 -l24
[0.765s] [35m[1mConsolidate compiler generated dependencies of target champ_msgs__rosidl_generator_c[0m
[0.766s] [  1%] Built target champ_msgs__cpp
[0.767s] [  2%] Built target ament_cmake_python_symlink_champ_msgs
[0.768s] [ 12%] Built target champ_msgs__rosidl_generator_c
[0.768s] [35m[1mConsolidate compiler generated dependencies of target champ_msgs__rosidl_typesupport_cpp[0m
[0.769s] [35m[1mConsolidate compiler generated dependencies of target champ_msgs__rosidl_typesupport_introspection_cpp[0m
[0.769s] [35m[1mConsolidate compiler generated dependencies of target champ_msgs__rosidl_typesupport_fastrtps_cpp[0m
[0.769s] [35m[1mConsolidate compiler generated dependencies of target champ_msgs__rosidl_typesupport_c[0m
[0.770s] [35m[1mConsolidate compiler generated dependencies of target champ_msgs__rosidl_typesupport_fastrtps_c[0m
[0.770s] [35m[1mConsolidate compiler generated dependencies of target champ_msgs__rosidl_typesupport_introspection_c[0m
[0.770s] [ 24%] Built target champ_msgs__rosidl_typesupport_c
[0.771s] [ 35%] Built target champ_msgs__rosidl_typesupport_cpp
[0.773s] [ 53%] Built target champ_msgs__rosidl_typesupport_fastrtps_cpp
[0.773s] [ 58%] Built target champ_msgs__rosidl_typesupport_introspection_c
[0.774s] [ 70%] Built target champ_msgs__rosidl_typesupport_fastrtps_c
[0.775s] [ 82%] Built target champ_msgs__rosidl_typesupport_introspection_cpp
[0.775s] [ 82%] Built target champ_msgs
[0.776s] [ 83%] Built target champ_msgs__py
[0.777s] [35m[1mConsolidate compiler generated dependencies of target champ_msgs__rosidl_generator_py[0m
[0.777s] [ 93%] Built target champ_msgs__rosidl_generator_py
[0.777s] [35m[1mConsolidate compiler generated dependencies of target champ_msgs__rosidl_typesupport_fastrtps_c__pyext[0m
[0.778s] [35m[1mConsolidate compiler generated dependencies of target champ_msgs__rosidl_typesupport_c__pyext[0m
[0.779s] [35m[1mConsolidate compiler generated dependencies of target champ_msgs__rosidl_typesupport_introspection_c__pyext[0m
[0.779s] [ 95%] Built target champ_msgs__rosidl_typesupport_fastrtps_c__pyext
[0.780s] [ 97%] Built target champ_msgs__rosidl_typesupport_introspection_c__pyext
[0.781s] [100%] Built target champ_msgs__rosidl_typesupport_c__pyext
[0.781s] running egg_info
[0.781s] writing champ_msgs.egg-info/PKG-INFO
[0.783s] writing dependency_links to champ_msgs.egg-info/dependency_links.txt
[0.783s] writing top-level names to champ_msgs.egg-info/top_level.txt
[0.784s] reading manifest file 'champ_msgs.egg-info/SOURCES.txt'
[0.785s] writing manifest file 'champ_msgs.egg-info/SOURCES.txt'
[0.786s] [100%] Built target ament_cmake_python_build_champ_msgs_egg
[0.796s] Invoked command in '/home/chief-of-mischief/Desktop/pupper_ws/build/champ_msgs' returned '0': CMAKE_PREFIX_PATH=/opt/ros/humble /usr/bin/cmake --build /home/chief-of-mischief/Desktop/pupper_ws/build/champ_msgs -- -j24 -l24
[1.181s] Invoking command in '/home/chief-of-mischief/Desktop/pupper_ws/build/champ_msgs': CMAKE_PREFIX_PATH=/opt/ros/humble /usr/bin/cmake --install /home/chief-of-mischief/Desktop/pupper_ws/build/champ_msgs
[1.282s] -- Install configuration: ""
[1.283s] -- Execute custom install script
[1.283s] -- Up-to-date symlink: /home/chief-of-mischief/Desktop/pupper_ws/install/champ_msgs/share/ament_index/resource_index/rosidl_interfaces/champ_msgs
[1.283s] -- Up-to-date symlink: /home/chief-of-mischief/Desktop/pupper_ws/install/champ_msgs/include/champ_msgs/champ_msgs/msg/contacts.h
[1.284s] -- Up-to-date symlink: /home/chief-of-mischief/Desktop/pupper_ws/install/champ_msgs/include/champ_msgs/champ_msgs/msg/contacts_stamped.h
[1.284s] -- Up-to-date symlink: /home/chief-of-mischief/Desktop/pupper_ws/install/champ_msgs/include/champ_msgs/champ_msgs/msg/detail/contacts__functions.h
[1.284s] -- Up-to-date symlink: /home/chief-of-mischief/Desktop/pupper_ws/install/champ_msgs/include/champ_msgs/champ_msgs/msg/detail/contacts__struct.h
[1.285s] -- Up-to-date symlink: /home/chief-of-mischief/Desktop/pupper_ws/install/champ_msgs/include/champ_msgs/champ_msgs/msg/detail/contacts__type_support.h
[1.286s] -- Up-to-date symlink: /home/chief-of-mischief/Desktop/pupper_ws/install/champ_msgs/include/champ_msgs/champ_msgs/msg/detail/contacts_stamped__functions.h
[1.286s] -- Up-to-date symlink: /home/chief-of-mischief/Desktop/pupper_ws/install/champ_msgs/include/champ_msgs/champ_msgs/msg/detail/contacts_stamped__struct.h
[1.286s] -- Up-to-date symlink: /home/chief-of-mischief/Desktop/pupper_ws/install/champ_msgs/include/champ_msgs/champ_msgs/msg/detail/contacts_stamped__type_support.h
[1.291s] -- Up-to-date symlink: /home/chief-of-mischief/Desktop/pupper_ws/install/champ_msgs/include/champ_msgs/champ_msgs/msg/detail/imu__functions.h
[1.291s] -- Up-to-date symlink: /home/chief-of-mischief/Desktop/pupper_ws/install/champ_msgs/include/champ_msgs/champ_msgs/msg/detail/imu__struct.h
[1.292s] -- Up-to-date symlink: /home/chief-of-mischief/Desktop/pupper_ws/install/champ_msgs/include/champ_msgs/champ_msgs/msg/detail/imu__type_support.h
[1.293s] -- Up-to-date symlink: /home/chief-of-mischief/Desktop/pupper_ws/install/champ_msgs/include/champ_msgs/champ_msgs/msg/detail/joints__functions.h
[1.293s] -- Up-to-date symlink: /home/chief-of-mischief/Desktop/pupper_ws/install/champ_msgs/include/champ_msgs/champ_msgs/msg/detail/joints__struct.h
[1.293s] -- Up-to-date symlink: /home/chief-of-mischief/Desktop/pupper_ws/install/champ_msgs/include/champ_msgs/champ_msgs/msg/detail/joints__type_support.h
[1.293s] -- Up-to-date symlink: /home/chief-of-mischief/Desktop/pupper_ws/install/champ_msgs/include/champ_msgs/champ_msgs/msg/detail/pid__functions.h
[1.293s] -- Up-to-date symlink: /home/chief-of-mischief/Desktop/pupper_ws/install/champ_msgs/include/champ_msgs/champ_msgs/msg/detail/pid__struct.h
[1.294s] -- Up-to-date symlink: /home/chief-of-mischief/Desktop/pupper_ws/install/champ_msgs/include/champ_msgs/champ_msgs/msg/detail/pid__type_support.h
[1.294s] -- Up-to-date symlink: /home/chief-of-mischief/Desktop/pupper_ws/install/champ_msgs/include/champ_msgs/champ_msgs/msg/detail/point__functions.h
[1.294s] -- Up-to-date symlink: /home/chief-of-mischief/Desktop/pupper_ws/install/champ_msgs/include/champ_msgs/champ_msgs/msg/detail/point__struct.h
[1.294s] -- Up-to-date symlink: /home/chief-of-mischief/Desktop/pupper_ws/install/champ_msgs/include/champ_msgs/champ_msgs/msg/detail/point__type_support.h
[1.294s] -- Up-to-date symlink: /home/chief-of-mischief/Desktop/pupper_ws/install/champ_msgs/include/champ_msgs/champ_msgs/msg/detail/point_array__functions.h
[1.294s] -- Up-to-date symlink: /home/chief-of-mischief/Desktop/pupper_ws/install/champ_msgs/include/champ_msgs/champ_msgs/msg/detail/point_array__struct.h
[1.295s] -- Up-to-date symlink: /home/chief-of-mischief/Desktop/pupper_ws/install/champ_msgs/include/champ_msgs/champ_msgs/msg/detail/point_array__type_support.h
[1.295s] -- Up-to-date symlink: /home/chief-of-mischief/Desktop/pupper_ws/install/champ_msgs/include/champ_msgs/champ_msgs/msg/detail/pose__functions.h
[1.295s] -- Up-to-date symlink: /home/chief-of-mischief/Desktop/pupper_ws/install/champ_msgs/include/champ_msgs/champ_msgs/msg/detail/pose__struct.h
[1.296s] -- Up-to-date symlink: /home/chief-of-mischief/Desktop/pupper_ws/install/champ_msgs/include/champ_msgs/champ_msgs/msg/detail/pose__type_support.h
[1.297s] -- Up-to-date symlink: /home/chief-of-mischief/Desktop/pupper_ws/install/champ_msgs/include/champ_msgs/champ_msgs/msg/detail/velocities__functions.h
[1.298s] -- Up-to-date symlink: /home/chief-of-mischief/Desktop/pupper_ws/install/champ_msgs/include/champ_msgs/champ_msgs/msg/detail/velocities__struct.h
[1.303s] -- Up-to-date symlink: /home/chief-of-mischief/Desktop/pupper_ws/install/champ_msgs/include/champ_msgs/champ_msgs/msg/detail/velocities__type_support.h
[1.303s] -- Up-to-date symlink: /home/chief-of-mischief/Desktop/pupper_ws/install/champ_msgs/include/champ_msgs/champ_msgs/msg/imu.h
[1.303s] -- Up-to-date symlink: /home/chief-of-mischief/Desktop/pupper_ws/install/champ_msgs/include/champ_msgs/champ_msgs/msg/joints.h
[1.304s] -- Up-to-date symlink: /home/chief-of-mischief/Desktop/pupper_ws/install/champ_msgs/include/champ_msgs/champ_msgs/msg/pid.h
[1.304s] -- Up-to-date symlink: /home/chief-of-mischief/Desktop/pupper_ws/install/champ_msgs/include/champ_msgs/champ_msgs/msg/point.h
[1.305s] -- Up-to-date symlink: /home/chief-of-mischief/Desktop/pupper_ws/install/champ_msgs/include/champ_msgs/champ_msgs/msg/point_array.h
[1.305s] -- Up-to-date symlink: /home/chief-of-mischief/Desktop/pupper_ws/install/champ_msgs/include/champ_msgs/champ_msgs/msg/pose.h
[1.305s] -- Up-to-date symlink: /home/chief-of-mischief/Desktop/pupper_ws/install/champ_msgs/include/champ_msgs/champ_msgs/msg/rosidl_generator_c__visibility_control.h
[1.305s] -- Up-to-date symlink: /home/chief-of-mischief/Desktop/pupper_ws/install/champ_msgs/include/champ_msgs/champ_msgs/msg/velocities.h
[1.305s] -- Up-to-date symlink: /home/chief-of-mischief/Desktop/pupper_ws/install/champ_msgs/share/champ_msgs/environment/library_path.sh
[1.305s] -- Up-to-date symlink: /home/chief-of-mischief/Desktop/pupper_ws/install/champ_msgs/share/champ_msgs/environment/library_path.dsv
[1.305s] -- Up-to-date symlink: /home/chief-of-mischief/Desktop/pupper_ws/install/champ_msgs/include/champ_msgs/champ_msgs/msg/detail/contacts__rosidl_typesupport_fastrtps_c.h
[1.305s] -- Up-to-date symlink: /home/chief-of-mischief/Desktop/pupper_ws/install/champ_msgs/include/champ_msgs/champ_msgs/msg/detail/contacts_stamped__rosidl_typesupport_fastrtps_c.h
[1.305s] -- Up-to-date symlink: /home/chief-of-mischief/Desktop/pupper_ws/install/champ_msgs/include/champ_msgs/champ_msgs/msg/detail/imu__rosidl_typesupport_fastrtps_c.h
[1.305s] -- Up-to-date symlink: /home/chief-of-mischief/Desktop/pupper_ws/install/champ_msgs/include/champ_msgs/champ_msgs/msg/detail/joints__rosidl_typesupport_fastrtps_c.h
[1.306s] -- Up-to-date symlink: /home/chief-of-mischief/Desktop/pupper_ws/install/champ_msgs/include/champ_msgs/champ_msgs/msg/detail/pid__rosidl_typesupport_fastrtps_c.h
[1.306s] -- Up-to-date symlink: /home/chief-of-mischief/Desktop/pupper_ws/install/champ_msgs/include/champ_msgs/champ_msgs/msg/detail/point__rosidl_typesupport_fastrtps_c.h
[1.306s] -- Up-to-date symlink: /home/chief-of-mischief/Desktop/pupper_ws/install/champ_msgs/include/champ_msgs/champ_msgs/msg/detail/point_array__rosidl_typesupport_fastrtps_c.h
[1.306s] -- Up-to-date symlink: /home/chief-of-mischief/Desktop/pupper_ws/install/champ_msgs/include/champ_msgs/champ_msgs/msg/detail/pose__rosidl_typesupport_fastrtps_c.h
[1.306s] -- Up-to-date symlink: /home/chief-of-mischief/Desktop/pupper_ws/install/champ_msgs/include/champ_msgs/champ_msgs/msg/detail/velocities__rosidl_typesupport_fastrtps_c.h
[1.306s] -- Up-to-date symlink: /home/chief-of-mischief/Desktop/pupper_ws/install/champ_msgs/include/champ_msgs/champ_msgs/msg/rosidl_typesupport_fastrtps_c__visibility_control.h
[1.306s] -- Up-to-date symlink: /home/chief-of-mischief/Desktop/pupper_ws/install/champ_msgs/include/champ_msgs/champ_msgs/msg/detail/contacts__rosidl_typesupport_introspection_c.h
[1.306s] -- Up-to-date symlink: /home/chief-of-mischief/Desktop/pupper_ws/install/champ_msgs/include/champ_msgs/champ_msgs/msg/detail/contacts_stamped__rosidl_typesupport_introspection_c.h
[1.306s] -- Up-to-date symlink: /home/chief-of-mischief/Desktop/pupper_ws/install/champ_msgs/include/champ_msgs/champ_msgs/msg/detail/imu__rosidl_typesupport_introspection_c.h
[1.306s] -- Up-to-date symlink: /home/chief-of-mischief/Desktop/pupper_ws/install/champ_msgs/include/champ_msgs/champ_msgs/msg/detail/joints__rosidl_typesupport_introspection_c.h
[1.307s] -- Up-to-date symlink: /home/chief-of-mischief/Desktop/pupper_ws/install/champ_msgs/include/champ_msgs/champ_msgs/msg/detail/pid__rosidl_typesupport_introspection_c.h
[1.307s] -- Up-to-date symlink: /home/chief-of-mischief/Desktop/pupper_ws/install/champ_msgs/include/champ_msgs/champ_msgs/msg/detail/point__rosidl_typesupport_introspection_c.h
[1.307s] -- Up-to-date symlink: /home/chief-of-mischief/Desktop/pupper_ws/install/champ_msgs/include/champ_msgs/champ_msgs/msg/detail/point_array__rosidl_typesupport_introspection_c.h
[1.307s] -- Up-to-date symlink: /home/chief-of-mischief/Desktop/pupper_ws/install/champ_msgs/include/champ_msgs/champ_msgs/msg/detail/pose__rosidl_typesupport_introspection_c.h
[1.307s] -- Up-to-date symlink: /home/chief-of-mischief/Desktop/pupper_ws/install/champ_msgs/include/champ_msgs/champ_msgs/msg/detail/velocities__rosidl_typesupport_introspection_c.h
[1.307s] -- Up-to-date symlink: /home/chief-of-mischief/Desktop/pupper_ws/install/champ_msgs/include/champ_msgs/champ_msgs/msg/rosidl_typesupport_introspection_c__visibility_control.h
[1.307s] -- Up-to-date symlink: /home/chief-of-mischief/Desktop/pupper_ws/install/champ_msgs/include/champ_msgs/champ_msgs/msg/contacts.hpp
[1.307s] -- Up-to-date symlink: /home/chief-of-mischief/Desktop/pupper_ws/install/champ_msgs/include/champ_msgs/champ_msgs/msg/contacts_stamped.hpp
[1.308s] -- Up-to-date symlink: /home/chief-of-mischief/Desktop/pupper_ws/install/champ_msgs/include/champ_msgs/champ_msgs/msg/detail/contacts__builder.hpp
[1.308s] -- Up-to-date symlink: /home/chief-of-mischief/Desktop/pupper_ws/install/champ_msgs/include/champ_msgs/champ_msgs/msg/detail/contacts__struct.hpp
[1.309s] -- Up-to-date symlink: /home/chief-of-mischief/Desktop/pupper_ws/install/champ_msgs/include/champ_msgs/champ_msgs/msg/detail/contacts__traits.hpp
[1.309s] -- Up-to-date symlink: /home/chief-of-mischief/Desktop/pupper_ws/install/champ_msgs/include/champ_msgs/champ_msgs/msg/detail/contacts_stamped__builder.hpp
[1.309s] -- Up-to-date symlink: /home/chief-of-mischief/Desktop/pupper_ws/install/champ_msgs/include/champ_msgs/champ_msgs/msg/detail/contacts_stamped__struct.hpp
[1.309s] -- Up-to-date symlink: /home/chief-of-mischief/Desktop/pupper_ws/install/champ_msgs/include/champ_msgs/champ_msgs/msg/detail/contacts_stamped__traits.hpp
[1.309s] -- Up-to-date symlink: /home/chief-of-mischief/Desktop/pupper_ws/install/champ_msgs/include/champ_msgs/champ_msgs/msg/detail/imu__builder.hpp
[1.309s] -- Up-to-date symlink: /home/chief-of-mischief/Desktop/pupper_ws/install/champ_msgs/include/champ_msgs/champ_msgs/msg/detail/imu__struct.hpp
[1.310s] -- Up-to-date symlink: /home/chief-of-mischief/Desktop/pupper_ws/install/champ_msgs/include/champ_msgs/champ_msgs/msg/detail/imu__traits.hpp
[1.310s] -- Up-to-date symlink: /home/chief-of-mischief/Desktop/pupper_ws/install/champ_msgs/include/champ_msgs/champ_msgs/msg/detail/joints__builder.hpp
[1.319s] -- Up-to-date symlink: /home/chief-of-mischief/Desktop/pupper_ws/install/champ_msgs/include/champ_msgs/champ_msgs/msg/detail/joints__struct.hpp
[1.320s] -- Up-to-date symlink: /home/chief-of-mischief/Desktop/pupper_ws/install/champ_msgs/include/champ_msgs/champ_msgs/msg/detail/joints__traits.hpp
[1.320s] -- Up-to-date symlink: /home/chief-of-mischief/Desktop/pupper_ws/install/champ_msgs/include/champ_msgs/champ_msgs/msg/detail/pid__builder.hpp
[1.320s] -- Up-to-date symlink: /home/chief-of-mischief/Desktop/pupper_ws/install/champ_msgs/include/champ_msgs/champ_msgs/msg/detail/pid__struct.hpp
[1.321s] -- Up-to-date symlink: /home/chief-of-mischief/Desktop/pupper_ws/install/champ_msgs/include/champ_msgs/champ_msgs/msg/detail/pid__traits.hpp
[1.321s] -- Up-to-date symlink: /home/chief-of-mischief/Desktop/pupper_ws/install/champ_msgs/include/champ_msgs/champ_msgs/msg/detail/point__builder.hpp
[1.321s] -- Up-to-date symlink: /home/chief-of-mischief/Desktop/pupper_ws/install/champ_msgs/include/champ_msgs/champ_msgs/msg/detail/point__struct.hpp
[1.321s] -- Up-to-date symlink: /home/chief-of-mischief/Desktop/pupper_ws/install/champ_msgs/include/champ_msgs/champ_msgs/msg/detail/point__traits.hpp
[1.321s] -- Up-to-date symlink: /home/chief-of-mischief/Desktop/pupper_ws/install/champ_msgs/include/champ_msgs/champ_msgs/msg/detail/point_array__builder.hpp
[1.321s] -- Up-to-date symlink: /home/chief-of-mischief/Desktop/pupper_ws/install/champ_msgs/include/champ_msgs/champ_msgs/msg/detail/point_array__struct.hpp
[1.321s] -- Up-to-date symlink: /home/chief-of-mischief/Desktop/pupper_ws/install/champ_msgs/include/champ_msgs/champ_msgs/msg/detail/point_array__traits.hpp
[1.321s] -- Up-to-date symlink: /home/chief-of-mischief/Desktop/pupper_ws/install/champ_msgs/include/champ_msgs/champ_msgs/msg/detail/pose__builder.hpp
[1.321s] -- Up-to-date symlink: /home/chief-of-mischief/Desktop/pupper_ws/install/champ_msgs/include/champ_msgs/champ_msgs/msg/detail/pose__struct.hpp
[1.321s] -- Up-to-date symlink: /home/chief-of-mischief/Desktop/pupper_ws/install/champ_msgs/include/champ_msgs/champ_msgs/msg/detail/pose__traits.hpp
[1.321s] -- Up-to-date symlink: /home/chief-of-mischief/Desktop/pupper_ws/install/champ_msgs/include/champ_msgs/champ_msgs/msg/detail/velocities__builder.hpp
[1.321s] -- Up-to-date symlink: /home/chief-of-mischief/Desktop/pupper_ws/install/champ_msgs/include/champ_msgs/champ_msgs/msg/detail/velocities__struct.hpp
[1.322s] -- Up-to-date symlink: /home/chief-of-mischief/Desktop/pupper_ws/install/champ_msgs/include/champ_msgs/champ_msgs/msg/detail/velocities__traits.hpp
[1.322s] -- Up-to-date symlink: /home/chief-of-mischief/Desktop/pupper_ws/install/champ_msgs/include/champ_msgs/champ_msgs/msg/imu.hpp
[1.322s] -- Up-to-date symlink: /home/chief-of-mischief/Desktop/pupper_ws/install/champ_msgs/include/champ_msgs/champ_msgs/msg/joints.hpp
[1.322s] -- Up-to-date symlink: /home/chief-of-mischief/Desktop/pupper_ws/install/champ_msgs/include/champ_msgs/champ_msgs/msg/pid.hpp
[1.322s] -- Up-to-date symlink: /home/chief-of-mischief/Desktop/pupper_ws/install/champ_msgs/include/champ_msgs/champ_msgs/msg/point.hpp
[1.322s] -- Up-to-date symlink: /home/chief-of-mischief/Desktop/pupper_ws/install/champ_msgs/include/champ_msgs/champ_msgs/msg/point_array.hpp
[1.322s] -- Up-to-date symlink: /home/chief-of-mischief/Desktop/pupper_ws/install/champ_msgs/include/champ_msgs/champ_msgs/msg/pose.hpp
[1.322s] -- Up-to-date symlink: /home/chief-of-mischief/Desktop/pupper_ws/install/champ_msgs/include/champ_msgs/champ_msgs/msg/velocities.hpp
[1.322s] -- Up-to-date symlink: /home/chief-of-mischief/Desktop/pupper_ws/install/champ_msgs/include/champ_msgs/champ_msgs/msg/detail/contacts__rosidl_typesupport_fastrtps_cpp.hpp
[1.322s] -- Up-to-date symlink: /home/chief-of-mischief/Desktop/pupper_ws/install/champ_msgs/include/champ_msgs/champ_msgs/msg/detail/contacts_stamped__rosidl_typesupport_fastrtps_cpp.hpp
[1.322s] -- Up-to-date symlink: /home/chief-of-mischief/Desktop/pupper_ws/install/champ_msgs/include/champ_msgs/champ_msgs/msg/detail/imu__rosidl_typesupport_fastrtps_cpp.hpp
[1.322s] -- Up-to-date symlink: /home/chief-of-mischief/Desktop/pupper_ws/install/champ_msgs/include/champ_msgs/champ_msgs/msg/detail/joints__rosidl_typesupport_fastrtps_cpp.hpp
[1.322s] -- Up-to-date symlink: /home/chief-of-mischief/Desktop/pupper_ws/install/champ_msgs/include/champ_msgs/champ_msgs/msg/detail/pid__rosidl_typesupport_fastrtps_cpp.hpp
[1.322s] -- Up-to-date symlink: /home/chief-of-mischief/Desktop/pupper_ws/install/champ_msgs/include/champ_msgs/champ_msgs/msg/detail/point__rosidl_typesupport_fastrtps_cpp.hpp
[1.323s] -- Up-to-date symlink: /home/chief-of-mischief/Desktop/pupper_ws/install/champ_msgs/include/champ_msgs/champ_msgs/msg/detail/point_array__rosidl_typesupport_fastrtps_cpp.hpp
[1.327s] -- Up-to-date symlink: /home/chief-of-mischief/Desktop/pupper_ws/install/champ_msgs/include/champ_msgs/champ_msgs/msg/detail/pose__rosidl_typesupport_fastrtps_cpp.hpp
[1.327s] -- Up-to-date symlink: /home/chief-of-mischief/Desktop/pupper_ws/install/champ_msgs/include/champ_msgs/champ_msgs/msg/detail/velocities__rosidl_typesupport_fastrtps_cpp.hpp
[1.327s] -- Up-to-date symlink: /home/chief-of-mischief/Desktop/pupper_ws/install/champ_msgs/include/champ_msgs/champ_msgs/msg/rosidl_typesupport_fastrtps_cpp__visibility_control.h
[1.327s] -- Up-to-date symlink: /home/chief-of-mischief/Desktop/pupper_ws/install/champ_msgs/include/champ_msgs/champ_msgs/msg/detail/contacts__rosidl_typesupport_introspection_cpp.hpp
[1.328s] -- Up-to-date symlink: /home/chief-of-mischief/Desktop/pupper_ws/install/champ_msgs/include/champ_msgs/champ_msgs/msg/detail/contacts_stamped__rosidl_typesupport_introspection_cpp.hpp
[1.328s] -- Up-to-date symlink: /home/chief-of-mischief/Desktop/pupper_ws/install/champ_msgs/include/champ_msgs/champ_msgs/msg/detail/imu__rosidl_typesupport_introspection_cpp.hpp
[1.328s] -- Up-to-date symlink: /home/chief-of-mischief/Desktop/pupper_ws/install/champ_msgs/include/champ_msgs/champ_msgs/msg/detail/joints__rosidl_typesupport_introspection_cpp.hpp
[1.328s] -- Up-to-date symlink: /home/chief-of-mischief/Desktop/pupper_ws/install/champ_msgs/include/champ_msgs/champ_msgs/msg/detail/pid__rosidl_typesupport_introspection_cpp.hpp
[1.329s] -- Up-to-date symlink: /home/chief-of-mischief/Desktop/pupper_ws/install/champ_msgs/include/champ_msgs/champ_msgs/msg/detail/point__rosidl_typesupport_introspection_cpp.hpp
[1.329s] -- Up-to-date symlink: /home/chief-of-mischief/Desktop/pupper_ws/install/champ_msgs/include/champ_msgs/champ_msgs/msg/detail/point_array__rosidl_typesupport_introspection_cpp.hpp
[1.330s] -- Up-to-date symlink: /home/chief-of-mischief/Desktop/pupper_ws/install/champ_msgs/include/champ_msgs/champ_msgs/msg/detail/pose__rosidl_typesupport_introspection_cpp.hpp
[1.330s] -- Up-to-date symlink: /home/chief-of-mischief/Desktop/pupper_ws/install/champ_msgs/include/champ_msgs/champ_msgs/msg/detail/velocities__rosidl_typesupport_introspection_cpp.hpp
[1.331s] -- Up-to-date symlink: /home/chief-of-mischief/Desktop/pupper_ws/install/champ_msgs/share/champ_msgs/environment/pythonpath.sh
[1.331s] -- Up-to-date symlink: /home/chief-of-mischief/Desktop/pupper_ws/install/champ_msgs/share/champ_msgs/environment/pythonpath.dsv
[1.332s] -- Up-to-date symlink: /home/chief-of-mischief/Desktop/pupper_ws/install/champ_msgs/local/lib/python3.10/dist-packages/champ_msgs-0.1.0-py3.10.egg-info/PKG-INFO
[1.332s] -- Up-to-date symlink: /home/chief-of-mischief/Desktop/pupper_ws/install/champ_msgs/local/lib/python3.10/dist-packages/champ_msgs-0.1.0-py3.10.egg-info/SOURCES.txt
[1.332s] -- Up-to-date symlink: /home/chief-of-mischief/Desktop/pupper_ws/install/champ_msgs/local/lib/python3.10/dist-packages/champ_msgs-0.1.0-py3.10.egg-info/dependency_links.txt
[1.332s] -- Up-to-date symlink: /home/chief-of-mischief/Desktop/pupper_ws/install/champ_msgs/local/lib/python3.10/dist-packages/champ_msgs-0.1.0-py3.10.egg-info/top_level.txt
[1.338s] -- Up-to-date symlink: /home/chief-of-mischief/Desktop/pupper_ws/install/champ_msgs/local/lib/python3.10/dist-packages/champ_msgs/__init__.py
[1.338s] -- Up-to-date symlink: /home/chief-of-mischief/Desktop/pupper_ws/install/champ_msgs/local/lib/python3.10/dist-packages/champ_msgs/_champ_msgs_s.ep.rosidl_typesupport_c.c
[1.339s] -- Up-to-date symlink: /home/chief-of-mischief/Desktop/pupper_ws/install/champ_msgs/local/lib/python3.10/dist-packages/champ_msgs/_champ_msgs_s.ep.rosidl_typesupport_fastrtps_c.c
[1.339s] -- Up-to-date symlink: /home/chief-of-mischief/Desktop/pupper_ws/install/champ_msgs/local/lib/python3.10/dist-packages/champ_msgs/_champ_msgs_s.ep.rosidl_typesupport_introspection_c.c
[1.340s] -- Up-to-date symlink: /home/chief-of-mischief/Desktop/pupper_ws/install/champ_msgs/local/lib/python3.10/dist-packages/champ_msgs/champ_msgs_s__rosidl_typesupport_c.cpython-310-x86_64-linux-gnu.so
[1.340s] -- Up-to-date symlink: /home/chief-of-mischief/Desktop/pupper_ws/install/champ_msgs/local/lib/python3.10/dist-packages/champ_msgs/champ_msgs_s__rosidl_typesupport_fastrtps_c.cpython-310-x86_64-linux-gnu.so
[1.341s] -- Up-to-date symlink: /home/chief-of-mischief/Desktop/pupper_ws/install/champ_msgs/local/lib/python3.10/dist-packages/champ_msgs/champ_msgs_s__rosidl_typesupport_introspection_c.cpython-310-x86_64-linux-gnu.so
[1.341s] -- Up-to-date symlink: /home/chief-of-mischief/Desktop/pupper_ws/install/champ_msgs/local/lib/python3.10/dist-packages/champ_msgs/libchamp_msgs__rosidl_generator_py.so
[1.341s] -- Up-to-date symlink: /home/chief-of-mischief/Desktop/pupper_ws/install/champ_msgs/local/lib/python3.10/dist-packages/champ_msgs/msg/__init__.py
[1.342s] -- Up-to-date symlink: /home/chief-of-mischief/Desktop/pupper_ws/install/champ_msgs/local/lib/python3.10/dist-packages/champ_msgs/msg/_contacts.py
[1.351s] -- Up-to-date symlink: /home/chief-of-mischief/Desktop/pupper_ws/install/champ_msgs/local/lib/python3.10/dist-packages/champ_msgs/msg/_contacts_s.c
[1.351s] -- Up-to-date symlink: /home/chief-of-mischief/Desktop/pupper_ws/install/champ_msgs/local/lib/python3.10/dist-packages/champ_msgs/msg/_contacts_stamped.py
[1.352s] -- Up-to-date symlink: /home/chief-of-mischief/Desktop/pupper_ws/install/champ_msgs/local/lib/python3.10/dist-packages/champ_msgs/msg/_contacts_stamped_s.c
[1.352s] -- Up-to-date symlink: /home/chief-of-mischief/Desktop/pupper_ws/install/champ_msgs/local/lib/python3.10/dist-packages/champ_msgs/msg/_imu.py
[1.352s] -- Up-to-date symlink: /home/chief-of-mischief/Desktop/pupper_ws/install/champ_msgs/local/lib/python3.10/dist-packages/champ_msgs/msg/_imu_s.c
[1.352s] -- Up-to-date symlink: /home/chief-of-mischief/Desktop/pupper_ws/install/champ_msgs/local/lib/python3.10/dist-packages/champ_msgs/msg/_joints.py
[1.352s] -- Up-to-date symlink: /home/chief-of-mischief/Desktop/pupper_ws/install/champ_msgs/local/lib/python3.10/dist-packages/champ_msgs/msg/_joints_s.c
[1.353s] -- Up-to-date symlink: /home/chief-of-mischief/Desktop/pupper_ws/install/champ_msgs/local/lib/python3.10/dist-packages/champ_msgs/msg/_pid.py
[1.353s] -- Up-to-date symlink: /home/chief-of-mischief/Desktop/pupper_ws/install/champ_msgs/local/lib/python3.10/dist-packages/champ_msgs/msg/_pid_s.c
[1.353s] -- Up-to-date symlink: /home/chief-of-mischief/Desktop/pupper_ws/install/champ_msgs/local/lib/python3.10/dist-packages/champ_msgs/msg/_point.py
[1.353s] -- Up-to-date symlink: /home/chief-of-mischief/Desktop/pupper_ws/install/champ_msgs/local/lib/python3.10/dist-packages/champ_msgs/msg/_point_array.py
[1.353s] -- Up-to-date symlink: /home/chief-of-mischief/Desktop/pupper_ws/install/champ_msgs/local/lib/python3.10/dist-packages/champ_msgs/msg/_point_array_s.c
[1.354s] -- Up-to-date symlink: /home/chief-of-mischief/Desktop/pupper_ws/install/champ_msgs/local/lib/python3.10/dist-packages/champ_msgs/msg/_point_s.c
[1.354s] -- Up-to-date symlink: /home/chief-of-mischief/Desktop/pupper_ws/install/champ_msgs/local/lib/python3.10/dist-packages/champ_msgs/msg/_pose.py
[1.354s] -- Up-to-date symlink: /home/chief-of-mischief/Desktop/pupper_ws/install/champ_msgs/local/lib/python3.10/dist-packages/champ_msgs/msg/_pose_s.c
[1.354s] -- Up-to-date symlink: /home/chief-of-mischief/Desktop/pupper_ws/install/champ_msgs/local/lib/python3.10/dist-packages/champ_msgs/msg/_velocities.py
[1.354s] -- Up-to-date symlink: /home/chief-of-mischief/Desktop/pupper_ws/install/champ_msgs/local/lib/python3.10/dist-packages/champ_msgs/msg/_velocities_s.c
[1.354s] -- Up-to-date symlink: /home/chief-of-mischief/Desktop/pupper_ws/install/champ_msgs/local/lib/python3.10/dist-packages/champ_msgs/champ_msgs_s__rosidl_typesupport_fastrtps_c.cpython-310-x86_64-linux-gnu.so
[1.354s] -- Up-to-date symlink: /home/chief-of-mischief/Desktop/pupper_ws/install/champ_msgs/local/lib/python3.10/dist-packages/champ_msgs/champ_msgs_s__rosidl_typesupport_introspection_c.cpython-310-x86_64-linux-gnu.so
[1.354s] -- Up-to-date symlink: /home/chief-of-mischief/Desktop/pupper_ws/install/champ_msgs/local/lib/python3.10/dist-packages/champ_msgs/champ_msgs_s__rosidl_typesupport_c.cpython-310-x86_64-linux-gnu.so
[1.354s] -- Up-to-date symlink: /home/chief-of-mischief/Desktop/pupper_ws/install/champ_msgs/share/champ_msgs/msg/Velocities.idl
[1.354s] -- Up-to-date symlink: /home/chief-of-mischief/Desktop/pupper_ws/install/champ_msgs/share/champ_msgs/msg/PID.idl
[1.354s] -- Up-to-date symlink: /home/chief-of-mischief/Desktop/pupper_ws/install/champ_msgs/share/champ_msgs/msg/Imu.idl
[1.354s] -- Up-to-date symlink: /home/chief-of-mischief/Desktop/pupper_ws/install/champ_msgs/share/champ_msgs/msg/Point.idl
[1.354s] -- Up-to-date symlink: /home/chief-of-mischief/Desktop/pupper_ws/install/champ_msgs/share/champ_msgs/msg/PointArray.idl
[1.354s] -- Up-to-date symlink: /home/chief-of-mischief/Desktop/pupper_ws/install/champ_msgs/share/champ_msgs/msg/Joints.idl
[1.354s] -- Up-to-date symlink: /home/chief-of-mischief/Desktop/pupper_ws/install/champ_msgs/share/champ_msgs/msg/Contacts.idl
[1.355s] -- Up-to-date symlink: /home/chief-of-mischief/Desktop/pupper_ws/install/champ_msgs/share/champ_msgs/msg/ContactsStamped.idl
[1.355s] -- Up-to-date symlink: /home/chief-of-mischief/Desktop/pupper_ws/install/champ_msgs/share/champ_msgs/msg/Pose.idl
[1.355s] -- Up-to-date symlink: /home/chief-of-mischief/Desktop/pupper_ws/install/champ_msgs/share/champ_msgs/msg/Velocities.msg
[1.355s] -- Up-to-date symlink: /home/chief-of-mischief/Desktop/pupper_ws/install/champ_msgs/share/champ_msgs/msg/PID.msg
[1.355s] -- Up-to-date symlink: /home/chief-of-mischief/Desktop/pupper_ws/install/champ_msgs/share/champ_msgs/msg/Imu.msg
[1.355s] -- Up-to-date symlink: /home/chief-of-mischief/Desktop/pupper_ws/install/champ_msgs/share/champ_msgs/msg/Point.msg
[1.355s] -- Up-to-date symlink: /home/chief-of-mischief/Desktop/pupper_ws/install/champ_msgs/share/champ_msgs/msg/PointArray.msg
[1.355s] -- Up-to-date symlink: /home/chief-of-mischief/Desktop/pupper_ws/install/champ_msgs/share/champ_msgs/msg/Joints.msg
[1.355s] -- Up-to-date symlink: /home/chief-of-mischief/Desktop/pupper_ws/install/champ_msgs/share/champ_msgs/msg/Contacts.msg
[1.356s] -- Up-to-date symlink: /home/chief-of-mischief/Desktop/pupper_ws/install/champ_msgs/share/champ_msgs/msg/ContactsStamped.msg
[1.356s] -- Up-to-date symlink: /home/chief-of-mischief/Desktop/pupper_ws/install/champ_msgs/share/champ_msgs/msg/Pose.msg
[1.356s] -- Up-to-date symlink: /home/chief-of-mischief/Desktop/pupper_ws/install/champ_msgs/share/ament_index/resource_index/package_run_dependencies/champ_msgs
[1.356s] -- Up-to-date symlink: /home/chief-of-mischief/Desktop/pupper_ws/install/champ_msgs/share/ament_index/resource_index/parent_prefix_path/champ_msgs
[1.356s] -- Up-to-date symlink: /home/chief-of-mischief/Desktop/pupper_ws/install/champ_msgs/share/champ_msgs/environment/ament_prefix_path.sh
[1.356s] -- Up-to-date symlink: /home/chief-of-mischief/Desktop/pupper_ws/install/champ_msgs/share/champ_msgs/environment/ament_prefix_path.dsv
[1.361s] -- Up-to-date symlink: /home/chief-of-mischief/Desktop/pupper_ws/install/champ_msgs/share/champ_msgs/environment/path.sh
[1.361s] -- Up-to-date symlink: /home/chief-of-mischief/Desktop/pupper_ws/install/champ_msgs/share/champ_msgs/environment/path.dsv
[1.362s] -- Up-to-date symlink: /home/chief-of-mischief/Desktop/pupper_ws/install/champ_msgs/share/champ_msgs/local_setup.bash
[1.362s] -- Up-to-date symlink: /home/chief-of-mischief/Desktop/pupper_ws/install/champ_msgs/share/champ_msgs/local_setup.sh
[1.362s] -- Up-to-date symlink: /home/chief-of-mischief/Desktop/pupper_ws/install/champ_msgs/share/champ_msgs/local_setup.zsh
[1.363s] -- Up-to-date symlink: /home/chief-of-mischief/Desktop/pupper_ws/install/champ_msgs/share/champ_msgs/local_setup.dsv
[1.364s] -- Symlinking: /home/chief-of-mischief/Desktop/pupper_ws/install/champ_msgs/share/champ_msgs/package.dsv
[1.364s] -- Up-to-date symlink: /home/chief-of-mischief/Desktop/pupper_ws/install/champ_msgs/share/ament_index/resource_index/packages/champ_msgs
[1.365s] -- Up-to-date symlink: /home/chief-of-mischief/Desktop/pupper_ws/install/champ_msgs/share/champ_msgs/cmake/rosidl_cmake-extras.cmake
[1.365s] -- Up-to-date symlink: /home/chief-of-mischief/Desktop/pupper_ws/install/champ_msgs/share/champ_msgs/cmake/ament_cmake_export_dependencies-extras.cmake
[1.367s] -- Up-to-date symlink: /home/chief-of-mischief/Desktop/pupper_ws/install/champ_msgs/share/champ_msgs/cmake/ament_cmake_export_include_directories-extras.cmake
[1.374s] -- Up-to-date symlink: /home/chief-of-mischief/Desktop/pupper_ws/install/champ_msgs/share/champ_msgs/cmake/ament_cmake_export_libraries-extras.cmake
[1.374s] -- Up-to-date symlink: /home/chief-of-mischief/Desktop/pupper_ws/install/champ_msgs/share/champ_msgs/cmake/ament_cmake_export_targets-extras.cmake
[1.375s] -- Up-to-date symlink: /home/chief-of-mischief/Desktop/pupper_ws/install/champ_msgs/share/champ_msgs/cmake/rosidl_cmake_export_typesupport_targets-extras.cmake
[1.375s] -- Up-to-date symlink: /home/chief-of-mischief/Desktop/pupper_ws/install/champ_msgs/share/champ_msgs/cmake/rosidl_cmake_export_typesupport_libraries-extras.cmake
[1.375s] -- Up-to-date symlink: /home/chief-of-mischief/Desktop/pupper_ws/install/champ_msgs/share/champ_msgs/cmake/champ_msgsConfig.cmake
[1.375s] -- Up-to-date symlink: /home/chief-of-mischief/Desktop/pupper_ws/install/champ_msgs/share/champ_msgs/cmake/champ_msgsConfig-version.cmake
[1.376s] -- Up-to-date symlink: /home/chief-of-mischief/Desktop/pupper_ws/install/champ_msgs/share/champ_msgs/package.xml
[1.376s] -- Up-to-date: /home/chief-of-mischief/Desktop/pupper_ws/install/champ_msgs/lib/libchamp_msgs__rosidl_generator_c.so
[1.376s] -- Up-to-date: /home/chief-of-mischief/Desktop/pupper_ws/install/champ_msgs/lib/libchamp_msgs__rosidl_typesupport_fastrtps_c.so
[1.376s] -- Up-to-date: /home/chief-of-mischief/Desktop/pupper_ws/install/champ_msgs/lib/libchamp_msgs__rosidl_typesupport_introspection_c.so
[1.377s] -- Up-to-date: /home/chief-of-mischief/Desktop/pupper_ws/install/champ_msgs/lib/libchamp_msgs__rosidl_typesupport_c.so
[1.377s] -- Up-to-date: /home/chief-of-mischief/Desktop/pupper_ws/install/champ_msgs/lib/libchamp_msgs__rosidl_typesupport_fastrtps_cpp.so
[1.386s] -- Up-to-date: /home/chief-of-mischief/Desktop/pupper_ws/install/champ_msgs/lib/libchamp_msgs__rosidl_typesupport_introspection_cpp.so
[1.387s] -- Up-to-date: /home/chief-of-mischief/Desktop/pupper_ws/install/champ_msgs/lib/libchamp_msgs__rosidl_typesupport_cpp.so
[1.388s] Listing '/home/chief-of-mischief/Desktop/pupper_ws/install/champ_msgs/local/lib/python3.10/dist-packages/champ_msgs'...
[1.388s] Listing '/home/chief-of-mischief/Desktop/pupper_ws/install/champ_msgs/local/lib/python3.10/dist-packages/champ_msgs/msg'...
[1.393s] -- Up-to-date: /home/chief-of-mischief/Desktop/pupper_ws/install/champ_msgs/lib/libchamp_msgs__rosidl_generator_py.so
[1.394s] -- Up-to-date: /home/chief-of-mischief/Desktop/pupper_ws/install/champ_msgs/share/champ_msgs/cmake/export_champ_msgs__rosidl_generator_cExport.cmake
[1.394s] -- Up-to-date: /home/chief-of-mischief/Desktop/pupper_ws/install/champ_msgs/share/champ_msgs/cmake/export_champ_msgs__rosidl_generator_cExport-noconfig.cmake
[1.394s] -- Up-to-date: /home/chief-of-mischief/Desktop/pupper_ws/install/champ_msgs/share/champ_msgs/cmake/export_champ_msgs__rosidl_typesupport_fastrtps_cExport.cmake
[1.394s] -- Up-to-date: /home/chief-of-mischief/Desktop/pupper_ws/install/champ_msgs/share/champ_msgs/cmake/export_champ_msgs__rosidl_typesupport_fastrtps_cExport-noconfig.cmake
[1.394s] -- Up-to-date: /home/chief-of-mischief/Desktop/pupper_ws/install/champ_msgs/share/champ_msgs/cmake/champ_msgs__rosidl_typesupport_introspection_cExport.cmake
[1.394s] -- Up-to-date: /home/chief-of-mischief/Desktop/pupper_ws/install/champ_msgs/share/champ_msgs/cmake/champ_msgs__rosidl_typesupport_introspection_cExport-noconfig.cmake
[1.394s] -- Up-to-date: /home/chief-of-mischief/Desktop/pupper_ws/install/champ_msgs/share/champ_msgs/cmake/champ_msgs__rosidl_typesupport_cExport.cmake
[1.395s] -- Up-to-date: /home/chief-of-mischief/Desktop/pupper_ws/install/champ_msgs/share/champ_msgs/cmake/champ_msgs__rosidl_typesupport_cExport-noconfig.cmake
[1.395s] -- Up-to-date: /home/chief-of-mischief/Desktop/pupper_ws/install/champ_msgs/share/champ_msgs/cmake/export_champ_msgs__rosidl_generator_cppExport.cmake
[1.396s] -- Up-to-date: /home/chief-of-mischief/Desktop/pupper_ws/install/champ_msgs/share/champ_msgs/cmake/export_champ_msgs__rosidl_typesupport_fastrtps_cppExport.cmake
[1.398s] -- Up-to-date: /home/chief-of-mischief/Desktop/pupper_ws/install/champ_msgs/share/champ_msgs/cmake/export_champ_msgs__rosidl_typesupport_fastrtps_cppExport-noconfig.cmake
[1.407s] -- Up-to-date: /home/chief-of-mischief/Desktop/pupper_ws/install/champ_msgs/share/champ_msgs/cmake/champ_msgs__rosidl_typesupport_introspection_cppExport.cmake
[1.408s] -- Up-to-date: /home/chief-of-mischief/Desktop/pupper_ws/install/champ_msgs/share/champ_msgs/cmake/champ_msgs__rosidl_typesupport_introspection_cppExport-noconfig.cmake
[1.408s] -- Up-to-date: /home/chief-of-mischief/Desktop/pupper_ws/install/champ_msgs/share/champ_msgs/cmake/champ_msgs__rosidl_typesupport_cppExport.cmake
[1.408s] -- Up-to-date: /home/chief-of-mischief/Desktop/pupper_ws/install/champ_msgs/share/champ_msgs/cmake/champ_msgs__rosidl_typesupport_cppExport-noconfig.cmake
[1.409s] -- Up-to-date: /home/chief-of-mischief/Desktop/pupper_ws/install/champ_msgs/share/champ_msgs/cmake/export_champ_msgs__rosidl_generator_pyExport.cmake
[1.409s] -- Up-to-date: /home/chief-of-mischief/Desktop/pupper_ws/install/champ_msgs/share/champ_msgs/cmake/export_champ_msgs__rosidl_generator_pyExport-noconfig.cmake
[1.452s] Invoked command in '/home/chief-of-mischief/Desktop/pupper_ws/build/champ_msgs' returned '0': CMAKE_PREFIX_PATH=/opt/ros/humble /usr/bin/cmake --install /home/chief-of-mischief/Desktop/pupper_ws/build/champ_msgs
