-- The C compiler identification is GNU 11.3.0
-- The CXX compiler identification is GNU 11.3.0
-- Detecting C compiler ABI info
-- Detecting C compiler ABI info - done
-- Check for working C compiler: /usr/bin/cc - skipped
-- Detecting C compile features
-- Detecting C compile features - done
-- Detecting CXX compiler ABI info
-- Detecting CXX compiler ABI info - done
-- Check for working CXX compiler: /usr/bin/c++ - skipped
-- Detecting CXX compile features
-- Detecting CXX compile features - done
-- Found ament_cmake: 1.3.3 (/opt/ros/humble/share/ament_cmake/cmake)
-- Found Python3: /usr/bin/python3.10 (found version "3.10.6") found components: Interpreter 
-- Override CMake install command with custom implementation using symlinks instead of copying resources
-- Configuring done
-- Generating done
-- Build files have been written to: /home/chief-of-mischief/Desktop/pupper_ws/build/champ_teleop
-- Install configuration: ""
-- Execute custom install script
-- Symlinking: /home/chief-of-mischief/Desktop/pupper_ws/install/champ_teleop/share/champ_teleop/launch/teleop.launch.py
-- Symlinking: /home/chief-of-mischief/Desktop/pupper_ws/install/champ_teleop/lib/champ_teleop/champ_teleop.py
-- Symlinking: /home/chief-of-mischief/Desktop/pupper_ws/install/champ_teleop/share/ament_index/resource_index/package_run_dependencies/champ_teleop
-- Symlinking: /home/chief-of-mischief/Desktop/pupper_ws/install/champ_teleop/share/ament_index/resource_index/parent_prefix_path/champ_teleop
-- Symlinking: /home/chief-of-mischief/Desktop/pupper_ws/install/champ_teleop/share/champ_teleop/environment/ament_prefix_path.sh
-- Symlinking: /home/chief-of-mischief/Desktop/pupper_ws/install/champ_teleop/share/champ_teleop/environment/ament_prefix_path.dsv
-- Symlinking: /home/chief-of-mischief/Desktop/pupper_ws/install/champ_teleop/share/champ_teleop/environment/path.sh
-- Symlinking: /home/chief-of-mischief/Desktop/pupper_ws/install/champ_teleop/share/champ_teleop/environment/path.dsv
-- Symlinking: /home/chief-of-mischief/Desktop/pupper_ws/install/champ_teleop/share/champ_teleop/local_setup.bash
-- Symlinking: /home/chief-of-mischief/Desktop/pupper_ws/install/champ_teleop/share/champ_teleop/local_setup.sh
-- Symlinking: /home/chief-of-mischief/Desktop/pupper_ws/install/champ_teleop/share/champ_teleop/local_setup.zsh
-- Symlinking: /home/chief-of-mischief/Desktop/pupper_ws/install/champ_teleop/share/champ_teleop/local_setup.dsv
-- Symlinking: /home/chief-of-mischief/Desktop/pupper_ws/install/champ_teleop/share/champ_teleop/package.dsv
-- Symlinking: /home/chief-of-mischief/Desktop/pupper_ws/install/champ_teleop/share/ament_index/resource_index/packages/champ_teleop
-- Symlinking: /home/chief-of-mischief/Desktop/pupper_ws/install/champ_teleop/share/champ_teleop/cmake/champ_teleopConfig.cmake
-- Symlinking: /home/chief-of-mischief/Desktop/pupper_ws/install/champ_teleop/share/champ_teleop/cmake/champ_teleopConfig-version.cmake
-- Symlinking: /home/chief-of-mischief/Desktop/pupper_ws/install/champ_teleop/share/champ_teleop/package.xml
