[0.050s] Invoking command in '/home/chief-of-mischief/Desktop/pupper_ws/build/champ_teleop': CMAKE_PREFIX_PATH=/opt/ros/humble /usr/bin/cmake /home/chief-of-mischief/Desktop/pupper_ws/src/champ/champ_teleop -DAMENT_CMAKE_SYMLINK_INSTALL=1 -DCMAKE_INSTALL_PREFIX=/home/chief-of-mischief/Desktop/pupper_ws/install/champ_teleop
[0.410s] -- The C compiler identification is GNU 11.3.0
[0.411s] -- The CXX compiler identification is GNU 11.3.0
[0.411s] -- Detecting C compiler ABI info
[0.411s] -- Detecting C compiler ABI info - done
[0.412s] -- Check for working C compiler: /usr/bin/cc - skipped
[0.412s] -- Detecting C compile features
[0.413s] -- Detecting C compile features - done
[0.413s] -- Detecting CXX compiler ABI info
[0.422s] -- Detecting CXX compiler ABI info - done
[0.422s] -- Check for working CXX compiler: /usr/bin/c++ - skipped
[0.422s] -- Detecting CXX compile features
[0.423s] -- Detecting CXX compile features - done
[0.424s] -- Found ament_cmake: 1.3.3 (/opt/ros/humble/share/ament_cmake/cmake)
[0.640s] -- Found Python3: /usr/bin/python3.10 (found version "3.10.6") found components: Interpreter 
[0.880s] -- Override CMake install command with custom implementation using symlinks instead of copying resources
[1.012s] -- Configuring done
[1.020s] -- Generating done
[1.024s] -- Build files have been written to: /home/chief-of-mischief/Desktop/pupper_ws/build/champ_teleop
[1.053s] Invoked command in '/home/chief-of-mischief/Desktop/pupper_ws/build/champ_teleop' returned '0': CMAKE_PREFIX_PATH=/opt/ros/humble /usr/bin/cmake /home/chief-of-mischief/Desktop/pupper_ws/src/champ/champ_teleop -DAMENT_CMAKE_SYMLINK_INSTALL=1 -DCMAKE_INSTALL_PREFIX=/home/chief-of-mischief/Desktop/pupper_ws/install/champ_teleop
[1.056s] Invoking command in '/home/chief-of-mischief/Desktop/pupper_ws/build/champ_teleop': CMAKE_PREFIX_PATH=/opt/ros/humble /usr/bin/cmake --build /home/chief-of-mischief/Desktop/pupper_ws/build/champ_teleop -- -j24 -l24
[1.150s] Invoked command in '/home/chief-of-mischief/Desktop/pupper_ws/build/champ_teleop' returned '0': CMAKE_PREFIX_PATH=/opt/ros/humble /usr/bin/cmake --build /home/chief-of-mischief/Desktop/pupper_ws/build/champ_teleop -- -j24 -l24
[1.204s] Invoking command in '/home/chief-of-mischief/Desktop/pupper_ws/build/champ_teleop': CMAKE_PREFIX_PATH=/opt/ros/humble /usr/bin/cmake --install /home/chief-of-mischief/Desktop/pupper_ws/build/champ_teleop
[1.215s] -- Install configuration: ""
[1.219s] -- Execute custom install script
[1.219s] -- Symlinking: /home/chief-of-mischief/Desktop/pupper_ws/install/champ_teleop/share/champ_teleop/launch/teleop.launch.py
[1.227s] -- Symlinking: /home/chief-of-mischief/Desktop/pupper_ws/install/champ_teleop/lib/champ_teleop/champ_teleop.py
[1.238s] -- Symlinking: /home/chief-of-mischief/Desktop/pupper_ws/install/champ_teleop/share/ament_index/resource_index/package_run_dependencies/champ_teleop
[1.250s] -- Symlinking: /home/chief-of-mischief/Desktop/pupper_ws/install/champ_teleop/share/ament_index/resource_index/parent_prefix_path/champ_teleop
[1.261s] -- Symlinking: /home/chief-of-mischief/Desktop/pupper_ws/install/champ_teleop/share/champ_teleop/environment/ament_prefix_path.sh
[1.272s] -- Symlinking: /home/chief-of-mischief/Desktop/pupper_ws/install/champ_teleop/share/champ_teleop/environment/ament_prefix_path.dsv
[1.284s] -- Symlinking: /home/chief-of-mischief/Desktop/pupper_ws/install/champ_teleop/share/champ_teleop/environment/path.sh
[1.296s] -- Symlinking: /home/chief-of-mischief/Desktop/pupper_ws/install/champ_teleop/share/champ_teleop/environment/path.dsv
[1.319s] -- Symlinking: /home/chief-of-mischief/Desktop/pupper_ws/install/champ_teleop/share/champ_teleop/local_setup.bash
[1.343s] -- Symlinking: /home/chief-of-mischief/Desktop/pupper_ws/install/champ_teleop/share/champ_teleop/local_setup.sh
[1.363s] -- Symlinking: /home/chief-of-mischief/Desktop/pupper_ws/install/champ_teleop/share/champ_teleop/local_setup.zsh
[1.373s] -- Symlinking: /home/chief-of-mischief/Desktop/pupper_ws/install/champ_teleop/share/champ_teleop/local_setup.dsv
[1.386s] -- Symlinking: /home/chief-of-mischief/Desktop/pupper_ws/install/champ_teleop/share/champ_teleop/package.dsv
[1.399s] -- Symlinking: /home/chief-of-mischief/Desktop/pupper_ws/install/champ_teleop/share/ament_index/resource_index/packages/champ_teleop
[1.412s] -- Symlinking: /home/chief-of-mischief/Desktop/pupper_ws/install/champ_teleop/share/champ_teleop/cmake/champ_teleopConfig.cmake
[1.433s] -- Symlinking: /home/chief-of-mischief/Desktop/pupper_ws/install/champ_teleop/share/champ_teleop/cmake/champ_teleopConfig-version.cmake
[1.439s] -- Symlinking: /home/chief-of-mischief/Desktop/pupper_ws/install/champ_teleop/share/champ_teleop/package.xml
[1.471s] Invoked command in '/home/chief-of-mischief/Desktop/pupper_ws/build/champ_teleop' returned '0': CMAKE_PREFIX_PATH=/opt/ros/humble /usr/bin/cmake --install /home/chief-of-mischief/Desktop/pupper_ws/build/champ_teleop
