[0.099s] Invoking command in '/home/chief-of-mischief/Desktop/pupper_ws/build/champ_msgs': CMAKE_PREFIX_PATH=/opt/ros/humble /usr/bin/cmake --build /home/chief-of-mischief/Desktop/pupper_ws/build/champ_msgs -- -j24 -l24
[0.629s] [  1%] Built target champ_msgs__cpp
[0.629s] [  1%] Built target ament_cmake_python_symlink_champ_msgs
[0.630s] [ 12%] Built target champ_msgs__rosidl_generator_c
[0.630s] [ 24%] Built target champ_msgs__rosidl_typesupport_fastrtps_cpp
[0.631s] [ 35%] Built target champ_msgs__rosidl_typesupport_introspection_c
[0.631s] [ 47%] Built target champ_msgs__rosidl_typesupport_introspection_cpp
[0.631s] [ 69%] Built target champ_msgs__rosidl_typesupport_cpp
[0.632s] [ 70%] Built target champ_msgs__rosidl_typesupport_c
[0.632s] [ 82%] Built target champ_msgs__rosidl_typesupport_fastrtps_c
[0.632s] [ 82%] Built target champ_msgs
[0.632s] [ 83%] Built target champ_msgs__py
[0.632s] [ 93%] Built target champ_msgs__rosidl_generator_py
[0.633s] [ 97%] Built target champ_msgs__rosidl_typesupport_introspection_c__pyext
[0.633s] [ 97%] Built target champ_msgs__rosidl_typesupport_c__pyext
[0.633s] [100%] Built target champ_msgs__rosidl_typesupport_fastrtps_c__pyext
[0.633s] running egg_info
[0.634s] writing champ_msgs.egg-info/PKG-INFO
[0.634s] writing dependency_links to champ_msgs.egg-info/dependency_links.txt
[0.635s] writing top-level names to champ_msgs.egg-info/top_level.txt
[0.635s] reading manifest file 'champ_msgs.egg-info/SOURCES.txt'
[0.635s] writing manifest file 'champ_msgs.egg-info/SOURCES.txt'
[0.635s] [100%] Built target ament_cmake_python_build_champ_msgs_egg
[0.643s] Invoked command in '/home/chief-of-mischief/Desktop/pupper_ws/build/champ_msgs' returned '0': CMAKE_PREFIX_PATH=/opt/ros/humble /usr/bin/cmake --build /home/chief-of-mischief/Desktop/pupper_ws/build/champ_msgs -- -j24 -l24
[0.974s] Invoking command in '/home/chief-of-mischief/Desktop/pupper_ws/build/champ_msgs': CMAKE_PREFIX_PATH=/opt/ros/humble /usr/bin/cmake --install /home/chief-of-mischief/Desktop/pupper_ws/build/champ_msgs
[1.014s] -- Install configuration: ""
[1.015s] -- Execute custom install script
[1.016s] -- Up-to-date symlink: /home/chief-of-mischief/Desktop/pupper_ws/install/champ_msgs/share/ament_index/resource_index/rosidl_interfaces/champ_msgs
[1.016s] -- Up-to-date symlink: /home/chief-of-mischief/Desktop/pupper_ws/install/champ_msgs/include/champ_msgs/champ_msgs/msg/contacts.h
[1.026s] -- Up-to-date symlink: /home/chief-of-mischief/Desktop/pupper_ws/install/champ_msgs/include/champ_msgs/champ_msgs/msg/contacts_stamped.h
[1.027s] -- Up-to-date symlink: /home/chief-of-mischief/Desktop/pupper_ws/install/champ_msgs/include/champ_msgs/champ_msgs/msg/detail/contacts__functions.h
[1.028s] -- Up-to-date symlink: /home/chief-of-mischief/Desktop/pupper_ws/install/champ_msgs/include/champ_msgs/champ_msgs/msg/detail/contacts__struct.h
[1.029s] -- Up-to-date symlink: /home/chief-of-mischief/Desktop/pupper_ws/install/champ_msgs/include/champ_msgs/champ_msgs/msg/detail/contacts__type_support.h
[1.029s] -- Up-to-date symlink: /home/chief-of-mischief/Desktop/pupper_ws/install/champ_msgs/include/champ_msgs/champ_msgs/msg/detail/contacts_stamped__functions.h
[1.029s] -- Up-to-date symlink: /home/chief-of-mischief/Desktop/pupper_ws/install/champ_msgs/include/champ_msgs/champ_msgs/msg/detail/contacts_stamped__struct.h
[1.029s] -- Up-to-date symlink: /home/chief-of-mischief/Desktop/pupper_ws/install/champ_msgs/include/champ_msgs/champ_msgs/msg/detail/contacts_stamped__type_support.h
[1.030s] -- Up-to-date symlink: /home/chief-of-mischief/Desktop/pupper_ws/install/champ_msgs/include/champ_msgs/champ_msgs/msg/detail/imu__functions.h
[1.035s] -- Up-to-date symlink: /home/chief-of-mischief/Desktop/pupper_ws/install/champ_msgs/include/champ_msgs/champ_msgs/msg/detail/imu__struct.h
[1.037s] -- Up-to-date symlink: /home/chief-of-mischief/Desktop/pupper_ws/install/champ_msgs/include/champ_msgs/champ_msgs/msg/detail/imu__type_support.h
[1.037s] -- Up-to-date symlink: /home/chief-of-mischief/Desktop/pupper_ws/install/champ_msgs/include/champ_msgs/champ_msgs/msg/detail/joints__functions.h
[1.039s] -- Up-to-date symlink: /home/chief-of-mischief/Desktop/pupper_ws/install/champ_msgs/include/champ_msgs/champ_msgs/msg/detail/joints__struct.h
[1.041s] -- Up-to-date symlink: /home/chief-of-mischief/Desktop/pupper_ws/install/champ_msgs/include/champ_msgs/champ_msgs/msg/detail/joints__type_support.h
[1.041s] -- Up-to-date symlink: /home/chief-of-mischief/Desktop/pupper_ws/install/champ_msgs/include/champ_msgs/champ_msgs/msg/detail/pid__functions.h
[1.041s] -- Up-to-date symlink: /home/chief-of-mischief/Desktop/pupper_ws/install/champ_msgs/include/champ_msgs/champ_msgs/msg/detail/pid__struct.h
[1.042s] -- Up-to-date symlink: /home/chief-of-mischief/Desktop/pupper_ws/install/champ_msgs/include/champ_msgs/champ_msgs/msg/detail/pid__type_support.h
[1.042s] -- Up-to-date symlink: /home/chief-of-mischief/Desktop/pupper_ws/install/champ_msgs/include/champ_msgs/champ_msgs/msg/detail/point__functions.h
[1.042s] -- Up-to-date symlink: /home/chief-of-mischief/Desktop/pupper_ws/install/champ_msgs/include/champ_msgs/champ_msgs/msg/detail/point__struct.h
[1.043s] -- Up-to-date symlink: /home/chief-of-mischief/Desktop/pupper_ws/install/champ_msgs/include/champ_msgs/champ_msgs/msg/detail/point__type_support.h
[1.044s] -- Up-to-date symlink: /home/chief-of-mischief/Desktop/pupper_ws/install/champ_msgs/include/champ_msgs/champ_msgs/msg/detail/point_array__functions.h
[1.045s] -- Up-to-date symlink: /home/chief-of-mischief/Desktop/pupper_ws/install/champ_msgs/include/champ_msgs/champ_msgs/msg/detail/point_array__struct.h
[1.046s] -- Up-to-date symlink: /home/chief-of-mischief/Desktop/pupper_ws/install/champ_msgs/include/champ_msgs/champ_msgs/msg/detail/point_array__type_support.h
[1.046s] -- Up-to-date symlink: /home/chief-of-mischief/Desktop/pupper_ws/install/champ_msgs/include/champ_msgs/champ_msgs/msg/detail/pose__functions.h
[1.046s] -- Up-to-date symlink: /home/chief-of-mischief/Desktop/pupper_ws/install/champ_msgs/include/champ_msgs/champ_msgs/msg/detail/pose__struct.h
[1.047s] -- Up-to-date symlink: /home/chief-of-mischief/Desktop/pupper_ws/install/champ_msgs/include/champ_msgs/champ_msgs/msg/detail/pose__type_support.h
[1.048s] -- Up-to-date symlink: /home/chief-of-mischief/Desktop/pupper_ws/install/champ_msgs/include/champ_msgs/champ_msgs/msg/detail/velocities__functions.h
[1.048s] -- Up-to-date symlink: /home/chief-of-mischief/Desktop/pupper_ws/install/champ_msgs/include/champ_msgs/champ_msgs/msg/detail/velocities__struct.h
[1.057s] -- Up-to-date symlink: /home/chief-of-mischief/Desktop/pupper_ws/install/champ_msgs/include/champ_msgs/champ_msgs/msg/detail/velocities__type_support.h
[1.058s] -- Up-to-date symlink: /home/chief-of-mischief/Desktop/pupper_ws/install/champ_msgs/include/champ_msgs/champ_msgs/msg/imu.h
[1.058s] -- Up-to-date symlink: /home/chief-of-mischief/Desktop/pupper_ws/install/champ_msgs/include/champ_msgs/champ_msgs/msg/joints.h
[1.058s] -- Up-to-date symlink: /home/chief-of-mischief/Desktop/pupper_ws/install/champ_msgs/include/champ_msgs/champ_msgs/msg/pid.h
[1.059s] -- Up-to-date symlink: /home/chief-of-mischief/Desktop/pupper_ws/install/champ_msgs/include/champ_msgs/champ_msgs/msg/point.h
[1.059s] -- Up-to-date symlink: /home/chief-of-mischief/Desktop/pupper_ws/install/champ_msgs/include/champ_msgs/champ_msgs/msg/point_array.h
[1.059s] -- Up-to-date symlink: /home/chief-of-mischief/Desktop/pupper_ws/install/champ_msgs/include/champ_msgs/champ_msgs/msg/pose.h
[1.059s] -- Up-to-date symlink: /home/chief-of-mischief/Desktop/pupper_ws/install/champ_msgs/include/champ_msgs/champ_msgs/msg/rosidl_generator_c__visibility_control.h
[1.059s] -- Up-to-date symlink: /home/chief-of-mischief/Desktop/pupper_ws/install/champ_msgs/include/champ_msgs/champ_msgs/msg/velocities.h
[1.059s] -- Up-to-date symlink: /home/chief-of-mischief/Desktop/pupper_ws/install/champ_msgs/share/champ_msgs/environment/library_path.sh
[1.060s] -- Up-to-date symlink: /home/chief-of-mischief/Desktop/pupper_ws/install/champ_msgs/share/champ_msgs/environment/library_path.dsv
[1.060s] -- Up-to-date symlink: /home/chief-of-mischief/Desktop/pupper_ws/install/champ_msgs/include/champ_msgs/champ_msgs/msg/detail/contacts__rosidl_typesupport_fastrtps_c.h
[1.060s] -- Up-to-date symlink: /home/chief-of-mischief/Desktop/pupper_ws/install/champ_msgs/include/champ_msgs/champ_msgs/msg/detail/contacts_stamped__rosidl_typesupport_fastrtps_c.h
[1.060s] -- Up-to-date symlink: /home/chief-of-mischief/Desktop/pupper_ws/install/champ_msgs/include/champ_msgs/champ_msgs/msg/detail/imu__rosidl_typesupport_fastrtps_c.h
[1.060s] -- Up-to-date symlink: /home/chief-of-mischief/Desktop/pupper_ws/install/champ_msgs/include/champ_msgs/champ_msgs/msg/detail/joints__rosidl_typesupport_fastrtps_c.h
[1.060s] -- Up-to-date symlink: /home/chief-of-mischief/Desktop/pupper_ws/install/champ_msgs/include/champ_msgs/champ_msgs/msg/detail/pid__rosidl_typesupport_fastrtps_c.h
[1.060s] -- Up-to-date symlink: /home/chief-of-mischief/Desktop/pupper_ws/install/champ_msgs/include/champ_msgs/champ_msgs/msg/detail/point__rosidl_typesupport_fastrtps_c.h
[1.061s] -- Up-to-date symlink: /home/chief-of-mischief/Desktop/pupper_ws/install/champ_msgs/include/champ_msgs/champ_msgs/msg/detail/point_array__rosidl_typesupport_fastrtps_c.h
[1.061s] -- Up-to-date symlink: /home/chief-of-mischief/Desktop/pupper_ws/install/champ_msgs/include/champ_msgs/champ_msgs/msg/detail/pose__rosidl_typesupport_fastrtps_c.h
[1.064s] -- Up-to-date symlink: /home/chief-of-mischief/Desktop/pupper_ws/install/champ_msgs/include/champ_msgs/champ_msgs/msg/detail/velocities__rosidl_typesupport_fastrtps_c.h
[1.065s] -- Up-to-date symlink: /home/chief-of-mischief/Desktop/pupper_ws/install/champ_msgs/include/champ_msgs/champ_msgs/msg/rosidl_typesupport_fastrtps_c__visibility_control.h
[1.065s] -- Up-to-date symlink: /home/chief-of-mischief/Desktop/pupper_ws/install/champ_msgs/include/champ_msgs/champ_msgs/msg/detail/contacts__rosidl_typesupport_introspection_c.h
[1.065s] -- Up-to-date symlink: /home/chief-of-mischief/Desktop/pupper_ws/install/champ_msgs/include/champ_msgs/champ_msgs/msg/detail/contacts_stamped__rosidl_typesupport_introspection_c.h
[1.065s] -- Up-to-date symlink: /home/chief-of-mischief/Desktop/pupper_ws/install/champ_msgs/include/champ_msgs/champ_msgs/msg/detail/imu__rosidl_typesupport_introspection_c.h
[1.066s] -- Up-to-date symlink: /home/chief-of-mischief/Desktop/pupper_ws/install/champ_msgs/include/champ_msgs/champ_msgs/msg/detail/joints__rosidl_typesupport_introspection_c.h
[1.066s] -- Up-to-date symlink: /home/chief-of-mischief/Desktop/pupper_ws/install/champ_msgs/include/champ_msgs/champ_msgs/msg/detail/pid__rosidl_typesupport_introspection_c.h
[1.066s] -- Up-to-date symlink: /home/chief-of-mischief/Desktop/pupper_ws/install/champ_msgs/include/champ_msgs/champ_msgs/msg/detail/point__rosidl_typesupport_introspection_c.h
[1.066s] -- Up-to-date symlink: /home/chief-of-mischief/Desktop/pupper_ws/install/champ_msgs/include/champ_msgs/champ_msgs/msg/detail/point_array__rosidl_typesupport_introspection_c.h
[1.066s] -- Up-to-date symlink: /home/chief-of-mischief/Desktop/pupper_ws/install/champ_msgs/include/champ_msgs/champ_msgs/msg/detail/pose__rosidl_typesupport_introspection_c.h
[1.066s] -- Up-to-date symlink: /home/chief-of-mischief/Desktop/pupper_ws/install/champ_msgs/include/champ_msgs/champ_msgs/msg/detail/velocities__rosidl_typesupport_introspection_c.h
[1.067s] -- Up-to-date symlink: /home/chief-of-mischief/Desktop/pupper_ws/install/champ_msgs/include/champ_msgs/champ_msgs/msg/rosidl_typesupport_introspection_c__visibility_control.h
[1.072s] -- Up-to-date symlink: /home/chief-of-mischief/Desktop/pupper_ws/install/champ_msgs/include/champ_msgs/champ_msgs/msg/contacts.hpp
[1.072s] -- Up-to-date symlink: /home/chief-of-mischief/Desktop/pupper_ws/install/champ_msgs/include/champ_msgs/champ_msgs/msg/contacts_stamped.hpp
[1.073s] -- Up-to-date symlink: /home/chief-of-mischief/Desktop/pupper_ws/install/champ_msgs/include/champ_msgs/champ_msgs/msg/detail/contacts__builder.hpp
[1.073s] -- Up-to-date symlink: /home/chief-of-mischief/Desktop/pupper_ws/install/champ_msgs/include/champ_msgs/champ_msgs/msg/detail/contacts__struct.hpp
[1.073s] -- Up-to-date symlink: /home/chief-of-mischief/Desktop/pupper_ws/install/champ_msgs/include/champ_msgs/champ_msgs/msg/detail/contacts__traits.hpp
[1.073s] -- Up-to-date symlink: /home/chief-of-mischief/Desktop/pupper_ws/install/champ_msgs/include/champ_msgs/champ_msgs/msg/detail/contacts_stamped__builder.hpp
[1.074s] -- Up-to-date symlink: /home/chief-of-mischief/Desktop/pupper_ws/install/champ_msgs/include/champ_msgs/champ_msgs/msg/detail/contacts_stamped__struct.hpp
[1.075s] -- Up-to-date symlink: /home/chief-of-mischief/Desktop/pupper_ws/install/champ_msgs/include/champ_msgs/champ_msgs/msg/detail/contacts_stamped__traits.hpp
[1.075s] -- Up-to-date symlink: /home/chief-of-mischief/Desktop/pupper_ws/install/champ_msgs/include/champ_msgs/champ_msgs/msg/detail/imu__builder.hpp
[1.075s] -- Up-to-date symlink: /home/chief-of-mischief/Desktop/pupper_ws/install/champ_msgs/include/champ_msgs/champ_msgs/msg/detail/imu__struct.hpp
[1.075s] -- Up-to-date symlink: /home/chief-of-mischief/Desktop/pupper_ws/install/champ_msgs/include/champ_msgs/champ_msgs/msg/detail/imu__traits.hpp
[1.076s] -- Up-to-date symlink: /home/chief-of-mischief/Desktop/pupper_ws/install/champ_msgs/include/champ_msgs/champ_msgs/msg/detail/joints__builder.hpp
[1.076s] -- Up-to-date symlink: /home/chief-of-mischief/Desktop/pupper_ws/install/champ_msgs/include/champ_msgs/champ_msgs/msg/detail/joints__struct.hpp
[1.076s] -- Up-to-date symlink: /home/chief-of-mischief/Desktop/pupper_ws/install/champ_msgs/include/champ_msgs/champ_msgs/msg/detail/joints__traits.hpp
[1.076s] -- Up-to-date symlink: /home/chief-of-mischief/Desktop/pupper_ws/install/champ_msgs/include/champ_msgs/champ_msgs/msg/detail/pid__builder.hpp
[1.076s] -- Up-to-date symlink: /home/chief-of-mischief/Desktop/pupper_ws/install/champ_msgs/include/champ_msgs/champ_msgs/msg/detail/pid__struct.hpp
[1.076s] -- Up-to-date symlink: /home/chief-of-mischief/Desktop/pupper_ws/install/champ_msgs/include/champ_msgs/champ_msgs/msg/detail/pid__traits.hpp
[1.076s] -- Up-to-date symlink: /home/chief-of-mischief/Desktop/pupper_ws/install/champ_msgs/include/champ_msgs/champ_msgs/msg/detail/point__builder.hpp
[1.077s] -- Up-to-date symlink: /home/chief-of-mischief/Desktop/pupper_ws/install/champ_msgs/include/champ_msgs/champ_msgs/msg/detail/point__struct.hpp
[1.077s] -- Up-to-date symlink: /home/chief-of-mischief/Desktop/pupper_ws/install/champ_msgs/include/champ_msgs/champ_msgs/msg/detail/point__traits.hpp
[1.077s] -- Up-to-date symlink: /home/chief-of-mischief/Desktop/pupper_ws/install/champ_msgs/include/champ_msgs/champ_msgs/msg/detail/point_array__builder.hpp
[1.077s] -- Up-to-date symlink: /home/chief-of-mischief/Desktop/pupper_ws/install/champ_msgs/include/champ_msgs/champ_msgs/msg/detail/point_array__struct.hpp
[1.077s] -- Up-to-date symlink: /home/chief-of-mischief/Desktop/pupper_ws/install/champ_msgs/include/champ_msgs/champ_msgs/msg/detail/point_array__traits.hpp
[1.077s] -- Up-to-date symlink: /home/chief-of-mischief/Desktop/pupper_ws/install/champ_msgs/include/champ_msgs/champ_msgs/msg/detail/pose__builder.hpp
[1.077s] -- Up-to-date symlink: /home/chief-of-mischief/Desktop/pupper_ws/install/champ_msgs/include/champ_msgs/champ_msgs/msg/detail/pose__struct.hpp
[1.077s] -- Up-to-date symlink: /home/chief-of-mischief/Desktop/pupper_ws/install/champ_msgs/include/champ_msgs/champ_msgs/msg/detail/pose__traits.hpp
[1.078s] -- Up-to-date symlink: /home/chief-of-mischief/Desktop/pupper_ws/install/champ_msgs/include/champ_msgs/champ_msgs/msg/detail/velocities__builder.hpp
[1.078s] -- Up-to-date symlink: /home/chief-of-mischief/Desktop/pupper_ws/install/champ_msgs/include/champ_msgs/champ_msgs/msg/detail/velocities__struct.hpp
[1.078s] -- Up-to-date symlink: /home/chief-of-mischief/Desktop/pupper_ws/install/champ_msgs/include/champ_msgs/champ_msgs/msg/detail/velocities__traits.hpp
[1.079s] -- Up-to-date symlink: /home/chief-of-mischief/Desktop/pupper_ws/install/champ_msgs/include/champ_msgs/champ_msgs/msg/imu.hpp
[1.080s] -- Up-to-date symlink: /home/chief-of-mischief/Desktop/pupper_ws/install/champ_msgs/include/champ_msgs/champ_msgs/msg/joints.hpp
[1.081s] -- Up-to-date symlink: /home/chief-of-mischief/Desktop/pupper_ws/install/champ_msgs/include/champ_msgs/champ_msgs/msg/pid.hpp
[1.081s] -- Up-to-date symlink: /home/chief-of-mischief/Desktop/pupper_ws/install/champ_msgs/include/champ_msgs/champ_msgs/msg/point.hpp
[1.092s] -- Up-to-date symlink: /home/chief-of-mischief/Desktop/pupper_ws/install/champ_msgs/include/champ_msgs/champ_msgs/msg/point_array.hpp
[1.092s] -- Up-to-date symlink: /home/chief-of-mischief/Desktop/pupper_ws/install/champ_msgs/include/champ_msgs/champ_msgs/msg/pose.hpp
[1.092s] -- Up-to-date symlink: /home/chief-of-mischief/Desktop/pupper_ws/install/champ_msgs/include/champ_msgs/champ_msgs/msg/velocities.hpp
[1.093s] -- Up-to-date symlink: /home/chief-of-mischief/Desktop/pupper_ws/install/champ_msgs/include/champ_msgs/champ_msgs/msg/detail/contacts__rosidl_typesupport_fastrtps_cpp.hpp
[1.093s] -- Up-to-date symlink: /home/chief-of-mischief/Desktop/pupper_ws/install/champ_msgs/include/champ_msgs/champ_msgs/msg/detail/contacts_stamped__rosidl_typesupport_fastrtps_cpp.hpp
[1.093s] -- Up-to-date symlink: /home/chief-of-mischief/Desktop/pupper_ws/install/champ_msgs/include/champ_msgs/champ_msgs/msg/detail/imu__rosidl_typesupport_fastrtps_cpp.hpp
[1.093s] -- Up-to-date symlink: /home/chief-of-mischief/Desktop/pupper_ws/install/champ_msgs/include/champ_msgs/champ_msgs/msg/detail/joints__rosidl_typesupport_fastrtps_cpp.hpp
[1.093s] -- Up-to-date symlink: /home/chief-of-mischief/Desktop/pupper_ws/install/champ_msgs/include/champ_msgs/champ_msgs/msg/detail/pid__rosidl_typesupport_fastrtps_cpp.hpp
[1.094s] -- Up-to-date symlink: /home/chief-of-mischief/Desktop/pupper_ws/install/champ_msgs/include/champ_msgs/champ_msgs/msg/detail/point__rosidl_typesupport_fastrtps_cpp.hpp
[1.094s] -- Up-to-date symlink: /home/chief-of-mischief/Desktop/pupper_ws/install/champ_msgs/include/champ_msgs/champ_msgs/msg/detail/point_array__rosidl_typesupport_fastrtps_cpp.hpp
[1.094s] -- Up-to-date symlink: /home/chief-of-mischief/Desktop/pupper_ws/install/champ_msgs/include/champ_msgs/champ_msgs/msg/detail/pose__rosidl_typesupport_fastrtps_cpp.hpp
[1.094s] -- Up-to-date symlink: /home/chief-of-mischief/Desktop/pupper_ws/install/champ_msgs/include/champ_msgs/champ_msgs/msg/detail/velocities__rosidl_typesupport_fastrtps_cpp.hpp
[1.094s] -- Up-to-date symlink: /home/chief-of-mischief/Desktop/pupper_ws/install/champ_msgs/include/champ_msgs/champ_msgs/msg/rosidl_typesupport_fastrtps_cpp__visibility_control.h
[1.094s] -- Up-to-date symlink: /home/chief-of-mischief/Desktop/pupper_ws/install/champ_msgs/include/champ_msgs/champ_msgs/msg/detail/contacts__rosidl_typesupport_introspection_cpp.hpp
[1.094s] -- Up-to-date symlink: /home/chief-of-mischief/Desktop/pupper_ws/install/champ_msgs/include/champ_msgs/champ_msgs/msg/detail/contacts_stamped__rosidl_typesupport_introspection_cpp.hpp
[1.098s] -- Up-to-date symlink: /home/chief-of-mischief/Desktop/pupper_ws/install/champ_msgs/include/champ_msgs/champ_msgs/msg/detail/imu__rosidl_typesupport_introspection_cpp.hpp
[1.099s] -- Up-to-date symlink: /home/chief-of-mischief/Desktop/pupper_ws/install/champ_msgs/include/champ_msgs/champ_msgs/msg/detail/joints__rosidl_typesupport_introspection_cpp.hpp
[1.099s] -- Up-to-date symlink: /home/chief-of-mischief/Desktop/pupper_ws/install/champ_msgs/include/champ_msgs/champ_msgs/msg/detail/pid__rosidl_typesupport_introspection_cpp.hpp
[1.100s] -- Up-to-date symlink: /home/chief-of-mischief/Desktop/pupper_ws/install/champ_msgs/include/champ_msgs/champ_msgs/msg/detail/point__rosidl_typesupport_introspection_cpp.hpp
[1.100s] -- Up-to-date symlink: /home/chief-of-mischief/Desktop/pupper_ws/install/champ_msgs/include/champ_msgs/champ_msgs/msg/detail/point_array__rosidl_typesupport_introspection_cpp.hpp
[1.101s] -- Up-to-date symlink: /home/chief-of-mischief/Desktop/pupper_ws/install/champ_msgs/include/champ_msgs/champ_msgs/msg/detail/pose__rosidl_typesupport_introspection_cpp.hpp
[1.101s] -- Up-to-date symlink: /home/chief-of-mischief/Desktop/pupper_ws/install/champ_msgs/include/champ_msgs/champ_msgs/msg/detail/velocities__rosidl_typesupport_introspection_cpp.hpp
[1.101s] -- Up-to-date symlink: /home/chief-of-mischief/Desktop/pupper_ws/install/champ_msgs/share/champ_msgs/environment/pythonpath.sh
[1.102s] -- Up-to-date symlink: /home/chief-of-mischief/Desktop/pupper_ws/install/champ_msgs/share/champ_msgs/environment/pythonpath.dsv
[1.102s] -- Up-to-date symlink: /home/chief-of-mischief/Desktop/pupper_ws/install/champ_msgs/local/lib/python3.10/dist-packages/champ_msgs-0.1.0-py3.10.egg-info/PKG-INFO
[1.102s] -- Up-to-date symlink: /home/chief-of-mischief/Desktop/pupper_ws/install/champ_msgs/local/lib/python3.10/dist-packages/champ_msgs-0.1.0-py3.10.egg-info/SOURCES.txt
[1.102s] -- Up-to-date symlink: /home/chief-of-mischief/Desktop/pupper_ws/install/champ_msgs/local/lib/python3.10/dist-packages/champ_msgs-0.1.0-py3.10.egg-info/dependency_links.txt
[1.102s] -- Up-to-date symlink: /home/chief-of-mischief/Desktop/pupper_ws/install/champ_msgs/local/lib/python3.10/dist-packages/champ_msgs-0.1.0-py3.10.egg-info/top_level.txt
[1.102s] -- Up-to-date symlink: /home/chief-of-mischief/Desktop/pupper_ws/install/champ_msgs/local/lib/python3.10/dist-packages/champ_msgs/__init__.py
[1.102s] -- Up-to-date symlink: /home/chief-of-mischief/Desktop/pupper_ws/install/champ_msgs/local/lib/python3.10/dist-packages/champ_msgs/_champ_msgs_s.ep.rosidl_typesupport_c.c
[1.102s] -- Up-to-date symlink: /home/chief-of-mischief/Desktop/pupper_ws/install/champ_msgs/local/lib/python3.10/dist-packages/champ_msgs/_champ_msgs_s.ep.rosidl_typesupport_fastrtps_c.c
[1.103s] -- Up-to-date symlink: /home/chief-of-mischief/Desktop/pupper_ws/install/champ_msgs/local/lib/python3.10/dist-packages/champ_msgs/_champ_msgs_s.ep.rosidl_typesupport_introspection_c.c
[1.103s] -- Up-to-date symlink: /home/chief-of-mischief/Desktop/pupper_ws/install/champ_msgs/local/lib/python3.10/dist-packages/champ_msgs/champ_msgs_s__rosidl_typesupport_c.cpython-310-x86_64-linux-gnu.so
[1.103s] -- Up-to-date symlink: /home/chief-of-mischief/Desktop/pupper_ws/install/champ_msgs/local/lib/python3.10/dist-packages/champ_msgs/champ_msgs_s__rosidl_typesupport_fastrtps_c.cpython-310-x86_64-linux-gnu.so
[1.103s] -- Up-to-date symlink: /home/chief-of-mischief/Desktop/pupper_ws/install/champ_msgs/local/lib/python3.10/dist-packages/champ_msgs/champ_msgs_s__rosidl_typesupport_introspection_c.cpython-310-x86_64-linux-gnu.so
[1.103s] -- Up-to-date symlink: /home/chief-of-mischief/Desktop/pupper_ws/install/champ_msgs/local/lib/python3.10/dist-packages/champ_msgs/libchamp_msgs__rosidl_generator_py.so
[1.104s] -- Up-to-date symlink: /home/chief-of-mischief/Desktop/pupper_ws/install/champ_msgs/local/lib/python3.10/dist-packages/champ_msgs/msg/__init__.py
[1.105s] -- Up-to-date symlink: /home/chief-of-mischief/Desktop/pupper_ws/install/champ_msgs/local/lib/python3.10/dist-packages/champ_msgs/msg/_contacts.py
[1.106s] -- Up-to-date symlink: /home/chief-of-mischief/Desktop/pupper_ws/install/champ_msgs/local/lib/python3.10/dist-packages/champ_msgs/msg/_contacts_s.c
[1.106s] -- Up-to-date symlink: /home/chief-of-mischief/Desktop/pupper_ws/install/champ_msgs/local/lib/python3.10/dist-packages/champ_msgs/msg/_contacts_stamped.py
[1.112s] -- Up-to-date symlink: /home/chief-of-mischief/Desktop/pupper_ws/install/champ_msgs/local/lib/python3.10/dist-packages/champ_msgs/msg/_contacts_stamped_s.c
[1.112s] -- Up-to-date symlink: /home/chief-of-mischief/Desktop/pupper_ws/install/champ_msgs/local/lib/python3.10/dist-packages/champ_msgs/msg/_imu.py
[1.113s] -- Up-to-date symlink: /home/chief-of-mischief/Desktop/pupper_ws/install/champ_msgs/local/lib/python3.10/dist-packages/champ_msgs/msg/_imu_s.c
[1.114s] -- Up-to-date symlink: /home/chief-of-mischief/Desktop/pupper_ws/install/champ_msgs/local/lib/python3.10/dist-packages/champ_msgs/msg/_joints.py
[1.114s] -- Up-to-date symlink: /home/chief-of-mischief/Desktop/pupper_ws/install/champ_msgs/local/lib/python3.10/dist-packages/champ_msgs/msg/_joints_s.c
[1.115s] -- Up-to-date symlink: /home/chief-of-mischief/Desktop/pupper_ws/install/champ_msgs/local/lib/python3.10/dist-packages/champ_msgs/msg/_pid.py
[1.116s] -- Up-to-date symlink: /home/chief-of-mischief/Desktop/pupper_ws/install/champ_msgs/local/lib/python3.10/dist-packages/champ_msgs/msg/_pid_s.c
[1.116s] -- Up-to-date symlink: /home/chief-of-mischief/Desktop/pupper_ws/install/champ_msgs/local/lib/python3.10/dist-packages/champ_msgs/msg/_point.py
[1.116s] -- Up-to-date symlink: /home/chief-of-mischief/Desktop/pupper_ws/install/champ_msgs/local/lib/python3.10/dist-packages/champ_msgs/msg/_point_array.py
[1.116s] -- Up-to-date symlink: /home/chief-of-mischief/Desktop/pupper_ws/install/champ_msgs/local/lib/python3.10/dist-packages/champ_msgs/msg/_point_array_s.c
[1.116s] -- Up-to-date symlink: /home/chief-of-mischief/Desktop/pupper_ws/install/champ_msgs/local/lib/python3.10/dist-packages/champ_msgs/msg/_point_s.c
[1.116s] -- Up-to-date symlink: /home/chief-of-mischief/Desktop/pupper_ws/install/champ_msgs/local/lib/python3.10/dist-packages/champ_msgs/msg/_pose.py
[1.116s] -- Up-to-date symlink: /home/chief-of-mischief/Desktop/pupper_ws/install/champ_msgs/local/lib/python3.10/dist-packages/champ_msgs/msg/_pose_s.c
[1.116s] -- Up-to-date symlink: /home/chief-of-mischief/Desktop/pupper_ws/install/champ_msgs/local/lib/python3.10/dist-packages/champ_msgs/msg/_velocities.py
[1.116s] -- Up-to-date symlink: /home/chief-of-mischief/Desktop/pupper_ws/install/champ_msgs/local/lib/python3.10/dist-packages/champ_msgs/msg/_velocities_s.c
[1.116s] -- Up-to-date symlink: /home/chief-of-mischief/Desktop/pupper_ws/install/champ_msgs/local/lib/python3.10/dist-packages/champ_msgs/champ_msgs_s__rosidl_typesupport_fastrtps_c.cpython-310-x86_64-linux-gnu.so
[1.116s] -- Up-to-date symlink: /home/chief-of-mischief/Desktop/pupper_ws/install/champ_msgs/local/lib/python3.10/dist-packages/champ_msgs/champ_msgs_s__rosidl_typesupport_introspection_c.cpython-310-x86_64-linux-gnu.so
[1.117s] -- Up-to-date symlink: /home/chief-of-mischief/Desktop/pupper_ws/install/champ_msgs/local/lib/python3.10/dist-packages/champ_msgs/champ_msgs_s__rosidl_typesupport_c.cpython-310-x86_64-linux-gnu.so
[1.118s] -- Up-to-date symlink: /home/chief-of-mischief/Desktop/pupper_ws/install/champ_msgs/share/champ_msgs/msg/Velocities.idl
[1.119s] -- Up-to-date symlink: /home/chief-of-mischief/Desktop/pupper_ws/install/champ_msgs/share/champ_msgs/msg/PID.idl
[1.119s] -- Up-to-date symlink: /home/chief-of-mischief/Desktop/pupper_ws/install/champ_msgs/share/champ_msgs/msg/Imu.idl
[1.119s] -- Up-to-date symlink: /home/chief-of-mischief/Desktop/pupper_ws/install/champ_msgs/share/champ_msgs/msg/Point.idl
[1.119s] -- Up-to-date symlink: /home/chief-of-mischief/Desktop/pupper_ws/install/champ_msgs/share/champ_msgs/msg/PointArray.idl
[1.120s] -- Up-to-date symlink: /home/chief-of-mischief/Desktop/pupper_ws/install/champ_msgs/share/champ_msgs/msg/Joints.idl
[1.120s] -- Up-to-date symlink: /home/chief-of-mischief/Desktop/pupper_ws/install/champ_msgs/share/champ_msgs/msg/Contacts.idl
[1.121s] -- Up-to-date symlink: /home/chief-of-mischief/Desktop/pupper_ws/install/champ_msgs/share/champ_msgs/msg/ContactsStamped.idl
[1.122s] -- Up-to-date symlink: /home/chief-of-mischief/Desktop/pupper_ws/install/champ_msgs/share/champ_msgs/msg/Pose.idl
[1.122s] -- Up-to-date symlink: /home/chief-of-mischief/Desktop/pupper_ws/install/champ_msgs/share/champ_msgs/msg/Velocities.msg
[1.135s] -- Up-to-date symlink: /home/chief-of-mischief/Desktop/pupper_ws/install/champ_msgs/share/champ_msgs/msg/PID.msg
[1.136s] -- Up-to-date symlink: /home/chief-of-mischief/Desktop/pupper_ws/install/champ_msgs/share/champ_msgs/msg/Imu.msg
[1.137s] -- Up-to-date symlink: /home/chief-of-mischief/Desktop/pupper_ws/install/champ_msgs/share/champ_msgs/msg/Point.msg
[1.137s] -- Up-to-date symlink: /home/chief-of-mischief/Desktop/pupper_ws/install/champ_msgs/share/champ_msgs/msg/PointArray.msg
[1.138s] -- Up-to-date symlink: /home/chief-of-mischief/Desktop/pupper_ws/install/champ_msgs/share/champ_msgs/msg/Joints.msg
[1.138s] -- Up-to-date symlink: /home/chief-of-mischief/Desktop/pupper_ws/install/champ_msgs/share/champ_msgs/msg/Contacts.msg
[1.139s] -- Up-to-date symlink: /home/chief-of-mischief/Desktop/pupper_ws/install/champ_msgs/share/champ_msgs/msg/ContactsStamped.msg
[1.139s] -- Up-to-date symlink: /home/chief-of-mischief/Desktop/pupper_ws/install/champ_msgs/share/champ_msgs/msg/Pose.msg
[1.139s] -- Up-to-date symlink: /home/chief-of-mischief/Desktop/pupper_ws/install/champ_msgs/share/ament_index/resource_index/package_run_dependencies/champ_msgs
[1.139s] -- Up-to-date symlink: /home/chief-of-mischief/Desktop/pupper_ws/install/champ_msgs/share/ament_index/resource_index/parent_prefix_path/champ_msgs
[1.139s] -- Up-to-date symlink: /home/chief-of-mischief/Desktop/pupper_ws/install/champ_msgs/share/champ_msgs/environment/ament_prefix_path.sh
[1.139s] -- Up-to-date symlink: /home/chief-of-mischief/Desktop/pupper_ws/install/champ_msgs/share/champ_msgs/environment/ament_prefix_path.dsv
[1.139s] -- Up-to-date symlink: /home/chief-of-mischief/Desktop/pupper_ws/install/champ_msgs/share/champ_msgs/environment/path.sh
[1.140s] -- Up-to-date symlink: /home/chief-of-mischief/Desktop/pupper_ws/install/champ_msgs/share/champ_msgs/environment/path.dsv
[1.140s] -- Up-to-date symlink: /home/chief-of-mischief/Desktop/pupper_ws/install/champ_msgs/share/champ_msgs/local_setup.bash
[1.140s] -- Up-to-date symlink: /home/chief-of-mischief/Desktop/pupper_ws/install/champ_msgs/share/champ_msgs/local_setup.sh
[1.140s] -- Up-to-date symlink: /home/chief-of-mischief/Desktop/pupper_ws/install/champ_msgs/share/champ_msgs/local_setup.zsh
[1.140s] -- Up-to-date symlink: /home/chief-of-mischief/Desktop/pupper_ws/install/champ_msgs/share/champ_msgs/local_setup.dsv
[1.140s] -- Symlinking: /home/chief-of-mischief/Desktop/pupper_ws/install/champ_msgs/share/champ_msgs/package.dsv
[1.140s] -- Up-to-date symlink: /home/chief-of-mischief/Desktop/pupper_ws/install/champ_msgs/share/ament_index/resource_index/packages/champ_msgs
[1.140s] -- Up-to-date symlink: /home/chief-of-mischief/Desktop/pupper_ws/install/champ_msgs/share/champ_msgs/cmake/rosidl_cmake-extras.cmake
[1.140s] -- Up-to-date symlink: /home/chief-of-mischief/Desktop/pupper_ws/install/champ_msgs/share/champ_msgs/cmake/ament_cmake_export_dependencies-extras.cmake
[1.140s] -- Up-to-date symlink: /home/chief-of-mischief/Desktop/pupper_ws/install/champ_msgs/share/champ_msgs/cmake/ament_cmake_export_include_directories-extras.cmake
[1.140s] -- Up-to-date symlink: /home/chief-of-mischief/Desktop/pupper_ws/install/champ_msgs/share/champ_msgs/cmake/ament_cmake_export_libraries-extras.cmake
[1.141s] -- Up-to-date symlink: /home/chief-of-mischief/Desktop/pupper_ws/install/champ_msgs/share/champ_msgs/cmake/ament_cmake_export_targets-extras.cmake
[1.141s] -- Up-to-date symlink: /home/chief-of-mischief/Desktop/pupper_ws/install/champ_msgs/share/champ_msgs/cmake/rosidl_cmake_export_typesupport_targets-extras.cmake
[1.141s] -- Up-to-date symlink: /home/chief-of-mischief/Desktop/pupper_ws/install/champ_msgs/share/champ_msgs/cmake/rosidl_cmake_export_typesupport_libraries-extras.cmake
[1.141s] -- Up-to-date symlink: /home/chief-of-mischief/Desktop/pupper_ws/install/champ_msgs/share/champ_msgs/cmake/champ_msgsConfig.cmake
[1.141s] -- Up-to-date symlink: /home/chief-of-mischief/Desktop/pupper_ws/install/champ_msgs/share/champ_msgs/cmake/champ_msgsConfig-version.cmake
[1.141s] -- Up-to-date symlink: /home/chief-of-mischief/Desktop/pupper_ws/install/champ_msgs/share/champ_msgs/package.xml
[1.141s] -- Up-to-date: /home/chief-of-mischief/Desktop/pupper_ws/install/champ_msgs/lib/libchamp_msgs__rosidl_generator_c.so
[1.141s] -- Up-to-date: /home/chief-of-mischief/Desktop/pupper_ws/install/champ_msgs/lib/libchamp_msgs__rosidl_typesupport_fastrtps_c.so
[1.141s] -- Up-to-date: /home/chief-of-mischief/Desktop/pupper_ws/install/champ_msgs/lib/libchamp_msgs__rosidl_typesupport_introspection_c.so
[1.141s] -- Up-to-date: /home/chief-of-mischief/Desktop/pupper_ws/install/champ_msgs/lib/libchamp_msgs__rosidl_typesupport_c.so
[1.141s] -- Up-to-date: /home/chief-of-mischief/Desktop/pupper_ws/install/champ_msgs/lib/libchamp_msgs__rosidl_typesupport_fastrtps_cpp.so
[1.141s] -- Up-to-date: /home/chief-of-mischief/Desktop/pupper_ws/install/champ_msgs/lib/libchamp_msgs__rosidl_typesupport_introspection_cpp.so
[1.141s] -- Up-to-date: /home/chief-of-mischief/Desktop/pupper_ws/install/champ_msgs/lib/libchamp_msgs__rosidl_typesupport_cpp.so
[1.142s] Listing '/home/chief-of-mischief/Desktop/pupper_ws/install/champ_msgs/local/lib/python3.10/dist-packages/champ_msgs'...
[1.142s] Listing '/home/chief-of-mischief/Desktop/pupper_ws/install/champ_msgs/local/lib/python3.10/dist-packages/champ_msgs/msg'...
[1.142s] -- Up-to-date: /home/chief-of-mischief/Desktop/pupper_ws/install/champ_msgs/lib/libchamp_msgs__rosidl_generator_py.so
[1.142s] -- Up-to-date: /home/chief-of-mischief/Desktop/pupper_ws/install/champ_msgs/share/champ_msgs/cmake/export_champ_msgs__rosidl_generator_cExport.cmake
[1.142s] -- Up-to-date: /home/chief-of-mischief/Desktop/pupper_ws/install/champ_msgs/share/champ_msgs/cmake/export_champ_msgs__rosidl_generator_cExport-noconfig.cmake
[1.142s] -- Up-to-date: /home/chief-of-mischief/Desktop/pupper_ws/install/champ_msgs/share/champ_msgs/cmake/export_champ_msgs__rosidl_typesupport_fastrtps_cExport.cmake
[1.143s] -- Up-to-date: /home/chief-of-mischief/Desktop/pupper_ws/install/champ_msgs/share/champ_msgs/cmake/export_champ_msgs__rosidl_typesupport_fastrtps_cExport-noconfig.cmake
[1.143s] -- Up-to-date: /home/chief-of-mischief/Desktop/pupper_ws/install/champ_msgs/share/champ_msgs/cmake/champ_msgs__rosidl_typesupport_introspection_cExport.cmake
[1.144s] -- Up-to-date: /home/chief-of-mischief/Desktop/pupper_ws/install/champ_msgs/share/champ_msgs/cmake/champ_msgs__rosidl_typesupport_introspection_cExport-noconfig.cmake
[1.144s] -- Up-to-date: /home/chief-of-mischief/Desktop/pupper_ws/install/champ_msgs/share/champ_msgs/cmake/champ_msgs__rosidl_typesupport_cExport.cmake
[1.144s] -- Up-to-date: /home/chief-of-mischief/Desktop/pupper_ws/install/champ_msgs/share/champ_msgs/cmake/champ_msgs__rosidl_typesupport_cExport-noconfig.cmake
[1.145s] -- Up-to-date: /home/chief-of-mischief/Desktop/pupper_ws/install/champ_msgs/share/champ_msgs/cmake/export_champ_msgs__rosidl_generator_cppExport.cmake
[1.145s] -- Up-to-date: /home/chief-of-mischief/Desktop/pupper_ws/install/champ_msgs/share/champ_msgs/cmake/export_champ_msgs__rosidl_typesupport_fastrtps_cppExport.cmake
[1.145s] -- Up-to-date: /home/chief-of-mischief/Desktop/pupper_ws/install/champ_msgs/share/champ_msgs/cmake/export_champ_msgs__rosidl_typesupport_fastrtps_cppExport-noconfig.cmake
[1.145s] -- Up-to-date: /home/chief-of-mischief/Desktop/pupper_ws/install/champ_msgs/share/champ_msgs/cmake/champ_msgs__rosidl_typesupport_introspection_cppExport.cmake
[1.146s] -- Up-to-date: /home/chief-of-mischief/Desktop/pupper_ws/install/champ_msgs/share/champ_msgs/cmake/champ_msgs__rosidl_typesupport_introspection_cppExport-noconfig.cmake
[1.146s] -- Up-to-date: /home/chief-of-mischief/Desktop/pupper_ws/install/champ_msgs/share/champ_msgs/cmake/champ_msgs__rosidl_typesupport_cppExport.cmake
[1.146s] -- Up-to-date: /home/chief-of-mischief/Desktop/pupper_ws/install/champ_msgs/share/champ_msgs/cmake/champ_msgs__rosidl_typesupport_cppExport-noconfig.cmake
[1.146s] -- Up-to-date: /home/chief-of-mischief/Desktop/pupper_ws/install/champ_msgs/share/champ_msgs/cmake/export_champ_msgs__rosidl_generator_pyExport.cmake
[1.147s] -- Up-to-date: /home/chief-of-mischief/Desktop/pupper_ws/install/champ_msgs/share/champ_msgs/cmake/export_champ_msgs__rosidl_generator_pyExport-noconfig.cmake
[1.196s] Invoked command in '/home/chief-of-mischief/Desktop/pupper_ws/build/champ_msgs' returned '0': CMAKE_PREFIX_PATH=/opt/ros/humble /usr/bin/cmake --install /home/chief-of-mischief/Desktop/pupper_ws/build/champ_msgs
