-- The C compiler identification is GNU 11.3.0
-- The CXX compiler identification is GNU 11.3.0
-- Detecting C compiler ABI info
-- Detecting C compiler ABI info - done
-- Check for working C compiler: /usr/bin/cc - skipped
-- Detecting C compile features
-- Detecting C compile features - done
-- Detecting CXX compiler ABI info
-- Detecting CXX compiler ABI info - done
-- Check for working CXX compiler: /usr/bin/c++ - skipped
-- Detecting CXX compile features
-- Detecting CXX compile features - done
-- Found ament_cmake: 1.3.3 (/opt/ros/humble/share/ament_cmake/cmake)
-- Found Python3: /usr/bin/python3.10 (found version "3.10.6") found components: Interpreter 
-- Override CMake install command with custom implementation using symlinks instead of copying resources
-- Found ament_lint_auto: 0.12.4 (/opt/ros/humble/share/ament_lint_auto/cmake)
-- Added test 'copyright' to check source files copyright and LICENSE
-- Added test 'flake8' to check Python code syntax and style conventions
-- Added test 'lint_cmake' to check CMake code style
-- Added test 'pep257' to check Python code against some of the docstring style conventions in PEP 257
-- Added test 'xmllint' to check XML markup files
-- Configuring done
-- Generating done
-- Build files have been written to: /home/chief-of-mischief/Desktop/pupper_ws/build/mini_pupper_description
-- Install configuration: ""
-- Execute custom install script
-- Symlinking: /home/chief-of-mischief/Desktop/pupper_ws/install/mini_pupper_description/share/mini_pupper_description/launch/description.launch.py
-- Symlinking: /home/chief-of-mischief/Desktop/pupper_ws/install/mini_pupper_description/share/mini_pupper_description/config/champ/gait.yaml
-- Symlinking: /home/chief-of-mischief/Desktop/pupper_ws/install/mini_pupper_description/share/mini_pupper_description/config/champ/joints.yaml
-- Symlinking: /home/chief-of-mischief/Desktop/pupper_ws/install/mini_pupper_description/share/mini_pupper_description/config/champ/links.yaml
-- Symlinking: /home/chief-of-mischief/Desktop/pupper_ws/install/mini_pupper_description/share/mini_pupper_description/config/ros_control/mini_pupper_controller.yaml
-- Symlinking: /home/chief-of-mischief/Desktop/pupper_ws/install/mini_pupper_description/share/mini_pupper_description/rviz/urdf_viewer.rviz
-- Symlinking: /home/chief-of-mischief/Desktop/pupper_ws/install/mini_pupper_description/share/mini_pupper_description/urdf/_d435.urdf.xacro
-- Symlinking: /home/chief-of-mischief/Desktop/pupper_ws/install/mini_pupper_description/share/mini_pupper_description/urdf/_materials.urdf.xacro
-- Symlinking: /home/chief-of-mischief/Desktop/pupper_ws/install/mini_pupper_description/share/mini_pupper_description/urdf/_usb_plug.urdf.xacro
-- Symlinking: /home/chief-of-mischief/Desktop/pupper_ws/install/mini_pupper_description/share/mini_pupper_description/urdf/mini_pupper_description.csv
-- Symlinking: /home/chief-of-mischief/Desktop/pupper_ws/install/mini_pupper_description/share/mini_pupper_description/urdf/mini_pupper_description.urdf
-- Symlinking: /home/chief-of-mischief/Desktop/pupper_ws/install/mini_pupper_description/share/mini_pupper_description/urdf/mini_pupper_description.urdf.xacro
-- Symlinking: /home/chief-of-mischief/Desktop/pupper_ws/install/mini_pupper_description/share/mini_pupper_description/meshes/base_link.STL
-- Symlinking: /home/chief-of-mischief/Desktop/pupper_ws/install/mini_pupper_description/share/mini_pupper_description/meshes/d435.dae
-- Symlinking: /home/chief-of-mischief/Desktop/pupper_ws/install/mini_pupper_description/share/mini_pupper_description/meshes/lb1.STL
-- Symlinking: /home/chief-of-mischief/Desktop/pupper_ws/install/mini_pupper_description/share/mini_pupper_description/meshes/lb2.STL
-- Symlinking: /home/chief-of-mischief/Desktop/pupper_ws/install/mini_pupper_description/share/mini_pupper_description/meshes/lb3.STL
-- Symlinking: /home/chief-of-mischief/Desktop/pupper_ws/install/mini_pupper_description/share/mini_pupper_description/meshes/lbfoot.STL
-- Symlinking: /home/chief-of-mischief/Desktop/pupper_ws/install/mini_pupper_description/share/mini_pupper_description/meshes/lf1.STL
-- Symlinking: /home/chief-of-mischief/Desktop/pupper_ws/install/mini_pupper_description/share/mini_pupper_description/meshes/lf2.STL
-- Symlinking: /home/chief-of-mischief/Desktop/pupper_ws/install/mini_pupper_description/share/mini_pupper_description/meshes/lf3.STL
-- Symlinking: /home/chief-of-mischief/Desktop/pupper_ws/install/mini_pupper_description/share/mini_pupper_description/meshes/lffoot.STL
-- Symlinking: /home/chief-of-mischief/Desktop/pupper_ws/install/mini_pupper_description/share/mini_pupper_description/meshes/lidar.STL
-- Symlinking: /home/chief-of-mischief/Desktop/pupper_ws/install/mini_pupper_description/share/mini_pupper_description/meshes/lpb1.STL
-- Symlinking: /home/chief-of-mischief/Desktop/pupper_ws/install/mini_pupper_description/share/mini_pupper_description/meshes/lpb2.STL
-- Symlinking: /home/chief-of-mischief/Desktop/pupper_ws/install/mini_pupper_description/share/mini_pupper_description/meshes/lpf1.STL
-- Symlinking: /home/chief-of-mischief/Desktop/pupper_ws/install/mini_pupper_description/share/mini_pupper_description/meshes/lpf2.STL
-- Symlinking: /home/chief-of-mischief/Desktop/pupper_ws/install/mini_pupper_description/share/mini_pupper_description/meshes/plug.stl
-- Symlinking: /home/chief-of-mischief/Desktop/pupper_ws/install/mini_pupper_description/share/mini_pupper_description/meshes/plug_collision.stl
-- Symlinking: /home/chief-of-mischief/Desktop/pupper_ws/install/mini_pupper_description/share/mini_pupper_description/meshes/rb1.STL
-- Symlinking: /home/chief-of-mischief/Desktop/pupper_ws/install/mini_pupper_description/share/mini_pupper_description/meshes/rb2.STL
-- Symlinking: /home/chief-of-mischief/Desktop/pupper_ws/install/mini_pupper_description/share/mini_pupper_description/meshes/rb3.STL
-- Symlinking: /home/chief-of-mischief/Desktop/pupper_ws/install/mini_pupper_description/share/mini_pupper_description/meshes/rbfoot.STL
-- Symlinking: /home/chief-of-mischief/Desktop/pupper_ws/install/mini_pupper_description/share/mini_pupper_description/meshes/rf1.STL
-- Symlinking: /home/chief-of-mischief/Desktop/pupper_ws/install/mini_pupper_description/share/mini_pupper_description/meshes/rf2.STL
-- Symlinking: /home/chief-of-mischief/Desktop/pupper_ws/install/mini_pupper_description/share/mini_pupper_description/meshes/rf3.STL
-- Symlinking: /home/chief-of-mischief/Desktop/pupper_ws/install/mini_pupper_description/share/mini_pupper_description/meshes/rffoot.STL
-- Symlinking: /home/chief-of-mischief/Desktop/pupper_ws/install/mini_pupper_description/share/mini_pupper_description/meshes/rpb1.STL
-- Symlinking: /home/chief-of-mischief/Desktop/pupper_ws/install/mini_pupper_description/share/mini_pupper_description/meshes/rpb2.STL
-- Symlinking: /home/chief-of-mischief/Desktop/pupper_ws/install/mini_pupper_description/share/mini_pupper_description/meshes/rpf1.STL
-- Symlinking: /home/chief-of-mischief/Desktop/pupper_ws/install/mini_pupper_description/share/mini_pupper_description/meshes/rpf2.STL
-- Symlinking: /home/chief-of-mischief/Desktop/pupper_ws/install/mini_pupper_description/share/mini_pupper_description/meshes/yellow_plate.STL
-- Symlinking: /home/chief-of-mischief/Desktop/pupper_ws/install/mini_pupper_description/share/ament_index/resource_index/package_run_dependencies/mini_pupper_description
-- Symlinking: /home/chief-of-mischief/Desktop/pupper_ws/install/mini_pupper_description/share/ament_index/resource_index/parent_prefix_path/mini_pupper_description
-- Symlinking: /home/chief-of-mischief/Desktop/pupper_ws/install/mini_pupper_description/share/mini_pupper_description/environment/ament_prefix_path.sh
-- Symlinking: /home/chief-of-mischief/Desktop/pupper_ws/install/mini_pupper_description/share/mini_pupper_description/environment/ament_prefix_path.dsv
-- Symlinking: /home/chief-of-mischief/Desktop/pupper_ws/install/mini_pupper_description/share/mini_pupper_description/environment/path.sh
-- Symlinking: /home/chief-of-mischief/Desktop/pupper_ws/install/mini_pupper_description/share/mini_pupper_description/environment/path.dsv
-- Symlinking: /home/chief-of-mischief/Desktop/pupper_ws/install/mini_pupper_description/share/mini_pupper_description/local_setup.bash
-- Symlinking: /home/chief-of-mischief/Desktop/pupper_ws/install/mini_pupper_description/share/mini_pupper_description/local_setup.sh
-- Symlinking: /home/chief-of-mischief/Desktop/pupper_ws/install/mini_pupper_description/share/mini_pupper_description/local_setup.zsh
-- Symlinking: /home/chief-of-mischief/Desktop/pupper_ws/install/mini_pupper_description/share/mini_pupper_description/local_setup.dsv
-- Symlinking: /home/chief-of-mischief/Desktop/pupper_ws/install/mini_pupper_description/share/mini_pupper_description/package.dsv
-- Symlinking: /home/chief-of-mischief/Desktop/pupper_ws/install/mini_pupper_description/share/ament_index/resource_index/packages/mini_pupper_description
-- Symlinking: /home/chief-of-mischief/Desktop/pupper_ws/install/mini_pupper_description/share/mini_pupper_description/cmake/mini_pupper_descriptionConfig.cmake
-- Symlinking: /home/chief-of-mischief/Desktop/pupper_ws/install/mini_pupper_description/share/mini_pupper_description/cmake/mini_pupper_descriptionConfig-version.cmake
-- Symlinking: /home/chief-of-mischief/Desktop/pupper_ws/install/mini_pupper_description/share/mini_pupper_description/package.xml
