[0.040s] Invoking command in '/home/chief-of-mischief/Desktop/pupper_ws/build/mini_pupper_description': CMAKE_PREFIX_PATH=/opt/ros/humble /usr/bin/cmake /home/chief-of-mischief/Desktop/pupper_ws/src/mini_pupper_ros/mini_pupper_description -DAMENT_CMAKE_SYMLINK_INSTALL=1 -DCMAKE_INSTALL_PREFIX=/home/chief-of-mischief/Desktop/pupper_ws/install/mini_pupper_description
[0.405s] -- The C compiler identification is GNU 11.3.0
[0.405s] -- The CXX compiler identification is GNU 11.3.0
[0.406s] -- Detecting C compiler ABI info
[0.406s] -- Detecting C compiler ABI info - done
[0.407s] -- Check for working C compiler: /usr/bin/cc - skipped
[0.407s] -- Detecting C compile features
[0.407s] -- Detecting C compile features - done
[0.408s] -- Detecting CXX compiler ABI info
[0.408s] -- Detecting CXX compiler ABI info - done
[0.408s] -- Check for working CXX compiler: /usr/bin/c++ - skipped
[0.409s] -- Detecting CXX compile features
[0.409s] -- Detecting CXX compile features - done
[0.410s] -- Found ament_cmake: 1.3.3 (/opt/ros/humble/share/ament_cmake/cmake)
[0.652s] -- Found Python3: /usr/bin/python3.10 (found version "3.10.6") found components: Interpreter 
[0.732s] -- Override CMake install command with custom implementation using symlinks instead of copying resources
[0.767s] -- Found ament_lint_auto: 0.12.4 (/opt/ros/humble/share/ament_lint_auto/cmake)
[0.886s] -- Added test 'copyright' to check source files copyright and LICENSE
[0.898s] -- Added test 'flake8' to check Python code syntax and style conventions
[0.901s] -- Added test 'lint_cmake' to check CMake code style
[0.903s] -- Added test 'pep257' to check Python code against some of the docstring style conventions in PEP 257
[0.911s] -- Added test 'xmllint' to check XML markup files
[0.917s] -- Configuring done
[0.932s] -- Generating done
[0.932s] -- Build files have been written to: /home/chief-of-mischief/Desktop/pupper_ws/build/mini_pupper_description
[0.945s] Invoked command in '/home/chief-of-mischief/Desktop/pupper_ws/build/mini_pupper_description' returned '0': CMAKE_PREFIX_PATH=/opt/ros/humble /usr/bin/cmake /home/chief-of-mischief/Desktop/pupper_ws/src/mini_pupper_ros/mini_pupper_description -DAMENT_CMAKE_SYMLINK_INSTALL=1 -DCMAKE_INSTALL_PREFIX=/home/chief-of-mischief/Desktop/pupper_ws/install/mini_pupper_description
[0.950s] Invoking command in '/home/chief-of-mischief/Desktop/pupper_ws/build/mini_pupper_description': CMAKE_PREFIX_PATH=/opt/ros/humble /usr/bin/cmake --build /home/chief-of-mischief/Desktop/pupper_ws/build/mini_pupper_description -- -j24 -l24
[1.029s] Invoked command in '/home/chief-of-mischief/Desktop/pupper_ws/build/mini_pupper_description' returned '0': CMAKE_PREFIX_PATH=/opt/ros/humble /usr/bin/cmake --build /home/chief-of-mischief/Desktop/pupper_ws/build/mini_pupper_description -- -j24 -l24
[1.077s] Invoking command in '/home/chief-of-mischief/Desktop/pupper_ws/build/mini_pupper_description': CMAKE_PREFIX_PATH=/opt/ros/humble /usr/bin/cmake --install /home/chief-of-mischief/Desktop/pupper_ws/build/mini_pupper_description
[1.087s] -- Install configuration: ""
[1.088s] -- Execute custom install script
[1.089s] -- Symlinking: /home/chief-of-mischief/Desktop/pupper_ws/install/mini_pupper_description/share/mini_pupper_description/launch/description.launch.py
[1.098s] -- Symlinking: /home/chief-of-mischief/Desktop/pupper_ws/install/mini_pupper_description/share/mini_pupper_description/config/champ/gait.yaml
[1.115s] -- Symlinking: /home/chief-of-mischief/Desktop/pupper_ws/install/mini_pupper_description/share/mini_pupper_description/config/champ/joints.yaml
[1.143s] -- Symlinking: /home/chief-of-mischief/Desktop/pupper_ws/install/mini_pupper_description/share/mini_pupper_description/config/champ/links.yaml
[1.152s] -- Symlinking: /home/chief-of-mischief/Desktop/pupper_ws/install/mini_pupper_description/share/mini_pupper_description/config/ros_control/mini_pupper_controller.yaml
[1.177s] -- Symlinking: /home/chief-of-mischief/Desktop/pupper_ws/install/mini_pupper_description/share/mini_pupper_description/rviz/urdf_viewer.rviz
[1.204s] -- Symlinking: /home/chief-of-mischief/Desktop/pupper_ws/install/mini_pupper_description/share/mini_pupper_description/urdf/_d435.urdf.xacro
[1.215s] -- Symlinking: /home/chief-of-mischief/Desktop/pupper_ws/install/mini_pupper_description/share/mini_pupper_description/urdf/_materials.urdf.xacro
[1.225s] -- Symlinking: /home/chief-of-mischief/Desktop/pupper_ws/install/mini_pupper_description/share/mini_pupper_description/urdf/_usb_plug.urdf.xacro
[1.237s] -- Symlinking: /home/chief-of-mischief/Desktop/pupper_ws/install/mini_pupper_description/share/mini_pupper_description/urdf/mini_pupper_description.csv
[1.250s] -- Symlinking: /home/chief-of-mischief/Desktop/pupper_ws/install/mini_pupper_description/share/mini_pupper_description/urdf/mini_pupper_description.urdf
[1.260s] -- Symlinking: /home/chief-of-mischief/Desktop/pupper_ws/install/mini_pupper_description/share/mini_pupper_description/urdf/mini_pupper_description.urdf.xacro
[1.285s] -- Symlinking: /home/chief-of-mischief/Desktop/pupper_ws/install/mini_pupper_description/share/mini_pupper_description/meshes/base_link.STL
[1.297s] -- Symlinking: /home/chief-of-mischief/Desktop/pupper_ws/install/mini_pupper_description/share/mini_pupper_description/meshes/d435.dae
[1.310s] -- Symlinking: /home/chief-of-mischief/Desktop/pupper_ws/install/mini_pupper_description/share/mini_pupper_description/meshes/lb1.STL
[1.320s] -- Symlinking: /home/chief-of-mischief/Desktop/pupper_ws/install/mini_pupper_description/share/mini_pupper_description/meshes/lb2.STL
[1.330s] -- Symlinking: /home/chief-of-mischief/Desktop/pupper_ws/install/mini_pupper_description/share/mini_pupper_description/meshes/lb3.STL
[1.342s] -- Symlinking: /home/chief-of-mischief/Desktop/pupper_ws/install/mini_pupper_description/share/mini_pupper_description/meshes/lbfoot.STL
[1.352s] -- Symlinking: /home/chief-of-mischief/Desktop/pupper_ws/install/mini_pupper_description/share/mini_pupper_description/meshes/lf1.STL
[1.363s] -- Symlinking: /home/chief-of-mischief/Desktop/pupper_ws/install/mini_pupper_description/share/mini_pupper_description/meshes/lf2.STL
[1.374s] -- Symlinking: /home/chief-of-mischief/Desktop/pupper_ws/install/mini_pupper_description/share/mini_pupper_description/meshes/lf3.STL
[1.385s] -- Symlinking: /home/chief-of-mischief/Desktop/pupper_ws/install/mini_pupper_description/share/mini_pupper_description/meshes/lffoot.STL
[1.397s] -- Symlinking: /home/chief-of-mischief/Desktop/pupper_ws/install/mini_pupper_description/share/mini_pupper_description/meshes/lidar.STL
[1.410s] -- Symlinking: /home/chief-of-mischief/Desktop/pupper_ws/install/mini_pupper_description/share/mini_pupper_description/meshes/lpb1.STL
[1.420s] -- Symlinking: /home/chief-of-mischief/Desktop/pupper_ws/install/mini_pupper_description/share/mini_pupper_description/meshes/lpb2.STL
[1.427s] -- Symlinking: /home/chief-of-mischief/Desktop/pupper_ws/install/mini_pupper_description/share/mini_pupper_description/meshes/lpf1.STL
[1.439s] -- Symlinking: /home/chief-of-mischief/Desktop/pupper_ws/install/mini_pupper_description/share/mini_pupper_description/meshes/lpf2.STL
[1.450s] -- Symlinking: /home/chief-of-mischief/Desktop/pupper_ws/install/mini_pupper_description/share/mini_pupper_description/meshes/plug.stl
[1.463s] -- Symlinking: /home/chief-of-mischief/Desktop/pupper_ws/install/mini_pupper_description/share/mini_pupper_description/meshes/plug_collision.stl
[1.470s] -- Symlinking: /home/chief-of-mischief/Desktop/pupper_ws/install/mini_pupper_description/share/mini_pupper_description/meshes/rb1.STL
[1.486s] -- Symlinking: /home/chief-of-mischief/Desktop/pupper_ws/install/mini_pupper_description/share/mini_pupper_description/meshes/rb2.STL
[1.523s] -- Symlinking: /home/chief-of-mischief/Desktop/pupper_ws/install/mini_pupper_description/share/mini_pupper_description/meshes/rb3.STL
[1.525s] -- Symlinking: /home/chief-of-mischief/Desktop/pupper_ws/install/mini_pupper_description/share/mini_pupper_description/meshes/rbfoot.STL
[1.548s] -- Symlinking: /home/chief-of-mischief/Desktop/pupper_ws/install/mini_pupper_description/share/mini_pupper_description/meshes/rf1.STL
[1.588s] -- Symlinking: /home/chief-of-mischief/Desktop/pupper_ws/install/mini_pupper_description/share/mini_pupper_description/meshes/rf2.STL
[1.611s] -- Symlinking: /home/chief-of-mischief/Desktop/pupper_ws/install/mini_pupper_description/share/mini_pupper_description/meshes/rf3.STL
[1.611s] -- Symlinking: /home/chief-of-mischief/Desktop/pupper_ws/install/mini_pupper_description/share/mini_pupper_description/meshes/rffoot.STL
[1.618s] -- Symlinking: /home/chief-of-mischief/Desktop/pupper_ws/install/mini_pupper_description/share/mini_pupper_description/meshes/rpb1.STL
[1.627s] -- Symlinking: /home/chief-of-mischief/Desktop/pupper_ws/install/mini_pupper_description/share/mini_pupper_description/meshes/rpb2.STL
[1.637s] -- Symlinking: /home/chief-of-mischief/Desktop/pupper_ws/install/mini_pupper_description/share/mini_pupper_description/meshes/rpf1.STL
[1.650s] -- Symlinking: /home/chief-of-mischief/Desktop/pupper_ws/install/mini_pupper_description/share/mini_pupper_description/meshes/rpf2.STL
[1.651s] -- Symlinking: /home/chief-of-mischief/Desktop/pupper_ws/install/mini_pupper_description/share/mini_pupper_description/meshes/yellow_plate.STL
[1.659s] -- Symlinking: /home/chief-of-mischief/Desktop/pupper_ws/install/mini_pupper_description/share/ament_index/resource_index/package_run_dependencies/mini_pupper_description
[1.672s] -- Symlinking: /home/chief-of-mischief/Desktop/pupper_ws/install/mini_pupper_description/share/ament_index/resource_index/parent_prefix_path/mini_pupper_description
[1.691s] -- Symlinking: /home/chief-of-mischief/Desktop/pupper_ws/install/mini_pupper_description/share/mini_pupper_description/environment/ament_prefix_path.sh
[1.691s] -- Symlinking: /home/chief-of-mischief/Desktop/pupper_ws/install/mini_pupper_description/share/mini_pupper_description/environment/ament_prefix_path.dsv
[1.705s] -- Symlinking: /home/chief-of-mischief/Desktop/pupper_ws/install/mini_pupper_description/share/mini_pupper_description/environment/path.sh
[1.707s] -- Symlinking: /home/chief-of-mischief/Desktop/pupper_ws/install/mini_pupper_description/share/mini_pupper_description/environment/path.dsv
[1.718s] -- Symlinking: /home/chief-of-mischief/Desktop/pupper_ws/install/mini_pupper_description/share/mini_pupper_description/local_setup.bash
[1.731s] -- Symlinking: /home/chief-of-mischief/Desktop/pupper_ws/install/mini_pupper_description/share/mini_pupper_description/local_setup.sh
[1.738s] -- Symlinking: /home/chief-of-mischief/Desktop/pupper_ws/install/mini_pupper_description/share/mini_pupper_description/local_setup.zsh
[1.744s] -- Symlinking: /home/chief-of-mischief/Desktop/pupper_ws/install/mini_pupper_description/share/mini_pupper_description/local_setup.dsv
[1.762s] -- Symlinking: /home/chief-of-mischief/Desktop/pupper_ws/install/mini_pupper_description/share/mini_pupper_description/package.dsv
[1.763s] -- Symlinking: /home/chief-of-mischief/Desktop/pupper_ws/install/mini_pupper_description/share/ament_index/resource_index/packages/mini_pupper_description
[1.769s] -- Symlinking: /home/chief-of-mischief/Desktop/pupper_ws/install/mini_pupper_description/share/mini_pupper_description/cmake/mini_pupper_descriptionConfig.cmake
[1.779s] -- Symlinking: /home/chief-of-mischief/Desktop/pupper_ws/install/mini_pupper_description/share/mini_pupper_description/cmake/mini_pupper_descriptionConfig-version.cmake
[1.783s] -- Symlinking: /home/chief-of-mischief/Desktop/pupper_ws/install/mini_pupper_description/share/mini_pupper_description/package.xml
[1.821s] Invoked command in '/home/chief-of-mischief/Desktop/pupper_ws/build/mini_pupper_description' returned '0': CMAKE_PREFIX_PATH=/opt/ros/humble /usr/bin/cmake --install /home/chief-of-mischief/Desktop/pupper_ws/build/mini_pupper_description
