[0.085s] Invoking command in '/home/chief-of-mischief/Desktop/pupper_ws/build/ldlidar_stl_ros2': CMAKE_PREFIX_PATH=/opt/ros/humble /usr/bin/cmake --build /home/chief-of-mischief/Desktop/pupper_ws/build/ldlidar_stl_ros2 -- -j24 -l24
[0.599s] [100%] Built target ldlidar_stl_ros2_node
[0.604s] Invoked command in '/home/chief-of-mischief/Desktop/pupper_ws/build/ldlidar_stl_ros2' returned '0': CMAKE_PREFIX_PATH=/opt/ros/humble /usr/bin/cmake --build /home/chief-of-mischief/Desktop/pupper_ws/build/ldlidar_stl_ros2 -- -j24 -l24
[0.714s] Invoking command in '/home/chief-of-mischief/Desktop/pupper_ws/build/ldlidar_stl_ros2': CMAKE_PREFIX_PATH=/opt/ros/humble /usr/bin/cmake --install /home/chief-of-mischief/Desktop/pupper_ws/build/ldlidar_stl_ros2
[0.730s] -- Install configuration: ""
[0.730s] -- Execute custom install script
[0.730s] -- Up-to-date symlink: /home/chief-of-mischief/Desktop/pupper_ws/install/ldlidar_stl_ros2/lib/ldlidar_stl_ros2/ldlidar_stl_ros2_node
[0.730s] -- Up-to-date symlink: /home/chief-of-mischief/Desktop/pupper_ws/install/ldlidar_stl_ros2/share/ldlidar_stl_ros2//launch/ld06.launch.py
[0.730s] -- Up-to-date symlink: /home/chief-of-mischief/Desktop/pupper_ws/install/ldlidar_stl_ros2/share/ldlidar_stl_ros2//launch/ld19.launch.py
[0.730s] -- Up-to-date symlink: /home/chief-of-mischief/Desktop/pupper_ws/install/ldlidar_stl_ros2/share/ldlidar_stl_ros2//launch/stl27l.launch.py
[0.730s] -- Up-to-date symlink: /home/chief-of-mischief/Desktop/pupper_ws/install/ldlidar_stl_ros2/share/ldlidar_stl_ros2//launch/viewer_ld06.launch.py
[0.730s] -- Up-to-date symlink: /home/chief-of-mischief/Desktop/pupper_ws/install/ldlidar_stl_ros2/share/ldlidar_stl_ros2//launch/viewer_ld19.launch.py
[0.730s] -- Up-to-date symlink: /home/chief-of-mischief/Desktop/pupper_ws/install/ldlidar_stl_ros2/share/ldlidar_stl_ros2//launch/viewer_stl27l.launch.py
[0.730s] -- Up-to-date symlink: /home/chief-of-mischief/Desktop/pupper_ws/install/ldlidar_stl_ros2/share/ldlidar_stl_ros2//rviz2/ldlidar.rviz
[0.730s] -- Up-to-date symlink: /home/chief-of-mischief/Desktop/pupper_ws/install/ldlidar_stl_ros2/share/ament_index/resource_index/package_run_dependencies/ldlidar_stl_ros2
[0.730s] -- Up-to-date symlink: /home/chief-of-mischief/Desktop/pupper_ws/install/ldlidar_stl_ros2/share/ament_index/resource_index/parent_prefix_path/ldlidar_stl_ros2
[0.730s] -- Up-to-date symlink: /home/chief-of-mischief/Desktop/pupper_ws/install/ldlidar_stl_ros2/share/ldlidar_stl_ros2/environment/ament_prefix_path.sh
[0.731s] -- Up-to-date symlink: /home/chief-of-mischief/Desktop/pupper_ws/install/ldlidar_stl_ros2/share/ldlidar_stl_ros2/environment/ament_prefix_path.dsv
[0.731s] -- Up-to-date symlink: /home/chief-of-mischief/Desktop/pupper_ws/install/ldlidar_stl_ros2/share/ldlidar_stl_ros2/environment/path.sh
[0.731s] -- Up-to-date symlink: /home/chief-of-mischief/Desktop/pupper_ws/install/ldlidar_stl_ros2/share/ldlidar_stl_ros2/environment/path.dsv
[0.731s] -- Up-to-date symlink: /home/chief-of-mischief/Desktop/pupper_ws/install/ldlidar_stl_ros2/share/ldlidar_stl_ros2/local_setup.bash
[0.731s] -- Up-to-date symlink: /home/chief-of-mischief/Desktop/pupper_ws/install/ldlidar_stl_ros2/share/ldlidar_stl_ros2/local_setup.sh
[0.731s] -- Up-to-date symlink: /home/chief-of-mischief/Desktop/pupper_ws/install/ldlidar_stl_ros2/share/ldlidar_stl_ros2/local_setup.zsh
[0.732s] -- Up-to-date symlink: /home/chief-of-mischief/Desktop/pupper_ws/install/ldlidar_stl_ros2/share/ldlidar_stl_ros2/local_setup.dsv
[0.732s] -- Symlinking: /home/chief-of-mischief/Desktop/pupper_ws/install/ldlidar_stl_ros2/share/ldlidar_stl_ros2/package.dsv
[0.736s] -- Up-to-date symlink: /home/chief-of-mischief/Desktop/pupper_ws/install/ldlidar_stl_ros2/share/ament_index/resource_index/packages/ldlidar_stl_ros2
[0.736s] -- Up-to-date symlink: /home/chief-of-mischief/Desktop/pupper_ws/install/ldlidar_stl_ros2/share/ldlidar_stl_ros2/cmake/ldlidar_stl_ros2Config.cmake
[0.736s] -- Up-to-date symlink: /home/chief-of-mischief/Desktop/pupper_ws/install/ldlidar_stl_ros2/share/ldlidar_stl_ros2/cmake/ldlidar_stl_ros2Config-version.cmake
[0.736s] -- Up-to-date symlink: /home/chief-of-mischief/Desktop/pupper_ws/install/ldlidar_stl_ros2/share/ldlidar_stl_ros2/package.xml
[0.839s] Invoked command in '/home/chief-of-mischief/Desktop/pupper_ws/build/ldlidar_stl_ros2' returned '0': CMAKE_PREFIX_PATH=/opt/ros/humble /usr/bin/cmake --install /home/chief-of-mischief/Desktop/pupper_ws/build/ldlidar_stl_ros2
