[0.062s] Invoking command in '/home/chief-of-mischief/Desktop/pupper_ws/build/champ_description': CMAKE_PREFIX_PATH=/opt/ros/humble /usr/bin/cmake /home/chief-of-mischief/Desktop/pupper_ws/src/champ/champ/champ_description -DAMENT_CMAKE_SYMLINK_INSTALL=1 -DCMAKE_INSTALL_PREFIX=/home/chief-of-mischief/Desktop/pupper_ws/install/champ_description
[0.417s] -- The C compiler identification is GNU 11.3.0
[0.417s] -- The CXX compiler identification is GNU 11.3.0
[0.417s] -- Detecting C compiler ABI info
[0.417s] -- Detecting C compiler ABI info - done
[0.417s] -- Check for working C compiler: /usr/bin/cc - skipped
[0.418s] -- Detecting C compile features
[0.418s] -- Detecting C compile features - done
[0.419s] -- Detecting CXX compiler ABI info
[0.420s] -- Detecting CXX compiler ABI info - done
[0.442s] -- Check for working CXX compiler: /usr/bin/c++ - skipped
[0.442s] -- Detecting CXX compile features
[0.443s] -- Detecting CXX compile features - done
[0.445s] -- Found ament_cmake: 1.3.3 (/opt/ros/humble/share/ament_cmake/cmake)
[0.716s] -- Found Python3: /usr/bin/python3.10 (found version "3.10.6") found components: Interpreter 
[0.799s] -- Override CMake install command with custom implementation using symlinks instead of copying resources
[0.843s] -- Found ament_lint_auto: 0.12.4 (/opt/ros/humble/share/ament_lint_auto/cmake)
[0.940s] -- Configuring done
[0.950s] -- Generating done
[0.951s] -- Build files have been written to: /home/chief-of-mischief/Desktop/pupper_ws/build/champ_description
[0.956s] Invoked command in '/home/chief-of-mischief/Desktop/pupper_ws/build/champ_description' returned '0': CMAKE_PREFIX_PATH=/opt/ros/humble /usr/bin/cmake /home/chief-of-mischief/Desktop/pupper_ws/src/champ/champ/champ_description -DAMENT_CMAKE_SYMLINK_INSTALL=1 -DCMAKE_INSTALL_PREFIX=/home/chief-of-mischief/Desktop/pupper_ws/install/champ_description
[0.961s] Invoking command in '/home/chief-of-mischief/Desktop/pupper_ws/build/champ_description': CMAKE_PREFIX_PATH=/opt/ros/humble /usr/bin/cmake --build /home/chief-of-mischief/Desktop/pupper_ws/build/champ_description -- -j24 -l24
[1.009s] Invoked command in '/home/chief-of-mischief/Desktop/pupper_ws/build/champ_description' returned '0': CMAKE_PREFIX_PATH=/opt/ros/humble /usr/bin/cmake --build /home/chief-of-mischief/Desktop/pupper_ws/build/champ_description -- -j24 -l24
[1.056s] Invoking command in '/home/chief-of-mischief/Desktop/pupper_ws/build/champ_description': CMAKE_PREFIX_PATH=/opt/ros/humble /usr/bin/cmake --install /home/chief-of-mischief/Desktop/pupper_ws/build/champ_description
[1.071s] -- Install configuration: ""
[1.071s] -- Execute custom install script
[1.071s] -- Symlinking: /home/chief-of-mischief/Desktop/pupper_ws/install/champ_description/share/champ_description/launch/description.launch
[1.076s] -- Symlinking: /home/chief-of-mischief/Desktop/pupper_ws/install/champ_description/share/champ_description/launch/description.launch.py
[1.079s] -- Symlinking: /home/chief-of-mischief/Desktop/pupper_ws/install/champ_description/share/champ_description/launch/view_urdf.launch
[1.087s] -- Symlinking: /home/chief-of-mischief/Desktop/pupper_ws/install/champ_description/share/champ_description/rviz/urdf_viewer.rviz
[1.099s] -- Symlinking: /home/chief-of-mischief/Desktop/pupper_ws/install/champ_description/share/champ_description/meshes/arm/base.stl
[1.112s] -- Symlinking: /home/chief-of-mischief/Desktop/pupper_ws/install/champ_description/share/champ_description/meshes/arm/lower_arm.stl
[1.128s] -- Symlinking: /home/chief-of-mischief/Desktop/pupper_ws/install/champ_description/share/champ_description/meshes/arm/upper_arm.stl
[1.135s] -- Symlinking: /home/chief-of-mischief/Desktop/pupper_ws/install/champ_description/share/champ_description/meshes/arm/wrist1.stl
[1.143s] -- Symlinking: /home/chief-of-mischief/Desktop/pupper_ws/install/champ_description/share/champ_description/meshes/arm/wrist2.stl
[1.152s] -- Symlinking: /home/chief-of-mischief/Desktop/pupper_ws/install/champ_description/share/champ_description/meshes/asus_camera_simple.dae
[1.161s] -- Symlinking: /home/chief-of-mischief/Desktop/pupper_ws/install/champ_description/share/champ_description/meshes/base.stl
[1.173s] -- Symlinking: /home/chief-of-mischief/Desktop/pupper_ws/install/champ_description/share/champ_description/meshes/base_simple.stl
[1.182s] -- Symlinking: /home/chief-of-mischief/Desktop/pupper_ws/install/champ_description/share/champ_description/meshes/hip.stl
[1.193s] -- Symlinking: /home/chief-of-mischief/Desktop/pupper_ws/install/champ_description/share/champ_description/meshes/hokuyo_utm_30lx.dae
[1.203s] -- Symlinking: /home/chief-of-mischief/Desktop/pupper_ws/install/champ_description/share/champ_description/meshes/lower_leg.stl
[1.215s] -- Symlinking: /home/chief-of-mischief/Desktop/pupper_ws/install/champ_description/share/champ_description/meshes/lower_leg_simple.stl
[1.238s] -- Symlinking: /home/chief-of-mischief/Desktop/pupper_ws/install/champ_description/share/champ_description/meshes/upper_leg.stl
[1.251s] -- Symlinking: /home/chief-of-mischief/Desktop/pupper_ws/install/champ_description/share/champ_description/meshes/upper_leg_simple.stl
[1.280s] -- Symlinking: /home/chief-of-mischief/Desktop/pupper_ws/install/champ_description/share/champ_description/urdf/accessories.urdf.xacro
[1.296s] -- Symlinking: /home/chief-of-mischief/Desktop/pupper_ws/install/champ_description/share/champ_description/urdf/asus_camera.urdf.xacro
[1.318s] -- Symlinking: /home/chief-of-mischief/Desktop/pupper_ws/install/champ_description/share/champ_description/urdf/champ.urdf
[1.343s] -- Symlinking: /home/chief-of-mischief/Desktop/pupper_ws/install/champ_description/share/champ_description/urdf/champ.urdf.xacro
[1.359s] -- Symlinking: /home/chief-of-mischief/Desktop/pupper_ws/install/champ_description/share/champ_description/urdf/champ_arm.urdf
[1.400s] -- Symlinking: /home/chief-of-mischief/Desktop/pupper_ws/install/champ_description/share/champ_description/urdf/champ_velodyne.urdf
[1.413s] -- Symlinking: /home/chief-of-mischief/Desktop/pupper_ws/install/champ_description/share/champ_description/urdf/gen_urdf
[1.424s] -- Symlinking: /home/chief-of-mischief/Desktop/pupper_ws/install/champ_description/share/champ_description/urdf/hokuyo_utm30lx.urdf.xacro
[1.440s] -- Symlinking: /home/chief-of-mischief/Desktop/pupper_ws/install/champ_description/share/champ_description/urdf/leg.urdf.xacro
[1.454s] -- Symlinking: /home/chief-of-mischief/Desktop/pupper_ws/install/champ_description/share/champ_description/urdf/properties.urdf.xacro
[1.463s] -- Symlinking: /home/chief-of-mischief/Desktop/pupper_ws/install/champ_description/share/ament_index/resource_index/package_run_dependencies/champ_description
[1.475s] -- Symlinking: /home/chief-of-mischief/Desktop/pupper_ws/install/champ_description/share/ament_index/resource_index/parent_prefix_path/champ_description
[1.492s] -- Symlinking: /home/chief-of-mischief/Desktop/pupper_ws/install/champ_description/share/champ_description/environment/ament_prefix_path.sh
[1.500s] -- Symlinking: /home/chief-of-mischief/Desktop/pupper_ws/install/champ_description/share/champ_description/environment/ament_prefix_path.dsv
[1.523s] -- Symlinking: /home/chief-of-mischief/Desktop/pupper_ws/install/champ_description/share/champ_description/environment/path.sh
[1.527s] -- Symlinking: /home/chief-of-mischief/Desktop/pupper_ws/install/champ_description/share/champ_description/environment/path.dsv
[1.555s] -- Symlinking: /home/chief-of-mischief/Desktop/pupper_ws/install/champ_description/share/champ_description/local_setup.bash
[1.569s] -- Symlinking: /home/chief-of-mischief/Desktop/pupper_ws/install/champ_description/share/champ_description/local_setup.sh
[1.593s] -- Symlinking: /home/chief-of-mischief/Desktop/pupper_ws/install/champ_description/share/champ_description/local_setup.zsh
[1.626s] -- Symlinking: /home/chief-of-mischief/Desktop/pupper_ws/install/champ_description/share/champ_description/local_setup.dsv
[1.642s] -- Symlinking: /home/chief-of-mischief/Desktop/pupper_ws/install/champ_description/share/champ_description/package.dsv
[1.642s] -- Symlinking: /home/chief-of-mischief/Desktop/pupper_ws/install/champ_description/share/ament_index/resource_index/packages/champ_description
[1.654s] -- Symlinking: /home/chief-of-mischief/Desktop/pupper_ws/install/champ_description/share/champ_description/cmake/champ_descriptionConfig.cmake
[1.659s] -- Symlinking: /home/chief-of-mischief/Desktop/pupper_ws/install/champ_description/share/champ_description/cmake/champ_descriptionConfig-version.cmake
[1.680s] -- Symlinking: /home/chief-of-mischief/Desktop/pupper_ws/install/champ_description/share/champ_description/package.xml
[1.719s] Invoked command in '/home/chief-of-mischief/Desktop/pupper_ws/build/champ_description' returned '0': CMAKE_PREFIX_PATH=/opt/ros/humble /usr/bin/cmake --install /home/chief-of-mischief/Desktop/pupper_ws/build/champ_description
