-- The C compiler identification is GNU 11.3.0
-- The CXX compiler identification is GNU 11.3.0
-- Detecting C compiler ABI info
-- Detecting C compiler ABI info - done
-- Check for working C compiler: /usr/bin/cc - skipped
-- Detecting C compile features
-- Detecting C compile features - done
-- Detecting CXX compiler ABI info
-- Detecting CXX compiler ABI info - done
-- Check for working CXX compiler: /usr/bin/c++ - skipped
-- Detecting CXX compile features
-- Detecting CXX compile features - done
-- Found ament_cmake: 1.3.3 (/opt/ros/humble/share/ament_cmake/cmake)
-- Found Python3: /usr/bin/python3.10 (found version "3.10.6") found components: Interpreter 
-- Override CMake install command with custom implementation using symlinks instead of copying resources
-- Found ament_lint_auto: 0.12.4 (/opt/ros/humble/share/ament_lint_auto/cmake)
-- Added test 'copyright' to check source files copyright and LICENSE
-- Added test 'flake8' to check Python code syntax and style conventions
-- Added test 'lint_cmake' to check CMake code style
-- Added test 'pep257' to check Python code against some of the docstring style conventions in PEP 257
-- Added test 'xmllint' to check XML markup files
-- Configuring done
-- Generating done
-- Build files have been written to: /home/chief-of-mischief/Desktop/pupper_ws/build/mini_pupper_bringup
-- Install configuration: ""
-- Execute custom install script
-- Symlinking: /home/chief-of-mischief/Desktop/pupper_ws/install/mini_pupper_bringup/share/mini_pupper_bringup/launch/bringup.launch.py
-- Symlinking: /home/chief-of-mischief/Desktop/pupper_ws/install/mini_pupper_bringup/share/mini_pupper_bringup/launch/lidar.launch.py
-- Symlinking: /home/chief-of-mischief/Desktop/pupper_ws/install/mini_pupper_bringup/share/ament_index/resource_index/package_run_dependencies/mini_pupper_bringup
-- Symlinking: /home/chief-of-mischief/Desktop/pupper_ws/install/mini_pupper_bringup/share/ament_index/resource_index/parent_prefix_path/mini_pupper_bringup
-- Symlinking: /home/chief-of-mischief/Desktop/pupper_ws/install/mini_pupper_bringup/share/mini_pupper_bringup/environment/ament_prefix_path.sh
-- Symlinking: /home/chief-of-mischief/Desktop/pupper_ws/install/mini_pupper_bringup/share/mini_pupper_bringup/environment/ament_prefix_path.dsv
-- Symlinking: /home/chief-of-mischief/Desktop/pupper_ws/install/mini_pupper_bringup/share/mini_pupper_bringup/environment/path.sh
-- Symlinking: /home/chief-of-mischief/Desktop/pupper_ws/install/mini_pupper_bringup/share/mini_pupper_bringup/environment/path.dsv
-- Symlinking: /home/chief-of-mischief/Desktop/pupper_ws/install/mini_pupper_bringup/share/mini_pupper_bringup/local_setup.bash
-- Symlinking: /home/chief-of-mischief/Desktop/pupper_ws/install/mini_pupper_bringup/share/mini_pupper_bringup/local_setup.sh
-- Symlinking: /home/chief-of-mischief/Desktop/pupper_ws/install/mini_pupper_bringup/share/mini_pupper_bringup/local_setup.zsh
-- Symlinking: /home/chief-of-mischief/Desktop/pupper_ws/install/mini_pupper_bringup/share/mini_pupper_bringup/local_setup.dsv
-- Symlinking: /home/chief-of-mischief/Desktop/pupper_ws/install/mini_pupper_bringup/share/mini_pupper_bringup/package.dsv
-- Symlinking: /home/chief-of-mischief/Desktop/pupper_ws/install/mini_pupper_bringup/share/ament_index/resource_index/packages/mini_pupper_bringup
-- Symlinking: /home/chief-of-mischief/Desktop/pupper_ws/install/mini_pupper_bringup/share/mini_pupper_bringup/cmake/mini_pupper_bringupConfig.cmake
-- Symlinking: /home/chief-of-mischief/Desktop/pupper_ws/install/mini_pupper_bringup/share/mini_pupper_bringup/cmake/mini_pupper_bringupConfig-version.cmake
-- Symlinking: /home/chief-of-mischief/Desktop/pupper_ws/install/mini_pupper_bringup/share/mini_pupper_bringup/package.xml
