[0.008s] Invoking command in '/home/chief-of-mischief/Desktop/pupper_ws/build/mini_pupper_bringup': AMENT_PREFIX_PATH=/home/chief-of-mischief/Desktop/pupper_ws/install/champ_base:/home/chief-of-mischief/Desktop/pupper_ws/install/champ_msgs:/home/chief-of-mischief/Desktop/pupper_ws/install/champ:${AMENT_PREFIX_PATH} CMAKE_PREFIX_PATH=/home/chief-of-mischief/Desktop/pupper_ws/install/champ_base:/home/chief-of-mischief/Desktop/pupper_ws/install/champ_msgs:/home/chief-of-mischief/Desktop/pupper_ws/install/champ:/opt/ros/humble LD_LIBRARY_PATH=/home/chief-of-mischief/Desktop/pupper_ws/install/champ_base/lib:/home/chief-of-mischief/Desktop/pupper_ws/install/champ_msgs/lib:${LD_LIBRARY_PATH} PATH=/home/chief-of-mischief/Desktop/pupper_ws/install/champ_base/bin:${PATH} PYTHONPATH=/home/chief-of-mischief/Desktop/pupper_ws/install/champ_msgs/local/lib/python3.10/dist-packages:${PYTHONPATH} /usr/bin/cmake /home/chief-of-mischief/Desktop/pupper_ws/src/mini_pupper_ros/mini_pupper_bringup -DAMENT_CMAKE_SYMLINK_INSTALL=1 -DCMAKE_INSTALL_PREFIX=/home/chief-of-mischief/Desktop/pupper_ws/install/mini_pupper_bringup
[0.043s] -- The C compiler identification is GNU 11.3.0
[0.082s] -- The CXX compiler identification is GNU 11.3.0
[0.088s] -- Detecting C compiler ABI info
[0.134s] -- Detecting C compiler ABI info - done
[0.140s] -- Check for working C compiler: /usr/bin/cc - skipped
[0.140s] -- Detecting C compile features
[0.141s] -- Detecting C compile features - done
[0.143s] -- Detecting CXX compiler ABI info
[0.197s] -- Detecting CXX compiler ABI info - done
[0.203s] -- Check for working CXX compiler: /usr/bin/c++ - skipped
[0.203s] -- Detecting CXX compile features
[0.203s] -- Detecting CXX compile features - done
[0.205s] -- Found ament_cmake: 1.3.3 (/opt/ros/humble/share/ament_cmake/cmake)
[0.335s] -- Found Python3: /usr/bin/python3.10 (found version "3.10.6") found components: Interpreter 
[0.379s] -- Override CMake install command with custom implementation using symlinks instead of copying resources
[0.403s] -- Found ament_lint_auto: 0.12.4 (/opt/ros/humble/share/ament_lint_auto/cmake)
[0.466s] -- Added test 'copyright' to check source files copyright and LICENSE
[0.467s] -- Added test 'flake8' to check Python code syntax and style conventions
[0.468s] -- Added test 'lint_cmake' to check CMake code style
[0.468s] -- Added test 'pep257' to check Python code against some of the docstring style conventions in PEP 257
[0.469s] -- Added test 'xmllint' to check XML markup files
[0.470s] -- Configuring done
[0.471s] -- Generating done
[0.472s] -- Build files have been written to: /home/chief-of-mischief/Desktop/pupper_ws/build/mini_pupper_bringup
[0.475s] Invoked command in '/home/chief-of-mischief/Desktop/pupper_ws/build/mini_pupper_bringup' returned '0': AMENT_PREFIX_PATH=/home/chief-of-mischief/Desktop/pupper_ws/install/champ_base:/home/chief-of-mischief/Desktop/pupper_ws/install/champ_msgs:/home/chief-of-mischief/Desktop/pupper_ws/install/champ:${AMENT_PREFIX_PATH} CMAKE_PREFIX_PATH=/home/chief-of-mischief/Desktop/pupper_ws/install/champ_base:/home/chief-of-mischief/Desktop/pupper_ws/install/champ_msgs:/home/chief-of-mischief/Desktop/pupper_ws/install/champ:/opt/ros/humble LD_LIBRARY_PATH=/home/chief-of-mischief/Desktop/pupper_ws/install/champ_base/lib:/home/chief-of-mischief/Desktop/pupper_ws/install/champ_msgs/lib:${LD_LIBRARY_PATH} PATH=/home/chief-of-mischief/Desktop/pupper_ws/install/champ_base/bin:${PATH} PYTHONPATH=/home/chief-of-mischief/Desktop/pupper_ws/install/champ_msgs/local/lib/python3.10/dist-packages:${PYTHONPATH} /usr/bin/cmake /home/chief-of-mischief/Desktop/pupper_ws/src/mini_pupper_ros/mini_pupper_bringup -DAMENT_CMAKE_SYMLINK_INSTALL=1 -DCMAKE_INSTALL_PREFIX=/home/chief-of-mischief/Desktop/pupper_ws/install/mini_pupper_bringup
[0.476s] Invoking command in '/home/chief-of-mischief/Desktop/pupper_ws/build/mini_pupper_bringup': AMENT_PREFIX_PATH=/home/chief-of-mischief/Desktop/pupper_ws/install/champ_base:/home/chief-of-mischief/Desktop/pupper_ws/install/champ_msgs:/home/chief-of-mischief/Desktop/pupper_ws/install/champ:${AMENT_PREFIX_PATH} CMAKE_PREFIX_PATH=/home/chief-of-mischief/Desktop/pupper_ws/install/champ_base:/home/chief-of-mischief/Desktop/pupper_ws/install/champ_msgs:/home/chief-of-mischief/Desktop/pupper_ws/install/champ:/opt/ros/humble LD_LIBRARY_PATH=/home/chief-of-mischief/Desktop/pupper_ws/install/champ_base/lib:/home/chief-of-mischief/Desktop/pupper_ws/install/champ_msgs/lib:${LD_LIBRARY_PATH} PATH=/home/chief-of-mischief/Desktop/pupper_ws/install/champ_base/bin:${PATH} PYTHONPATH=/home/chief-of-mischief/Desktop/pupper_ws/install/champ_msgs/local/lib/python3.10/dist-packages:${PYTHONPATH} /usr/bin/cmake --build /home/chief-of-mischief/Desktop/pupper_ws/build/mini_pupper_bringup -- -j24 -l24
[0.502s] Invoked command in '/home/chief-of-mischief/Desktop/pupper_ws/build/mini_pupper_bringup' returned '0': AMENT_PREFIX_PATH=/home/chief-of-mischief/Desktop/pupper_ws/install/champ_base:/home/chief-of-mischief/Desktop/pupper_ws/install/champ_msgs:/home/chief-of-mischief/Desktop/pupper_ws/install/champ:${AMENT_PREFIX_PATH} CMAKE_PREFIX_PATH=/home/chief-of-mischief/Desktop/pupper_ws/install/champ_base:/home/chief-of-mischief/Desktop/pupper_ws/install/champ_msgs:/home/chief-of-mischief/Desktop/pupper_ws/install/champ:/opt/ros/humble LD_LIBRARY_PATH=/home/chief-of-mischief/Desktop/pupper_ws/install/champ_base/lib:/home/chief-of-mischief/Desktop/pupper_ws/install/champ_msgs/lib:${LD_LIBRARY_PATH} PATH=/home/chief-of-mischief/Desktop/pupper_ws/install/champ_base/bin:${PATH} PYTHONPATH=/home/chief-of-mischief/Desktop/pupper_ws/install/champ_msgs/local/lib/python3.10/dist-packages:${PYTHONPATH} /usr/bin/cmake --build /home/chief-of-mischief/Desktop/pupper_ws/build/mini_pupper_bringup -- -j24 -l24
[0.517s] Invoking command in '/home/chief-of-mischief/Desktop/pupper_ws/build/mini_pupper_bringup': AMENT_PREFIX_PATH=/home/chief-of-mischief/Desktop/pupper_ws/install/champ_base:/home/chief-of-mischief/Desktop/pupper_ws/install/champ_msgs:/home/chief-of-mischief/Desktop/pupper_ws/install/champ:${AMENT_PREFIX_PATH} CMAKE_PREFIX_PATH=/home/chief-of-mischief/Desktop/pupper_ws/install/champ_base:/home/chief-of-mischief/Desktop/pupper_ws/install/champ_msgs:/home/chief-of-mischief/Desktop/pupper_ws/install/champ:/opt/ros/humble LD_LIBRARY_PATH=/home/chief-of-mischief/Desktop/pupper_ws/install/champ_base/lib:/home/chief-of-mischief/Desktop/pupper_ws/install/champ_msgs/lib:${LD_LIBRARY_PATH} PATH=/home/chief-of-mischief/Desktop/pupper_ws/install/champ_base/bin:${PATH} PYTHONPATH=/home/chief-of-mischief/Desktop/pupper_ws/install/champ_msgs/local/lib/python3.10/dist-packages:${PYTHONPATH} /usr/bin/cmake --install /home/chief-of-mischief/Desktop/pupper_ws/build/mini_pupper_bringup
[0.521s] -- Install configuration: ""
[0.522s] -- Execute custom install script
[0.522s] -- Symlinking: /home/chief-of-mischief/Desktop/pupper_ws/install/mini_pupper_bringup/share/mini_pupper_bringup/launch/bringup.launch.py
[0.527s] -- Symlinking: /home/chief-of-mischief/Desktop/pupper_ws/install/mini_pupper_bringup/share/mini_pupper_bringup/launch/lidar.launch.py
[0.533s] -- Symlinking: /home/chief-of-mischief/Desktop/pupper_ws/install/mini_pupper_bringup/share/ament_index/resource_index/package_run_dependencies/mini_pupper_bringup
[0.538s] -- Symlinking: /home/chief-of-mischief/Desktop/pupper_ws/install/mini_pupper_bringup/share/ament_index/resource_index/parent_prefix_path/mini_pupper_bringup
[0.543s] -- Symlinking: /home/chief-of-mischief/Desktop/pupper_ws/install/mini_pupper_bringup/share/mini_pupper_bringup/environment/ament_prefix_path.sh
[0.549s] -- Symlinking: /home/chief-of-mischief/Desktop/pupper_ws/install/mini_pupper_bringup/share/mini_pupper_bringup/environment/ament_prefix_path.dsv
[0.554s] -- Symlinking: /home/chief-of-mischief/Desktop/pupper_ws/install/mini_pupper_bringup/share/mini_pupper_bringup/environment/path.sh
[0.559s] -- Symlinking: /home/chief-of-mischief/Desktop/pupper_ws/install/mini_pupper_bringup/share/mini_pupper_bringup/environment/path.dsv
[0.564s] -- Symlinking: /home/chief-of-mischief/Desktop/pupper_ws/install/mini_pupper_bringup/share/mini_pupper_bringup/local_setup.bash
[0.569s] -- Symlinking: /home/chief-of-mischief/Desktop/pupper_ws/install/mini_pupper_bringup/share/mini_pupper_bringup/local_setup.sh
[0.574s] -- Symlinking: /home/chief-of-mischief/Desktop/pupper_ws/install/mini_pupper_bringup/share/mini_pupper_bringup/local_setup.zsh
[0.579s] -- Symlinking: /home/chief-of-mischief/Desktop/pupper_ws/install/mini_pupper_bringup/share/mini_pupper_bringup/local_setup.dsv
[0.585s] -- Symlinking: /home/chief-of-mischief/Desktop/pupper_ws/install/mini_pupper_bringup/share/mini_pupper_bringup/package.dsv
[0.591s] -- Symlinking: /home/chief-of-mischief/Desktop/pupper_ws/install/mini_pupper_bringup/share/ament_index/resource_index/packages/mini_pupper_bringup
[0.597s] -- Symlinking: /home/chief-of-mischief/Desktop/pupper_ws/install/mini_pupper_bringup/share/mini_pupper_bringup/cmake/mini_pupper_bringupConfig.cmake
[0.603s] -- Symlinking: /home/chief-of-mischief/Desktop/pupper_ws/install/mini_pupper_bringup/share/mini_pupper_bringup/cmake/mini_pupper_bringupConfig-version.cmake
[0.609s] -- Symlinking: /home/chief-of-mischief/Desktop/pupper_ws/install/mini_pupper_bringup/share/mini_pupper_bringup/package.xml
[0.617s] Invoked command in '/home/chief-of-mischief/Desktop/pupper_ws/build/mini_pupper_bringup' returned '0': AMENT_PREFIX_PATH=/home/chief-of-mischief/Desktop/pupper_ws/install/champ_base:/home/chief-of-mischief/Desktop/pupper_ws/install/champ_msgs:/home/chief-of-mischief/Desktop/pupper_ws/install/champ:${AMENT_PREFIX_PATH} CMAKE_PREFIX_PATH=/home/chief-of-mischief/Desktop/pupper_ws/install/champ_base:/home/chief-of-mischief/Desktop/pupper_ws/install/champ_msgs:/home/chief-of-mischief/Desktop/pupper_ws/install/champ:/opt/ros/humble LD_LIBRARY_PATH=/home/chief-of-mischief/Desktop/pupper_ws/install/champ_base/lib:/home/chief-of-mischief/Desktop/pupper_ws/install/champ_msgs/lib:${LD_LIBRARY_PATH} PATH=/home/chief-of-mischief/Desktop/pupper_ws/install/champ_base/bin:${PATH} PYTHONPATH=/home/chief-of-mischief/Desktop/pupper_ws/install/champ_msgs/local/lib/python3.10/dist-packages:${PYTHONPATH} /usr/bin/cmake --install /home/chief-of-mischief/Desktop/pupper_ws/build/mini_pupper_bringup
