-- Install configuration: ""
-- Execute custom install script
-- Up-to-date symlink: /home/chief-of-mischief/Desktop/pupper_ws/install/champ_config/share/champ_config/launch/bringup.launch.py
-- Up-to-date symlink: /home/chief-of-mischief/Desktop/pupper_ws/install/champ_config/share/champ_config/launch/gazebo.launch.py
-- Up-to-date symlink: /home/chief-of-mischief/Desktop/pupper_ws/install/champ_config/share/champ_config/launch/navigate.launch.py
-- Up-to-date symlink: /home/chief-of-mischief/Desktop/pupper_ws/install/champ_config/share/champ_config/launch/slam.launch.py
-- Up-to-date symlink: /home/chief-of-mischief/Desktop/pupper_ws/install/champ_config/share/champ_config/config/autonomy/navigation.yaml
-- Up-to-date symlink: /home/chief-of-mischief/Desktop/pupper_ws/install/champ_config/share/champ_config/config/autonomy/slam.yaml
-- Up-to-date symlink: /home/chief-of-mischief/Desktop/pupper_ws/install/champ_config/share/champ_config/config/gait/gait.yaml
-- Up-to-date symlink: /home/chief-of-mischief/Desktop/pupper_ws/install/champ_config/share/champ_config/config/joints/joints.yaml
-- Up-to-date symlink: /home/chief-of-mischief/Desktop/pupper_ws/install/champ_config/share/champ_config/config/links/links.yaml
-- Up-to-date symlink: /home/chief-of-mischief/Desktop/pupper_ws/install/champ_config/share/champ_config/maps/map.pgm
-- Up-to-date symlink: /home/chief-of-mischief/Desktop/pupper_ws/install/champ_config/share/champ_config/maps/map.yaml
-- Up-to-date symlink: /home/chief-of-mischief/Desktop/pupper_ws/install/champ_config/share/champ_config/maps/playground.pgm
-- Up-to-date symlink: /home/chief-of-mischief/Desktop/pupper_ws/install/champ_config/share/champ_config/maps/playground.yaml
-- Up-to-date symlink: /home/chief-of-mischief/Desktop/pupper_ws/install/champ_config/share/champ_config/worlds/default.world
-- Up-to-date symlink: /home/chief-of-mischief/Desktop/pupper_ws/install/champ_config/share/champ_config/worlds/outdoor.world
-- Up-to-date symlink: /home/chief-of-mischief/Desktop/pupper_ws/install/champ_config/share/champ_config/worlds/playground.world
-- Up-to-date symlink: /home/chief-of-mischief/Desktop/pupper_ws/install/champ_config/share/ament_index/resource_index/package_run_dependencies/champ_config
-- Up-to-date symlink: /home/chief-of-mischief/Desktop/pupper_ws/install/champ_config/share/ament_index/resource_index/parent_prefix_path/champ_config
-- Up-to-date symlink: /home/chief-of-mischief/Desktop/pupper_ws/install/champ_config/share/champ_config/environment/ament_prefix_path.sh
-- Up-to-date symlink: /home/chief-of-mischief/Desktop/pupper_ws/install/champ_config/share/champ_config/environment/ament_prefix_path.dsv
-- Up-to-date symlink: /home/chief-of-mischief/Desktop/pupper_ws/install/champ_config/share/champ_config/environment/path.sh
-- Up-to-date symlink: /home/chief-of-mischief/Desktop/pupper_ws/install/champ_config/share/champ_config/environment/path.dsv
-- Up-to-date symlink: /home/chief-of-mischief/Desktop/pupper_ws/install/champ_config/share/champ_config/local_setup.bash
-- Up-to-date symlink: /home/chief-of-mischief/Desktop/pupper_ws/install/champ_config/share/champ_config/local_setup.sh
-- Up-to-date symlink: /home/chief-of-mischief/Desktop/pupper_ws/install/champ_config/share/champ_config/local_setup.zsh
-- Up-to-date symlink: /home/chief-of-mischief/Desktop/pupper_ws/install/champ_config/share/champ_config/local_setup.dsv
-- Symlinking: /home/chief-of-mischief/Desktop/pupper_ws/install/champ_config/share/champ_config/package.dsv
-- Up-to-date symlink: /home/chief-of-mischief/Desktop/pupper_ws/install/champ_config/share/ament_index/resource_index/packages/champ_config
-- Up-to-date symlink: /home/chief-of-mischief/Desktop/pupper_ws/install/champ_config/share/champ_config/cmake/champ_configConfig.cmake
-- Up-to-date symlink: /home/chief-of-mischief/Desktop/pupper_ws/install/champ_config/share/champ_config/cmake/champ_configConfig-version.cmake
-- Up-to-date symlink: /home/chief-of-mischief/Desktop/pupper_ws/install/champ_config/share/champ_config/package.xml
