-- The C compiler identification is GNU 11.3.0
-- The CXX compiler identification is GNU 11.3.0
-- Detecting C compiler ABI info
-- Detecting C compiler ABI info - done
-- Check for working C compiler: /usr/bin/cc - skipped
-- Detecting C compile features
-- Detecting C compile features - done
-- Detecting CXX compiler ABI info
-- Detecting CXX compiler ABI info - done
-- Check for working CXX compiler: /usr/bin/c++ - skipped
-- Detecting CXX compile features
-- Detecting CXX compile features - done
-- Found ament_cmake: 1.3.3 (/opt/ros/humble/share/ament_cmake/cmake)
-- Found Python3: /usr/bin/python3.10 (found version "3.10.6") found components: Interpreter 
-- Override CMake install command with custom implementation using symlinks instead of copying resources
-- Found rclcpp: 16.0.2 (/opt/ros/humble/share/rclcpp/cmake)
-- Found rosidl_generator_c: 3.1.4 (/opt/ros/humble/share/rosidl_generator_c/cmake)
-- Found rosidl_adapter: 3.1.4 (/opt/ros/humble/share/rosidl_adapter/cmake)
-- Found rosidl_generator_cpp: 3.1.4 (/opt/ros/humble/share/rosidl_generator_cpp/cmake)
-- Using all available rosidl_typesupport_c: rosidl_typesupport_fastrtps_c;rosidl_typesupport_introspection_c
-- Using all available rosidl_typesupport_cpp: rosidl_typesupport_fastrtps_cpp;rosidl_typesupport_introspection_cpp
-- Found rmw_implementation_cmake: 6.1.1 (/opt/ros/humble/share/rmw_implementation_cmake/cmake)
-- Found rmw_fastrtps_cpp: 6.2.2 (/opt/ros/humble/share/rmw_fastrtps_cpp/cmake)
-- Found OpenSSL: /usr/lib/x86_64-linux-gnu/libcrypto.so (found version "3.0.2")  
-- Found FastRTPS: /opt/ros/humble/include  
-- Using RMW implementation 'rmw_fastrtps_cpp' as default
-- Looking for pthread.h
-- Looking for pthread.h - found
-- Performing Test CMAKE_HAVE_LIBC_PTHREAD
-- Performing Test CMAKE_HAVE_LIBC_PTHREAD - Success
-- Found Threads: TRUE  
-- Found urdf: 2.6.0 (/opt/ros/humble/share/urdf/cmake)
-- Found champ: 0.1.0 (/home/chief-of-mischief/Desktop/pupper_ws/install/champ/share/champ/cmake)
-- Found champ_msgs: 0.1.0 (/home/chief-of-mischief/Desktop/pupper_ws/install/champ_msgs/share/champ_msgs/cmake)
-- Found gazebo_ros2_control: 0.4.3 (/opt/ros/humble/share/gazebo_ros2_control/cmake)
-- Found PkgConfig: /usr/bin/pkg-config (found version "0.29.2") 
-- Checking for module 'bullet>=2.82'
--   Found bullet, version 3.05
-- Found fcl: /usr/include (found suitable version "0.7.0", minimum required is "0.5.0") 
-- Found assimp: /usr/include (found version "5.2.0") 
-- Found DART: /usr/include (Required is at least version "6.6") found components: dart 
-- Found Boost: /usr/lib/x86_64-linux-gnu/cmake/Boost-1.74.0/BoostConfig.cmake (found suitable version "1.74.0", minimum required is "1.40.0") found components: thread system filesystem program_options regex iostreams date_time 
-- Found Protobuf: /usr/lib/x86_64-linux-gnu/libprotobuf.so (found version "3.12.4") 
-- Looking for ignition-math6 -- found version 6.12.0
-- Searching for dependencies of ignition-math6
-- Looking for OGRE...
-- OGRE_PREFIX_WATCH changed.
-- Checking for module 'OGRE'
--   Found OGRE, version 1.9.0
-- Found Ogre Ghadamon (1.9.0)
-- Found OGRE: optimized;/usr/lib/x86_64-linux-gnu/libOgreMain.so;debug;/usr/lib/x86_64-linux-gnu/libOgreMain.so
-- Looking for OGRE_Paging...
-- Found OGRE_Paging: optimized;/usr/lib/x86_64-linux-gnu/libOgrePaging.so;debug;/usr/lib/x86_64-linux-gnu/libOgrePaging.so
-- Looking for OGRE_Terrain...
-- Found OGRE_Terrain: optimized;/usr/lib/x86_64-linux-gnu/libOgreTerrain.so;debug;/usr/lib/x86_64-linux-gnu/libOgreTerrain.so
-- Looking for OGRE_Property...
-- Found OGRE_Property: optimized;/usr/lib/x86_64-linux-gnu/libOgreProperty.so;debug;/usr/lib/x86_64-linux-gnu/libOgreProperty.so
-- Looking for OGRE_RTShaderSystem...
-- Found OGRE_RTShaderSystem: optimized;/usr/lib/x86_64-linux-gnu/libOgreRTShaderSystem.so;debug;/usr/lib/x86_64-linux-gnu/libOgreRTShaderSystem.so
-- Looking for OGRE_Volume...
-- Found OGRE_Volume: optimized;/usr/lib/x86_64-linux-gnu/libOgreVolume.so;debug;/usr/lib/x86_64-linux-gnu/libOgreVolume.so
-- Looking for OGRE_Overlay...
-- Found OGRE_Overlay: optimized;/usr/lib/x86_64-linux-gnu/libOgreOverlay.so;debug;/usr/lib/x86_64-linux-gnu/libOgreOverlay.so
-- Looking for ignition-math6 -- found version 6.12.0
-- Looking for ignition-transport8 -- found version 8.2.1
-- Searching for dependencies of ignition-transport8
-- Found Protobuf: /usr/lib/x86_64-linux-gnu/libprotobuf.so (found suitable version "3.12.4", minimum required is "3") 
-- Config-file not installed for ZeroMQ -- checking for pkg-config
-- Checking for module 'libzmq >= 4'
--   Found libzmq , version 4.3.4
-- Found ZeroMQ: TRUE (Required is at least version "4") 
-- Checking for module 'uuid'
--   Found uuid, version 2.37.2
-- Found UUID: TRUE  
-- Looking for ignition-msgs5 -- found version 5.8.1
-- Searching for dependencies of ignition-msgs5
-- Looking for ignition-math6 -- found version 6.12.0
-- Checking for module 'tinyxml2'
--   Found tinyxml2, version 9.0.0
-- Looking for ignition-msgs5 -- found version 5.8.1
-- Looking for ignition-common3 -- found version 3.14.0
-- Searching for dependencies of ignition-common3
-- Looking for dlfcn.h - found
-- Looking for libdl - found
-- Found DL: TRUE  
-- Found tinyobjloader: /usr/lib/x86_64-linux-gnu/cmake/tinyobjloader/tinyobjloader-config.cmake (found version "2.0.0") 
-- Searching for <ignition-common3> component [graphics]
-- Looking for ignition-common3-graphics -- found version 3.14.0
-- Searching for dependencies of ignition-common3-graphics
-- Looking for ignition-math6 -- found version 6.12.0
-- Looking for ignition-fuel_tools4 -- found version 4.4.0
-- Searching for dependencies of ignition-fuel_tools4
-- Found CURL: /usr/lib/x86_64-linux-gnu/libcurl.so (found version "7.81.0")  
-- Checking for module 'jsoncpp'
--   Found jsoncpp, version 1.9.5
-- Found JSONCPP: TRUE  
-- Checking for module 'libzip'
--   Found libzip, version 1.7.3
-- Found ZIP: TRUE  
-- Looking for ignition-common3 -- found version 3.14.0
-- Looking for ignition-math6 -- found version 6.12.0
-- Looking for ignition-msgs5 -- found version 5.8.1
-- Gazebo version: 11.10
-- Checking for module 'tbb'
--   Found tbb, version 2021.5.0
-- Configuring done
-- Generating done
-- Build files have been written to: /home/chief-of-mischief/Desktop/pupper_ws/build/champ_gazebo
[ 50%] [32mBuilding CXX object CMakeFiles/contact_sensor.dir/src/contact_sensor.cpp.o[0m
[100%] [32m[1mLinking CXX executable contact_sensor[0m
[100%] Built target contact_sensor
-- Install configuration: ""
-- Execute custom install script
-- Symlinking: /home/chief-of-mischief/Desktop/pupper_ws/install/champ_gazebo/bin/imu_sensor.py
-- Symlinking: /home/chief-of-mischief/Desktop/pupper_ws/install/champ_gazebo/bin/odometry_tf.py
-- Symlinking: /home/chief-of-mischief/Desktop/pupper_ws/install/champ_gazebo/bin/odometry.py
-- Symlinking: /home/chief-of-mischief/Desktop/pupper_ws/install/champ_gazebo/lib/champ_gazebo/contact_sensor
-- Symlinking: /home/chief-of-mischief/Desktop/pupper_ws/install/champ_gazebo/share/champ_gazebo/launch/gazebo.launch
-- Symlinking: /home/chief-of-mischief/Desktop/pupper_ws/install/champ_gazebo/share/champ_gazebo/launch/gazebo.launch.py
-- Symlinking: /home/chief-of-mischief/Desktop/pupper_ws/install/champ_gazebo/share/champ_gazebo/launch/spawn_robot.launch
-- Symlinking: /home/chief-of-mischief/Desktop/pupper_ws/install/champ_gazebo/share/champ_gazebo/launch/spawn_world.launch
-- Symlinking: /home/chief-of-mischief/Desktop/pupper_ws/install/champ_gazebo/share/champ_gazebo/config/gazebo.yaml
-- Symlinking: /home/chief-of-mischief/Desktop/pupper_ws/install/champ_gazebo/share/champ_gazebo/config/ros_control.yaml
-- Symlinking: /home/chief-of-mischief/Desktop/pupper_ws/install/champ_gazebo/share/champ_gazebo/worlds/default.world
-- Symlinking: /home/chief-of-mischief/Desktop/pupper_ws/install/champ_gazebo/share/champ_gazebo/worlds/outdoor.world
-- Symlinking: /home/chief-of-mischief/Desktop/pupper_ws/install/champ_gazebo/share/champ_gazebo/worlds/playground.world
-- Symlinking: /home/chief-of-mischief/Desktop/pupper_ws/install/champ_gazebo/share/ament_index/resource_index/package_run_dependencies/champ_gazebo
-- Symlinking: /home/chief-of-mischief/Desktop/pupper_ws/install/champ_gazebo/share/ament_index/resource_index/parent_prefix_path/champ_gazebo
-- Symlinking: /home/chief-of-mischief/Desktop/pupper_ws/install/champ_gazebo/share/champ_gazebo/environment/ament_prefix_path.sh
-- Symlinking: /home/chief-of-mischief/Desktop/pupper_ws/install/champ_gazebo/share/champ_gazebo/environment/ament_prefix_path.dsv
-- Symlinking: /home/chief-of-mischief/Desktop/pupper_ws/install/champ_gazebo/share/champ_gazebo/environment/path.sh
-- Symlinking: /home/chief-of-mischief/Desktop/pupper_ws/install/champ_gazebo/share/champ_gazebo/environment/path.dsv
-- Symlinking: /home/chief-of-mischief/Desktop/pupper_ws/install/champ_gazebo/share/champ_gazebo/local_setup.bash
-- Symlinking: /home/chief-of-mischief/Desktop/pupper_ws/install/champ_gazebo/share/champ_gazebo/local_setup.sh
-- Symlinking: /home/chief-of-mischief/Desktop/pupper_ws/install/champ_gazebo/share/champ_gazebo/local_setup.zsh
-- Symlinking: /home/chief-of-mischief/Desktop/pupper_ws/install/champ_gazebo/share/champ_gazebo/local_setup.dsv
-- Symlinking: /home/chief-of-mischief/Desktop/pupper_ws/install/champ_gazebo/share/champ_gazebo/package.dsv
-- Symlinking: /home/chief-of-mischief/Desktop/pupper_ws/install/champ_gazebo/share/ament_index/resource_index/packages/champ_gazebo
-- Symlinking: /home/chief-of-mischief/Desktop/pupper_ws/install/champ_gazebo/share/champ_gazebo/cmake/ament_cmake_export_include_directories-extras.cmake
-- Symlinking: /home/chief-of-mischief/Desktop/pupper_ws/install/champ_gazebo/share/champ_gazebo/cmake/ament_cmake_export_dependencies-extras.cmake
-- Symlinking: /home/chief-of-mischief/Desktop/pupper_ws/install/champ_gazebo/share/champ_gazebo/cmake/champ_gazeboConfig.cmake
-- Symlinking: /home/chief-of-mischief/Desktop/pupper_ws/install/champ_gazebo/share/champ_gazebo/cmake/champ_gazeboConfig-version.cmake
-- Symlinking: /home/chief-of-mischief/Desktop/pupper_ws/install/champ_gazebo/share/champ_gazebo/package.xml
