[0.009s] Invoking command in '/home/chief-of-mischief/Desktop/pupper_ws/build/champ_bringup': AMENT_PREFIX_PATH=/home/chief-of-mischief/Desktop/pupper_ws/install/champ_base:/home/chief-of-mischief/Desktop/pupper_ws/install/champ_msgs:/home/chief-of-mischief/Desktop/pupper_ws/install/champ_description:/home/chief-of-mischief/Desktop/pupper_ws/install/champ:${AMENT_PREFIX_PATH} CMAKE_PREFIX_PATH=/home/chief-of-mischief/Desktop/pupper_ws/install/champ_base:/home/chief-of-mischief/Desktop/pupper_ws/install/champ_msgs:/home/chief-of-mischief/Desktop/pupper_ws/install/champ_description:/home/chief-of-mischief/Desktop/pupper_ws/install/champ:/opt/ros/humble LD_LIBRARY_PATH=/home/chief-of-mischief/Desktop/pupper_ws/install/champ_base/lib:/home/chief-of-mischief/Desktop/pupper_ws/install/champ_msgs/lib:${LD_LIBRARY_PATH} PATH=/home/chief-of-mischief/Desktop/pupper_ws/install/champ_base/bin:${PATH} PYTHONPATH=/home/chief-of-mischief/Desktop/pupper_ws/install/champ_msgs/local/lib/python3.10/dist-packages:${PYTHONPATH} /usr/bin/cmake /home/chief-of-mischief/Desktop/pupper_ws/src/champ/champ/champ_bringup -DAMENT_CMAKE_SYMLINK_INSTALL=1 -DCMAKE_INSTALL_PREFIX=/home/chief-of-mischief/Desktop/pupper_ws/install/champ_bringup
[0.046s] -- The C compiler identification is GNU 11.3.0
[0.085s] -- The CXX compiler identification is GNU 11.3.0
[0.091s] -- Detecting C compiler ABI info
[0.139s] -- Detecting C compiler ABI info - done
[0.145s] -- Check for working C compiler: /usr/bin/cc - skipped
[0.145s] -- Detecting C compile features
[0.145s] -- Detecting C compile features - done
[0.147s] -- Detecting CXX compiler ABI info
[0.202s] -- Detecting CXX compiler ABI info - done
[0.208s] -- Check for working CXX compiler: /usr/bin/c++ - skipped
[0.208s] -- Detecting CXX compile features
[0.208s] -- Detecting CXX compile features - done
[0.210s] -- Found ament_cmake: 1.3.3 (/opt/ros/humble/share/ament_cmake/cmake)
[0.340s] -- Found Python3: /usr/bin/python3.10 (found version "3.10.6") found components: Interpreter 
[0.384s] -- Override CMake install command with custom implementation using symlinks instead of copying resources
[0.522s] -- Configuring done
[0.524s] -- Generating done
[0.525s] -- Build files have been written to: /home/chief-of-mischief/Desktop/pupper_ws/build/champ_bringup
[0.528s] Invoked command in '/home/chief-of-mischief/Desktop/pupper_ws/build/champ_bringup' returned '0': AMENT_PREFIX_PATH=/home/chief-of-mischief/Desktop/pupper_ws/install/champ_base:/home/chief-of-mischief/Desktop/pupper_ws/install/champ_msgs:/home/chief-of-mischief/Desktop/pupper_ws/install/champ_description:/home/chief-of-mischief/Desktop/pupper_ws/install/champ:${AMENT_PREFIX_PATH} CMAKE_PREFIX_PATH=/home/chief-of-mischief/Desktop/pupper_ws/install/champ_base:/home/chief-of-mischief/Desktop/pupper_ws/install/champ_msgs:/home/chief-of-mischief/Desktop/pupper_ws/install/champ_description:/home/chief-of-mischief/Desktop/pupper_ws/install/champ:/opt/ros/humble LD_LIBRARY_PATH=/home/chief-of-mischief/Desktop/pupper_ws/install/champ_base/lib:/home/chief-of-mischief/Desktop/pupper_ws/install/champ_msgs/lib:${LD_LIBRARY_PATH} PATH=/home/chief-of-mischief/Desktop/pupper_ws/install/champ_base/bin:${PATH} PYTHONPATH=/home/chief-of-mischief/Desktop/pupper_ws/install/champ_msgs/local/lib/python3.10/dist-packages:${PYTHONPATH} /usr/bin/cmake /home/chief-of-mischief/Desktop/pupper_ws/src/champ/champ/champ_bringup -DAMENT_CMAKE_SYMLINK_INSTALL=1 -DCMAKE_INSTALL_PREFIX=/home/chief-of-mischief/Desktop/pupper_ws/install/champ_bringup
[0.529s] Invoking command in '/home/chief-of-mischief/Desktop/pupper_ws/build/champ_bringup': AMENT_PREFIX_PATH=/home/chief-of-mischief/Desktop/pupper_ws/install/champ_base:/home/chief-of-mischief/Desktop/pupper_ws/install/champ_msgs:/home/chief-of-mischief/Desktop/pupper_ws/install/champ_description:/home/chief-of-mischief/Desktop/pupper_ws/install/champ:${AMENT_PREFIX_PATH} CMAKE_PREFIX_PATH=/home/chief-of-mischief/Desktop/pupper_ws/install/champ_base:/home/chief-of-mischief/Desktop/pupper_ws/install/champ_msgs:/home/chief-of-mischief/Desktop/pupper_ws/install/champ_description:/home/chief-of-mischief/Desktop/pupper_ws/install/champ:/opt/ros/humble LD_LIBRARY_PATH=/home/chief-of-mischief/Desktop/pupper_ws/install/champ_base/lib:/home/chief-of-mischief/Desktop/pupper_ws/install/champ_msgs/lib:${LD_LIBRARY_PATH} PATH=/home/chief-of-mischief/Desktop/pupper_ws/install/champ_base/bin:${PATH} PYTHONPATH=/home/chief-of-mischief/Desktop/pupper_ws/install/champ_msgs/local/lib/python3.10/dist-packages:${PYTHONPATH} /usr/bin/cmake --build /home/chief-of-mischief/Desktop/pupper_ws/build/champ_bringup -- -j24 -l24
[0.561s] Built target ament_cmake_python_symlink_champ_bringup
[0.765s] running egg_info
[0.765s] creating champ_bringup.egg-info
[0.765s] writing champ_bringup.egg-info/PKG-INFO
[0.765s] writing dependency_links to champ_bringup.egg-info/dependency_links.txt
[0.765s] writing top-level names to champ_bringup.egg-info/top_level.txt
[0.765s] writing manifest file 'champ_bringup.egg-info/SOURCES.txt'
[0.767s] reading manifest file 'champ_bringup.egg-info/SOURCES.txt'
[0.767s] writing manifest file 'champ_bringup.egg-info/SOURCES.txt'
[0.784s] Built target ament_cmake_python_build_champ_bringup_egg
[0.790s] Invoked command in '/home/chief-of-mischief/Desktop/pupper_ws/build/champ_bringup' returned '0': AMENT_PREFIX_PATH=/home/chief-of-mischief/Desktop/pupper_ws/install/champ_base:/home/chief-of-mischief/Desktop/pupper_ws/install/champ_msgs:/home/chief-of-mischief/Desktop/pupper_ws/install/champ_description:/home/chief-of-mischief/Desktop/pupper_ws/install/champ:${AMENT_PREFIX_PATH} CMAKE_PREFIX_PATH=/home/chief-of-mischief/Desktop/pupper_ws/install/champ_base:/home/chief-of-mischief/Desktop/pupper_ws/install/champ_msgs:/home/chief-of-mischief/Desktop/pupper_ws/install/champ_description:/home/chief-of-mischief/Desktop/pupper_ws/install/champ:/opt/ros/humble LD_LIBRARY_PATH=/home/chief-of-mischief/Desktop/pupper_ws/install/champ_base/lib:/home/chief-of-mischief/Desktop/pupper_ws/install/champ_msgs/lib:${LD_LIBRARY_PATH} PATH=/home/chief-of-mischief/Desktop/pupper_ws/install/champ_base/bin:${PATH} PYTHONPATH=/home/chief-of-mischief/Desktop/pupper_ws/install/champ_msgs/local/lib/python3.10/dist-packages:${PYTHONPATH} /usr/bin/cmake --build /home/chief-of-mischief/Desktop/pupper_ws/build/champ_bringup -- -j24 -l24
[0.805s] Invoking command in '/home/chief-of-mischief/Desktop/pupper_ws/build/champ_bringup': AMENT_PREFIX_PATH=/home/chief-of-mischief/Desktop/pupper_ws/install/champ_base:/home/chief-of-mischief/Desktop/pupper_ws/install/champ_msgs:/home/chief-of-mischief/Desktop/pupper_ws/install/champ_description:/home/chief-of-mischief/Desktop/pupper_ws/install/champ:${AMENT_PREFIX_PATH} CMAKE_PREFIX_PATH=/home/chief-of-mischief/Desktop/pupper_ws/install/champ_base:/home/chief-of-mischief/Desktop/pupper_ws/install/champ_msgs:/home/chief-of-mischief/Desktop/pupper_ws/install/champ_description:/home/chief-of-mischief/Desktop/pupper_ws/install/champ:/opt/ros/humble LD_LIBRARY_PATH=/home/chief-of-mischief/Desktop/pupper_ws/install/champ_base/lib:/home/chief-of-mischief/Desktop/pupper_ws/install/champ_msgs/lib:${LD_LIBRARY_PATH} PATH=/home/chief-of-mischief/Desktop/pupper_ws/install/champ_base/bin:${PATH} PYTHONPATH=/home/chief-of-mischief/Desktop/pupper_ws/install/champ_msgs/local/lib/python3.10/dist-packages:${PYTHONPATH} /usr/bin/cmake --install /home/chief-of-mischief/Desktop/pupper_ws/build/champ_bringup
[0.809s] -- Install configuration: ""
[0.809s] -- Execute custom install script
[0.810s] -- Symlinking: /home/chief-of-mischief/Desktop/pupper_ws/install/champ_bringup/share/champ_bringup/launch/bringup.launch
[0.815s] -- Symlinking: /home/chief-of-mischief/Desktop/pupper_ws/install/champ_bringup/share/champ_bringup/launch/bringup.launch.py
[0.820s] -- Symlinking: /home/chief-of-mischief/Desktop/pupper_ws/install/champ_bringup/share/champ_bringup/launch/include/laser/d435.launch
[0.826s] -- Symlinking: /home/chief-of-mischief/Desktop/pupper_ws/install/champ_bringup/share/champ_bringup/launch/include/laser/hokuyo.launch
[0.831s] -- Symlinking: /home/chief-of-mischief/Desktop/pupper_ws/install/champ_bringup/share/champ_bringup/launch/include/laser/kinect.launch
[0.835s] -- Symlinking: /home/chief-of-mischief/Desktop/pupper_ws/install/champ_bringup/share/champ_bringup/launch/include/laser/lms1xx.launch
[0.840s] -- Symlinking: /home/chief-of-mischief/Desktop/pupper_ws/install/champ_bringup/share/champ_bringup/launch/include/laser/realsense.launch
[0.844s] -- Symlinking: /home/chief-of-mischief/Desktop/pupper_ws/install/champ_bringup/share/champ_bringup/launch/include/laser/rplidar.launch
[0.849s] -- Symlinking: /home/chief-of-mischief/Desktop/pupper_ws/install/champ_bringup/share/champ_bringup/launch/include/laser/sim.launch
[0.853s] -- Symlinking: /home/chief-of-mischief/Desktop/pupper_ws/install/champ_bringup/share/champ_bringup/launch/include/laser/sweep.launch
[0.858s] -- Symlinking: /home/chief-of-mischief/Desktop/pupper_ws/install/champ_bringup/share/champ_bringup/launch/include/laser/xv11.launch
[0.862s] -- Symlinking: /home/chief-of-mischief/Desktop/pupper_ws/install/champ_bringup/share/champ_bringup/launch/include/laser/ydlidar.launch
[0.866s] -- Symlinking: /home/chief-of-mischief/Desktop/pupper_ws/install/champ_bringup/share/champ_bringup/launch/include/velocity_smoother.launch
[0.871s] -- Symlinking: /home/chief-of-mischief/Desktop/pupper_ws/install/champ_bringup/share/champ_bringup/launch/joints_gui.launch
[0.876s] -- Symlinking: /home/chief-of-mischief/Desktop/pupper_ws/install/champ_bringup/share/champ_bringup/launch/joints_gui.launch.py
[0.880s] -- Symlinking: /home/chief-of-mischief/Desktop/pupper_ws/install/champ_bringup/share/champ_bringup/environment/pythonpath.sh
[0.885s] -- Symlinking: /home/chief-of-mischief/Desktop/pupper_ws/install/champ_bringup/share/champ_bringup/environment/pythonpath.dsv
[0.890s] -- Symlinking: /home/chief-of-mischief/Desktop/pupper_ws/install/champ_bringup/local/lib/python3.10/dist-packages/champ_bringup-0.1.0-py3.10.egg-info/PKG-INFO
[0.895s] -- Symlinking: /home/chief-of-mischief/Desktop/pupper_ws/install/champ_bringup/local/lib/python3.10/dist-packages/champ_bringup-0.1.0-py3.10.egg-info/SOURCES.txt
[0.900s] -- Symlinking: /home/chief-of-mischief/Desktop/pupper_ws/install/champ_bringup/local/lib/python3.10/dist-packages/champ_bringup-0.1.0-py3.10.egg-info/dependency_links.txt
[0.905s] -- Symlinking: /home/chief-of-mischief/Desktop/pupper_ws/install/champ_bringup/local/lib/python3.10/dist-packages/champ_bringup-0.1.0-py3.10.egg-info/top_level.txt
[0.910s] -- Symlinking: /home/chief-of-mischief/Desktop/pupper_ws/install/champ_bringup/local/lib/python3.10/dist-packages/champ_bringup/__init__.py
[0.915s] -- Symlinking: /home/chief-of-mischief/Desktop/pupper_ws/install/champ_bringup/local/lib/python3.10/dist-packages/champ_bringup/joint_calibrator_relay.py
[0.920s] -- Symlinking: /home/chief-of-mischief/Desktop/pupper_ws/install/champ_bringup/lib/champ_bringup/joint_calibrator_relay.py
[0.924s] -- Symlinking: /home/chief-of-mischief/Desktop/pupper_ws/install/champ_bringup/share/ament_index/resource_index/package_run_dependencies/champ_bringup
[0.929s] -- Symlinking: /home/chief-of-mischief/Desktop/pupper_ws/install/champ_bringup/share/ament_index/resource_index/parent_prefix_path/champ_bringup
[0.934s] -- Symlinking: /home/chief-of-mischief/Desktop/pupper_ws/install/champ_bringup/share/champ_bringup/environment/ament_prefix_path.sh
[0.938s] -- Symlinking: /home/chief-of-mischief/Desktop/pupper_ws/install/champ_bringup/share/champ_bringup/environment/ament_prefix_path.dsv
[0.943s] -- Symlinking: /home/chief-of-mischief/Desktop/pupper_ws/install/champ_bringup/share/champ_bringup/environment/path.sh
[0.947s] -- Symlinking: /home/chief-of-mischief/Desktop/pupper_ws/install/champ_bringup/share/champ_bringup/environment/path.dsv
[0.952s] -- Symlinking: /home/chief-of-mischief/Desktop/pupper_ws/install/champ_bringup/share/champ_bringup/local_setup.bash
[0.957s] -- Symlinking: /home/chief-of-mischief/Desktop/pupper_ws/install/champ_bringup/share/champ_bringup/local_setup.sh
[0.961s] -- Symlinking: /home/chief-of-mischief/Desktop/pupper_ws/install/champ_bringup/share/champ_bringup/local_setup.zsh
[0.966s] -- Symlinking: /home/chief-of-mischief/Desktop/pupper_ws/install/champ_bringup/share/champ_bringup/local_setup.dsv
[0.971s] -- Symlinking: /home/chief-of-mischief/Desktop/pupper_ws/install/champ_bringup/share/champ_bringup/package.dsv
[0.976s] -- Symlinking: /home/chief-of-mischief/Desktop/pupper_ws/install/champ_bringup/share/ament_index/resource_index/packages/champ_bringup
[0.981s] -- Symlinking: /home/chief-of-mischief/Desktop/pupper_ws/install/champ_bringup/share/champ_bringup/cmake/champ_bringupConfig.cmake
[0.985s] -- Symlinking: /home/chief-of-mischief/Desktop/pupper_ws/install/champ_bringup/share/champ_bringup/cmake/champ_bringupConfig-version.cmake
[0.990s] -- Symlinking: /home/chief-of-mischief/Desktop/pupper_ws/install/champ_bringup/share/champ_bringup/package.xml
[1.019s] Listing '/home/chief-of-mischief/Desktop/pupper_ws/install/champ_bringup/local/lib/python3.10/dist-packages/champ_bringup'...
[1.019s] Compiling '/home/chief-of-mischief/Desktop/pupper_ws/install/champ_bringup/local/lib/python3.10/dist-packages/champ_bringup/__init__.py'...
[1.019s] Compiling '/home/chief-of-mischief/Desktop/pupper_ws/install/champ_bringup/local/lib/python3.10/dist-packages/champ_bringup/joint_calibrator_relay.py'...
[1.024s] Invoked command in '/home/chief-of-mischief/Desktop/pupper_ws/build/champ_bringup' returned '0': AMENT_PREFIX_PATH=/home/chief-of-mischief/Desktop/pupper_ws/install/champ_base:/home/chief-of-mischief/Desktop/pupper_ws/install/champ_msgs:/home/chief-of-mischief/Desktop/pupper_ws/install/champ_description:/home/chief-of-mischief/Desktop/pupper_ws/install/champ:${AMENT_PREFIX_PATH} CMAKE_PREFIX_PATH=/home/chief-of-mischief/Desktop/pupper_ws/install/champ_base:/home/chief-of-mischief/Desktop/pupper_ws/install/champ_msgs:/home/chief-of-mischief/Desktop/pupper_ws/install/champ_description:/home/chief-of-mischief/Desktop/pupper_ws/install/champ:/opt/ros/humble LD_LIBRARY_PATH=/home/chief-of-mischief/Desktop/pupper_ws/install/champ_base/lib:/home/chief-of-mischief/Desktop/pupper_ws/install/champ_msgs/lib:${LD_LIBRARY_PATH} PATH=/home/chief-of-mischief/Desktop/pupper_ws/install/champ_base/bin:${PATH} PYTHONPATH=/home/chief-of-mischief/Desktop/pupper_ws/install/champ_msgs/local/lib/python3.10/dist-packages:${PYTHONPATH} /usr/bin/cmake --install /home/chief-of-mischief/Desktop/pupper_ws/build/champ_bringup
