-- Install configuration: ""
-- Execute custom install script
-- Up-to-date symlink: /home/chief-of-mischief/Desktop/pupper_ws/install/mini_pupper_description/share/mini_pupper_description/launch/description.launch.py
-- Up-to-date symlink: /home/chief-of-mischief/Desktop/pupper_ws/install/mini_pupper_description/share/mini_pupper_description/config/champ/gait.yaml
-- Up-to-date symlink: /home/chief-of-mischief/Desktop/pupper_ws/install/mini_pupper_description/share/mini_pupper_description/config/champ/joints.yaml
-- Up-to-date symlink: /home/chief-of-mischief/Desktop/pupper_ws/install/mini_pupper_description/share/mini_pupper_description/config/champ/links.yaml
-- Up-to-date symlink: /home/chief-of-mischief/Desktop/pupper_ws/install/mini_pupper_description/share/mini_pupper_description/config/ros_control/mini_pupper_controller.yaml
-- Up-to-date symlink: /home/chief-of-mischief/Desktop/pupper_ws/install/mini_pupper_description/share/mini_pupper_description/rviz/urdf_viewer.rviz
-- Up-to-date symlink: /home/chief-of-mischief/Desktop/pupper_ws/install/mini_pupper_description/share/mini_pupper_description/urdf/_d435.urdf.xacro
-- Up-to-date symlink: /home/chief-of-mischief/Desktop/pupper_ws/install/mini_pupper_description/share/mini_pupper_description/urdf/_materials.urdf.xacro
-- Up-to-date symlink: /home/chief-of-mischief/Desktop/pupper_ws/install/mini_pupper_description/share/mini_pupper_description/urdf/_usb_plug.urdf.xacro
-- Up-to-date symlink: /home/chief-of-mischief/Desktop/pupper_ws/install/mini_pupper_description/share/mini_pupper_description/urdf/mini_pupper_description.csv
-- Up-to-date symlink: /home/chief-of-mischief/Desktop/pupper_ws/install/mini_pupper_description/share/mini_pupper_description/urdf/mini_pupper_description.urdf
-- Up-to-date symlink: /home/chief-of-mischief/Desktop/pupper_ws/install/mini_pupper_description/share/mini_pupper_description/urdf/mini_pupper_description.urdf.xacro
-- Up-to-date symlink: /home/chief-of-mischief/Desktop/pupper_ws/install/mini_pupper_description/share/mini_pupper_description/meshes/base_link.STL
-- Up-to-date symlink: /home/chief-of-mischief/Desktop/pupper_ws/install/mini_pupper_description/share/mini_pupper_description/meshes/d435.dae
-- Up-to-date symlink: /home/chief-of-mischief/Desktop/pupper_ws/install/mini_pupper_description/share/mini_pupper_description/meshes/lb1.STL
-- Up-to-date symlink: /home/chief-of-mischief/Desktop/pupper_ws/install/mini_pupper_description/share/mini_pupper_description/meshes/lb2.STL
-- Up-to-date symlink: /home/chief-of-mischief/Desktop/pupper_ws/install/mini_pupper_description/share/mini_pupper_description/meshes/lb3.STL
-- Up-to-date symlink: /home/chief-of-mischief/Desktop/pupper_ws/install/mini_pupper_description/share/mini_pupper_description/meshes/lbfoot.STL
-- Up-to-date symlink: /home/chief-of-mischief/Desktop/pupper_ws/install/mini_pupper_description/share/mini_pupper_description/meshes/lf1.STL
-- Up-to-date symlink: /home/chief-of-mischief/Desktop/pupper_ws/install/mini_pupper_description/share/mini_pupper_description/meshes/lf2.STL
-- Up-to-date symlink: /home/chief-of-mischief/Desktop/pupper_ws/install/mini_pupper_description/share/mini_pupper_description/meshes/lf3.STL
-- Up-to-date symlink: /home/chief-of-mischief/Desktop/pupper_ws/install/mini_pupper_description/share/mini_pupper_description/meshes/lffoot.STL
-- Up-to-date symlink: /home/chief-of-mischief/Desktop/pupper_ws/install/mini_pupper_description/share/mini_pupper_description/meshes/lidar.STL
-- Up-to-date symlink: /home/chief-of-mischief/Desktop/pupper_ws/install/mini_pupper_description/share/mini_pupper_description/meshes/lpb1.STL
-- Up-to-date symlink: /home/chief-of-mischief/Desktop/pupper_ws/install/mini_pupper_description/share/mini_pupper_description/meshes/lpb2.STL
-- Up-to-date symlink: /home/chief-of-mischief/Desktop/pupper_ws/install/mini_pupper_description/share/mini_pupper_description/meshes/lpf1.STL
-- Up-to-date symlink: /home/chief-of-mischief/Desktop/pupper_ws/install/mini_pupper_description/share/mini_pupper_description/meshes/lpf2.STL
-- Up-to-date symlink: /home/chief-of-mischief/Desktop/pupper_ws/install/mini_pupper_description/share/mini_pupper_description/meshes/plug.stl
-- Up-to-date symlink: /home/chief-of-mischief/Desktop/pupper_ws/install/mini_pupper_description/share/mini_pupper_description/meshes/plug_collision.stl
-- Up-to-date symlink: /home/chief-of-mischief/Desktop/pupper_ws/install/mini_pupper_description/share/mini_pupper_description/meshes/rb1.STL
-- Up-to-date symlink: /home/chief-of-mischief/Desktop/pupper_ws/install/mini_pupper_description/share/mini_pupper_description/meshes/rb2.STL
-- Up-to-date symlink: /home/chief-of-mischief/Desktop/pupper_ws/install/mini_pupper_description/share/mini_pupper_description/meshes/rb3.STL
-- Up-to-date symlink: /home/chief-of-mischief/Desktop/pupper_ws/install/mini_pupper_description/share/mini_pupper_description/meshes/rbfoot.STL
-- Up-to-date symlink: /home/chief-of-mischief/Desktop/pupper_ws/install/mini_pupper_description/share/mini_pupper_description/meshes/rf1.STL
-- Up-to-date symlink: /home/chief-of-mischief/Desktop/pupper_ws/install/mini_pupper_description/share/mini_pupper_description/meshes/rf2.STL
-- Up-to-date symlink: /home/chief-of-mischief/Desktop/pupper_ws/install/mini_pupper_description/share/mini_pupper_description/meshes/rf3.STL
-- Up-to-date symlink: /home/chief-of-mischief/Desktop/pupper_ws/install/mini_pupper_description/share/mini_pupper_description/meshes/rffoot.STL
-- Up-to-date symlink: /home/chief-of-mischief/Desktop/pupper_ws/install/mini_pupper_description/share/mini_pupper_description/meshes/rpb1.STL
-- Up-to-date symlink: /home/chief-of-mischief/Desktop/pupper_ws/install/mini_pupper_description/share/mini_pupper_description/meshes/rpb2.STL
-- Up-to-date symlink: /home/chief-of-mischief/Desktop/pupper_ws/install/mini_pupper_description/share/mini_pupper_description/meshes/rpf1.STL
-- Up-to-date symlink: /home/chief-of-mischief/Desktop/pupper_ws/install/mini_pupper_description/share/mini_pupper_description/meshes/rpf2.STL
-- Up-to-date symlink: /home/chief-of-mischief/Desktop/pupper_ws/install/mini_pupper_description/share/mini_pupper_description/meshes/yellow_plate.STL
-- Up-to-date symlink: /home/chief-of-mischief/Desktop/pupper_ws/install/mini_pupper_description/share/ament_index/resource_index/package_run_dependencies/mini_pupper_description
-- Up-to-date symlink: /home/chief-of-mischief/Desktop/pupper_ws/install/mini_pupper_description/share/ament_index/resource_index/parent_prefix_path/mini_pupper_description
-- Up-to-date symlink: /home/chief-of-mischief/Desktop/pupper_ws/install/mini_pupper_description/share/mini_pupper_description/environment/ament_prefix_path.sh
-- Up-to-date symlink: /home/chief-of-mischief/Desktop/pupper_ws/install/mini_pupper_description/share/mini_pupper_description/environment/ament_prefix_path.dsv
-- Up-to-date symlink: /home/chief-of-mischief/Desktop/pupper_ws/install/mini_pupper_description/share/mini_pupper_description/environment/path.sh
-- Up-to-date symlink: /home/chief-of-mischief/Desktop/pupper_ws/install/mini_pupper_description/share/mini_pupper_description/environment/path.dsv
-- Up-to-date symlink: /home/chief-of-mischief/Desktop/pupper_ws/install/mini_pupper_description/share/mini_pupper_description/local_setup.bash
-- Up-to-date symlink: /home/chief-of-mischief/Desktop/pupper_ws/install/mini_pupper_description/share/mini_pupper_description/local_setup.sh
-- Up-to-date symlink: /home/chief-of-mischief/Desktop/pupper_ws/install/mini_pupper_description/share/mini_pupper_description/local_setup.zsh
-- Up-to-date symlink: /home/chief-of-mischief/Desktop/pupper_ws/install/mini_pupper_description/share/mini_pupper_description/local_setup.dsv
-- Symlinking: /home/chief-of-mischief/Desktop/pupper_ws/install/mini_pupper_description/share/mini_pupper_description/package.dsv
-- Up-to-date symlink: /home/chief-of-mischief/Desktop/pupper_ws/install/mini_pupper_description/share/ament_index/resource_index/packages/mini_pupper_description
-- Up-to-date symlink: /home/chief-of-mischief/Desktop/pupper_ws/install/mini_pupper_description/share/mini_pupper_description/cmake/mini_pupper_descriptionConfig.cmake
-- Up-to-date symlink: /home/chief-of-mischief/Desktop/pupper_ws/install/mini_pupper_description/share/mini_pupper_description/cmake/mini_pupper_descriptionConfig-version.cmake
-- Up-to-date symlink: /home/chief-of-mischief/Desktop/pupper_ws/install/mini_pupper_description/share/mini_pupper_description/package.xml
