-- The C compiler identification is GNU 11.3.0
-- The CXX compiler identification is GNU 11.3.0
-- Detecting C compiler ABI info
-- Detecting C compiler ABI info - done
-- Check for working C compiler: /usr/bin/cc - skipped
-- Detecting C compile features
-- Detecting C compile features - done
-- Detecting CXX compiler ABI info
-- Detecting CXX compiler ABI info - done
-- Check for working CXX compiler: /usr/bin/c++ - skipped
-- Detecting CXX compile features
-- Detecting CXX compile features - done
-- Found ament_cmake: 1.3.3 (/opt/ros/humble/share/ament_cmake/cmake)
-- Found Python3: /usr/bin/python3.10 (found version "3.10.6") found components: Interpreter 
-- Override CMake install command with custom implementation using symlinks instead of copying resources
-- Found rclcpp: 16.0.2 (/opt/ros/humble/share/rclcpp/cmake)
-- Found rosidl_generator_c: 3.1.4 (/opt/ros/humble/share/rosidl_generator_c/cmake)
-- Found rosidl_adapter: 3.1.4 (/opt/ros/humble/share/rosidl_adapter/cmake)
-- Found rosidl_generator_cpp: 3.1.4 (/opt/ros/humble/share/rosidl_generator_cpp/cmake)
-- Using all available rosidl_typesupport_c: rosidl_typesupport_fastrtps_c;rosidl_typesupport_introspection_c
-- Using all available rosidl_typesupport_cpp: rosidl_typesupport_fastrtps_cpp;rosidl_typesupport_introspection_cpp
-- Found rmw_implementation_cmake: 6.1.1 (/opt/ros/humble/share/rmw_implementation_cmake/cmake)
-- Found rmw_fastrtps_cpp: 6.2.2 (/opt/ros/humble/share/rmw_fastrtps_cpp/cmake)
-- Found OpenSSL: /usr/lib/x86_64-linux-gnu/libcrypto.so (found version "3.0.2")  
-- Found FastRTPS: /opt/ros/humble/include  
-- Using RMW implementation 'rmw_fastrtps_cpp' as default
-- Looking for pthread.h
-- Looking for pthread.h - found
-- Performing Test CMAKE_HAVE_LIBC_PTHREAD
-- Performing Test CMAKE_HAVE_LIBC_PTHREAD - Success
-- Found Threads: TRUE  
-- Found sensor_msgs: 4.2.2 (/opt/ros/humble/share/sensor_msgs/cmake)
-- Found ament_lint_auto: 0.12.4 (/opt/ros/humble/share/ament_lint_auto/cmake)
-- Added test 'copyright' to check source files copyright and LICENSE
-- Added test 'cppcheck' to perform static code analysis on C / C++ code
-- Configured cppcheck include dirs: /home/chief-of-mischief/Desktop/pupper_ws/src/ldlidar_stl_ros/include;/home/chief-of-mischief/Desktop/pupper_ws/src/ldlidar_stl_ros/ldlidar_driver/include/core;/home/chief-of-mischief/Desktop/pupper_ws/src/ldlidar_stl_ros/ldlidar_driver/include/dataprocess;/home/chief-of-mischief/Desktop/pupper_ws/src/ldlidar_stl_ros/ldlidar_driver/include/filter;/home/chief-of-mischief/Desktop/pupper_ws/src/ldlidar_stl_ros/ldlidar_driver/include/logger;/home/chief-of-mischief/Desktop/pupper_ws/src/ldlidar_stl_ros/ldlidar_driver/include/networkcom;/home/chief-of-mischief/Desktop/pupper_ws/src/ldlidar_stl_ros/ldlidar_driver/include/serialcom
-- Configured cppcheck exclude dirs and/or files: 
-- Added test 'cpplint' to check C / C++ code against the Google style
-- Configured cpplint exclude dirs and/or files: 
-- Added test 'flake8' to check Python code syntax and style conventions
-- Added test 'lint_cmake' to check CMake code style
-- Added test 'pep257' to check Python code against some of the docstring style conventions in PEP 257
-- Added test 'uncrustify' to check C / C++ code style
-- Configured uncrustify additional arguments: 
-- Added test 'xmllint' to check XML markup files
-- Configuring done
-- Generating done
-- Build files have been written to: /home/chief-of-mischief/Desktop/pupper_ws/build/ldlidar_stl_ros2
[ 12%] [32mBuilding CXX object CMakeFiles/ldlidar_stl_ros2_node.dir/ldlidar_driver/src/core/ldlidar_driver.cpp.o[0m
[ 37%] [32mBuilding CXX object CMakeFiles/ldlidar_stl_ros2_node.dir/ldlidar_driver/src/logger/log_module.cpp.o[0m
[ 37%] [32mBuilding CXX object CMakeFiles/ldlidar_stl_ros2_node.dir/ldlidar_driver/src/dataprocess/lipkg.cpp.o[0m
[ 50%] [32mBuilding CXX object CMakeFiles/ldlidar_stl_ros2_node.dir/ldlidar_driver/src/networkcom/network_socket_interface_linux.cpp.o[0m
[ 62%] [32mBuilding CXX object CMakeFiles/ldlidar_stl_ros2_node.dir/ldlidar_driver/src/serialcom/serial_interface_linux.cpp.o[0m
[ 75%] [32mBuilding CXX object CMakeFiles/ldlidar_stl_ros2_node.dir/src/demo.cpp.o[0m
[ 87%] [32mBuilding CXX object CMakeFiles/ldlidar_stl_ros2_node.dir/ldlidar_driver/src/filter/tofbf.cpp.o[0m
[100%] [32m[1mLinking CXX executable ldlidar_stl_ros2_node[0m
[100%] Built target ldlidar_stl_ros2_node
-- Install configuration: ""
-- Execute custom install script
-- Symlinking: /home/chief-of-mischief/Desktop/pupper_ws/install/ldlidar_stl_ros2/lib/ldlidar_stl_ros2/ldlidar_stl_ros2_node
-- Symlinking: /home/chief-of-mischief/Desktop/pupper_ws/install/ldlidar_stl_ros2/share/ldlidar_stl_ros2//launch/ld06.launch.py
-- Symlinking: /home/chief-of-mischief/Desktop/pupper_ws/install/ldlidar_stl_ros2/share/ldlidar_stl_ros2//launch/ld19.launch.py
-- Symlinking: /home/chief-of-mischief/Desktop/pupper_ws/install/ldlidar_stl_ros2/share/ldlidar_stl_ros2//launch/stl27l.launch.py
-- Symlinking: /home/chief-of-mischief/Desktop/pupper_ws/install/ldlidar_stl_ros2/share/ldlidar_stl_ros2//launch/viewer_ld06.launch.py
-- Symlinking: /home/chief-of-mischief/Desktop/pupper_ws/install/ldlidar_stl_ros2/share/ldlidar_stl_ros2//launch/viewer_ld19.launch.py
-- Symlinking: /home/chief-of-mischief/Desktop/pupper_ws/install/ldlidar_stl_ros2/share/ldlidar_stl_ros2//launch/viewer_stl27l.launch.py
-- Symlinking: /home/chief-of-mischief/Desktop/pupper_ws/install/ldlidar_stl_ros2/share/ldlidar_stl_ros2//rviz2/ldlidar.rviz
-- Symlinking: /home/chief-of-mischief/Desktop/pupper_ws/install/ldlidar_stl_ros2/share/ament_index/resource_index/package_run_dependencies/ldlidar_stl_ros2
-- Symlinking: /home/chief-of-mischief/Desktop/pupper_ws/install/ldlidar_stl_ros2/share/ament_index/resource_index/parent_prefix_path/ldlidar_stl_ros2
-- Symlinking: /home/chief-of-mischief/Desktop/pupper_ws/install/ldlidar_stl_ros2/share/ldlidar_stl_ros2/environment/ament_prefix_path.sh
-- Symlinking: /home/chief-of-mischief/Desktop/pupper_ws/install/ldlidar_stl_ros2/share/ldlidar_stl_ros2/environment/ament_prefix_path.dsv
-- Symlinking: /home/chief-of-mischief/Desktop/pupper_ws/install/ldlidar_stl_ros2/share/ldlidar_stl_ros2/environment/path.sh
-- Symlinking: /home/chief-of-mischief/Desktop/pupper_ws/install/ldlidar_stl_ros2/share/ldlidar_stl_ros2/environment/path.dsv
-- Symlinking: /home/chief-of-mischief/Desktop/pupper_ws/install/ldlidar_stl_ros2/share/ldlidar_stl_ros2/local_setup.bash
-- Symlinking: /home/chief-of-mischief/Desktop/pupper_ws/install/ldlidar_stl_ros2/share/ldlidar_stl_ros2/local_setup.sh
-- Symlinking: /home/chief-of-mischief/Desktop/pupper_ws/install/ldlidar_stl_ros2/share/ldlidar_stl_ros2/local_setup.zsh
-- Symlinking: /home/chief-of-mischief/Desktop/pupper_ws/install/ldlidar_stl_ros2/share/ldlidar_stl_ros2/local_setup.dsv
-- Symlinking: /home/chief-of-mischief/Desktop/pupper_ws/install/ldlidar_stl_ros2/share/ldlidar_stl_ros2/package.dsv
-- Symlinking: /home/chief-of-mischief/Desktop/pupper_ws/install/ldlidar_stl_ros2/share/ament_index/resource_index/packages/ldlidar_stl_ros2
-- Symlinking: /home/chief-of-mischief/Desktop/pupper_ws/install/ldlidar_stl_ros2/share/ldlidar_stl_ros2/cmake/ldlidar_stl_ros2Config.cmake
-- Symlinking: /home/chief-of-mischief/Desktop/pupper_ws/install/ldlidar_stl_ros2/share/ldlidar_stl_ros2/cmake/ldlidar_stl_ros2Config-version.cmake
-- Symlinking: /home/chief-of-mischief/Desktop/pupper_ws/install/ldlidar_stl_ros2/share/ldlidar_stl_ros2/package.xml
