[0.045s] Invoking command in '/home/chief-of-mischief/Desktop/pupper_ws/build/ldlidar_stl_ros2': CMAKE_PREFIX_PATH=/opt/ros/humble /usr/bin/cmake /home/chief-of-mischief/Desktop/pupper_ws/src/ldlidar_stl_ros -DAMENT_CMAKE_SYMLINK_INSTALL=1 -DCMAKE_INSTALL_PREFIX=/home/chief-of-mischief/Desktop/pupper_ws/install/ldlidar_stl_ros2
[0.408s] -- The C compiler identification is GNU 11.3.0
[0.408s] -- The CXX compiler identification is GNU 11.3.0
[0.408s] -- Detecting C compiler ABI info
[0.409s] -- Detecting C compiler ABI info - done
[0.409s] -- Check for working C compiler: /usr/bin/cc - skipped
[0.410s] -- Detecting C compile features
[0.410s] -- Detecting C compile features - done
[0.410s] -- Detecting CXX compiler ABI info
[0.476s] -- Detecting CXX compiler ABI info - done
[0.486s] -- Check for working CXX compiler: /usr/bin/c++ - skipped
[0.486s] -- Detecting CXX compile features
[0.487s] -- Detecting CXX compile features - done
[0.491s] -- Found ament_cmake: 1.3.3 (/opt/ros/humble/share/ament_cmake/cmake)
[0.720s] -- Found Python3: /usr/bin/python3.10 (found version "3.10.6") found components: Interpreter 
[0.983s] -- Override CMake install command with custom implementation using symlinks instead of copying resources
[1.026s] -- Found rclcpp: 16.0.2 (/opt/ros/humble/share/rclcpp/cmake)
[1.089s] -- Found rosidl_generator_c: 3.1.4 (/opt/ros/humble/share/rosidl_generator_c/cmake)
[1.097s] -- Found rosidl_adapter: 3.1.4 (/opt/ros/humble/share/rosidl_adapter/cmake)
[1.106s] -- Found rosidl_generator_cpp: 3.1.4 (/opt/ros/humble/share/rosidl_generator_cpp/cmake)
[1.126s] -- Using all available rosidl_typesupport_c: rosidl_typesupport_fastrtps_c;rosidl_typesupport_introspection_c
[1.156s] -- Using all available rosidl_typesupport_cpp: rosidl_typesupport_fastrtps_cpp;rosidl_typesupport_introspection_cpp
[1.272s] -- Found rmw_implementation_cmake: 6.1.1 (/opt/ros/humble/share/rmw_implementation_cmake/cmake)
[1.275s] -- Found rmw_fastrtps_cpp: 6.2.2 (/opt/ros/humble/share/rmw_fastrtps_cpp/cmake)
[1.432s] -- Found OpenSSL: /usr/lib/x86_64-linux-gnu/libcrypto.so (found version "3.0.2")  
[1.479s] -- Found FastRTPS: /opt/ros/humble/include  
[1.557s] -- Using RMW implementation 'rmw_fastrtps_cpp' as default
[1.579s] -- Looking for pthread.h
[1.656s] -- Looking for pthread.h - found
[1.656s] -- Performing Test CMAKE_HAVE_LIBC_PTHREAD
[1.744s] -- Performing Test CMAKE_HAVE_LIBC_PTHREAD - Success
[1.744s] -- Found Threads: TRUE  
[1.932s] -- Found sensor_msgs: 4.2.2 (/opt/ros/humble/share/sensor_msgs/cmake)
[2.077s] -- Found ament_lint_auto: 0.12.4 (/opt/ros/humble/share/ament_lint_auto/cmake)
[2.158s] -- Added test 'copyright' to check source files copyright and LICENSE
[2.164s] -- Added test 'cppcheck' to perform static code analysis on C / C++ code
[2.165s] -- Configured cppcheck include dirs: /home/chief-of-mischief/Desktop/pupper_ws/src/ldlidar_stl_ros/include;/home/chief-of-mischief/Desktop/pupper_ws/src/ldlidar_stl_ros/ldlidar_driver/include/core;/home/chief-of-mischief/Desktop/pupper_ws/src/ldlidar_stl_ros/ldlidar_driver/include/dataprocess;/home/chief-of-mischief/Desktop/pupper_ws/src/ldlidar_stl_ros/ldlidar_driver/include/filter;/home/chief-of-mischief/Desktop/pupper_ws/src/ldlidar_stl_ros/ldlidar_driver/include/logger;/home/chief-of-mischief/Desktop/pupper_ws/src/ldlidar_stl_ros/ldlidar_driver/include/networkcom;/home/chief-of-mischief/Desktop/pupper_ws/src/ldlidar_stl_ros/ldlidar_driver/include/serialcom
[2.165s] -- Configured cppcheck exclude dirs and/or files: 
[2.168s] -- Added test 'cpplint' to check C / C++ code against the Google style
[2.168s] -- Configured cpplint exclude dirs and/or files: 
[2.169s] -- Added test 'flake8' to check Python code syntax and style conventions
[2.170s] -- Added test 'lint_cmake' to check CMake code style
[2.171s] -- Added test 'pep257' to check Python code against some of the docstring style conventions in PEP 257
[2.174s] -- Added test 'uncrustify' to check C / C++ code style
[2.174s] -- Configured uncrustify additional arguments: 
[2.175s] -- Added test 'xmllint' to check XML markup files
[2.176s] -- Configuring done
[2.185s] -- Generating done
[2.187s] -- Build files have been written to: /home/chief-of-mischief/Desktop/pupper_ws/build/ldlidar_stl_ros2
[2.196s] Invoked command in '/home/chief-of-mischief/Desktop/pupper_ws/build/ldlidar_stl_ros2' returned '0': CMAKE_PREFIX_PATH=/opt/ros/humble /usr/bin/cmake /home/chief-of-mischief/Desktop/pupper_ws/src/ldlidar_stl_ros -DAMENT_CMAKE_SYMLINK_INSTALL=1 -DCMAKE_INSTALL_PREFIX=/home/chief-of-mischief/Desktop/pupper_ws/install/ldlidar_stl_ros2
[2.197s] Invoking command in '/home/chief-of-mischief/Desktop/pupper_ws/build/ldlidar_stl_ros2': CMAKE_PREFIX_PATH=/opt/ros/humble /usr/bin/cmake --build /home/chief-of-mischief/Desktop/pupper_ws/build/ldlidar_stl_ros2 -- -j24 -l24
[2.236s] [ 12%] [32mBuilding CXX object CMakeFiles/ldlidar_stl_ros2_node.dir/ldlidar_driver/src/core/ldlidar_driver.cpp.o[0m
[2.236s] [ 37%] [32mBuilding CXX object CMakeFiles/ldlidar_stl_ros2_node.dir/ldlidar_driver/src/logger/log_module.cpp.o[0m
[2.237s] [ 37%] [32mBuilding CXX object CMakeFiles/ldlidar_stl_ros2_node.dir/ldlidar_driver/src/dataprocess/lipkg.cpp.o[0m
[2.237s] [ 50%] [32mBuilding CXX object CMakeFiles/ldlidar_stl_ros2_node.dir/ldlidar_driver/src/networkcom/network_socket_interface_linux.cpp.o[0m
[2.237s] [ 62%] [32mBuilding CXX object CMakeFiles/ldlidar_stl_ros2_node.dir/ldlidar_driver/src/serialcom/serial_interface_linux.cpp.o[0m
[2.238s] [ 75%] [32mBuilding CXX object CMakeFiles/ldlidar_stl_ros2_node.dir/src/demo.cpp.o[0m
[2.240s] [ 87%] [32mBuilding CXX object CMakeFiles/ldlidar_stl_ros2_node.dir/ldlidar_driver/src/filter/tofbf.cpp.o[0m
[7.109s] [100%] [32m[1mLinking CXX executable ldlidar_stl_ros2_node[0m
[7.268s] [100%] Built target ldlidar_stl_ros2_node
[7.275s] Invoked command in '/home/chief-of-mischief/Desktop/pupper_ws/build/ldlidar_stl_ros2' returned '0': CMAKE_PREFIX_PATH=/opt/ros/humble /usr/bin/cmake --build /home/chief-of-mischief/Desktop/pupper_ws/build/ldlidar_stl_ros2 -- -j24 -l24
[7.300s] Invoking command in '/home/chief-of-mischief/Desktop/pupper_ws/build/ldlidar_stl_ros2': CMAKE_PREFIX_PATH=/opt/ros/humble /usr/bin/cmake --install /home/chief-of-mischief/Desktop/pupper_ws/build/ldlidar_stl_ros2
[7.304s] -- Install configuration: ""
[7.305s] -- Execute custom install script
[7.305s] -- Symlinking: /home/chief-of-mischief/Desktop/pupper_ws/install/ldlidar_stl_ros2/lib/ldlidar_stl_ros2/ldlidar_stl_ros2_node
[7.311s] -- Symlinking: /home/chief-of-mischief/Desktop/pupper_ws/install/ldlidar_stl_ros2/share/ldlidar_stl_ros2//launch/ld06.launch.py
[7.316s] -- Symlinking: /home/chief-of-mischief/Desktop/pupper_ws/install/ldlidar_stl_ros2/share/ldlidar_stl_ros2//launch/ld19.launch.py
[7.322s] -- Symlinking: /home/chief-of-mischief/Desktop/pupper_ws/install/ldlidar_stl_ros2/share/ldlidar_stl_ros2//launch/stl27l.launch.py
[7.328s] -- Symlinking: /home/chief-of-mischief/Desktop/pupper_ws/install/ldlidar_stl_ros2/share/ldlidar_stl_ros2//launch/viewer_ld06.launch.py
[7.333s] -- Symlinking: /home/chief-of-mischief/Desktop/pupper_ws/install/ldlidar_stl_ros2/share/ldlidar_stl_ros2//launch/viewer_ld19.launch.py
[7.339s] -- Symlinking: /home/chief-of-mischief/Desktop/pupper_ws/install/ldlidar_stl_ros2/share/ldlidar_stl_ros2//launch/viewer_stl27l.launch.py
[7.346s] -- Symlinking: /home/chief-of-mischief/Desktop/pupper_ws/install/ldlidar_stl_ros2/share/ldlidar_stl_ros2//rviz2/ldlidar.rviz
[7.351s] -- Symlinking: /home/chief-of-mischief/Desktop/pupper_ws/install/ldlidar_stl_ros2/share/ament_index/resource_index/package_run_dependencies/ldlidar_stl_ros2
[7.358s] -- Symlinking: /home/chief-of-mischief/Desktop/pupper_ws/install/ldlidar_stl_ros2/share/ament_index/resource_index/parent_prefix_path/ldlidar_stl_ros2
[7.364s] -- Symlinking: /home/chief-of-mischief/Desktop/pupper_ws/install/ldlidar_stl_ros2/share/ldlidar_stl_ros2/environment/ament_prefix_path.sh
[7.370s] -- Symlinking: /home/chief-of-mischief/Desktop/pupper_ws/install/ldlidar_stl_ros2/share/ldlidar_stl_ros2/environment/ament_prefix_path.dsv
[7.376s] -- Symlinking: /home/chief-of-mischief/Desktop/pupper_ws/install/ldlidar_stl_ros2/share/ldlidar_stl_ros2/environment/path.sh
[7.382s] -- Symlinking: /home/chief-of-mischief/Desktop/pupper_ws/install/ldlidar_stl_ros2/share/ldlidar_stl_ros2/environment/path.dsv
[7.388s] -- Symlinking: /home/chief-of-mischief/Desktop/pupper_ws/install/ldlidar_stl_ros2/share/ldlidar_stl_ros2/local_setup.bash
[7.393s] -- Symlinking: /home/chief-of-mischief/Desktop/pupper_ws/install/ldlidar_stl_ros2/share/ldlidar_stl_ros2/local_setup.sh
[7.399s] -- Symlinking: /home/chief-of-mischief/Desktop/pupper_ws/install/ldlidar_stl_ros2/share/ldlidar_stl_ros2/local_setup.zsh
[7.404s] -- Symlinking: /home/chief-of-mischief/Desktop/pupper_ws/install/ldlidar_stl_ros2/share/ldlidar_stl_ros2/local_setup.dsv
[7.409s] -- Symlinking: /home/chief-of-mischief/Desktop/pupper_ws/install/ldlidar_stl_ros2/share/ldlidar_stl_ros2/package.dsv
[7.414s] -- Symlinking: /home/chief-of-mischief/Desktop/pupper_ws/install/ldlidar_stl_ros2/share/ament_index/resource_index/packages/ldlidar_stl_ros2
[7.419s] -- Symlinking: /home/chief-of-mischief/Desktop/pupper_ws/install/ldlidar_stl_ros2/share/ldlidar_stl_ros2/cmake/ldlidar_stl_ros2Config.cmake
[7.424s] -- Symlinking: /home/chief-of-mischief/Desktop/pupper_ws/install/ldlidar_stl_ros2/share/ldlidar_stl_ros2/cmake/ldlidar_stl_ros2Config-version.cmake
[7.430s] -- Symlinking: /home/chief-of-mischief/Desktop/pupper_ws/install/ldlidar_stl_ros2/share/ldlidar_stl_ros2/package.xml
[7.440s] Invoked command in '/home/chief-of-mischief/Desktop/pupper_ws/build/ldlidar_stl_ros2' returned '0': CMAKE_PREFIX_PATH=/opt/ros/humble /usr/bin/cmake --install /home/chief-of-mischief/Desktop/pupper_ws/build/ldlidar_stl_ros2
