[0.071s] Invoking command in '/home/chief-of-mischief/Desktop/pupper_ws/build/champ': CMAKE_PREFIX_PATH=/opt/ros/humble /usr/bin/cmake /home/chief-of-mischief/Desktop/pupper_ws/src/champ/champ/champ -DAMENT_CMAKE_SYMLINK_INSTALL=1 -DCMAKE_INSTALL_PREFIX=/home/chief-of-mischief/Desktop/pupper_ws/install/champ
[0.427s] -- The C compiler identification is GNU 11.3.0
[0.428s] -- The CXX compiler identification is GNU 11.3.0
[0.429s] -- Detecting C compiler ABI info
[0.429s] -- Detecting C compiler ABI info - done
[0.429s] -- Check for working C compiler: /usr/bin/cc - skipped
[0.429s] -- Detecting C compile features
[0.429s] -- Detecting C compile features - done
[0.429s] -- Detecting CXX compiler ABI info
[0.429s] -- Detecting CXX compiler ABI info - done
[0.457s] -- Check for working CXX compiler: /usr/bin/c++ - skipped
[0.457s] -- Detecting CXX compile features
[0.458s] -- Detecting CXX compile features - done
[0.466s] -- Found ament_cmake: 1.3.3 (/opt/ros/humble/share/ament_cmake/cmake)
[0.930s] -- Found Python3: /usr/bin/python3.10 (found version "3.10.6") found components: Interpreter 
[1.002s] -- Override CMake install command with custom implementation using symlinks instead of copying resources
[1.036s] -- Found rclcpp: 16.0.2 (/opt/ros/humble/share/rclcpp/cmake)
[1.100s] -- Found rosidl_generator_c: 3.1.4 (/opt/ros/humble/share/rosidl_generator_c/cmake)
[1.107s] -- Found rosidl_adapter: 3.1.4 (/opt/ros/humble/share/rosidl_adapter/cmake)
[1.124s] -- Found rosidl_generator_cpp: 3.1.4 (/opt/ros/humble/share/rosidl_generator_cpp/cmake)
[1.139s] -- Using all available rosidl_typesupport_c: rosidl_typesupport_fastrtps_c;rosidl_typesupport_introspection_c
[1.164s] -- Using all available rosidl_typesupport_cpp: rosidl_typesupport_fastrtps_cpp;rosidl_typesupport_introspection_cpp
[1.283s] -- Found rmw_implementation_cmake: 6.1.1 (/opt/ros/humble/share/rmw_implementation_cmake/cmake)
[1.292s] -- Found rmw_fastrtps_cpp: 6.2.2 (/opt/ros/humble/share/rmw_fastrtps_cpp/cmake)
[1.454s] -- Found OpenSSL: /usr/lib/x86_64-linux-gnu/libcrypto.so (found version "3.0.2")  
[1.505s] -- Found FastRTPS: /opt/ros/humble/include  
[1.570s] -- Using RMW implementation 'rmw_fastrtps_cpp' as default
[1.584s] -- Looking for pthread.h
[1.669s] -- Looking for pthread.h - found
[1.670s] -- Performing Test CMAKE_HAVE_LIBC_PTHREAD
[1.750s] -- Performing Test CMAKE_HAVE_LIBC_PTHREAD - Success
[1.751s] -- Found Threads: TRUE  
[1.943s] -- Found ament_lint_auto: 0.12.4 (/opt/ros/humble/share/ament_lint_auto/cmake)
[2.014s] -- Configuring done
[2.021s] -- Generating done
[2.021s] -- Build files have been written to: /home/chief-of-mischief/Desktop/pupper_ws/build/champ
[2.052s] Invoked command in '/home/chief-of-mischief/Desktop/pupper_ws/build/champ' returned '0': CMAKE_PREFIX_PATH=/opt/ros/humble /usr/bin/cmake /home/chief-of-mischief/Desktop/pupper_ws/src/champ/champ/champ -DAMENT_CMAKE_SYMLINK_INSTALL=1 -DCMAKE_INSTALL_PREFIX=/home/chief-of-mischief/Desktop/pupper_ws/install/champ
[2.054s] Invoking command in '/home/chief-of-mischief/Desktop/pupper_ws/build/champ': CMAKE_PREFIX_PATH=/opt/ros/humble /usr/bin/cmake --build /home/chief-of-mischief/Desktop/pupper_ws/build/champ -- -j24 -l24
[2.095s] Invoked command in '/home/chief-of-mischief/Desktop/pupper_ws/build/champ' returned '0': CMAKE_PREFIX_PATH=/opt/ros/humble /usr/bin/cmake --build /home/chief-of-mischief/Desktop/pupper_ws/build/champ -- -j24 -l24
[2.114s] Invoking command in '/home/chief-of-mischief/Desktop/pupper_ws/build/champ': CMAKE_PREFIX_PATH=/opt/ros/humble /usr/bin/cmake --install /home/chief-of-mischief/Desktop/pupper_ws/build/champ
[2.120s] -- Install configuration: ""
[2.120s] -- Execute custom install script
[2.122s] -- Symlinking: /home/chief-of-mischief/Desktop/pupper_ws/install/champ/include/champ/.git
[2.129s] -- Symlinking: /home/chief-of-mischief/Desktop/pupper_ws/install/champ/include/champ/LICENSE
[2.135s] -- Symlinking: /home/chief-of-mischief/Desktop/pupper_ws/install/champ/include/champ/README.md
[2.142s] -- Symlinking: /home/chief-of-mischief/Desktop/pupper_ws/install/champ/include/champ/bla/basic_linear_algebra.h
[2.149s] -- Symlinking: /home/chief-of-mischief/Desktop/pupper_ws/install/champ/include/champ/bla/memory_delegate.h
[2.155s] -- Symlinking: /home/chief-of-mischief/Desktop/pupper_ws/install/champ/include/champ/body_controller/body_controller.h
[2.162s] -- Symlinking: /home/chief-of-mischief/Desktop/pupper_ws/install/champ/include/champ/geometry/geometry.h
[2.169s] -- Symlinking: /home/chief-of-mischief/Desktop/pupper_ws/install/champ/include/champ/kinematics/kinematics.h
[2.176s] -- Symlinking: /home/chief-of-mischief/Desktop/pupper_ws/install/champ/include/champ/leg_controller/leg_controller.h
[2.183s] -- Symlinking: /home/chief-of-mischief/Desktop/pupper_ws/install/champ/include/champ/leg_controller/phase_generator.h
[2.189s] -- Symlinking: /home/chief-of-mischief/Desktop/pupper_ws/install/champ/include/champ/leg_controller/trajectory_planner.h
[2.196s] -- Symlinking: /home/chief-of-mischief/Desktop/pupper_ws/install/champ/include/champ/macros/macros.h
[2.203s] -- Symlinking: /home/chief-of-mischief/Desktop/pupper_ws/install/champ/include/champ/odometry/odometry.h
[2.210s] -- Symlinking: /home/chief-of-mischief/Desktop/pupper_ws/install/champ/include/champ/quadruped_base/quadruped_base.h
[2.216s] -- Symlinking: /home/chief-of-mischief/Desktop/pupper_ws/install/champ/include/champ/quadruped_base/quadruped_components.h
[2.223s] -- Symlinking: /home/chief-of-mischief/Desktop/pupper_ws/install/champ/include/champ/quadruped_base/quadruped_joint.h
[2.229s] -- Symlinking: /home/chief-of-mischief/Desktop/pupper_ws/install/champ/include/champ/quadruped_base/quadruped_leg.h
[2.236s] -- Symlinking: /home/chief-of-mischief/Desktop/pupper_ws/install/champ/include/champ/utils/urdf_loader.h
[2.242s] -- Symlinking: /home/chief-of-mischief/Desktop/pupper_ws/install/champ/include/champ/utils/xmlrpc_helpers.h
[2.249s] -- Symlinking: /home/chief-of-mischief/Desktop/pupper_ws/install/champ/share/ament_index/resource_index/package_run_dependencies/champ
[2.256s] -- Symlinking: /home/chief-of-mischief/Desktop/pupper_ws/install/champ/share/ament_index/resource_index/parent_prefix_path/champ
[2.262s] -- Symlinking: /home/chief-of-mischief/Desktop/pupper_ws/install/champ/share/champ/environment/ament_prefix_path.sh
[2.268s] -- Symlinking: /home/chief-of-mischief/Desktop/pupper_ws/install/champ/share/champ/environment/ament_prefix_path.dsv
[2.275s] -- Symlinking: /home/chief-of-mischief/Desktop/pupper_ws/install/champ/share/champ/environment/path.sh
[2.282s] -- Symlinking: /home/chief-of-mischief/Desktop/pupper_ws/install/champ/share/champ/environment/path.dsv
[2.291s] -- Symlinking: /home/chief-of-mischief/Desktop/pupper_ws/install/champ/share/champ/local_setup.bash
[2.299s] -- Symlinking: /home/chief-of-mischief/Desktop/pupper_ws/install/champ/share/champ/local_setup.sh
[2.308s] -- Symlinking: /home/chief-of-mischief/Desktop/pupper_ws/install/champ/share/champ/local_setup.zsh
[2.316s] -- Symlinking: /home/chief-of-mischief/Desktop/pupper_ws/install/champ/share/champ/local_setup.dsv
[2.324s] -- Symlinking: /home/chief-of-mischief/Desktop/pupper_ws/install/champ/share/champ/package.dsv
[2.334s] -- Symlinking: /home/chief-of-mischief/Desktop/pupper_ws/install/champ/share/ament_index/resource_index/packages/champ
[2.342s] -- Symlinking: /home/chief-of-mischief/Desktop/pupper_ws/install/champ/share/champ/cmake/ament_cmake_export_include_directories-extras.cmake
[2.350s] -- Symlinking: /home/chief-of-mischief/Desktop/pupper_ws/install/champ/share/champ/cmake/champConfig.cmake
[2.359s] -- Symlinking: /home/chief-of-mischief/Desktop/pupper_ws/install/champ/share/champ/cmake/champConfig-version.cmake
[2.368s] -- Symlinking: /home/chief-of-mischief/Desktop/pupper_ws/install/champ/share/champ/package.xml
[2.386s] Invoked command in '/home/chief-of-mischief/Desktop/pupper_ws/build/champ' returned '0': CMAKE_PREFIX_PATH=/opt/ros/humble /usr/bin/cmake --install /home/chief-of-mischief/Desktop/pupper_ws/build/champ
