[0.101s] Invoking command in '/home/chief-of-mischief/Desktop/pupper_ws/build/ldlidar_stl_ros2': CMAKE_PREFIX_PATH=/opt/ros/humble /usr/bin/cmake --build /home/chief-of-mischief/Desktop/pupper_ws/build/ldlidar_stl_ros2 -- -j24 -l24
[0.745s] [35m[1mConsolidate compiler generated dependencies of target ldlidar_stl_ros2_node[0m
[0.745s] [100%] Built target ldlidar_stl_ros2_node
[0.754s] Invoked command in '/home/chief-of-mischief/Desktop/pupper_ws/build/ldlidar_stl_ros2' returned '0': CMAKE_PREFIX_PATH=/opt/ros/humble /usr/bin/cmake --build /home/chief-of-mischief/Desktop/pupper_ws/build/ldlidar_stl_ros2 -- -j24 -l24
[0.899s] Invoking command in '/home/chief-of-mischief/Desktop/pupper_ws/build/ldlidar_stl_ros2': CMAKE_PREFIX_PATH=/opt/ros/humble /usr/bin/cmake --install /home/chief-of-mischief/Desktop/pupper_ws/build/ldlidar_stl_ros2
[0.909s] -- Install configuration: ""
[0.910s] -- Execute custom install script
[0.920s] -- Up-to-date symlink: /home/chief-of-mischief/Desktop/pupper_ws/install/ldlidar_stl_ros2/lib/ldlidar_stl_ros2/ldlidar_stl_ros2_node
[0.921s] -- Up-to-date symlink: /home/chief-of-mischief/Desktop/pupper_ws/install/ldlidar_stl_ros2/share/ldlidar_stl_ros2//launch/ld06.launch.py
[0.922s] -- Up-to-date symlink: /home/chief-of-mischief/Desktop/pupper_ws/install/ldlidar_stl_ros2/share/ldlidar_stl_ros2//launch/ld19.launch.py
[0.922s] -- Up-to-date symlink: /home/chief-of-mischief/Desktop/pupper_ws/install/ldlidar_stl_ros2/share/ldlidar_stl_ros2//launch/stl27l.launch.py
[0.922s] -- Up-to-date symlink: /home/chief-of-mischief/Desktop/pupper_ws/install/ldlidar_stl_ros2/share/ldlidar_stl_ros2//launch/viewer_ld06.launch.py
[0.924s] -- Up-to-date symlink: /home/chief-of-mischief/Desktop/pupper_ws/install/ldlidar_stl_ros2/share/ldlidar_stl_ros2//launch/viewer_ld19.launch.py
[0.924s] -- Up-to-date symlink: /home/chief-of-mischief/Desktop/pupper_ws/install/ldlidar_stl_ros2/share/ldlidar_stl_ros2//launch/viewer_stl27l.launch.py
[0.925s] -- Up-to-date symlink: /home/chief-of-mischief/Desktop/pupper_ws/install/ldlidar_stl_ros2/share/ldlidar_stl_ros2//rviz2/ldlidar.rviz
[0.931s] -- Up-to-date symlink: /home/chief-of-mischief/Desktop/pupper_ws/install/ldlidar_stl_ros2/share/ament_index/resource_index/package_run_dependencies/ldlidar_stl_ros2
[0.932s] -- Up-to-date symlink: /home/chief-of-mischief/Desktop/pupper_ws/install/ldlidar_stl_ros2/share/ament_index/resource_index/parent_prefix_path/ldlidar_stl_ros2
[0.933s] -- Up-to-date symlink: /home/chief-of-mischief/Desktop/pupper_ws/install/ldlidar_stl_ros2/share/ldlidar_stl_ros2/environment/ament_prefix_path.sh
[0.933s] -- Up-to-date symlink: /home/chief-of-mischief/Desktop/pupper_ws/install/ldlidar_stl_ros2/share/ldlidar_stl_ros2/environment/ament_prefix_path.dsv
[0.933s] -- Up-to-date symlink: /home/chief-of-mischief/Desktop/pupper_ws/install/ldlidar_stl_ros2/share/ldlidar_stl_ros2/environment/path.sh
[0.934s] -- Up-to-date symlink: /home/chief-of-mischief/Desktop/pupper_ws/install/ldlidar_stl_ros2/share/ldlidar_stl_ros2/environment/path.dsv
[0.949s] -- Up-to-date symlink: /home/chief-of-mischief/Desktop/pupper_ws/install/ldlidar_stl_ros2/share/ldlidar_stl_ros2/local_setup.bash
[0.950s] -- Up-to-date symlink: /home/chief-of-mischief/Desktop/pupper_ws/install/ldlidar_stl_ros2/share/ldlidar_stl_ros2/local_setup.sh
[0.950s] -- Up-to-date symlink: /home/chief-of-mischief/Desktop/pupper_ws/install/ldlidar_stl_ros2/share/ldlidar_stl_ros2/local_setup.zsh
[0.951s] -- Up-to-date symlink: /home/chief-of-mischief/Desktop/pupper_ws/install/ldlidar_stl_ros2/share/ldlidar_stl_ros2/local_setup.dsv
[0.952s] -- Symlinking: /home/chief-of-mischief/Desktop/pupper_ws/install/ldlidar_stl_ros2/share/ldlidar_stl_ros2/package.dsv
[0.989s] -- Up-to-date symlink: /home/chief-of-mischief/Desktop/pupper_ws/install/ldlidar_stl_ros2/share/ament_index/resource_index/packages/ldlidar_stl_ros2
[0.990s] -- Up-to-date symlink: /home/chief-of-mischief/Desktop/pupper_ws/install/ldlidar_stl_ros2/share/ldlidar_stl_ros2/cmake/ldlidar_stl_ros2Config.cmake
[0.990s] -- Up-to-date symlink: /home/chief-of-mischief/Desktop/pupper_ws/install/ldlidar_stl_ros2/share/ldlidar_stl_ros2/cmake/ldlidar_stl_ros2Config-version.cmake
[1.000s] -- Up-to-date symlink: /home/chief-of-mischief/Desktop/pupper_ws/install/ldlidar_stl_ros2/share/ldlidar_stl_ros2/package.xml
[1.019s] Invoked command in '/home/chief-of-mischief/Desktop/pupper_ws/build/ldlidar_stl_ros2' returned '0': CMAKE_PREFIX_PATH=/opt/ros/humble /usr/bin/cmake --install /home/chief-of-mischief/Desktop/pupper_ws/build/ldlidar_stl_ros2
