[0.066s] Invoking command in '/home/chief-of-mischief/Desktop/pupper_ws/build/champ_msgs': CMAKE_PREFIX_PATH=/opt/ros/humble /usr/bin/cmake /home/chief-of-mischief/Desktop/pupper_ws/src/champ/champ/champ_msgs -DAMENT_CMAKE_SYMLINK_INSTALL=1 -DCMAKE_INSTALL_PREFIX=/home/chief-of-mischief/Desktop/pupper_ws/install/champ_msgs
[0.421s] -- The C compiler identification is GNU 11.3.0
[0.421s] -- The CXX compiler identification is GNU 11.3.0
[0.421s] -- Detecting C compiler ABI info
[0.422s] -- Detecting C compiler ABI info - done
[0.422s] -- Check for working C compiler: /usr/bin/cc - skipped
[0.422s] -- Detecting C compile features
[0.422s] -- Detecting C compile features - done
[0.422s] -- Detecting CXX compiler ABI info
[0.422s] -- Detecting CXX compiler ABI info - done
[0.422s] -- Check for working CXX compiler: /usr/bin/c++ - skipped
[0.422s] -- Detecting CXX compile features
[0.422s] -- Detecting CXX compile features - done
[0.422s] -- Found ament_cmake: 1.3.3 (/opt/ros/humble/share/ament_cmake/cmake)
[0.647s] -- Found Python3: /usr/bin/python3.10 (found version "3.10.6") found components: Interpreter 
[0.726s] -- Override CMake install command with custom implementation using symlinks instead of copying resources
[0.762s] -- Found rosidl_default_generators: 1.2.0 (/opt/ros/humble/share/rosidl_default_generators/cmake)
[0.768s] -- Using all available rosidl_typesupport_c: rosidl_typesupport_fastrtps_c;rosidl_typesupport_introspection_c
[0.776s] -- Found rosidl_adapter: 3.1.4 (/opt/ros/humble/share/rosidl_adapter/cmake)
[0.838s] -- Using all available rosidl_typesupport_cpp: rosidl_typesupport_fastrtps_cpp;rosidl_typesupport_introspection_cpp
[0.893s] -- Found std_msgs: 4.2.2 (/opt/ros/humble/share/std_msgs/cmake)
[0.975s] -- Found geometry_msgs: 4.2.3 (/opt/ros/humble/share/geometry_msgs/cmake)
[1.575s] -- Found ament_cmake_ros: 0.10.0 (/opt/ros/humble/share/ament_cmake_ros/cmake)
[1.889s] -- Using all available rosidl_typesupport_c: rosidl_typesupport_fastrtps_c;rosidl_typesupport_introspection_c
[2.233s] -- Using all available rosidl_typesupport_cpp: rosidl_typesupport_fastrtps_cpp;rosidl_typesupport_introspection_cpp
[2.255s] -- Found PythonInterp: /usr/bin/python3 (found suitable version "3.10.6", minimum required is "3.6") 
[2.256s] -- Found python_cmake_module: 0.10.0 (/opt/ros/humble/share/python_cmake_module/cmake)
[2.283s] -- Found PythonLibs: /usr/lib/x86_64-linux-gnu/libpython3.10.so (found suitable version "3.10.6", minimum required is "3.5") 
[2.283s] -- Using PYTHON_EXECUTABLE: /usr/bin/python3
[2.284s] -- Using PYTHON_INCLUDE_DIRS: /usr/include/python3.10
[2.284s] -- Using PYTHON_LIBRARIES: /usr/lib/x86_64-linux-gnu/libpython3.10.so
[2.308s] -- Found PythonExtra: .so  
[2.385s] -- Found ament_lint_auto: 0.12.4 (/opt/ros/humble/share/ament_lint_auto/cmake)
[2.392s] -- Configuring done
[2.443s] -- Generating done
[2.445s] -- Build files have been written to: /home/chief-of-mischief/Desktop/pupper_ws/build/champ_msgs
[2.455s] Invoked command in '/home/chief-of-mischief/Desktop/pupper_ws/build/champ_msgs' returned '0': CMAKE_PREFIX_PATH=/opt/ros/humble /usr/bin/cmake /home/chief-of-mischief/Desktop/pupper_ws/src/champ/champ/champ_msgs -DAMENT_CMAKE_SYMLINK_INSTALL=1 -DCMAKE_INSTALL_PREFIX=/home/chief-of-mischief/Desktop/pupper_ws/install/champ_msgs
[2.458s] Invoking command in '/home/chief-of-mischief/Desktop/pupper_ws/build/champ_msgs': CMAKE_PREFIX_PATH=/opt/ros/humble /usr/bin/cmake --build /home/chief-of-mischief/Desktop/pupper_ws/build/champ_msgs -- -j24 -l24
[2.500s] [  1%] [34m[1mGenerating C code for ROS interfaces[0m
[2.549s] [  2%] [34m[1mGenerating C++ code for ROS interfaces[0m
[2.570s] [  2%] Built target ament_cmake_python_symlink_champ_msgs
[3.210s] [  2%] Built target champ_msgs__cpp
[3.216s] running egg_info
[3.217s] creating champ_msgs.egg-info
[3.217s] writing champ_msgs.egg-info/PKG-INFO
[3.217s] writing dependency_links to champ_msgs.egg-info/dependency_links.txt
[3.217s] writing top-level names to champ_msgs.egg-info/top_level.txt
[3.218s] writing manifest file 'champ_msgs.egg-info/SOURCES.txt'
[3.221s] reading manifest file 'champ_msgs.egg-info/SOURCES.txt'
[3.222s] writing manifest file 'champ_msgs.egg-info/SOURCES.txt'
[3.222s] [  3%] [34m[1mGenerating C++ type support dispatch for ROS interfaces[0m
[3.223s] [  4%] [34m[1mGenerating C++ introspection for ROS interfaces[0m
[3.231s] [  5%] [34m[1mGenerating C++ type support for eProsima Fast-RTPS[0m
[3.253s] [  5%] Built target ament_cmake_python_build_champ_msgs_egg
[3.314s] [  6%] [32mBuilding C object CMakeFiles/champ_msgs__rosidl_generator_c.dir/rosidl_generator_c/champ_msgs/msg/detail/velocities__functions.c.o[0m
[3.315s] [  8%] [32mBuilding C object CMakeFiles/champ_msgs__rosidl_generator_c.dir/rosidl_generator_c/champ_msgs/msg/detail/point__functions.c.o[0m
[3.315s] [  8%] [32mBuilding C object CMakeFiles/champ_msgs__rosidl_generator_c.dir/rosidl_generator_c/champ_msgs/msg/detail/imu__functions.c.o[0m
[3.315s] [  9%] [32mBuilding C object CMakeFiles/champ_msgs__rosidl_generator_c.dir/rosidl_generator_c/champ_msgs/msg/detail/pid__functions.c.o[0m
[3.331s] [ 11%] [32mBuilding C object CMakeFiles/champ_msgs__rosidl_generator_c.dir/rosidl_generator_c/champ_msgs/msg/detail/point_array__functions.c.o[0m
[3.331s] [ 11%] [32mBuilding C object CMakeFiles/champ_msgs__rosidl_generator_c.dir/rosidl_generator_c/champ_msgs/msg/detail/joints__functions.c.o[0m
[3.333s] [ 12%] [32mBuilding C object CMakeFiles/champ_msgs__rosidl_generator_c.dir/rosidl_generator_c/champ_msgs/msg/detail/contacts_stamped__functions.c.o[0m
[3.333s] [ 13%] [32mBuilding C object CMakeFiles/champ_msgs__rosidl_generator_c.dir/rosidl_generator_c/champ_msgs/msg/detail/pose__functions.c.o[0m
[3.334s] [ 14%] [32mBuilding C object CMakeFiles/champ_msgs__rosidl_generator_c.dir/rosidl_generator_c/champ_msgs/msg/detail/contacts__functions.c.o[0m
[3.435s] [ 15%] [32m[1mLinking C shared library libchamp_msgs__rosidl_generator_c.so[0m
[3.472s] [ 15%] Built target champ_msgs__rosidl_generator_c
[3.482s] [ 17%] [34m[1mGenerating C type support dispatch for ROS interfaces[0m
[3.483s] [ 17%] [34m[1mGenerating C type support for eProsima Fast-RTPS[0m
[3.483s] [ 18%] [34m[1mGenerating C introspection for ROS interfaces[0m
[3.675s] [ 21%] [32mBuilding CXX object CMakeFiles/champ_msgs__rosidl_typesupport_cpp.dir/rosidl_typesupport_cpp/champ_msgs/msg/pid__type_support.cpp.o[0m
[3.675s] [ 21%] [32mBuilding CXX object CMakeFiles/champ_msgs__rosidl_typesupport_cpp.dir/rosidl_typesupport_cpp/champ_msgs/msg/velocities__type_support.cpp.o[0m
[3.678s] [ 22%] [32mBuilding CXX object CMakeFiles/champ_msgs__rosidl_typesupport_cpp.dir/rosidl_typesupport_cpp/champ_msgs/msg/joints__type_support.cpp.o[0m
[3.678s] [ 23%] [32mBuilding CXX object CMakeFiles/champ_msgs__rosidl_typesupport_cpp.dir/rosidl_typesupport_cpp/champ_msgs/msg/imu__type_support.cpp.o[0m
[3.680s] [ 24%] [32mBuilding CXX object CMakeFiles/champ_msgs__rosidl_typesupport_cpp.dir/rosidl_typesupport_cpp/champ_msgs/msg/point__type_support.cpp.o[0m
[3.682s] [ 25%] [32mBuilding CXX object CMakeFiles/champ_msgs__rosidl_typesupport_cpp.dir/rosidl_typesupport_cpp/champ_msgs/msg/contacts_stamped__type_support.cpp.o[0m
[3.685s] [ 26%] [32mBuilding CXX object CMakeFiles/champ_msgs__rosidl_typesupport_cpp.dir/rosidl_typesupport_cpp/champ_msgs/msg/point_array__type_support.cpp.o[0m
[3.692s] [ 28%] [32mBuilding CXX object CMakeFiles/champ_msgs__rosidl_typesupport_cpp.dir/rosidl_typesupport_cpp/champ_msgs/msg/pose__type_support.cpp.o[0m
[3.692s] [ 28%] [32mBuilding CXX object CMakeFiles/champ_msgs__rosidl_typesupport_cpp.dir/rosidl_typesupport_cpp/champ_msgs/msg/contacts__type_support.cpp.o[0m
[3.771s] [ 29%] [32mBuilding CXX object CMakeFiles/champ_msgs__rosidl_typesupport_introspection_cpp.dir/rosidl_typesupport_introspection_cpp/champ_msgs/msg/detail/pid__type_support.cpp.o[0m
[3.771s] [ 30%] [32mBuilding CXX object CMakeFiles/champ_msgs__rosidl_typesupport_introspection_cpp.dir/rosidl_typesupport_introspection_cpp/champ_msgs/msg/detail/velocities__type_support.cpp.o[0m
[3.771s] [ 31%] [32mBuilding CXX object CMakeFiles/champ_msgs__rosidl_typesupport_introspection_cpp.dir/rosidl_typesupport_introspection_cpp/champ_msgs/msg/detail/contacts__type_support.cpp.o[0m
[3.773s] [ 32%] [32mBuilding CXX object CMakeFiles/champ_msgs__rosidl_typesupport_introspection_cpp.dir/rosidl_typesupport_introspection_cpp/champ_msgs/msg/detail/imu__type_support.cpp.o[0m
[3.780s] [ 33%] [32mBuilding CXX object CMakeFiles/champ_msgs__rosidl_typesupport_introspection_cpp.dir/rosidl_typesupport_introspection_cpp/champ_msgs/msg/detail/point_array__type_support.cpp.o[0m
[3.780s] [ 34%] [32mBuilding CXX object CMakeFiles/champ_msgs__rosidl_typesupport_introspection_cpp.dir/rosidl_typesupport_introspection_cpp/champ_msgs/msg/detail/joints__type_support.cpp.o[0m
[3.783s] [ 35%] [32mBuilding CXX object CMakeFiles/champ_msgs__rosidl_typesupport_introspection_cpp.dir/rosidl_typesupport_introspection_cpp/champ_msgs/msg/detail/point__type_support.cpp.o[0m
[3.785s] [ 36%] [32mBuilding CXX object CMakeFiles/champ_msgs__rosidl_typesupport_introspection_cpp.dir/rosidl_typesupport_introspection_cpp/champ_msgs/msg/detail/pose__type_support.cpp.o[0m
[3.801s] [ 37%] [32mBuilding CXX object CMakeFiles/champ_msgs__rosidl_typesupport_introspection_cpp.dir/rosidl_typesupport_introspection_cpp/champ_msgs/msg/detail/contacts_stamped__type_support.cpp.o[0m
[4.107s] [ 38%] [32mBuilding CXX object CMakeFiles/champ_msgs__rosidl_typesupport_fastrtps_cpp.dir/rosidl_typesupport_fastrtps_cpp/champ_msgs/msg/detail/dds_fastrtps/pid__type_support.cpp.o[0m
[4.116s] [ 40%] [32mBuilding CXX object CMakeFiles/champ_msgs__rosidl_typesupport_fastrtps_cpp.dir/rosidl_typesupport_fastrtps_cpp/champ_msgs/msg/detail/dds_fastrtps/point__type_support.cpp.o[0m
[4.116s] [ 41%] [32mBuilding CXX object CMakeFiles/champ_msgs__rosidl_typesupport_fastrtps_cpp.dir/rosidl_typesupport_fastrtps_cpp/champ_msgs/msg/detail/dds_fastrtps/velocities__type_support.cpp.o[0m
[4.128s] [ 42%] [32mBuilding CXX object CMakeFiles/champ_msgs__rosidl_typesupport_fastrtps_cpp.dir/rosidl_typesupport_fastrtps_cpp/champ_msgs/msg/detail/dds_fastrtps/imu__type_support.cpp.o[0m
[4.144s] [ 43%] [32mBuilding CXX object CMakeFiles/champ_msgs__rosidl_typesupport_fastrtps_cpp.dir/rosidl_typesupport_fastrtps_cpp/champ_msgs/msg/detail/dds_fastrtps/point_array__type_support.cpp.o[0m
[4.171s] [ 44%] [32mBuilding CXX object CMakeFiles/champ_msgs__rosidl_typesupport_fastrtps_cpp.dir/rosidl_typesupport_fastrtps_cpp/champ_msgs/msg/detail/dds_fastrtps/contacts__type_support.cpp.o[0m
[4.179s] [ 45%] [32mBuilding CXX object CMakeFiles/champ_msgs__rosidl_typesupport_fastrtps_cpp.dir/rosidl_typesupport_fastrtps_cpp/champ_msgs/msg/detail/dds_fastrtps/contacts_stamped__type_support.cpp.o[0m
[4.201s] [ 46%] [32mBuilding CXX object CMakeFiles/champ_msgs__rosidl_typesupport_fastrtps_cpp.dir/rosidl_typesupport_fastrtps_cpp/champ_msgs/msg/detail/dds_fastrtps/joints__type_support.cpp.o[0m
[4.261s] [ 47%] [32mBuilding CXX object CMakeFiles/champ_msgs__rosidl_typesupport_fastrtps_cpp.dir/rosidl_typesupport_fastrtps_cpp/champ_msgs/msg/detail/dds_fastrtps/pose__type_support.cpp.o[0m
[4.309s] [ 48%] [32mBuilding CXX object CMakeFiles/champ_msgs__rosidl_typesupport_c.dir/rosidl_typesupport_c/champ_msgs/msg/pid__type_support.cpp.o[0m
[4.341s] [ 49%] [32mBuilding CXX object CMakeFiles/champ_msgs__rosidl_typesupport_c.dir/rosidl_typesupport_c/champ_msgs/msg/velocities__type_support.cpp.o[0m
[4.379s] [ 50%] [32mBuilding CXX object CMakeFiles/champ_msgs__rosidl_typesupport_c.dir/rosidl_typesupport_c/champ_msgs/msg/imu__type_support.cpp.o[0m
[4.410s] [ 51%] [32mBuilding CXX object CMakeFiles/champ_msgs__rosidl_typesupport_c.dir/rosidl_typesupport_c/champ_msgs/msg/point__type_support.cpp.o[0m
[4.422s] [ 52%] [32mBuilding CXX object CMakeFiles/champ_msgs__rosidl_typesupport_c.dir/rosidl_typesupport_c/champ_msgs/msg/point_array__type_support.cpp.o[0m
[4.461s] [ 53%] [32mBuilding CXX object CMakeFiles/champ_msgs__rosidl_typesupport_c.dir/rosidl_typesupport_c/champ_msgs/msg/joints__type_support.cpp.o[0m
[4.471s] [ 54%] [32mBuilding CXX object CMakeFiles/champ_msgs__rosidl_typesupport_c.dir/rosidl_typesupport_c/champ_msgs/msg/contacts__type_support.cpp.o[0m
[4.492s] [ 55%] [32mBuilding CXX object CMakeFiles/champ_msgs__rosidl_typesupport_c.dir/rosidl_typesupport_c/champ_msgs/msg/contacts_stamped__type_support.cpp.o[0m
[4.538s] [ 56%] [32mBuilding CXX object CMakeFiles/champ_msgs__rosidl_typesupport_c.dir/rosidl_typesupport_c/champ_msgs/msg/pose__type_support.cpp.o[0m
[4.594s] [ 57%] [32m[1mLinking CXX shared library libchamp_msgs__rosidl_typesupport_c.so[0m
[4.612s] [ 58%] [32m[1mLinking CXX shared library libchamp_msgs__rosidl_typesupport_cpp.so[0m
[4.659s] [ 58%] Built target champ_msgs__rosidl_typesupport_c
[4.674s] [ 58%] Built target champ_msgs__rosidl_typesupport_cpp
[4.880s] [ 60%] [32mBuilding C object CMakeFiles/champ_msgs__rosidl_typesupport_introspection_c.dir/rosidl_typesupport_introspection_c/champ_msgs/msg/detail/velocities__type_support.c.o[0m
[4.881s] [ 61%] [32mBuilding C object CMakeFiles/champ_msgs__rosidl_typesupport_introspection_c.dir/rosidl_typesupport_introspection_c/champ_msgs/msg/detail/pid__type_support.c.o[0m
[4.882s] [ 63%] [32mBuilding C object CMakeFiles/champ_msgs__rosidl_typesupport_introspection_c.dir/rosidl_typesupport_introspection_c/champ_msgs/msg/detail/point__type_support.c.o[0m
[4.882s] [ 63%] [32mBuilding C object CMakeFiles/champ_msgs__rosidl_typesupport_introspection_c.dir/rosidl_typesupport_introspection_c/champ_msgs/msg/detail/contacts__type_support.c.o[0m
[4.882s] [ 64%] [32mBuilding C object CMakeFiles/champ_msgs__rosidl_typesupport_introspection_c.dir/rosidl_typesupport_introspection_c/champ_msgs/msg/detail/point_array__type_support.c.o[0m
[4.882s] [ 66%] [32mBuilding C object CMakeFiles/champ_msgs__rosidl_typesupport_introspection_c.dir/rosidl_typesupport_introspection_c/champ_msgs/msg/detail/pose__type_support.c.o[0m
[4.882s] [ 66%] [32mBuilding C object CMakeFiles/champ_msgs__rosidl_typesupport_introspection_c.dir/rosidl_typesupport_introspection_c/champ_msgs/msg/detail/contacts_stamped__type_support.c.o[0m
[4.888s] [ 67%] [32mBuilding C object CMakeFiles/champ_msgs__rosidl_typesupport_introspection_c.dir/rosidl_typesupport_introspection_c/champ_msgs/msg/detail/imu__type_support.c.o[0m
[4.890s] [ 68%] [32mBuilding C object CMakeFiles/champ_msgs__rosidl_typesupport_introspection_c.dir/rosidl_typesupport_introspection_c/champ_msgs/msg/detail/joints__type_support.c.o[0m
[4.929s] [ 69%] [32m[1mLinking CXX shared library libchamp_msgs__rosidl_typesupport_introspection_cpp.so[0m
[4.962s] [ 70%] [32m[1mLinking C shared library libchamp_msgs__rosidl_typesupport_introspection_c.so[0m
[5.003s] [ 70%] Built target champ_msgs__rosidl_typesupport_introspection_c
[5.033s] [ 70%] Built target champ_msgs__rosidl_typesupport_introspection_cpp
[5.065s] [ 71%] [32mBuilding CXX object CMakeFiles/champ_msgs__rosidl_typesupport_fastrtps_c.dir/rosidl_typesupport_fastrtps_c/champ_msgs/msg/detail/velocities__type_support_c.cpp.o[0m
[5.067s] [ 72%] [32mBuilding CXX object CMakeFiles/champ_msgs__rosidl_typesupport_fastrtps_c.dir/rosidl_typesupport_fastrtps_c/champ_msgs/msg/detail/imu__type_support_c.cpp.o[0m
[5.071s] [ 73%] [32mBuilding CXX object CMakeFiles/champ_msgs__rosidl_typesupport_fastrtps_c.dir/rosidl_typesupport_fastrtps_c/champ_msgs/msg/detail/contacts__type_support_c.cpp.o[0m
[5.071s] [ 74%] [32mBuilding CXX object CMakeFiles/champ_msgs__rosidl_typesupport_fastrtps_c.dir/rosidl_typesupport_fastrtps_c/champ_msgs/msg/detail/pose__type_support_c.cpp.o[0m
[5.072s] [ 75%] [32mBuilding CXX object CMakeFiles/champ_msgs__rosidl_typesupport_fastrtps_c.dir/rosidl_typesupport_fastrtps_c/champ_msgs/msg/detail/point__type_support_c.cpp.o[0m
[5.079s] [ 76%] [32mBuilding CXX object CMakeFiles/champ_msgs__rosidl_typesupport_fastrtps_c.dir/rosidl_typesupport_fastrtps_c/champ_msgs/msg/detail/pid__type_support_c.cpp.o[0m
[5.081s] [ 77%] [32mBuilding CXX object CMakeFiles/champ_msgs__rosidl_typesupport_fastrtps_c.dir/rosidl_typesupport_fastrtps_c/champ_msgs/msg/detail/point_array__type_support_c.cpp.o[0m
[5.082s] [ 78%] [32mBuilding CXX object CMakeFiles/champ_msgs__rosidl_typesupport_fastrtps_c.dir/rosidl_typesupport_fastrtps_c/champ_msgs/msg/detail/joints__type_support_c.cpp.o[0m
[5.087s] [ 80%] [32mBuilding CXX object CMakeFiles/champ_msgs__rosidl_typesupport_fastrtps_c.dir/rosidl_typesupport_fastrtps_c/champ_msgs/msg/detail/contacts_stamped__type_support_c.cpp.o[0m
[5.268s] [ 81%] [32m[1mLinking CXX shared library libchamp_msgs__rosidl_typesupport_fastrtps_cpp.so[0m
[5.376s] [ 81%] Built target champ_msgs__rosidl_typesupport_fastrtps_cpp
[5.771s] [ 82%] [32m[1mLinking CXX shared library libchamp_msgs__rosidl_typesupport_fastrtps_c.so[0m
[5.838s] [ 82%] Built target champ_msgs__rosidl_typesupport_fastrtps_c
[5.852s] [ 82%] Built target champ_msgs
[5.867s] [ 83%] [34m[1mGenerating Python code for ROS interfaces[0m
[6.544s] [ 83%] Built target champ_msgs__py
[6.558s] [ 85%] [32mBuilding C object CMakeFiles/champ_msgs__rosidl_generator_py.dir/rosidl_generator_py/champ_msgs/msg/_pid_s.c.o[0m
[6.558s] [ 85%] [32mBuilding C object CMakeFiles/champ_msgs__rosidl_generator_py.dir/rosidl_generator_py/champ_msgs/msg/_imu_s.c.o[0m
[6.559s] [ 87%] [32mBuilding C object CMakeFiles/champ_msgs__rosidl_generator_py.dir/rosidl_generator_py/champ_msgs/msg/_point_s.c.o[0m
[6.559s] [ 87%] [32mBuilding C object CMakeFiles/champ_msgs__rosidl_generator_py.dir/rosidl_generator_py/champ_msgs/msg/_velocities_s.c.o[0m
[6.559s] [ 88%] [32mBuilding C object CMakeFiles/champ_msgs__rosidl_generator_py.dir/rosidl_generator_py/champ_msgs/msg/_point_array_s.c.o[0m
[6.559s] [ 89%] [32mBuilding C object CMakeFiles/champ_msgs__rosidl_generator_py.dir/rosidl_generator_py/champ_msgs/msg/_joints_s.c.o[0m
[6.561s] [ 90%] [32mBuilding C object CMakeFiles/champ_msgs__rosidl_generator_py.dir/rosidl_generator_py/champ_msgs/msg/_contacts_stamped_s.c.o[0m
[6.562s] [ 91%] [32mBuilding C object CMakeFiles/champ_msgs__rosidl_generator_py.dir/rosidl_generator_py/champ_msgs/msg/_pose_s.c.o[0m
[6.562s] [ 92%] [32mBuilding C object CMakeFiles/champ_msgs__rosidl_generator_py.dir/rosidl_generator_py/champ_msgs/msg/_contacts_s.c.o[0m
[6.723s] [ 93%] [32m[1mLinking C shared library rosidl_generator_py/champ_msgs/libchamp_msgs__rosidl_generator_py.so[0m
[6.755s] [ 93%] Built target champ_msgs__rosidl_generator_py
[6.768s] [ 96%] [32mBuilding C object CMakeFiles/champ_msgs__rosidl_typesupport_introspection_c__pyext.dir/rosidl_generator_py/champ_msgs/_champ_msgs_s.ep.rosidl_typesupport_introspection_c.c.o[0m
[6.769s] [ 96%] [32mBuilding C object CMakeFiles/champ_msgs__rosidl_typesupport_c__pyext.dir/rosidl_generator_py/champ_msgs/_champ_msgs_s.ep.rosidl_typesupport_c.c.o[0m
[6.769s] [ 96%] [32mBuilding C object CMakeFiles/champ_msgs__rosidl_typesupport_fastrtps_c__pyext.dir/rosidl_generator_py/champ_msgs/_champ_msgs_s.ep.rosidl_typesupport_fastrtps_c.c.o[0m
[6.869s] [ 98%] [32m[1mLinking C shared library rosidl_generator_py/champ_msgs/champ_msgs_s__rosidl_typesupport_introspection_c.cpython-310-x86_64-linux-gnu.so[0m
[6.869s] [100%] [32m[1mLinking C shared library rosidl_generator_py/champ_msgs/champ_msgs_s__rosidl_typesupport_c.cpython-310-x86_64-linux-gnu.so[0m
[6.869s] [100%] [32m[1mLinking C shared library rosidl_generator_py/champ_msgs/champ_msgs_s__rosidl_typesupport_fastrtps_c.cpython-310-x86_64-linux-gnu.so[0m
[6.904s] [100%] Built target champ_msgs__rosidl_typesupport_fastrtps_c__pyext
[6.904s] [100%] Built target champ_msgs__rosidl_typesupport_introspection_c__pyext
[6.904s] [100%] Built target champ_msgs__rosidl_typesupport_c__pyext
[6.914s] Invoked command in '/home/chief-of-mischief/Desktop/pupper_ws/build/champ_msgs' returned '0': CMAKE_PREFIX_PATH=/opt/ros/humble /usr/bin/cmake --build /home/chief-of-mischief/Desktop/pupper_ws/build/champ_msgs -- -j24 -l24
[7.044s] Invoking command in '/home/chief-of-mischief/Desktop/pupper_ws/build/champ_msgs': CMAKE_PREFIX_PATH=/opt/ros/humble /usr/bin/cmake --install /home/chief-of-mischief/Desktop/pupper_ws/build/champ_msgs
[7.049s] -- Install configuration: ""
[7.050s] -- Execute custom install script
[7.050s] -- Symlinking: /home/chief-of-mischief/Desktop/pupper_ws/install/champ_msgs/share/ament_index/resource_index/rosidl_interfaces/champ_msgs
[7.056s] -- Symlinking: /home/chief-of-mischief/Desktop/pupper_ws/install/champ_msgs/include/champ_msgs/champ_msgs/msg/contacts.h
[7.062s] -- Symlinking: /home/chief-of-mischief/Desktop/pupper_ws/install/champ_msgs/include/champ_msgs/champ_msgs/msg/contacts_stamped.h
[7.068s] -- Symlinking: /home/chief-of-mischief/Desktop/pupper_ws/install/champ_msgs/include/champ_msgs/champ_msgs/msg/detail/contacts__functions.h
[7.074s] -- Symlinking: /home/chief-of-mischief/Desktop/pupper_ws/install/champ_msgs/include/champ_msgs/champ_msgs/msg/detail/contacts__struct.h
[7.079s] -- Symlinking: /home/chief-of-mischief/Desktop/pupper_ws/install/champ_msgs/include/champ_msgs/champ_msgs/msg/detail/contacts__type_support.h
[7.086s] -- Symlinking: /home/chief-of-mischief/Desktop/pupper_ws/install/champ_msgs/include/champ_msgs/champ_msgs/msg/detail/contacts_stamped__functions.h
[7.093s] -- Symlinking: /home/chief-of-mischief/Desktop/pupper_ws/install/champ_msgs/include/champ_msgs/champ_msgs/msg/detail/contacts_stamped__struct.h
[7.099s] -- Symlinking: /home/chief-of-mischief/Desktop/pupper_ws/install/champ_msgs/include/champ_msgs/champ_msgs/msg/detail/contacts_stamped__type_support.h
[7.106s] -- Symlinking: /home/chief-of-mischief/Desktop/pupper_ws/install/champ_msgs/include/champ_msgs/champ_msgs/msg/detail/imu__functions.h
[7.111s] -- Symlinking: /home/chief-of-mischief/Desktop/pupper_ws/install/champ_msgs/include/champ_msgs/champ_msgs/msg/detail/imu__struct.h
[7.117s] -- Symlinking: /home/chief-of-mischief/Desktop/pupper_ws/install/champ_msgs/include/champ_msgs/champ_msgs/msg/detail/imu__type_support.h
[7.123s] -- Symlinking: /home/chief-of-mischief/Desktop/pupper_ws/install/champ_msgs/include/champ_msgs/champ_msgs/msg/detail/joints__functions.h
[7.129s] -- Symlinking: /home/chief-of-mischief/Desktop/pupper_ws/install/champ_msgs/include/champ_msgs/champ_msgs/msg/detail/joints__struct.h
[7.135s] -- Symlinking: /home/chief-of-mischief/Desktop/pupper_ws/install/champ_msgs/include/champ_msgs/champ_msgs/msg/detail/joints__type_support.h
[7.140s] -- Symlinking: /home/chief-of-mischief/Desktop/pupper_ws/install/champ_msgs/include/champ_msgs/champ_msgs/msg/detail/pid__functions.h
[7.146s] -- Symlinking: /home/chief-of-mischief/Desktop/pupper_ws/install/champ_msgs/include/champ_msgs/champ_msgs/msg/detail/pid__struct.h
[7.151s] -- Symlinking: /home/chief-of-mischief/Desktop/pupper_ws/install/champ_msgs/include/champ_msgs/champ_msgs/msg/detail/pid__type_support.h
[7.157s] -- Symlinking: /home/chief-of-mischief/Desktop/pupper_ws/install/champ_msgs/include/champ_msgs/champ_msgs/msg/detail/point__functions.h
[7.163s] -- Symlinking: /home/chief-of-mischief/Desktop/pupper_ws/install/champ_msgs/include/champ_msgs/champ_msgs/msg/detail/point__struct.h
[7.168s] -- Symlinking: /home/chief-of-mischief/Desktop/pupper_ws/install/champ_msgs/include/champ_msgs/champ_msgs/msg/detail/point__type_support.h
[7.174s] -- Symlinking: /home/chief-of-mischief/Desktop/pupper_ws/install/champ_msgs/include/champ_msgs/champ_msgs/msg/detail/point_array__functions.h
[7.180s] -- Symlinking: /home/chief-of-mischief/Desktop/pupper_ws/install/champ_msgs/include/champ_msgs/champ_msgs/msg/detail/point_array__struct.h
[7.186s] -- Symlinking: /home/chief-of-mischief/Desktop/pupper_ws/install/champ_msgs/include/champ_msgs/champ_msgs/msg/detail/point_array__type_support.h
[7.192s] -- Symlinking: /home/chief-of-mischief/Desktop/pupper_ws/install/champ_msgs/include/champ_msgs/champ_msgs/msg/detail/pose__functions.h
[7.198s] -- Symlinking: /home/chief-of-mischief/Desktop/pupper_ws/install/champ_msgs/include/champ_msgs/champ_msgs/msg/detail/pose__struct.h
[7.204s] -- Symlinking: /home/chief-of-mischief/Desktop/pupper_ws/install/champ_msgs/include/champ_msgs/champ_msgs/msg/detail/pose__type_support.h
[7.210s] -- Symlinking: /home/chief-of-mischief/Desktop/pupper_ws/install/champ_msgs/include/champ_msgs/champ_msgs/msg/detail/velocities__functions.h
[7.216s] -- Symlinking: /home/chief-of-mischief/Desktop/pupper_ws/install/champ_msgs/include/champ_msgs/champ_msgs/msg/detail/velocities__struct.h
[7.222s] -- Symlinking: /home/chief-of-mischief/Desktop/pupper_ws/install/champ_msgs/include/champ_msgs/champ_msgs/msg/detail/velocities__type_support.h
[7.227s] -- Symlinking: /home/chief-of-mischief/Desktop/pupper_ws/install/champ_msgs/include/champ_msgs/champ_msgs/msg/imu.h
[7.233s] -- Symlinking: /home/chief-of-mischief/Desktop/pupper_ws/install/champ_msgs/include/champ_msgs/champ_msgs/msg/joints.h
[7.238s] -- Symlinking: /home/chief-of-mischief/Desktop/pupper_ws/install/champ_msgs/include/champ_msgs/champ_msgs/msg/pid.h
[7.243s] -- Symlinking: /home/chief-of-mischief/Desktop/pupper_ws/install/champ_msgs/include/champ_msgs/champ_msgs/msg/point.h
[7.248s] -- Symlinking: /home/chief-of-mischief/Desktop/pupper_ws/install/champ_msgs/include/champ_msgs/champ_msgs/msg/point_array.h
[7.252s] -- Symlinking: /home/chief-of-mischief/Desktop/pupper_ws/install/champ_msgs/include/champ_msgs/champ_msgs/msg/pose.h
[7.258s] -- Symlinking: /home/chief-of-mischief/Desktop/pupper_ws/install/champ_msgs/include/champ_msgs/champ_msgs/msg/rosidl_generator_c__visibility_control.h
[7.263s] -- Symlinking: /home/chief-of-mischief/Desktop/pupper_ws/install/champ_msgs/include/champ_msgs/champ_msgs/msg/velocities.h
[7.269s] -- Symlinking: /home/chief-of-mischief/Desktop/pupper_ws/install/champ_msgs/share/champ_msgs/environment/library_path.sh
[7.274s] -- Symlinking: /home/chief-of-mischief/Desktop/pupper_ws/install/champ_msgs/share/champ_msgs/environment/library_path.dsv
[7.280s] -- Symlinking: /home/chief-of-mischief/Desktop/pupper_ws/install/champ_msgs/include/champ_msgs/champ_msgs/msg/detail/contacts__rosidl_typesupport_fastrtps_c.h
[7.286s] -- Symlinking: /home/chief-of-mischief/Desktop/pupper_ws/install/champ_msgs/include/champ_msgs/champ_msgs/msg/detail/contacts_stamped__rosidl_typesupport_fastrtps_c.h
[7.292s] -- Symlinking: /home/chief-of-mischief/Desktop/pupper_ws/install/champ_msgs/include/champ_msgs/champ_msgs/msg/detail/imu__rosidl_typesupport_fastrtps_c.h
[7.298s] -- Symlinking: /home/chief-of-mischief/Desktop/pupper_ws/install/champ_msgs/include/champ_msgs/champ_msgs/msg/detail/joints__rosidl_typesupport_fastrtps_c.h
[7.303s] -- Symlinking: /home/chief-of-mischief/Desktop/pupper_ws/install/champ_msgs/include/champ_msgs/champ_msgs/msg/detail/pid__rosidl_typesupport_fastrtps_c.h
[7.308s] -- Symlinking: /home/chief-of-mischief/Desktop/pupper_ws/install/champ_msgs/include/champ_msgs/champ_msgs/msg/detail/point__rosidl_typesupport_fastrtps_c.h
[7.314s] -- Symlinking: /home/chief-of-mischief/Desktop/pupper_ws/install/champ_msgs/include/champ_msgs/champ_msgs/msg/detail/point_array__rosidl_typesupport_fastrtps_c.h
[7.319s] -- Symlinking: /home/chief-of-mischief/Desktop/pupper_ws/install/champ_msgs/include/champ_msgs/champ_msgs/msg/detail/pose__rosidl_typesupport_fastrtps_c.h
[7.324s] -- Symlinking: /home/chief-of-mischief/Desktop/pupper_ws/install/champ_msgs/include/champ_msgs/champ_msgs/msg/detail/velocities__rosidl_typesupport_fastrtps_c.h
[7.331s] -- Symlinking: /home/chief-of-mischief/Desktop/pupper_ws/install/champ_msgs/include/champ_msgs/champ_msgs/msg/rosidl_typesupport_fastrtps_c__visibility_control.h
[7.336s] -- Symlinking: /home/chief-of-mischief/Desktop/pupper_ws/install/champ_msgs/include/champ_msgs/champ_msgs/msg/detail/contacts__rosidl_typesupport_introspection_c.h
[7.341s] -- Symlinking: /home/chief-of-mischief/Desktop/pupper_ws/install/champ_msgs/include/champ_msgs/champ_msgs/msg/detail/contacts_stamped__rosidl_typesupport_introspection_c.h
[7.347s] -- Symlinking: /home/chief-of-mischief/Desktop/pupper_ws/install/champ_msgs/include/champ_msgs/champ_msgs/msg/detail/imu__rosidl_typesupport_introspection_c.h
[7.353s] -- Symlinking: /home/chief-of-mischief/Desktop/pupper_ws/install/champ_msgs/include/champ_msgs/champ_msgs/msg/detail/joints__rosidl_typesupport_introspection_c.h
[7.358s] -- Symlinking: /home/chief-of-mischief/Desktop/pupper_ws/install/champ_msgs/include/champ_msgs/champ_msgs/msg/detail/pid__rosidl_typesupport_introspection_c.h
[7.364s] -- Symlinking: /home/chief-of-mischief/Desktop/pupper_ws/install/champ_msgs/include/champ_msgs/champ_msgs/msg/detail/point__rosidl_typesupport_introspection_c.h
[7.369s] -- Symlinking: /home/chief-of-mischief/Desktop/pupper_ws/install/champ_msgs/include/champ_msgs/champ_msgs/msg/detail/point_array__rosidl_typesupport_introspection_c.h
[7.376s] -- Symlinking: /home/chief-of-mischief/Desktop/pupper_ws/install/champ_msgs/include/champ_msgs/champ_msgs/msg/detail/pose__rosidl_typesupport_introspection_c.h
[7.382s] -- Symlinking: /home/chief-of-mischief/Desktop/pupper_ws/install/champ_msgs/include/champ_msgs/champ_msgs/msg/detail/velocities__rosidl_typesupport_introspection_c.h
[7.388s] -- Symlinking: /home/chief-of-mischief/Desktop/pupper_ws/install/champ_msgs/include/champ_msgs/champ_msgs/msg/rosidl_typesupport_introspection_c__visibility_control.h
[7.395s] -- Symlinking: /home/chief-of-mischief/Desktop/pupper_ws/install/champ_msgs/include/champ_msgs/champ_msgs/msg/contacts.hpp
[7.401s] -- Symlinking: /home/chief-of-mischief/Desktop/pupper_ws/install/champ_msgs/include/champ_msgs/champ_msgs/msg/contacts_stamped.hpp
[7.407s] -- Symlinking: /home/chief-of-mischief/Desktop/pupper_ws/install/champ_msgs/include/champ_msgs/champ_msgs/msg/detail/contacts__builder.hpp
[7.412s] -- Symlinking: /home/chief-of-mischief/Desktop/pupper_ws/install/champ_msgs/include/champ_msgs/champ_msgs/msg/detail/contacts__struct.hpp
[7.418s] -- Symlinking: /home/chief-of-mischief/Desktop/pupper_ws/install/champ_msgs/include/champ_msgs/champ_msgs/msg/detail/contacts__traits.hpp
[7.424s] -- Symlinking: /home/chief-of-mischief/Desktop/pupper_ws/install/champ_msgs/include/champ_msgs/champ_msgs/msg/detail/contacts_stamped__builder.hpp
[7.429s] -- Symlinking: /home/chief-of-mischief/Desktop/pupper_ws/install/champ_msgs/include/champ_msgs/champ_msgs/msg/detail/contacts_stamped__struct.hpp
[7.434s] -- Symlinking: /home/chief-of-mischief/Desktop/pupper_ws/install/champ_msgs/include/champ_msgs/champ_msgs/msg/detail/contacts_stamped__traits.hpp
[7.439s] -- Symlinking: /home/chief-of-mischief/Desktop/pupper_ws/install/champ_msgs/include/champ_msgs/champ_msgs/msg/detail/imu__builder.hpp
[7.444s] -- Symlinking: /home/chief-of-mischief/Desktop/pupper_ws/install/champ_msgs/include/champ_msgs/champ_msgs/msg/detail/imu__struct.hpp
[7.450s] -- Symlinking: /home/chief-of-mischief/Desktop/pupper_ws/install/champ_msgs/include/champ_msgs/champ_msgs/msg/detail/imu__traits.hpp
[7.455s] -- Symlinking: /home/chief-of-mischief/Desktop/pupper_ws/install/champ_msgs/include/champ_msgs/champ_msgs/msg/detail/joints__builder.hpp
[7.460s] -- Symlinking: /home/chief-of-mischief/Desktop/pupper_ws/install/champ_msgs/include/champ_msgs/champ_msgs/msg/detail/joints__struct.hpp
[7.466s] -- Symlinking: /home/chief-of-mischief/Desktop/pupper_ws/install/champ_msgs/include/champ_msgs/champ_msgs/msg/detail/joints__traits.hpp
[7.472s] -- Symlinking: /home/chief-of-mischief/Desktop/pupper_ws/install/champ_msgs/include/champ_msgs/champ_msgs/msg/detail/pid__builder.hpp
[7.479s] -- Symlinking: /home/chief-of-mischief/Desktop/pupper_ws/install/champ_msgs/include/champ_msgs/champ_msgs/msg/detail/pid__struct.hpp
[7.484s] -- Symlinking: /home/chief-of-mischief/Desktop/pupper_ws/install/champ_msgs/include/champ_msgs/champ_msgs/msg/detail/pid__traits.hpp
[7.490s] -- Symlinking: /home/chief-of-mischief/Desktop/pupper_ws/install/champ_msgs/include/champ_msgs/champ_msgs/msg/detail/point__builder.hpp
[7.496s] -- Symlinking: /home/chief-of-mischief/Desktop/pupper_ws/install/champ_msgs/include/champ_msgs/champ_msgs/msg/detail/point__struct.hpp
[7.502s] -- Symlinking: /home/chief-of-mischief/Desktop/pupper_ws/install/champ_msgs/include/champ_msgs/champ_msgs/msg/detail/point__traits.hpp
[7.512s] -- Symlinking: /home/chief-of-mischief/Desktop/pupper_ws/install/champ_msgs/include/champ_msgs/champ_msgs/msg/detail/point_array__builder.hpp
[7.513s] -- Symlinking: /home/chief-of-mischief/Desktop/pupper_ws/install/champ_msgs/include/champ_msgs/champ_msgs/msg/detail/point_array__struct.hpp
[7.520s] -- Symlinking: /home/chief-of-mischief/Desktop/pupper_ws/install/champ_msgs/include/champ_msgs/champ_msgs/msg/detail/point_array__traits.hpp
[7.523s] -- Symlinking: /home/chief-of-mischief/Desktop/pupper_ws/install/champ_msgs/include/champ_msgs/champ_msgs/msg/detail/pose__builder.hpp
[7.529s] -- Symlinking: /home/chief-of-mischief/Desktop/pupper_ws/install/champ_msgs/include/champ_msgs/champ_msgs/msg/detail/pose__struct.hpp
[7.534s] -- Symlinking: /home/chief-of-mischief/Desktop/pupper_ws/install/champ_msgs/include/champ_msgs/champ_msgs/msg/detail/pose__traits.hpp
[7.539s] -- Symlinking: /home/chief-of-mischief/Desktop/pupper_ws/install/champ_msgs/include/champ_msgs/champ_msgs/msg/detail/velocities__builder.hpp
[7.544s] -- Symlinking: /home/chief-of-mischief/Desktop/pupper_ws/install/champ_msgs/include/champ_msgs/champ_msgs/msg/detail/velocities__struct.hpp
[7.549s] -- Symlinking: /home/chief-of-mischief/Desktop/pupper_ws/install/champ_msgs/include/champ_msgs/champ_msgs/msg/detail/velocities__traits.hpp
[7.553s] -- Symlinking: /home/chief-of-mischief/Desktop/pupper_ws/install/champ_msgs/include/champ_msgs/champ_msgs/msg/imu.hpp
[7.559s] -- Symlinking: /home/chief-of-mischief/Desktop/pupper_ws/install/champ_msgs/include/champ_msgs/champ_msgs/msg/joints.hpp
[7.565s] -- Symlinking: /home/chief-of-mischief/Desktop/pupper_ws/install/champ_msgs/include/champ_msgs/champ_msgs/msg/pid.hpp
[7.571s] -- Symlinking: /home/chief-of-mischief/Desktop/pupper_ws/install/champ_msgs/include/champ_msgs/champ_msgs/msg/point.hpp
[7.576s] -- Symlinking: /home/chief-of-mischief/Desktop/pupper_ws/install/champ_msgs/include/champ_msgs/champ_msgs/msg/point_array.hpp
[7.581s] -- Symlinking: /home/chief-of-mischief/Desktop/pupper_ws/install/champ_msgs/include/champ_msgs/champ_msgs/msg/pose.hpp
[7.586s] -- Symlinking: /home/chief-of-mischief/Desktop/pupper_ws/install/champ_msgs/include/champ_msgs/champ_msgs/msg/velocities.hpp
[7.591s] -- Symlinking: /home/chief-of-mischief/Desktop/pupper_ws/install/champ_msgs/include/champ_msgs/champ_msgs/msg/detail/contacts__rosidl_typesupport_fastrtps_cpp.hpp
[7.596s] -- Symlinking: /home/chief-of-mischief/Desktop/pupper_ws/install/champ_msgs/include/champ_msgs/champ_msgs/msg/detail/contacts_stamped__rosidl_typesupport_fastrtps_cpp.hpp
[7.601s] -- Symlinking: /home/chief-of-mischief/Desktop/pupper_ws/install/champ_msgs/include/champ_msgs/champ_msgs/msg/detail/imu__rosidl_typesupport_fastrtps_cpp.hpp
[7.606s] -- Symlinking: /home/chief-of-mischief/Desktop/pupper_ws/install/champ_msgs/include/champ_msgs/champ_msgs/msg/detail/joints__rosidl_typesupport_fastrtps_cpp.hpp
[7.610s] -- Symlinking: /home/chief-of-mischief/Desktop/pupper_ws/install/champ_msgs/include/champ_msgs/champ_msgs/msg/detail/pid__rosidl_typesupport_fastrtps_cpp.hpp
[7.615s] -- Symlinking: /home/chief-of-mischief/Desktop/pupper_ws/install/champ_msgs/include/champ_msgs/champ_msgs/msg/detail/point__rosidl_typesupport_fastrtps_cpp.hpp
[7.619s] -- Symlinking: /home/chief-of-mischief/Desktop/pupper_ws/install/champ_msgs/include/champ_msgs/champ_msgs/msg/detail/point_array__rosidl_typesupport_fastrtps_cpp.hpp
[7.624s] -- Symlinking: /home/chief-of-mischief/Desktop/pupper_ws/install/champ_msgs/include/champ_msgs/champ_msgs/msg/detail/pose__rosidl_typesupport_fastrtps_cpp.hpp
[7.629s] -- Symlinking: /home/chief-of-mischief/Desktop/pupper_ws/install/champ_msgs/include/champ_msgs/champ_msgs/msg/detail/velocities__rosidl_typesupport_fastrtps_cpp.hpp
[7.634s] -- Symlinking: /home/chief-of-mischief/Desktop/pupper_ws/install/champ_msgs/include/champ_msgs/champ_msgs/msg/rosidl_typesupport_fastrtps_cpp__visibility_control.h
[7.638s] -- Symlinking: /home/chief-of-mischief/Desktop/pupper_ws/install/champ_msgs/include/champ_msgs/champ_msgs/msg/detail/contacts__rosidl_typesupport_introspection_cpp.hpp
[7.643s] -- Symlinking: /home/chief-of-mischief/Desktop/pupper_ws/install/champ_msgs/include/champ_msgs/champ_msgs/msg/detail/contacts_stamped__rosidl_typesupport_introspection_cpp.hpp
[7.647s] -- Symlinking: /home/chief-of-mischief/Desktop/pupper_ws/install/champ_msgs/include/champ_msgs/champ_msgs/msg/detail/imu__rosidl_typesupport_introspection_cpp.hpp
[7.652s] -- Symlinking: /home/chief-of-mischief/Desktop/pupper_ws/install/champ_msgs/include/champ_msgs/champ_msgs/msg/detail/joints__rosidl_typesupport_introspection_cpp.hpp
[7.656s] -- Symlinking: /home/chief-of-mischief/Desktop/pupper_ws/install/champ_msgs/include/champ_msgs/champ_msgs/msg/detail/pid__rosidl_typesupport_introspection_cpp.hpp
[7.661s] -- Symlinking: /home/chief-of-mischief/Desktop/pupper_ws/install/champ_msgs/include/champ_msgs/champ_msgs/msg/detail/point__rosidl_typesupport_introspection_cpp.hpp
[7.665s] -- Symlinking: /home/chief-of-mischief/Desktop/pupper_ws/install/champ_msgs/include/champ_msgs/champ_msgs/msg/detail/point_array__rosidl_typesupport_introspection_cpp.hpp
[7.670s] -- Symlinking: /home/chief-of-mischief/Desktop/pupper_ws/install/champ_msgs/include/champ_msgs/champ_msgs/msg/detail/pose__rosidl_typesupport_introspection_cpp.hpp
[7.675s] -- Symlinking: /home/chief-of-mischief/Desktop/pupper_ws/install/champ_msgs/include/champ_msgs/champ_msgs/msg/detail/velocities__rosidl_typesupport_introspection_cpp.hpp
[7.681s] -- Symlinking: /home/chief-of-mischief/Desktop/pupper_ws/install/champ_msgs/share/champ_msgs/environment/pythonpath.sh
[7.686s] -- Symlinking: /home/chief-of-mischief/Desktop/pupper_ws/install/champ_msgs/share/champ_msgs/environment/pythonpath.dsv
[7.691s] -- Symlinking: /home/chief-of-mischief/Desktop/pupper_ws/install/champ_msgs/local/lib/python3.10/dist-packages/champ_msgs-0.1.0-py3.10.egg-info/PKG-INFO
[7.696s] -- Symlinking: /home/chief-of-mischief/Desktop/pupper_ws/install/champ_msgs/local/lib/python3.10/dist-packages/champ_msgs-0.1.0-py3.10.egg-info/SOURCES.txt
[7.701s] -- Symlinking: /home/chief-of-mischief/Desktop/pupper_ws/install/champ_msgs/local/lib/python3.10/dist-packages/champ_msgs-0.1.0-py3.10.egg-info/dependency_links.txt
[7.706s] -- Symlinking: /home/chief-of-mischief/Desktop/pupper_ws/install/champ_msgs/local/lib/python3.10/dist-packages/champ_msgs-0.1.0-py3.10.egg-info/top_level.txt
[7.711s] -- Symlinking: /home/chief-of-mischief/Desktop/pupper_ws/install/champ_msgs/local/lib/python3.10/dist-packages/champ_msgs/__init__.py
[7.716s] -- Symlinking: /home/chief-of-mischief/Desktop/pupper_ws/install/champ_msgs/local/lib/python3.10/dist-packages/champ_msgs/_champ_msgs_s.ep.rosidl_typesupport_c.c
[7.723s] -- Symlinking: /home/chief-of-mischief/Desktop/pupper_ws/install/champ_msgs/local/lib/python3.10/dist-packages/champ_msgs/_champ_msgs_s.ep.rosidl_typesupport_fastrtps_c.c
[7.731s] -- Symlinking: /home/chief-of-mischief/Desktop/pupper_ws/install/champ_msgs/local/lib/python3.10/dist-packages/champ_msgs/_champ_msgs_s.ep.rosidl_typesupport_introspection_c.c
[7.738s] -- Symlinking: /home/chief-of-mischief/Desktop/pupper_ws/install/champ_msgs/local/lib/python3.10/dist-packages/champ_msgs/champ_msgs_s__rosidl_typesupport_c.cpython-310-x86_64-linux-gnu.so
[7.745s] -- Symlinking: /home/chief-of-mischief/Desktop/pupper_ws/install/champ_msgs/local/lib/python3.10/dist-packages/champ_msgs/champ_msgs_s__rosidl_typesupport_fastrtps_c.cpython-310-x86_64-linux-gnu.so
[7.751s] -- Symlinking: /home/chief-of-mischief/Desktop/pupper_ws/install/champ_msgs/local/lib/python3.10/dist-packages/champ_msgs/champ_msgs_s__rosidl_typesupport_introspection_c.cpython-310-x86_64-linux-gnu.so
[7.757s] -- Symlinking: /home/chief-of-mischief/Desktop/pupper_ws/install/champ_msgs/local/lib/python3.10/dist-packages/champ_msgs/libchamp_msgs__rosidl_generator_py.so
[7.761s] -- Symlinking: /home/chief-of-mischief/Desktop/pupper_ws/install/champ_msgs/local/lib/python3.10/dist-packages/champ_msgs/msg/__init__.py
[7.766s] -- Symlinking: /home/chief-of-mischief/Desktop/pupper_ws/install/champ_msgs/local/lib/python3.10/dist-packages/champ_msgs/msg/_contacts.py
[7.772s] -- Symlinking: /home/chief-of-mischief/Desktop/pupper_ws/install/champ_msgs/local/lib/python3.10/dist-packages/champ_msgs/msg/_contacts_s.c
[7.776s] -- Symlinking: /home/chief-of-mischief/Desktop/pupper_ws/install/champ_msgs/local/lib/python3.10/dist-packages/champ_msgs/msg/_contacts_stamped.py
[7.781s] -- Symlinking: /home/chief-of-mischief/Desktop/pupper_ws/install/champ_msgs/local/lib/python3.10/dist-packages/champ_msgs/msg/_contacts_stamped_s.c
[7.787s] -- Symlinking: /home/chief-of-mischief/Desktop/pupper_ws/install/champ_msgs/local/lib/python3.10/dist-packages/champ_msgs/msg/_imu.py
[7.791s] -- Symlinking: /home/chief-of-mischief/Desktop/pupper_ws/install/champ_msgs/local/lib/python3.10/dist-packages/champ_msgs/msg/_imu_s.c
[7.796s] -- Symlinking: /home/chief-of-mischief/Desktop/pupper_ws/install/champ_msgs/local/lib/python3.10/dist-packages/champ_msgs/msg/_joints.py
[7.800s] -- Symlinking: /home/chief-of-mischief/Desktop/pupper_ws/install/champ_msgs/local/lib/python3.10/dist-packages/champ_msgs/msg/_joints_s.c
[7.805s] -- Symlinking: /home/chief-of-mischief/Desktop/pupper_ws/install/champ_msgs/local/lib/python3.10/dist-packages/champ_msgs/msg/_pid.py
[7.810s] -- Symlinking: /home/chief-of-mischief/Desktop/pupper_ws/install/champ_msgs/local/lib/python3.10/dist-packages/champ_msgs/msg/_pid_s.c
[7.814s] -- Symlinking: /home/chief-of-mischief/Desktop/pupper_ws/install/champ_msgs/local/lib/python3.10/dist-packages/champ_msgs/msg/_point.py
[7.819s] -- Symlinking: /home/chief-of-mischief/Desktop/pupper_ws/install/champ_msgs/local/lib/python3.10/dist-packages/champ_msgs/msg/_point_array.py
[7.824s] -- Symlinking: /home/chief-of-mischief/Desktop/pupper_ws/install/champ_msgs/local/lib/python3.10/dist-packages/champ_msgs/msg/_point_array_s.c
[7.829s] -- Symlinking: /home/chief-of-mischief/Desktop/pupper_ws/install/champ_msgs/local/lib/python3.10/dist-packages/champ_msgs/msg/_point_s.c
[7.835s] -- Symlinking: /home/chief-of-mischief/Desktop/pupper_ws/install/champ_msgs/local/lib/python3.10/dist-packages/champ_msgs/msg/_pose.py
[7.840s] -- Symlinking: /home/chief-of-mischief/Desktop/pupper_ws/install/champ_msgs/local/lib/python3.10/dist-packages/champ_msgs/msg/_pose_s.c
[7.845s] -- Symlinking: /home/chief-of-mischief/Desktop/pupper_ws/install/champ_msgs/local/lib/python3.10/dist-packages/champ_msgs/msg/_velocities.py
[7.850s] -- Symlinking: /home/chief-of-mischief/Desktop/pupper_ws/install/champ_msgs/local/lib/python3.10/dist-packages/champ_msgs/msg/_velocities_s.c
[7.856s] -- Up-to-date symlink: /home/chief-of-mischief/Desktop/pupper_ws/install/champ_msgs/local/lib/python3.10/dist-packages/champ_msgs/champ_msgs_s__rosidl_typesupport_fastrtps_c.cpython-310-x86_64-linux-gnu.so
[7.856s] -- Up-to-date symlink: /home/chief-of-mischief/Desktop/pupper_ws/install/champ_msgs/local/lib/python3.10/dist-packages/champ_msgs/champ_msgs_s__rosidl_typesupport_introspection_c.cpython-310-x86_64-linux-gnu.so
[7.856s] -- Up-to-date symlink: /home/chief-of-mischief/Desktop/pupper_ws/install/champ_msgs/local/lib/python3.10/dist-packages/champ_msgs/champ_msgs_s__rosidl_typesupport_c.cpython-310-x86_64-linux-gnu.so
[7.856s] -- Symlinking: /home/chief-of-mischief/Desktop/pupper_ws/install/champ_msgs/share/champ_msgs/msg/Velocities.idl
[7.861s] -- Symlinking: /home/chief-of-mischief/Desktop/pupper_ws/install/champ_msgs/share/champ_msgs/msg/PID.idl
[7.867s] -- Symlinking: /home/chief-of-mischief/Desktop/pupper_ws/install/champ_msgs/share/champ_msgs/msg/Imu.idl
[7.873s] -- Symlinking: /home/chief-of-mischief/Desktop/pupper_ws/install/champ_msgs/share/champ_msgs/msg/Point.idl
[7.884s] -- Symlinking: /home/chief-of-mischief/Desktop/pupper_ws/install/champ_msgs/share/champ_msgs/msg/PointArray.idl
[7.892s] -- Symlinking: /home/chief-of-mischief/Desktop/pupper_ws/install/champ_msgs/share/champ_msgs/msg/Joints.idl
[7.899s] -- Symlinking: /home/chief-of-mischief/Desktop/pupper_ws/install/champ_msgs/share/champ_msgs/msg/Contacts.idl
[7.906s] -- Symlinking: /home/chief-of-mischief/Desktop/pupper_ws/install/champ_msgs/share/champ_msgs/msg/ContactsStamped.idl
[7.913s] -- Symlinking: /home/chief-of-mischief/Desktop/pupper_ws/install/champ_msgs/share/champ_msgs/msg/Pose.idl
[7.919s] -- Symlinking: /home/chief-of-mischief/Desktop/pupper_ws/install/champ_msgs/share/champ_msgs/msg/Velocities.msg
[7.926s] -- Symlinking: /home/chief-of-mischief/Desktop/pupper_ws/install/champ_msgs/share/champ_msgs/msg/PID.msg
[7.932s] -- Symlinking: /home/chief-of-mischief/Desktop/pupper_ws/install/champ_msgs/share/champ_msgs/msg/Imu.msg
[7.937s] -- Symlinking: /home/chief-of-mischief/Desktop/pupper_ws/install/champ_msgs/share/champ_msgs/msg/Point.msg
[7.943s] -- Symlinking: /home/chief-of-mischief/Desktop/pupper_ws/install/champ_msgs/share/champ_msgs/msg/PointArray.msg
[7.949s] -- Symlinking: /home/chief-of-mischief/Desktop/pupper_ws/install/champ_msgs/share/champ_msgs/msg/Joints.msg
[7.955s] -- Symlinking: /home/chief-of-mischief/Desktop/pupper_ws/install/champ_msgs/share/champ_msgs/msg/Contacts.msg
[7.961s] -- Symlinking: /home/chief-of-mischief/Desktop/pupper_ws/install/champ_msgs/share/champ_msgs/msg/ContactsStamped.msg
[7.966s] -- Symlinking: /home/chief-of-mischief/Desktop/pupper_ws/install/champ_msgs/share/champ_msgs/msg/Pose.msg
[7.972s] -- Symlinking: /home/chief-of-mischief/Desktop/pupper_ws/install/champ_msgs/share/ament_index/resource_index/package_run_dependencies/champ_msgs
[7.978s] -- Symlinking: /home/chief-of-mischief/Desktop/pupper_ws/install/champ_msgs/share/ament_index/resource_index/parent_prefix_path/champ_msgs
[7.984s] -- Symlinking: /home/chief-of-mischief/Desktop/pupper_ws/install/champ_msgs/share/champ_msgs/environment/ament_prefix_path.sh
[7.991s] -- Symlinking: /home/chief-of-mischief/Desktop/pupper_ws/install/champ_msgs/share/champ_msgs/environment/ament_prefix_path.dsv
[7.997s] -- Symlinking: /home/chief-of-mischief/Desktop/pupper_ws/install/champ_msgs/share/champ_msgs/environment/path.sh
[8.002s] -- Symlinking: /home/chief-of-mischief/Desktop/pupper_ws/install/champ_msgs/share/champ_msgs/environment/path.dsv
[8.008s] -- Symlinking: /home/chief-of-mischief/Desktop/pupper_ws/install/champ_msgs/share/champ_msgs/local_setup.bash
[8.014s] -- Symlinking: /home/chief-of-mischief/Desktop/pupper_ws/install/champ_msgs/share/champ_msgs/local_setup.sh
[8.019s] -- Symlinking: /home/chief-of-mischief/Desktop/pupper_ws/install/champ_msgs/share/champ_msgs/local_setup.zsh
[8.024s] -- Symlinking: /home/chief-of-mischief/Desktop/pupper_ws/install/champ_msgs/share/champ_msgs/local_setup.dsv
[8.029s] -- Symlinking: /home/chief-of-mischief/Desktop/pupper_ws/install/champ_msgs/share/champ_msgs/package.dsv
[8.035s] -- Symlinking: /home/chief-of-mischief/Desktop/pupper_ws/install/champ_msgs/share/ament_index/resource_index/packages/champ_msgs
[8.040s] -- Symlinking: /home/chief-of-mischief/Desktop/pupper_ws/install/champ_msgs/share/champ_msgs/cmake/rosidl_cmake-extras.cmake
[8.046s] -- Symlinking: /home/chief-of-mischief/Desktop/pupper_ws/install/champ_msgs/share/champ_msgs/cmake/ament_cmake_export_dependencies-extras.cmake
[8.051s] -- Symlinking: /home/chief-of-mischief/Desktop/pupper_ws/install/champ_msgs/share/champ_msgs/cmake/ament_cmake_export_include_directories-extras.cmake
[8.056s] -- Symlinking: /home/chief-of-mischief/Desktop/pupper_ws/install/champ_msgs/share/champ_msgs/cmake/ament_cmake_export_libraries-extras.cmake
[8.062s] -- Symlinking: /home/chief-of-mischief/Desktop/pupper_ws/install/champ_msgs/share/champ_msgs/cmake/ament_cmake_export_targets-extras.cmake
[8.068s] -- Symlinking: /home/chief-of-mischief/Desktop/pupper_ws/install/champ_msgs/share/champ_msgs/cmake/rosidl_cmake_export_typesupport_targets-extras.cmake
[8.074s] -- Symlinking: /home/chief-of-mischief/Desktop/pupper_ws/install/champ_msgs/share/champ_msgs/cmake/rosidl_cmake_export_typesupport_libraries-extras.cmake
[8.079s] -- Symlinking: /home/chief-of-mischief/Desktop/pupper_ws/install/champ_msgs/share/champ_msgs/cmake/champ_msgsConfig.cmake
[8.085s] -- Symlinking: /home/chief-of-mischief/Desktop/pupper_ws/install/champ_msgs/share/champ_msgs/cmake/champ_msgsConfig-version.cmake
[8.091s] -- Symlinking: /home/chief-of-mischief/Desktop/pupper_ws/install/champ_msgs/share/champ_msgs/package.xml
[8.097s] -- Installing: /home/chief-of-mischief/Desktop/pupper_ws/install/champ_msgs/lib/libchamp_msgs__rosidl_generator_c.so
[8.097s] -- Set runtime path of "/home/chief-of-mischief/Desktop/pupper_ws/install/champ_msgs/lib/libchamp_msgs__rosidl_generator_c.so" to ""
[8.097s] -- Installing: /home/chief-of-mischief/Desktop/pupper_ws/install/champ_msgs/lib/libchamp_msgs__rosidl_typesupport_fastrtps_c.so
[8.097s] -- Set runtime path of "/home/chief-of-mischief/Desktop/pupper_ws/install/champ_msgs/lib/libchamp_msgs__rosidl_typesupport_fastrtps_c.so" to ""
[8.097s] -- Installing: /home/chief-of-mischief/Desktop/pupper_ws/install/champ_msgs/lib/libchamp_msgs__rosidl_typesupport_introspection_c.so
[8.098s] -- Set runtime path of "/home/chief-of-mischief/Desktop/pupper_ws/install/champ_msgs/lib/libchamp_msgs__rosidl_typesupport_introspection_c.so" to ""
[8.098s] -- Installing: /home/chief-of-mischief/Desktop/pupper_ws/install/champ_msgs/lib/libchamp_msgs__rosidl_typesupport_c.so
[8.098s] -- Set runtime path of "/home/chief-of-mischief/Desktop/pupper_ws/install/champ_msgs/lib/libchamp_msgs__rosidl_typesupport_c.so" to ""
[8.098s] -- Installing: /home/chief-of-mischief/Desktop/pupper_ws/install/champ_msgs/lib/libchamp_msgs__rosidl_typesupport_fastrtps_cpp.so
[8.098s] -- Set runtime path of "/home/chief-of-mischief/Desktop/pupper_ws/install/champ_msgs/lib/libchamp_msgs__rosidl_typesupport_fastrtps_cpp.so" to ""
[8.098s] -- Installing: /home/chief-of-mischief/Desktop/pupper_ws/install/champ_msgs/lib/libchamp_msgs__rosidl_typesupport_introspection_cpp.so
[8.098s] -- Set runtime path of "/home/chief-of-mischief/Desktop/pupper_ws/install/champ_msgs/lib/libchamp_msgs__rosidl_typesupport_introspection_cpp.so" to ""
[8.098s] -- Installing: /home/chief-of-mischief/Desktop/pupper_ws/install/champ_msgs/lib/libchamp_msgs__rosidl_typesupport_cpp.so
[8.098s] -- Set runtime path of "/home/chief-of-mischief/Desktop/pupper_ws/install/champ_msgs/lib/libchamp_msgs__rosidl_typesupport_cpp.so" to ""
[8.130s] Listing '/home/chief-of-mischief/Desktop/pupper_ws/install/champ_msgs/local/lib/python3.10/dist-packages/champ_msgs'...
[8.130s] Compiling '/home/chief-of-mischief/Desktop/pupper_ws/install/champ_msgs/local/lib/python3.10/dist-packages/champ_msgs/__init__.py'...
[8.130s] Listing '/home/chief-of-mischief/Desktop/pupper_ws/install/champ_msgs/local/lib/python3.10/dist-packages/champ_msgs/msg'...
[8.130s] Compiling '/home/chief-of-mischief/Desktop/pupper_ws/install/champ_msgs/local/lib/python3.10/dist-packages/champ_msgs/msg/__init__.py'...
[8.130s] Compiling '/home/chief-of-mischief/Desktop/pupper_ws/install/champ_msgs/local/lib/python3.10/dist-packages/champ_msgs/msg/_contacts.py'...
[8.130s] Compiling '/home/chief-of-mischief/Desktop/pupper_ws/install/champ_msgs/local/lib/python3.10/dist-packages/champ_msgs/msg/_contacts_stamped.py'...
[8.130s] Compiling '/home/chief-of-mischief/Desktop/pupper_ws/install/champ_msgs/local/lib/python3.10/dist-packages/champ_msgs/msg/_imu.py'...
[8.130s] Compiling '/home/chief-of-mischief/Desktop/pupper_ws/install/champ_msgs/local/lib/python3.10/dist-packages/champ_msgs/msg/_joints.py'...
[8.130s] Compiling '/home/chief-of-mischief/Desktop/pupper_ws/install/champ_msgs/local/lib/python3.10/dist-packages/champ_msgs/msg/_pid.py'...
[8.130s] Compiling '/home/chief-of-mischief/Desktop/pupper_ws/install/champ_msgs/local/lib/python3.10/dist-packages/champ_msgs/msg/_point.py'...
[8.130s] Compiling '/home/chief-of-mischief/Desktop/pupper_ws/install/champ_msgs/local/lib/python3.10/dist-packages/champ_msgs/msg/_point_array.py'...
[8.130s] Compiling '/home/chief-of-mischief/Desktop/pupper_ws/install/champ_msgs/local/lib/python3.10/dist-packages/champ_msgs/msg/_pose.py'...
[8.130s] Compiling '/home/chief-of-mischief/Desktop/pupper_ws/install/champ_msgs/local/lib/python3.10/dist-packages/champ_msgs/msg/_velocities.py'...
[8.133s] -- Installing: /home/chief-of-mischief/Desktop/pupper_ws/install/champ_msgs/lib/libchamp_msgs__rosidl_generator_py.so
[8.133s] -- Set runtime path of "/home/chief-of-mischief/Desktop/pupper_ws/install/champ_msgs/lib/libchamp_msgs__rosidl_generator_py.so" to ""
[8.133s] -- Installing: /home/chief-of-mischief/Desktop/pupper_ws/install/champ_msgs/share/champ_msgs/cmake/export_champ_msgs__rosidl_generator_cExport.cmake
[8.133s] -- Installing: /home/chief-of-mischief/Desktop/pupper_ws/install/champ_msgs/share/champ_msgs/cmake/export_champ_msgs__rosidl_generator_cExport-noconfig.cmake
[8.133s] -- Installing: /home/chief-of-mischief/Desktop/pupper_ws/install/champ_msgs/share/champ_msgs/cmake/export_champ_msgs__rosidl_typesupport_fastrtps_cExport.cmake
[8.133s] -- Installing: /home/chief-of-mischief/Desktop/pupper_ws/install/champ_msgs/share/champ_msgs/cmake/export_champ_msgs__rosidl_typesupport_fastrtps_cExport-noconfig.cmake
[8.134s] -- Installing: /home/chief-of-mischief/Desktop/pupper_ws/install/champ_msgs/share/champ_msgs/cmake/champ_msgs__rosidl_typesupport_introspection_cExport.cmake
[8.134s] -- Installing: /home/chief-of-mischief/Desktop/pupper_ws/install/champ_msgs/share/champ_msgs/cmake/champ_msgs__rosidl_typesupport_introspection_cExport-noconfig.cmake
[8.134s] -- Installing: /home/chief-of-mischief/Desktop/pupper_ws/install/champ_msgs/share/champ_msgs/cmake/champ_msgs__rosidl_typesupport_cExport.cmake
[8.134s] -- Installing: /home/chief-of-mischief/Desktop/pupper_ws/install/champ_msgs/share/champ_msgs/cmake/champ_msgs__rosidl_typesupport_cExport-noconfig.cmake
[8.134s] -- Installing: /home/chief-of-mischief/Desktop/pupper_ws/install/champ_msgs/share/champ_msgs/cmake/export_champ_msgs__rosidl_generator_cppExport.cmake
[8.134s] -- Installing: /home/chief-of-mischief/Desktop/pupper_ws/install/champ_msgs/share/champ_msgs/cmake/export_champ_msgs__rosidl_typesupport_fastrtps_cppExport.cmake
[8.134s] -- Installing: /home/chief-of-mischief/Desktop/pupper_ws/install/champ_msgs/share/champ_msgs/cmake/export_champ_msgs__rosidl_typesupport_fastrtps_cppExport-noconfig.cmake
[8.134s] -- Installing: /home/chief-of-mischief/Desktop/pupper_ws/install/champ_msgs/share/champ_msgs/cmake/champ_msgs__rosidl_typesupport_introspection_cppExport.cmake
[8.134s] -- Installing: /home/chief-of-mischief/Desktop/pupper_ws/install/champ_msgs/share/champ_msgs/cmake/champ_msgs__rosidl_typesupport_introspection_cppExport-noconfig.cmake
[8.134s] -- Installing: /home/chief-of-mischief/Desktop/pupper_ws/install/champ_msgs/share/champ_msgs/cmake/champ_msgs__rosidl_typesupport_cppExport.cmake
[8.134s] -- Installing: /home/chief-of-mischief/Desktop/pupper_ws/install/champ_msgs/share/champ_msgs/cmake/champ_msgs__rosidl_typesupport_cppExport-noconfig.cmake
[8.134s] -- Installing: /home/chief-of-mischief/Desktop/pupper_ws/install/champ_msgs/share/champ_msgs/cmake/export_champ_msgs__rosidl_generator_pyExport.cmake
[8.134s] -- Installing: /home/chief-of-mischief/Desktop/pupper_ws/install/champ_msgs/share/champ_msgs/cmake/export_champ_msgs__rosidl_generator_pyExport-noconfig.cmake
[8.136s] Invoked command in '/home/chief-of-mischief/Desktop/pupper_ws/build/champ_msgs' returned '0': CMAKE_PREFIX_PATH=/opt/ros/humble /usr/bin/cmake --install /home/chief-of-mischief/Desktop/pupper_ws/build/champ_msgs
