[0.359s] Invoking command in '/home/chief-of-mischief/Desktop/pupper_ws/build/mini_pupper_navigation': CMAKE_PREFIX_PATH=/opt/ros/humble /usr/bin/cmake /home/chief-of-mischief/Desktop/pupper_ws/src/mini_pupper_ros/mini_pupper_navigation -DAMENT_CMAKE_SYMLINK_INSTALL=1 -DCMAKE_INSTALL_PREFIX=/home/chief-of-mischief/Desktop/pupper_ws/install/mini_pupper_navigation
[0.429s] -- The C compiler identification is GNU 11.3.0
[0.500s] -- The CXX compiler identification is GNU 11.3.0
[0.519s] -- Detecting C compiler ABI info
[0.601s] -- Detecting C compiler ABI info - done
[0.634s] -- Check for working C compiler: /usr/bin/cc - skipped
[0.635s] -- Detecting C compile features
[0.637s] -- Detecting C compile features - done
[0.649s] -- Detecting CXX compiler ABI info
[0.864s] -- Detecting CXX compiler ABI info - done
[0.868s] -- Check for working CXX compiler: /usr/bin/c++ - skipped
[0.868s] -- Detecting CXX compile features
[0.869s] -- Detecting CXX compile features - done
[0.874s] -- Found ament_cmake: 1.3.3 (/opt/ros/humble/share/ament_cmake/cmake)
[1.081s] -- Found Python3: /usr/bin/python3.10 (found version "3.10.6") found components: Interpreter 
[1.177s] -- Override CMake install command with custom implementation using symlinks instead of copying resources
[1.234s] -- Found ament_lint_auto: 0.12.4 (/opt/ros/humble/share/ament_lint_auto/cmake)
[1.381s] -- Added test 'copyright' to check source files copyright and LICENSE
[1.389s] -- Added test 'flake8' to check Python code syntax and style conventions
[1.389s] -- Added test 'lint_cmake' to check CMake code style
[1.391s] -- Added test 'pep257' to check Python code against some of the docstring style conventions in PEP 257
[1.393s] -- Added test 'xmllint' to check XML markup files
[1.402s] -- Configuring done
[1.404s] -- Generating done
[1.404s] -- Build files have been written to: /home/chief-of-mischief/Desktop/pupper_ws/build/mini_pupper_navigation
[1.415s] Invoked command in '/home/chief-of-mischief/Desktop/pupper_ws/build/mini_pupper_navigation' returned '0': CMAKE_PREFIX_PATH=/opt/ros/humble /usr/bin/cmake /home/chief-of-mischief/Desktop/pupper_ws/src/mini_pupper_ros/mini_pupper_navigation -DAMENT_CMAKE_SYMLINK_INSTALL=1 -DCMAKE_INSTALL_PREFIX=/home/chief-of-mischief/Desktop/pupper_ws/install/mini_pupper_navigation
[1.416s] Invoking command in '/home/chief-of-mischief/Desktop/pupper_ws/build/mini_pupper_navigation': CMAKE_PREFIX_PATH=/opt/ros/humble /usr/bin/cmake --build /home/chief-of-mischief/Desktop/pupper_ws/build/mini_pupper_navigation -- -j24 -l24
[1.543s] Invoked command in '/home/chief-of-mischief/Desktop/pupper_ws/build/mini_pupper_navigation' returned '0': CMAKE_PREFIX_PATH=/opt/ros/humble /usr/bin/cmake --build /home/chief-of-mischief/Desktop/pupper_ws/build/mini_pupper_navigation -- -j24 -l24
[1.667s] Invoking command in '/home/chief-of-mischief/Desktop/pupper_ws/build/mini_pupper_navigation': CMAKE_PREFIX_PATH=/opt/ros/humble /usr/bin/cmake --install /home/chief-of-mischief/Desktop/pupper_ws/build/mini_pupper_navigation
[1.671s] -- Install configuration: ""
[1.671s] -- Execute custom install script
[1.671s] -- Symlinking: /home/chief-of-mischief/Desktop/pupper_ws/install/mini_pupper_navigation/share/mini_pupper_navigation/launch/bringup.launch.py
[1.672s] -- Symlinking: /home/chief-of-mischief/Desktop/pupper_ws/install/mini_pupper_navigation/share/mini_pupper_navigation/launch/localization.launch.py
[1.684s] -- Symlinking: /home/chief-of-mischief/Desktop/pupper_ws/install/mini_pupper_navigation/share/mini_pupper_navigation/launch/navigation.launch.py
[1.696s] -- Symlinking: /home/chief-of-mischief/Desktop/pupper_ws/install/mini_pupper_navigation/share/mini_pupper_navigation/launch/slam.launch.py
[1.699s] -- Symlinking: /home/chief-of-mischief/Desktop/pupper_ws/install/mini_pupper_navigation/share/mini_pupper_navigation/config/cartographer/nav.lua
[1.712s] -- Symlinking: /home/chief-of-mischief/Desktop/pupper_ws/install/mini_pupper_navigation/share/mini_pupper_navigation/config/cartographer/slam.lua
[1.718s] -- Symlinking: /home/chief-of-mischief/Desktop/pupper_ws/install/mini_pupper_navigation/share/mini_pupper_navigation/config/nav2/mini_pupper.yaml
[1.724s] -- Symlinking: /home/chief-of-mischief/Desktop/pupper_ws/install/mini_pupper_navigation/share/mini_pupper_navigation/maps/cartographer_map.pbstream
[1.743s] -- Symlinking: /home/chief-of-mischief/Desktop/pupper_ws/install/mini_pupper_navigation/share/mini_pupper_navigation/maps/cartographer_map.pgm
[1.744s] -- Symlinking: /home/chief-of-mischief/Desktop/pupper_ws/install/mini_pupper_navigation/share/mini_pupper_navigation/maps/cartographer_map.yaml
[1.749s] -- Symlinking: /home/chief-of-mischief/Desktop/pupper_ws/install/mini_pupper_navigation/share/mini_pupper_navigation/maps/map.pgm
[1.760s] -- Symlinking: /home/chief-of-mischief/Desktop/pupper_ws/install/mini_pupper_navigation/share/mini_pupper_navigation/maps/map.yaml
[1.764s] -- Symlinking: /home/chief-of-mischief/Desktop/pupper_ws/install/mini_pupper_navigation/share/mini_pupper_navigation/maps/playground.pgm
[1.777s] -- Symlinking: /home/chief-of-mischief/Desktop/pupper_ws/install/mini_pupper_navigation/share/mini_pupper_navigation/maps/playground.yaml
[1.782s] -- Symlinking: /home/chief-of-mischief/Desktop/pupper_ws/install/mini_pupper_navigation/share/mini_pupper_navigation/rviz/cartographer.rviz
[1.789s] -- Symlinking: /home/chief-of-mischief/Desktop/pupper_ws/install/mini_pupper_navigation/share/mini_pupper_navigation/rviz/navigation.rviz
[1.802s] -- Symlinking: /home/chief-of-mischief/Desktop/pupper_ws/install/mini_pupper_navigation/share/mini_pupper_navigation/rviz/navigation_minimal.rviz
[1.818s] -- Symlinking: /home/chief-of-mischief/Desktop/pupper_ws/install/mini_pupper_navigation/share/mini_pupper_navigation/rviz/slam.rviz
[1.828s] -- Symlinking: /home/chief-of-mischief/Desktop/pupper_ws/install/mini_pupper_navigation/share/ament_index/resource_index/package_run_dependencies/mini_pupper_navigation
[1.837s] -- Symlinking: /home/chief-of-mischief/Desktop/pupper_ws/install/mini_pupper_navigation/share/ament_index/resource_index/parent_prefix_path/mini_pupper_navigation
[1.853s] -- Symlinking: /home/chief-of-mischief/Desktop/pupper_ws/install/mini_pupper_navigation/share/mini_pupper_navigation/environment/ament_prefix_path.sh
[1.854s] -- Symlinking: /home/chief-of-mischief/Desktop/pupper_ws/install/mini_pupper_navigation/share/mini_pupper_navigation/environment/ament_prefix_path.dsv
[1.862s] -- Symlinking: /home/chief-of-mischief/Desktop/pupper_ws/install/mini_pupper_navigation/share/mini_pupper_navigation/environment/path.sh
[1.870s] -- Symlinking: /home/chief-of-mischief/Desktop/pupper_ws/install/mini_pupper_navigation/share/mini_pupper_navigation/environment/path.dsv
[1.878s] -- Symlinking: /home/chief-of-mischief/Desktop/pupper_ws/install/mini_pupper_navigation/share/mini_pupper_navigation/local_setup.bash
[1.886s] -- Symlinking: /home/chief-of-mischief/Desktop/pupper_ws/install/mini_pupper_navigation/share/mini_pupper_navigation/local_setup.sh
[1.894s] -- Symlinking: /home/chief-of-mischief/Desktop/pupper_ws/install/mini_pupper_navigation/share/mini_pupper_navigation/local_setup.zsh
[1.902s] -- Symlinking: /home/chief-of-mischief/Desktop/pupper_ws/install/mini_pupper_navigation/share/mini_pupper_navigation/local_setup.dsv
[1.910s] -- Symlinking: /home/chief-of-mischief/Desktop/pupper_ws/install/mini_pupper_navigation/share/mini_pupper_navigation/package.dsv
[1.918s] -- Symlinking: /home/chief-of-mischief/Desktop/pupper_ws/install/mini_pupper_navigation/share/ament_index/resource_index/packages/mini_pupper_navigation
[1.926s] -- Symlinking: /home/chief-of-mischief/Desktop/pupper_ws/install/mini_pupper_navigation/share/mini_pupper_navigation/cmake/mini_pupper_navigationConfig.cmake
[1.934s] -- Symlinking: /home/chief-of-mischief/Desktop/pupper_ws/install/mini_pupper_navigation/share/mini_pupper_navigation/cmake/mini_pupper_navigationConfig-version.cmake
[1.942s] -- Symlinking: /home/chief-of-mischief/Desktop/pupper_ws/install/mini_pupper_navigation/share/mini_pupper_navigation/package.xml
[1.951s] Invoked command in '/home/chief-of-mischief/Desktop/pupper_ws/build/mini_pupper_navigation' returned '0': CMAKE_PREFIX_PATH=/opt/ros/humble /usr/bin/cmake --install /home/chief-of-mischief/Desktop/pupper_ws/build/mini_pupper_navigation
