[0.020s] Invoking command in '/home/chief-of-mischief/Desktop/pupper_ws/build/champ_base': AMENT_PREFIX_PATH=/home/chief-of-mischief/Desktop/pupper_ws/install/champ_msgs:/home/chief-of-mischief/Desktop/pupper_ws/install/champ:${AMENT_PREFIX_PATH} CMAKE_PREFIX_PATH=/home/chief-of-mischief/Desktop/pupper_ws/install/champ_msgs:/home/chief-of-mischief/Desktop/pupper_ws/install/champ:/opt/ros/humble LD_LIBRARY_PATH=/home/chief-of-mischief/Desktop/pupper_ws/install/champ_msgs/lib:${LD_LIBRARY_PATH} PYTHONPATH=/home/chief-of-mischief/Desktop/pupper_ws/install/champ_msgs/local/lib/python3.10/dist-packages:${PYTHONPATH} /usr/bin/cmake --build /home/chief-of-mischief/Desktop/pupper_ws/build/champ_base -- -j24 -l24
[0.082s] [ 16%] Built target quadruped_controller
[0.083s] [ 33%] Built target state_estimation
[0.092s] [ 50%] Built target message_relay
[0.108s] [ 66%] Built target quadruped_controller_node
[0.113s] [ 83%] Built target state_estimation_node
[0.123s] [100%] Built target message_relay_node
[0.135s] Invoked command in '/home/chief-of-mischief/Desktop/pupper_ws/build/champ_base' returned '0': AMENT_PREFIX_PATH=/home/chief-of-mischief/Desktop/pupper_ws/install/champ_msgs:/home/chief-of-mischief/Desktop/pupper_ws/install/champ:${AMENT_PREFIX_PATH} CMAKE_PREFIX_PATH=/home/chief-of-mischief/Desktop/pupper_ws/install/champ_msgs:/home/chief-of-mischief/Desktop/pupper_ws/install/champ:/opt/ros/humble LD_LIBRARY_PATH=/home/chief-of-mischief/Desktop/pupper_ws/install/champ_msgs/lib:${LD_LIBRARY_PATH} PYTHONPATH=/home/chief-of-mischief/Desktop/pupper_ws/install/champ_msgs/local/lib/python3.10/dist-packages:${PYTHONPATH} /usr/bin/cmake --build /home/chief-of-mischief/Desktop/pupper_ws/build/champ_base -- -j24 -l24
[0.218s] Invoking command in '/home/chief-of-mischief/Desktop/pupper_ws/build/champ_base': AMENT_PREFIX_PATH=/home/chief-of-mischief/Desktop/pupper_ws/install/champ_msgs:/home/chief-of-mischief/Desktop/pupper_ws/install/champ:${AMENT_PREFIX_PATH} CMAKE_PREFIX_PATH=/home/chief-of-mischief/Desktop/pupper_ws/install/champ_msgs:/home/chief-of-mischief/Desktop/pupper_ws/install/champ:/opt/ros/humble LD_LIBRARY_PATH=/home/chief-of-mischief/Desktop/pupper_ws/install/champ_msgs/lib:${LD_LIBRARY_PATH} PYTHONPATH=/home/chief-of-mischief/Desktop/pupper_ws/install/champ_msgs/local/lib/python3.10/dist-packages:${PYTHONPATH} /usr/bin/cmake --install /home/chief-of-mischief/Desktop/pupper_ws/build/champ_base
[0.223s] -- Install configuration: ""
[0.224s] -- Execute custom install script
[0.224s] -- Up-to-date symlink: /home/chief-of-mischief/Desktop/pupper_ws/install/champ_base/share/champ_base/config/ekf/base_to_footprint.yaml
[0.224s] -- Up-to-date symlink: /home/chief-of-mischief/Desktop/pupper_ws/install/champ_base/share/champ_base/config/ekf/footprint_to_odom.yaml
[0.224s] -- Up-to-date symlink: /home/chief-of-mischief/Desktop/pupper_ws/install/champ_base/share/champ_base/config/velocity_smoother/velocity_smoother.yaml
[0.224s] -- Up-to-date symlink: /home/chief-of-mischief/Desktop/pupper_ws/install/champ_base/lib/libquadruped_controller.so
[0.224s] -- Up-to-date symlink: /home/chief-of-mischief/Desktop/pupper_ws/install/champ_base/bin/quadruped_controller_node
[0.225s] -- Up-to-date symlink: /home/chief-of-mischief/Desktop/pupper_ws/install/champ_base/lib/libmessage_relay.so
[0.225s] -- Up-to-date symlink: /home/chief-of-mischief/Desktop/pupper_ws/install/champ_base/bin/message_relay_node
[0.226s] -- Up-to-date symlink: /home/chief-of-mischief/Desktop/pupper_ws/install/champ_base/lib/libstate_estimation.so
[0.226s] -- Up-to-date symlink: /home/chief-of-mischief/Desktop/pupper_ws/install/champ_base/bin/state_estimation_node
[0.227s] -- Up-to-date symlink: /home/chief-of-mischief/Desktop/pupper_ws/install/champ_base/lib/champ_base/quadruped_controller_node
[0.227s] -- Up-to-date symlink: /home/chief-of-mischief/Desktop/pupper_ws/install/champ_base/lib/champ_base/message_relay_node
[0.227s] -- Up-to-date symlink: /home/chief-of-mischief/Desktop/pupper_ws/install/champ_base/lib/champ_base/state_estimation_node
[0.227s] -- Up-to-date symlink: /home/chief-of-mischief/Desktop/pupper_ws/install/champ_base/share/ament_index/resource_index/package_run_dependencies/champ_base
[0.227s] -- Up-to-date symlink: /home/chief-of-mischief/Desktop/pupper_ws/install/champ_base/share/ament_index/resource_index/parent_prefix_path/champ_base
[0.227s] -- Up-to-date symlink: /home/chief-of-mischief/Desktop/pupper_ws/install/champ_base/share/champ_base/environment/ament_prefix_path.sh
[0.227s] -- Up-to-date symlink: /home/chief-of-mischief/Desktop/pupper_ws/install/champ_base/share/champ_base/environment/ament_prefix_path.dsv
[0.227s] -- Up-to-date symlink: /home/chief-of-mischief/Desktop/pupper_ws/install/champ_base/share/champ_base/environment/path.sh
[0.227s] -- Up-to-date symlink: /home/chief-of-mischief/Desktop/pupper_ws/install/champ_base/share/champ_base/environment/path.dsv
[0.227s] -- Up-to-date symlink: /home/chief-of-mischief/Desktop/pupper_ws/install/champ_base/share/champ_base/local_setup.bash
[0.227s] -- Up-to-date symlink: /home/chief-of-mischief/Desktop/pupper_ws/install/champ_base/share/champ_base/local_setup.sh
[0.227s] -- Up-to-date symlink: /home/chief-of-mischief/Desktop/pupper_ws/install/champ_base/share/champ_base/local_setup.zsh
[0.228s] -- Up-to-date symlink: /home/chief-of-mischief/Desktop/pupper_ws/install/champ_base/share/champ_base/local_setup.dsv
[0.228s] -- Symlinking: /home/chief-of-mischief/Desktop/pupper_ws/install/champ_base/share/champ_base/package.dsv
[0.235s] -- Up-to-date symlink: /home/chief-of-mischief/Desktop/pupper_ws/install/champ_base/share/ament_index/resource_index/packages/champ_base
[0.235s] -- Up-to-date symlink: /home/chief-of-mischief/Desktop/pupper_ws/install/champ_base/share/champ_base/cmake/ament_cmake_export_include_directories-extras.cmake
[0.235s] -- Up-to-date symlink: /home/chief-of-mischief/Desktop/pupper_ws/install/champ_base/share/champ_base/cmake/ament_cmake_export_dependencies-extras.cmake
[0.235s] -- Up-to-date symlink: /home/chief-of-mischief/Desktop/pupper_ws/install/champ_base/share/champ_base/cmake/champ_baseConfig.cmake
[0.235s] -- Up-to-date symlink: /home/chief-of-mischief/Desktop/pupper_ws/install/champ_base/share/champ_base/cmake/champ_baseConfig-version.cmake
[0.236s] -- Up-to-date symlink: /home/chief-of-mischief/Desktop/pupper_ws/install/champ_base/share/champ_base/package.xml
[0.246s] Invoked command in '/home/chief-of-mischief/Desktop/pupper_ws/build/champ_base' returned '0': AMENT_PREFIX_PATH=/home/chief-of-mischief/Desktop/pupper_ws/install/champ_msgs:/home/chief-of-mischief/Desktop/pupper_ws/install/champ:${AMENT_PREFIX_PATH} CMAKE_PREFIX_PATH=/home/chief-of-mischief/Desktop/pupper_ws/install/champ_msgs:/home/chief-of-mischief/Desktop/pupper_ws/install/champ:/opt/ros/humble LD_LIBRARY_PATH=/home/chief-of-mischief/Desktop/pupper_ws/install/champ_msgs/lib:${LD_LIBRARY_PATH} PYTHONPATH=/home/chief-of-mischief/Desktop/pupper_ws/install/champ_msgs/local/lib/python3.10/dist-packages:${PYTHONPATH} /usr/bin/cmake --install /home/chief-of-mischief/Desktop/pupper_ws/build/champ_base
