[0.115s] Invoking command in '/home/chief-of-mischief/Desktop/pupper_ws/build/champ_navigation': CMAKE_PREFIX_PATH=/opt/ros/humble /usr/bin/cmake --build /home/chief-of-mischief/Desktop/pupper_ws/build/champ_navigation -- -j24 -l24
[0.771s] Invoked command in '/home/chief-of-mischief/Desktop/pupper_ws/build/champ_navigation' returned '0': CMAKE_PREFIX_PATH=/opt/ros/humble /usr/bin/cmake --build /home/chief-of-mischief/Desktop/pupper_ws/build/champ_navigation -- -j24 -l24
[0.802s] Invoking command in '/home/chief-of-mischief/Desktop/pupper_ws/build/champ_navigation': CMAKE_PREFIX_PATH=/opt/ros/humble /usr/bin/cmake --install /home/chief-of-mischief/Desktop/pupper_ws/build/champ_navigation
[0.871s] -- Install configuration: ""
[0.872s] -- Execute custom install script
[0.872s] -- Up-to-date symlink: /home/chief-of-mischief/Desktop/pupper_ws/install/champ_navigation/share/champ_navigation/launch/navigate.launch.py
[0.872s] -- Up-to-date symlink: /home/chief-of-mischief/Desktop/pupper_ws/install/champ_navigation/share/champ_navigation/launch/slam.launch.py
[0.872s] -- Up-to-date symlink: /home/chief-of-mischief/Desktop/pupper_ws/install/champ_navigation/share/champ_navigation/rviz/navigation.rviz
[0.872s] -- Up-to-date symlink: /home/chief-of-mischief/Desktop/pupper_ws/install/champ_navigation/share/champ_navigation/rviz/navigation_minimal.rviz
[0.872s] -- Up-to-date symlink: /home/chief-of-mischief/Desktop/pupper_ws/install/champ_navigation/share/champ_navigation/rviz/slam.rviz
[0.872s] -- Up-to-date symlink: /home/chief-of-mischief/Desktop/pupper_ws/install/champ_navigation/share/ament_index/resource_index/package_run_dependencies/champ_navigation
[0.872s] -- Up-to-date symlink: /home/chief-of-mischief/Desktop/pupper_ws/install/champ_navigation/share/ament_index/resource_index/parent_prefix_path/champ_navigation
[0.872s] -- Up-to-date symlink: /home/chief-of-mischief/Desktop/pupper_ws/install/champ_navigation/share/champ_navigation/environment/ament_prefix_path.sh
[0.872s] -- Up-to-date symlink: /home/chief-of-mischief/Desktop/pupper_ws/install/champ_navigation/share/champ_navigation/environment/ament_prefix_path.dsv
[0.872s] -- Up-to-date symlink: /home/chief-of-mischief/Desktop/pupper_ws/install/champ_navigation/share/champ_navigation/environment/path.sh
[0.873s] -- Up-to-date symlink: /home/chief-of-mischief/Desktop/pupper_ws/install/champ_navigation/share/champ_navigation/environment/path.dsv
[0.876s] -- Up-to-date symlink: /home/chief-of-mischief/Desktop/pupper_ws/install/champ_navigation/share/champ_navigation/local_setup.bash
[0.876s] -- Up-to-date symlink: /home/chief-of-mischief/Desktop/pupper_ws/install/champ_navigation/share/champ_navigation/local_setup.sh
[0.904s] -- Up-to-date symlink: /home/chief-of-mischief/Desktop/pupper_ws/install/champ_navigation/share/champ_navigation/local_setup.zsh
[0.904s] -- Up-to-date symlink: /home/chief-of-mischief/Desktop/pupper_ws/install/champ_navigation/share/champ_navigation/local_setup.dsv
[0.905s] -- Symlinking: /home/chief-of-mischief/Desktop/pupper_ws/install/champ_navigation/share/champ_navigation/package.dsv
[0.925s] -- Up-to-date symlink: /home/chief-of-mischief/Desktop/pupper_ws/install/champ_navigation/share/ament_index/resource_index/packages/champ_navigation
[0.926s] -- Up-to-date symlink: /home/chief-of-mischief/Desktop/pupper_ws/install/champ_navigation/share/champ_navigation/cmake/champ_navigationConfig.cmake
[0.927s] -- Up-to-date symlink: /home/chief-of-mischief/Desktop/pupper_ws/install/champ_navigation/share/champ_navigation/cmake/champ_navigationConfig-version.cmake
[0.927s] -- Up-to-date symlink: /home/chief-of-mischief/Desktop/pupper_ws/install/champ_navigation/share/champ_navigation/package.xml
[1.026s] Invoked command in '/home/chief-of-mischief/Desktop/pupper_ws/build/champ_navigation' returned '0': CMAKE_PREFIX_PATH=/opt/ros/humble /usr/bin/cmake --install /home/chief-of-mischief/Desktop/pupper_ws/build/champ_navigation
